CRITICAL - 2023-07-24 00:01:05 --> Attempt to read property "primary_font" on null
in APPPATH/Models/SettingsModel.php on line 600.
 1 APPPATH/Models/SettingsModel.php(600): CodeIgniter\Debug\Exceptions->errorHandler()
 2 APPPATH/Controllers/BaseController.php(83): App\Models\SettingsModel->getSelectedFonts()
 3 APPPATH/Controllers/HomeController.php(24): App\Controllers\BaseController->initController()
 4 SYSTEMPATH/CodeIgniter.php(890): App\Controllers\HomeController->initController()
 5 SYSTEMPATH/CodeIgniter.php(473): CodeIgniter\CodeIgniter->createController()
 6 SYSTEMPATH/CodeIgniter.php(351): CodeIgniter\CodeIgniter->handleRequest()
 7 FCPATH/index.php(78): CodeIgniter\CodeIgniter->run()
CRITICAL - 2023-07-24 00:05:56 --> Attempt to read property "primary_font" on null
in APPPATH/Models/SettingsModel.php on line 600.
 1 APPPATH/Models/SettingsModel.php(600): CodeIgniter\Debug\Exceptions->errorHandler()
 2 APPPATH/Controllers/BaseController.php(83): App\Models\SettingsModel->getSelectedFonts()
 3 APPPATH/Controllers/HomeController.php(24): App\Controllers\BaseController->initController()
 4 SYSTEMPATH/CodeIgniter.php(890): App\Controllers\HomeController->initController()
 5 SYSTEMPATH/CodeIgniter.php(473): CodeIgniter\CodeIgniter->createController()
 6 SYSTEMPATH/CodeIgniter.php(351): CodeIgniter\CodeIgniter->handleRequest()
 7 FCPATH/index.php(78): CodeIgniter\CodeIgniter->run()
CRITICAL - 2023-07-24 00:14:53 --> Uncaught ErrorException: Undefined variable $activeTheme in /home/khabarnews/domains/khabarnews.com/public_html/app/Views/errors/html/error_404.php:2
Stack trace:
#0 /home/khabarnews/domains/khabarnews.com/public_html/app/Views/errors/html/error_404.php(2): CodeIgniter\Debug\Exceptions->errorHandler()
#1 /home/khabarnews/domains/khabarnews.com/public_html/system/Debug/Exceptions.php(284): include('...')
#2 /home/khabarnews/domains/khabarnews.com/public_html/system/Debug/Exceptions.php(287): CodeIgniter\Debug\Exceptions->CodeIgniter\Debug\{closure}()
#3 /home/khabarnews/domains/khabarnews.com/public_html/system/Debug/Exceptions.php(139): CodeIgniter\Debug\Exceptions->render()
#4 [internal function]: CodeIgniter\Debug\Exceptions->exceptionHandler()
#5 {main}
  thrown
in APPPATH/Views/errors/html/error_404.php on line 2.
 1 [internal function]: CodeIgniter\Debug\Exceptions->shutdownHandler()
CRITICAL - 2023-07-24 00:18:43 --> Uncaught ErrorException: Undefined variable $activeTheme in /home/khabarnews/domains/khabarnews.com/public_html/app/Views/errors/html/error_404.php:2
Stack trace:
#0 /home/khabarnews/domains/khabarnews.com/public_html/app/Views/errors/html/error_404.php(2): CodeIgniter\Debug\Exceptions->errorHandler()
#1 /home/khabarnews/domains/khabarnews.com/public_html/system/Debug/Exceptions.php(284): include('...')
#2 /home/khabarnews/domains/khabarnews.com/public_html/system/Debug/Exceptions.php(287): CodeIgniter\Debug\Exceptions->CodeIgniter\Debug\{closure}()
#3 /home/khabarnews/domains/khabarnews.com/public_html/system/Debug/Exceptions.php(139): CodeIgniter\Debug\Exceptions->render()
#4 [internal function]: CodeIgniter\Debug\Exceptions->exceptionHandler()
#5 {main}
  thrown
in APPPATH/Views/errors/html/error_404.php on line 2.
 1 [internal function]: CodeIgniter\Debug\Exceptions->shutdownHandler()
CRITICAL - 2023-07-24 00:23:56 --> Attempt to read property "primary_font" on null
in APPPATH/Models/SettingsModel.php on line 600.
 1 APPPATH/Models/SettingsModel.php(600): CodeIgniter\Debug\Exceptions->errorHandler()
 2 APPPATH/Controllers/BaseController.php(83): App\Models\SettingsModel->getSelectedFonts()
 3 APPPATH/Controllers/HomeController.php(24): App\Controllers\BaseController->initController()
 4 SYSTEMPATH/CodeIgniter.php(890): App\Controllers\HomeController->initController()
 5 SYSTEMPATH/CodeIgniter.php(473): CodeIgniter\CodeIgniter->createController()
 6 SYSTEMPATH/CodeIgniter.php(351): CodeIgniter\CodeIgniter->handleRequest()
 7 FCPATH/index.php(78): CodeIgniter\CodeIgniter->run()
CRITICAL - 2023-07-24 00:29:36 --> Uncaught ErrorException: Undefined variable $activeTheme in /home/khabarnews/domains/khabarnews.com/public_html/app/Views/errors/html/error_404.php:2
Stack trace:
#0 /home/khabarnews/domains/khabarnews.com/public_html/app/Views/errors/html/error_404.php(2): CodeIgniter\Debug\Exceptions->errorHandler()
#1 /home/khabarnews/domains/khabarnews.com/public_html/system/Debug/Exceptions.php(284): include('...')
#2 /home/khabarnews/domains/khabarnews.com/public_html/system/Debug/Exceptions.php(287): CodeIgniter\Debug\Exceptions->CodeIgniter\Debug\{closure}()
#3 /home/khabarnews/domains/khabarnews.com/public_html/system/Debug/Exceptions.php(139): CodeIgniter\Debug\Exceptions->render()
#4 [internal function]: CodeIgniter\Debug\Exceptions->exceptionHandler()
#5 {main}
  thrown
in APPPATH/Views/errors/html/error_404.php on line 2.
 1 [internal function]: CodeIgniter\Debug\Exceptions->shutdownHandler()
CRITICAL - 2023-07-24 00:39:09 --> Uncaught ErrorException: Undefined variable $activeTheme in /home/khabarnews/domains/khabarnews.com/public_html/app/Views/errors/html/error_404.php:2
Stack trace:
#0 /home/khabarnews/domains/khabarnews.com/public_html/app/Views/errors/html/error_404.php(2): CodeIgniter\Debug\Exceptions->errorHandler()
#1 /home/khabarnews/domains/khabarnews.com/public_html/system/Debug/Exceptions.php(284): include('...')
#2 /home/khabarnews/domains/khabarnews.com/public_html/system/Debug/Exceptions.php(287): CodeIgniter\Debug\Exceptions->CodeIgniter\Debug\{closure}()
#3 /home/khabarnews/domains/khabarnews.com/public_html/system/Debug/Exceptions.php(139): CodeIgniter\Debug\Exceptions->render()
#4 [internal function]: CodeIgniter\Debug\Exceptions->exceptionHandler()
#5 {main}
  thrown
in APPPATH/Views/errors/html/error_404.php on line 2.
 1 [internal function]: CodeIgniter\Debug\Exceptions->shutdownHandler()
CRITICAL - 2023-07-24 00:41:36 --> Uncaught ErrorException: Undefined variable $activeTheme in /home/khabarnews/domains/khabarnews.com/public_html/app/Views/errors/html/error_404.php:2
Stack trace:
#0 /home/khabarnews/domains/khabarnews.com/public_html/app/Views/errors/html/error_404.php(2): CodeIgniter\Debug\Exceptions->errorHandler()
#1 /home/khabarnews/domains/khabarnews.com/public_html/system/Debug/Exceptions.php(284): include('...')
#2 /home/khabarnews/domains/khabarnews.com/public_html/system/Debug/Exceptions.php(287): CodeIgniter\Debug\Exceptions->CodeIgniter\Debug\{closure}()
#3 /home/khabarnews/domains/khabarnews.com/public_html/system/Debug/Exceptions.php(139): CodeIgniter\Debug\Exceptions->render()
#4 [internal function]: CodeIgniter\Debug\Exceptions->exceptionHandler()
#5 {main}
  thrown
in APPPATH/Views/errors/html/error_404.php on line 2.
 1 [internal function]: CodeIgniter\Debug\Exceptions->shutdownHandler()
CRITICAL - 2023-07-24 00:48:17 --> Uncaught ErrorException: Undefined variable $activeTheme in /home/khabarnews/domains/khabarnews.com/public_html/app/Views/errors/html/error_404.php:2
Stack trace:
#0 /home/khabarnews/domains/khabarnews.com/public_html/app/Views/errors/html/error_404.php(2): CodeIgniter\Debug\Exceptions->errorHandler()
#1 /home/khabarnews/domains/khabarnews.com/public_html/system/Debug/Exceptions.php(284): include('...')
#2 /home/khabarnews/domains/khabarnews.com/public_html/system/Debug/Exceptions.php(287): CodeIgniter\Debug\Exceptions->CodeIgniter\Debug\{closure}()
#3 /home/khabarnews/domains/khabarnews.com/public_html/system/Debug/Exceptions.php(139): CodeIgniter\Debug\Exceptions->render()
#4 [internal function]: CodeIgniter\Debug\Exceptions->exceptionHandler()
#5 {main}
  thrown
in APPPATH/Views/errors/html/error_404.php on line 2.
 1 [internal function]: CodeIgniter\Debug\Exceptions->shutdownHandler()
CRITICAL - 2023-07-24 01:05:05 --> Uncaught ErrorException: Undefined variable $activeTheme in /home/khabarnews/domains/khabarnews.com/public_html/app/Views/errors/html/error_404.php:2
Stack trace:
#0 /home/khabarnews/domains/khabarnews.com/public_html/app/Views/errors/html/error_404.php(2): CodeIgniter\Debug\Exceptions->errorHandler()
#1 /home/khabarnews/domains/khabarnews.com/public_html/system/Debug/Exceptions.php(284): include('...')
#2 /home/khabarnews/domains/khabarnews.com/public_html/system/Debug/Exceptions.php(287): CodeIgniter\Debug\Exceptions->CodeIgniter\Debug\{closure}()
#3 /home/khabarnews/domains/khabarnews.com/public_html/system/Debug/Exceptions.php(139): CodeIgniter\Debug\Exceptions->render()
#4 [internal function]: CodeIgniter\Debug\Exceptions->exceptionHandler()
#5 {main}
  thrown
in APPPATH/Views/errors/html/error_404.php on line 2.
 1 [internal function]: CodeIgniter\Debug\Exceptions->shutdownHandler()
CRITICAL - 2023-07-24 01:18:51 --> Uncaught ErrorException: Undefined variable $activeTheme in /home/khabarnews/domains/khabarnews.com/public_html/app/Views/errors/html/error_404.php:2
Stack trace:
#0 /home/khabarnews/domains/khabarnews.com/public_html/app/Views/errors/html/error_404.php(2): CodeIgniter\Debug\Exceptions->errorHandler()
#1 /home/khabarnews/domains/khabarnews.com/public_html/system/Debug/Exceptions.php(284): include('...')
#2 /home/khabarnews/domains/khabarnews.com/public_html/system/Debug/Exceptions.php(287): CodeIgniter\Debug\Exceptions->CodeIgniter\Debug\{closure}()
#3 /home/khabarnews/domains/khabarnews.com/public_html/system/Debug/Exceptions.php(139): CodeIgniter\Debug\Exceptions->render()
#4 [internal function]: CodeIgniter\Debug\Exceptions->exceptionHandler()
#5 {main}
  thrown
in APPPATH/Views/errors/html/error_404.php on line 2.
 1 [internal function]: CodeIgniter\Debug\Exceptions->shutdownHandler()
CRITICAL - 2023-07-24 01:25:32 --> Uncaught ErrorException: Undefined variable $activeTheme in /home/khabarnews/domains/khabarnews.com/public_html/app/Views/errors/html/error_404.php:2
Stack trace:
#0 /home/khabarnews/domains/khabarnews.com/public_html/app/Views/errors/html/error_404.php(2): CodeIgniter\Debug\Exceptions->errorHandler()
#1 /home/khabarnews/domains/khabarnews.com/public_html/system/Debug/Exceptions.php(284): include('...')
#2 /home/khabarnews/domains/khabarnews.com/public_html/system/Debug/Exceptions.php(287): CodeIgniter\Debug\Exceptions->CodeIgniter\Debug\{closure}()
#3 /home/khabarnews/domains/khabarnews.com/public_html/system/Debug/Exceptions.php(139): CodeIgniter\Debug\Exceptions->render()
#4 [internal function]: CodeIgniter\Debug\Exceptions->exceptionHandler()
#5 {main}
  thrown
in APPPATH/Views/errors/html/error_404.php on line 2.
 1 [internal function]: CodeIgniter\Debug\Exceptions->shutdownHandler()
CRITICAL - 2023-07-24 01:30:37 --> Uncaught ErrorException: Undefined variable $activeTheme in /home/khabarnews/domains/khabarnews.com/public_html/app/Views/errors/html/error_404.php:2
Stack trace:
#0 /home/khabarnews/domains/khabarnews.com/public_html/app/Views/errors/html/error_404.php(2): CodeIgniter\Debug\Exceptions->errorHandler()
#1 /home/khabarnews/domains/khabarnews.com/public_html/system/Debug/Exceptions.php(284): include('...')
#2 /home/khabarnews/domains/khabarnews.com/public_html/system/Debug/Exceptions.php(287): CodeIgniter\Debug\Exceptions->CodeIgniter\Debug\{closure}()
#3 /home/khabarnews/domains/khabarnews.com/public_html/system/Debug/Exceptions.php(139): CodeIgniter\Debug\Exceptions->render()
#4 [internal function]: CodeIgniter\Debug\Exceptions->exceptionHandler()
#5 {main}
  thrown
in APPPATH/Views/errors/html/error_404.php on line 2.
 1 [internal function]: CodeIgniter\Debug\Exceptions->shutdownHandler()
CRITICAL - 2023-07-24 01:34:18 --> Uncaught ErrorException: Undefined variable $activeTheme in /home/khabarnews/domains/khabarnews.com/public_html/app/Views/errors/html/error_404.php:2
Stack trace:
#0 /home/khabarnews/domains/khabarnews.com/public_html/app/Views/errors/html/error_404.php(2): CodeIgniter\Debug\Exceptions->errorHandler()
#1 /home/khabarnews/domains/khabarnews.com/public_html/system/Debug/Exceptions.php(284): include('...')
#2 /home/khabarnews/domains/khabarnews.com/public_html/system/Debug/Exceptions.php(287): CodeIgniter\Debug\Exceptions->CodeIgniter\Debug\{closure}()
#3 /home/khabarnews/domains/khabarnews.com/public_html/system/Debug/Exceptions.php(139): CodeIgniter\Debug\Exceptions->render()
#4 [internal function]: CodeIgniter\Debug\Exceptions->exceptionHandler()
#5 {main}
  thrown
in APPPATH/Views/errors/html/error_404.php on line 2.
 1 [internal function]: CodeIgniter\Debug\Exceptions->shutdownHandler()
CRITICAL - 2023-07-24 01:48:16 --> Uncaught ErrorException: Undefined variable $activeTheme in /home/khabarnews/domains/khabarnews.com/public_html/app/Views/errors/html/error_404.php:2
Stack trace:
#0 /home/khabarnews/domains/khabarnews.com/public_html/app/Views/errors/html/error_404.php(2): CodeIgniter\Debug\Exceptions->errorHandler()
#1 /home/khabarnews/domains/khabarnews.com/public_html/system/Debug/Exceptions.php(284): include('...')
#2 /home/khabarnews/domains/khabarnews.com/public_html/system/Debug/Exceptions.php(287): CodeIgniter\Debug\Exceptions->CodeIgniter\Debug\{closure}()
#3 /home/khabarnews/domains/khabarnews.com/public_html/system/Debug/Exceptions.php(139): CodeIgniter\Debug\Exceptions->render()
#4 [internal function]: CodeIgniter\Debug\Exceptions->exceptionHandler()
#5 {main}
  thrown
in APPPATH/Views/errors/html/error_404.php on line 2.
 1 [internal function]: CodeIgniter\Debug\Exceptions->shutdownHandler()
CRITICAL - 2023-07-24 02:08:05 --> Uncaught ErrorException: Undefined variable $activeTheme in /home/khabarnews/domains/khabarnews.com/public_html/app/Views/errors/html/error_404.php:2
Stack trace:
#0 /home/khabarnews/domains/khabarnews.com/public_html/app/Views/errors/html/error_404.php(2): CodeIgniter\Debug\Exceptions->errorHandler()
#1 /home/khabarnews/domains/khabarnews.com/public_html/system/Debug/Exceptions.php(284): include('...')
#2 /home/khabarnews/domains/khabarnews.com/public_html/system/Debug/Exceptions.php(287): CodeIgniter\Debug\Exceptions->CodeIgniter\Debug\{closure}()
#3 /home/khabarnews/domains/khabarnews.com/public_html/system/Debug/Exceptions.php(139): CodeIgniter\Debug\Exceptions->render()
#4 [internal function]: CodeIgniter\Debug\Exceptions->exceptionHandler()
#5 {main}
  thrown
in APPPATH/Views/errors/html/error_404.php on line 2.
 1 [internal function]: CodeIgniter\Debug\Exceptions->shutdownHandler()
CRITICAL - 2023-07-24 02:18:39 --> Uncaught ErrorException: Undefined variable $activeTheme in /home/khabarnews/domains/khabarnews.com/public_html/app/Views/errors/html/error_404.php:2
Stack trace:
#0 /home/khabarnews/domains/khabarnews.com/public_html/app/Views/errors/html/error_404.php(2): CodeIgniter\Debug\Exceptions->errorHandler()
#1 /home/khabarnews/domains/khabarnews.com/public_html/system/Debug/Exceptions.php(284): include('...')
#2 /home/khabarnews/domains/khabarnews.com/public_html/system/Debug/Exceptions.php(287): CodeIgniter\Debug\Exceptions->CodeIgniter\Debug\{closure}()
#3 /home/khabarnews/domains/khabarnews.com/public_html/system/Debug/Exceptions.php(139): CodeIgniter\Debug\Exceptions->render()
#4 [internal function]: CodeIgniter\Debug\Exceptions->exceptionHandler()
#5 {main}
  thrown
in APPPATH/Views/errors/html/error_404.php on line 2.
 1 [internal function]: CodeIgniter\Debug\Exceptions->shutdownHandler()
CRITICAL - 2023-07-24 02:38:32 --> Uncaught ErrorException: Undefined variable $activeTheme in /home/khabarnews/domains/khabarnews.com/public_html/app/Views/errors/html/error_404.php:2
Stack trace:
#0 /home/khabarnews/domains/khabarnews.com/public_html/app/Views/errors/html/error_404.php(2): CodeIgniter\Debug\Exceptions->errorHandler()
#1 /home/khabarnews/domains/khabarnews.com/public_html/system/Debug/Exceptions.php(284): include('...')
#2 /home/khabarnews/domains/khabarnews.com/public_html/system/Debug/Exceptions.php(287): CodeIgniter\Debug\Exceptions->CodeIgniter\Debug\{closure}()
#3 /home/khabarnews/domains/khabarnews.com/public_html/system/Debug/Exceptions.php(139): CodeIgniter\Debug\Exceptions->render()
#4 [internal function]: CodeIgniter\Debug\Exceptions->exceptionHandler()
#5 {main}
  thrown
in APPPATH/Views/errors/html/error_404.php on line 2.
 1 [internal function]: CodeIgniter\Debug\Exceptions->shutdownHandler()
CRITICAL - 2023-07-24 02:42:08 --> Uncaught ErrorException: Undefined variable $activeTheme in /home/khabarnews/domains/khabarnews.com/public_html/app/Views/errors/html/error_404.php:2
Stack trace:
#0 /home/khabarnews/domains/khabarnews.com/public_html/app/Views/errors/html/error_404.php(2): CodeIgniter\Debug\Exceptions->errorHandler()
#1 /home/khabarnews/domains/khabarnews.com/public_html/system/Debug/Exceptions.php(284): include('...')
#2 /home/khabarnews/domains/khabarnews.com/public_html/system/Debug/Exceptions.php(287): CodeIgniter\Debug\Exceptions->CodeIgniter\Debug\{closure}()
#3 /home/khabarnews/domains/khabarnews.com/public_html/system/Debug/Exceptions.php(139): CodeIgniter\Debug\Exceptions->render()
#4 [internal function]: CodeIgniter\Debug\Exceptions->exceptionHandler()
#5 {main}
  thrown
in APPPATH/Views/errors/html/error_404.php on line 2.
 1 [internal function]: CodeIgniter\Debug\Exceptions->shutdownHandler()
CRITICAL - 2023-07-24 02:49:01 --> Uncaught ErrorException: Undefined variable $activeTheme in /home/khabarnews/domains/khabarnews.com/public_html/app/Views/errors/html/error_404.php:2
Stack trace:
#0 /home/khabarnews/domains/khabarnews.com/public_html/app/Views/errors/html/error_404.php(2): CodeIgniter\Debug\Exceptions->errorHandler()
#1 /home/khabarnews/domains/khabarnews.com/public_html/system/Debug/Exceptions.php(284): include('...')
#2 /home/khabarnews/domains/khabarnews.com/public_html/system/Debug/Exceptions.php(287): CodeIgniter\Debug\Exceptions->CodeIgniter\Debug\{closure}()
#3 /home/khabarnews/domains/khabarnews.com/public_html/system/Debug/Exceptions.php(139): CodeIgniter\Debug\Exceptions->render()
#4 [internal function]: CodeIgniter\Debug\Exceptions->exceptionHandler()
#5 {main}
  thrown
in APPPATH/Views/errors/html/error_404.php on line 2.
 1 [internal function]: CodeIgniter\Debug\Exceptions->shutdownHandler()
CRITICAL - 2023-07-24 02:49:59 --> Uncaught ErrorException: Undefined variable $activeTheme in /home/khabarnews/domains/khabarnews.com/public_html/app/Views/errors/html/error_404.php:2
Stack trace:
#0 /home/khabarnews/domains/khabarnews.com/public_html/app/Views/errors/html/error_404.php(2): CodeIgniter\Debug\Exceptions->errorHandler()
#1 /home/khabarnews/domains/khabarnews.com/public_html/system/Debug/Exceptions.php(284): include('...')
#2 /home/khabarnews/domains/khabarnews.com/public_html/system/Debug/Exceptions.php(287): CodeIgniter\Debug\Exceptions->CodeIgniter\Debug\{closure}()
#3 /home/khabarnews/domains/khabarnews.com/public_html/system/Debug/Exceptions.php(139): CodeIgniter\Debug\Exceptions->render()
#4 [internal function]: CodeIgniter\Debug\Exceptions->exceptionHandler()
#5 {main}
  thrown
in APPPATH/Views/errors/html/error_404.php on line 2.
 1 [internal function]: CodeIgniter\Debug\Exceptions->shutdownHandler()
CRITICAL - 2023-07-24 03:02:12 --> Uncaught ErrorException: Undefined variable $activeTheme in /home/khabarnews/domains/khabarnews.com/public_html/app/Views/errors/html/error_404.php:2
Stack trace:
#0 /home/khabarnews/domains/khabarnews.com/public_html/app/Views/errors/html/error_404.php(2): CodeIgniter\Debug\Exceptions->errorHandler()
#1 /home/khabarnews/domains/khabarnews.com/public_html/system/Debug/Exceptions.php(284): include('...')
#2 /home/khabarnews/domains/khabarnews.com/public_html/system/Debug/Exceptions.php(287): CodeIgniter\Debug\Exceptions->CodeIgniter\Debug\{closure}()
#3 /home/khabarnews/domains/khabarnews.com/public_html/system/Debug/Exceptions.php(139): CodeIgniter\Debug\Exceptions->render()
#4 [internal function]: CodeIgniter\Debug\Exceptions->exceptionHandler()
#5 {main}
  thrown
in APPPATH/Views/errors/html/error_404.php on line 2.
 1 [internal function]: CodeIgniter\Debug\Exceptions->shutdownHandler()
CRITICAL - 2023-07-24 03:04:33 --> Attempt to read property "primary_font" on null
in APPPATH/Models/SettingsModel.php on line 600.
 1 APPPATH/Models/SettingsModel.php(600): CodeIgniter\Debug\Exceptions->errorHandler()
 2 APPPATH/Controllers/BaseController.php(83): App\Models\SettingsModel->getSelectedFonts()
 3 APPPATH/Controllers/HomeController.php(24): App\Controllers\BaseController->initController()
 4 SYSTEMPATH/CodeIgniter.php(890): App\Controllers\HomeController->initController()
 5 SYSTEMPATH/CodeIgniter.php(473): CodeIgniter\CodeIgniter->createController()
 6 SYSTEMPATH/CodeIgniter.php(351): CodeIgniter\CodeIgniter->handleRequest()
 7 FCPATH/index.php(78): CodeIgniter\CodeIgniter->run()
CRITICAL - 2023-07-24 03:04:45 --> Uncaught ErrorException: Undefined variable $activeTheme in /home/khabarnews/domains/khabarnews.com/public_html/app/Views/errors/html/error_404.php:2
Stack trace:
#0 /home/khabarnews/domains/khabarnews.com/public_html/app/Views/errors/html/error_404.php(2): CodeIgniter\Debug\Exceptions->errorHandler()
#1 /home/khabarnews/domains/khabarnews.com/public_html/system/Debug/Exceptions.php(284): include('...')
#2 /home/khabarnews/domains/khabarnews.com/public_html/system/Debug/Exceptions.php(287): CodeIgniter\Debug\Exceptions->CodeIgniter\Debug\{closure}()
#3 /home/khabarnews/domains/khabarnews.com/public_html/system/Debug/Exceptions.php(139): CodeIgniter\Debug\Exceptions->render()
#4 [internal function]: CodeIgniter\Debug\Exceptions->exceptionHandler()
#5 {main}
  thrown
in APPPATH/Views/errors/html/error_404.php on line 2.
 1 [internal function]: CodeIgniter\Debug\Exceptions->shutdownHandler()
CRITICAL - 2023-07-24 03:05:19 --> Uncaught ErrorException: Undefined variable $activeTheme in /home/khabarnews/domains/khabarnews.com/public_html/app/Views/errors/html/error_404.php:2
Stack trace:
#0 /home/khabarnews/domains/khabarnews.com/public_html/app/Views/errors/html/error_404.php(2): CodeIgniter\Debug\Exceptions->errorHandler()
#1 /home/khabarnews/domains/khabarnews.com/public_html/system/Debug/Exceptions.php(284): include('...')
#2 /home/khabarnews/domains/khabarnews.com/public_html/system/Debug/Exceptions.php(287): CodeIgniter\Debug\Exceptions->CodeIgniter\Debug\{closure}()
#3 /home/khabarnews/domains/khabarnews.com/public_html/system/Debug/Exceptions.php(139): CodeIgniter\Debug\Exceptions->render()
#4 [internal function]: CodeIgniter\Debug\Exceptions->exceptionHandler()
#5 {main}
  thrown
in APPPATH/Views/errors/html/error_404.php on line 2.
 1 [internal function]: CodeIgniter\Debug\Exceptions->shutdownHandler()
CRITICAL - 2023-07-24 03:05:56 --> Attempt to read property "primary_font" on null
in APPPATH/Models/SettingsModel.php on line 600.
 1 APPPATH/Models/SettingsModel.php(600): CodeIgniter\Debug\Exceptions->errorHandler()
 2 APPPATH/Controllers/BaseController.php(83): App\Models\SettingsModel->getSelectedFonts()
 3 APPPATH/Controllers/HomeController.php(24): App\Controllers\BaseController->initController()
 4 SYSTEMPATH/CodeIgniter.php(890): App\Controllers\HomeController->initController()
 5 SYSTEMPATH/CodeIgniter.php(473): CodeIgniter\CodeIgniter->createController()
 6 SYSTEMPATH/CodeIgniter.php(351): CodeIgniter\CodeIgniter->handleRequest()
 7 FCPATH/index.php(78): CodeIgniter\CodeIgniter->run()
CRITICAL - 2023-07-24 03:07:23 --> Attempt to read property "primary_font" on null
in APPPATH/Models/SettingsModel.php on line 600.
 1 APPPATH/Models/SettingsModel.php(600): CodeIgniter\Debug\Exceptions->errorHandler()
 2 APPPATH/Controllers/BaseController.php(83): App\Models\SettingsModel->getSelectedFonts()
 3 APPPATH/Controllers/HomeController.php(24): App\Controllers\BaseController->initController()
 4 SYSTEMPATH/CodeIgniter.php(890): App\Controllers\HomeController->initController()
 5 SYSTEMPATH/CodeIgniter.php(473): CodeIgniter\CodeIgniter->createController()
 6 SYSTEMPATH/CodeIgniter.php(351): CodeIgniter\CodeIgniter->handleRequest()
 7 FCPATH/index.php(78): CodeIgniter\CodeIgniter->run()
CRITICAL - 2023-07-24 03:07:55 --> Uncaught ErrorException: Undefined variable $activeTheme in /home/khabarnews/domains/khabarnews.com/public_html/app/Views/errors/html/error_404.php:2
Stack trace:
#0 /home/khabarnews/domains/khabarnews.com/public_html/app/Views/errors/html/error_404.php(2): CodeIgniter\Debug\Exceptions->errorHandler()
#1 /home/khabarnews/domains/khabarnews.com/public_html/system/Debug/Exceptions.php(284): include('...')
#2 /home/khabarnews/domains/khabarnews.com/public_html/system/Debug/Exceptions.php(287): CodeIgniter\Debug\Exceptions->CodeIgniter\Debug\{closure}()
#3 /home/khabarnews/domains/khabarnews.com/public_html/system/Debug/Exceptions.php(139): CodeIgniter\Debug\Exceptions->render()
#4 [internal function]: CodeIgniter\Debug\Exceptions->exceptionHandler()
#5 {main}
  thrown
in APPPATH/Views/errors/html/error_404.php on line 2.
 1 [internal function]: CodeIgniter\Debug\Exceptions->shutdownHandler()
CRITICAL - 2023-07-24 03:08:47 --> Attempt to read property "primary_font" on null
in APPPATH/Models/SettingsModel.php on line 600.
 1 APPPATH/Models/SettingsModel.php(600): CodeIgniter\Debug\Exceptions->errorHandler()
 2 APPPATH/Controllers/BaseController.php(83): App\Models\SettingsModel->getSelectedFonts()
 3 APPPATH/Controllers/HomeController.php(24): App\Controllers\BaseController->initController()
 4 SYSTEMPATH/CodeIgniter.php(890): App\Controllers\HomeController->initController()
 5 SYSTEMPATH/CodeIgniter.php(473): CodeIgniter\CodeIgniter->createController()
 6 SYSTEMPATH/CodeIgniter.php(351): CodeIgniter\CodeIgniter->handleRequest()
 7 FCPATH/index.php(78): CodeIgniter\CodeIgniter->run()
CRITICAL - 2023-07-24 03:18:57 --> Uncaught ErrorException: Undefined variable $activeTheme in /home/khabarnews/domains/khabarnews.com/public_html/app/Views/errors/html/error_404.php:2
Stack trace:
#0 /home/khabarnews/domains/khabarnews.com/public_html/app/Views/errors/html/error_404.php(2): CodeIgniter\Debug\Exceptions->errorHandler()
#1 /home/khabarnews/domains/khabarnews.com/public_html/system/Debug/Exceptions.php(284): include('...')
#2 /home/khabarnews/domains/khabarnews.com/public_html/system/Debug/Exceptions.php(287): CodeIgniter\Debug\Exceptions->CodeIgniter\Debug\{closure}()
#3 /home/khabarnews/domains/khabarnews.com/public_html/system/Debug/Exceptions.php(139): CodeIgniter\Debug\Exceptions->render()
#4 [internal function]: CodeIgniter\Debug\Exceptions->exceptionHandler()
#5 {main}
  thrown
in APPPATH/Views/errors/html/error_404.php on line 2.
 1 [internal function]: CodeIgniter\Debug\Exceptions->shutdownHandler()
CRITICAL - 2023-07-24 03:19:17 --> Uncaught ErrorException: Undefined variable $activeTheme in /home/khabarnews/domains/khabarnews.com/public_html/app/Views/errors/html/error_404.php:2
Stack trace:
#0 /home/khabarnews/domains/khabarnews.com/public_html/app/Views/errors/html/error_404.php(2): CodeIgniter\Debug\Exceptions->errorHandler()
#1 /home/khabarnews/domains/khabarnews.com/public_html/system/Debug/Exceptions.php(284): include('...')
#2 /home/khabarnews/domains/khabarnews.com/public_html/system/Debug/Exceptions.php(287): CodeIgniter\Debug\Exceptions->CodeIgniter\Debug\{closure}()
#3 /home/khabarnews/domains/khabarnews.com/public_html/system/Debug/Exceptions.php(139): CodeIgniter\Debug\Exceptions->render()
#4 [internal function]: CodeIgniter\Debug\Exceptions->exceptionHandler()
#5 {main}
  thrown
in APPPATH/Views/errors/html/error_404.php on line 2.
 1 [internal function]: CodeIgniter\Debug\Exceptions->shutdownHandler()
CRITICAL - 2023-07-24 03:22:35 --> Uncaught ErrorException: Undefined variable $activeTheme in /home/khabarnews/domains/khabarnews.com/public_html/app/Views/errors/html/error_404.php:2
Stack trace:
#0 /home/khabarnews/domains/khabarnews.com/public_html/app/Views/errors/html/error_404.php(2): CodeIgniter\Debug\Exceptions->errorHandler()
#1 /home/khabarnews/domains/khabarnews.com/public_html/system/Debug/Exceptions.php(284): include('...')
#2 /home/khabarnews/domains/khabarnews.com/public_html/system/Debug/Exceptions.php(287): CodeIgniter\Debug\Exceptions->CodeIgniter\Debug\{closure}()
#3 /home/khabarnews/domains/khabarnews.com/public_html/system/Debug/Exceptions.php(139): CodeIgniter\Debug\Exceptions->render()
#4 [internal function]: CodeIgniter\Debug\Exceptions->exceptionHandler()
#5 {main}
  thrown
in APPPATH/Views/errors/html/error_404.php on line 2.
 1 [internal function]: CodeIgniter\Debug\Exceptions->shutdownHandler()
CRITICAL - 2023-07-24 03:28:26 --> Uncaught ErrorException: Undefined variable $activeTheme in /home/khabarnews/domains/khabarnews.com/public_html/app/Views/errors/html/error_404.php:2
Stack trace:
#0 /home/khabarnews/domains/khabarnews.com/public_html/app/Views/errors/html/error_404.php(2): CodeIgniter\Debug\Exceptions->errorHandler()
#1 /home/khabarnews/domains/khabarnews.com/public_html/system/Debug/Exceptions.php(284): include('...')
#2 /home/khabarnews/domains/khabarnews.com/public_html/system/Debug/Exceptions.php(287): CodeIgniter\Debug\Exceptions->CodeIgniter\Debug\{closure}()
#3 /home/khabarnews/domains/khabarnews.com/public_html/system/Debug/Exceptions.php(139): CodeIgniter\Debug\Exceptions->render()
#4 [internal function]: CodeIgniter\Debug\Exceptions->exceptionHandler()
#5 {main}
  thrown
in APPPATH/Views/errors/html/error_404.php on line 2.
 1 [internal function]: CodeIgniter\Debug\Exceptions->shutdownHandler()
CRITICAL - 2023-07-24 03:34:34 --> Uncaught ErrorException: Undefined variable $activeTheme in /home/khabarnews/domains/khabarnews.com/public_html/app/Views/errors/html/error_404.php:2
Stack trace:
#0 /home/khabarnews/domains/khabarnews.com/public_html/app/Views/errors/html/error_404.php(2): CodeIgniter\Debug\Exceptions->errorHandler()
#1 /home/khabarnews/domains/khabarnews.com/public_html/system/Debug/Exceptions.php(284): include('...')
#2 /home/khabarnews/domains/khabarnews.com/public_html/system/Debug/Exceptions.php(287): CodeIgniter\Debug\Exceptions->CodeIgniter\Debug\{closure}()
#3 /home/khabarnews/domains/khabarnews.com/public_html/system/Debug/Exceptions.php(139): CodeIgniter\Debug\Exceptions->render()
#4 [internal function]: CodeIgniter\Debug\Exceptions->exceptionHandler()
#5 {main}
  thrown
in APPPATH/Views/errors/html/error_404.php on line 2.
 1 [internal function]: CodeIgniter\Debug\Exceptions->shutdownHandler()
CRITICAL - 2023-07-24 03:37:20 --> Uncaught ErrorException: Undefined variable $activeTheme in /home/khabarnews/domains/khabarnews.com/public_html/app/Views/errors/html/error_404.php:2
Stack trace:
#0 /home/khabarnews/domains/khabarnews.com/public_html/app/Views/errors/html/error_404.php(2): CodeIgniter\Debug\Exceptions->errorHandler()
#1 /home/khabarnews/domains/khabarnews.com/public_html/system/Debug/Exceptions.php(284): include('...')
#2 /home/khabarnews/domains/khabarnews.com/public_html/system/Debug/Exceptions.php(287): CodeIgniter\Debug\Exceptions->CodeIgniter\Debug\{closure}()
#3 /home/khabarnews/domains/khabarnews.com/public_html/system/Debug/Exceptions.php(139): CodeIgniter\Debug\Exceptions->render()
#4 [internal function]: CodeIgniter\Debug\Exceptions->exceptionHandler()
#5 {main}
  thrown
in APPPATH/Views/errors/html/error_404.php on line 2.
 1 [internal function]: CodeIgniter\Debug\Exceptions->shutdownHandler()
CRITICAL - 2023-07-24 03:43:13 --> Attempt to read property "primary_font" on null
in APPPATH/Models/SettingsModel.php on line 600.
 1 APPPATH/Models/SettingsModel.php(600): CodeIgniter\Debug\Exceptions->errorHandler()
 2 APPPATH/Controllers/BaseController.php(83): App\Models\SettingsModel->getSelectedFonts()
 3 APPPATH/Controllers/HomeController.php(24): App\Controllers\BaseController->initController()
 4 SYSTEMPATH/CodeIgniter.php(890): App\Controllers\HomeController->initController()
 5 SYSTEMPATH/CodeIgniter.php(473): CodeIgniter\CodeIgniter->createController()
 6 SYSTEMPATH/CodeIgniter.php(351): CodeIgniter\CodeIgniter->handleRequest()
 7 FCPATH/index.php(78): CodeIgniter\CodeIgniter->run()
CRITICAL - 2023-07-24 03:47:06 --> Uncaught ErrorException: Undefined variable $activeTheme in /home/khabarnews/domains/khabarnews.com/public_html/app/Views/errors/html/error_404.php:2
Stack trace:
#0 /home/khabarnews/domains/khabarnews.com/public_html/app/Views/errors/html/error_404.php(2): CodeIgniter\Debug\Exceptions->errorHandler()
#1 /home/khabarnews/domains/khabarnews.com/public_html/system/Debug/Exceptions.php(284): include('...')
#2 /home/khabarnews/domains/khabarnews.com/public_html/system/Debug/Exceptions.php(287): CodeIgniter\Debug\Exceptions->CodeIgniter\Debug\{closure}()
#3 /home/khabarnews/domains/khabarnews.com/public_html/system/Debug/Exceptions.php(139): CodeIgniter\Debug\Exceptions->render()
#4 [internal function]: CodeIgniter\Debug\Exceptions->exceptionHandler()
#5 {main}
  thrown
in APPPATH/Views/errors/html/error_404.php on line 2.
 1 [internal function]: CodeIgniter\Debug\Exceptions->shutdownHandler()
CRITICAL - 2023-07-24 03:49:00 --> Uncaught ErrorException: Undefined variable $activeTheme in /home/khabarnews/domains/khabarnews.com/public_html/app/Views/errors/html/error_404.php:2
Stack trace:
#0 /home/khabarnews/domains/khabarnews.com/public_html/app/Views/errors/html/error_404.php(2): CodeIgniter\Debug\Exceptions->errorHandler()
#1 /home/khabarnews/domains/khabarnews.com/public_html/system/Debug/Exceptions.php(284): include('...')
#2 /home/khabarnews/domains/khabarnews.com/public_html/system/Debug/Exceptions.php(287): CodeIgniter\Debug\Exceptions->CodeIgniter\Debug\{closure}()
#3 /home/khabarnews/domains/khabarnews.com/public_html/system/Debug/Exceptions.php(139): CodeIgniter\Debug\Exceptions->render()
#4 [internal function]: CodeIgniter\Debug\Exceptions->exceptionHandler()
#5 {main}
  thrown
in APPPATH/Views/errors/html/error_404.php on line 2.
 1 [internal function]: CodeIgniter\Debug\Exceptions->shutdownHandler()
CRITICAL - 2023-07-24 03:54:43 --> Uncaught ErrorException: Undefined variable $activeTheme in /home/khabarnews/domains/khabarnews.com/public_html/app/Views/errors/html/error_404.php:2
Stack trace:
#0 /home/khabarnews/domains/khabarnews.com/public_html/app/Views/errors/html/error_404.php(2): CodeIgniter\Debug\Exceptions->errorHandler()
#1 /home/khabarnews/domains/khabarnews.com/public_html/system/Debug/Exceptions.php(284): include('...')
#2 /home/khabarnews/domains/khabarnews.com/public_html/system/Debug/Exceptions.php(287): CodeIgniter\Debug\Exceptions->CodeIgniter\Debug\{closure}()
#3 /home/khabarnews/domains/khabarnews.com/public_html/system/Debug/Exceptions.php(139): CodeIgniter\Debug\Exceptions->render()
#4 [internal function]: CodeIgniter\Debug\Exceptions->exceptionHandler()
#5 {main}
  thrown
in APPPATH/Views/errors/html/error_404.php on line 2.
 1 [internal function]: CodeIgniter\Debug\Exceptions->shutdownHandler()
CRITICAL - 2023-07-24 03:54:58 --> Uncaught ErrorException: Undefined variable $activeTheme in /home/khabarnews/domains/khabarnews.com/public_html/app/Views/errors/html/error_404.php:2
Stack trace:
#0 /home/khabarnews/domains/khabarnews.com/public_html/app/Views/errors/html/error_404.php(2): CodeIgniter\Debug\Exceptions->errorHandler()
#1 /home/khabarnews/domains/khabarnews.com/public_html/system/Debug/Exceptions.php(284): include('...')
#2 /home/khabarnews/domains/khabarnews.com/public_html/system/Debug/Exceptions.php(287): CodeIgniter\Debug\Exceptions->CodeIgniter\Debug\{closure}()
#3 /home/khabarnews/domains/khabarnews.com/public_html/system/Debug/Exceptions.php(139): CodeIgniter\Debug\Exceptions->render()
#4 [internal function]: CodeIgniter\Debug\Exceptions->exceptionHandler()
#5 {main}
  thrown
in APPPATH/Views/errors/html/error_404.php on line 2.
 1 [internal function]: CodeIgniter\Debug\Exceptions->shutdownHandler()
CRITICAL - 2023-07-24 03:58:43 --> Uncaught ErrorException: Undefined variable $activeTheme in /home/khabarnews/domains/khabarnews.com/public_html/app/Views/errors/html/error_404.php:2
Stack trace:
#0 /home/khabarnews/domains/khabarnews.com/public_html/app/Views/errors/html/error_404.php(2): CodeIgniter\Debug\Exceptions->errorHandler()
#1 /home/khabarnews/domains/khabarnews.com/public_html/system/Debug/Exceptions.php(284): include('...')
#2 /home/khabarnews/domains/khabarnews.com/public_html/system/Debug/Exceptions.php(287): CodeIgniter\Debug\Exceptions->CodeIgniter\Debug\{closure}()
#3 /home/khabarnews/domains/khabarnews.com/public_html/system/Debug/Exceptions.php(139): CodeIgniter\Debug\Exceptions->render()
#4 [internal function]: CodeIgniter\Debug\Exceptions->exceptionHandler()
#5 {main}
  thrown
in APPPATH/Views/errors/html/error_404.php on line 2.
 1 [internal function]: CodeIgniter\Debug\Exceptions->shutdownHandler()
CRITICAL - 2023-07-24 04:02:28 --> Uncaught ErrorException: Undefined variable $activeTheme in /home/khabarnews/domains/khabarnews.com/public_html/app/Views/errors/html/error_404.php:2
Stack trace:
#0 /home/khabarnews/domains/khabarnews.com/public_html/app/Views/errors/html/error_404.php(2): CodeIgniter\Debug\Exceptions->errorHandler()
#1 /home/khabarnews/domains/khabarnews.com/public_html/system/Debug/Exceptions.php(284): include('...')
#2 /home/khabarnews/domains/khabarnews.com/public_html/system/Debug/Exceptions.php(287): CodeIgniter\Debug\Exceptions->CodeIgniter\Debug\{closure}()
#3 /home/khabarnews/domains/khabarnews.com/public_html/system/Debug/Exceptions.php(139): CodeIgniter\Debug\Exceptions->render()
#4 [internal function]: CodeIgniter\Debug\Exceptions->exceptionHandler()
#5 {main}
  thrown
in APPPATH/Views/errors/html/error_404.php on line 2.
 1 [internal function]: CodeIgniter\Debug\Exceptions->shutdownHandler()
CRITICAL - 2023-07-24 04:18:53 --> Uncaught ErrorException: Undefined variable $activeTheme in /home/khabarnews/domains/khabarnews.com/public_html/app/Views/errors/html/error_404.php:2
Stack trace:
#0 /home/khabarnews/domains/khabarnews.com/public_html/app/Views/errors/html/error_404.php(2): CodeIgniter\Debug\Exceptions->errorHandler()
#1 /home/khabarnews/domains/khabarnews.com/public_html/system/Debug/Exceptions.php(284): include('...')
#2 /home/khabarnews/domains/khabarnews.com/public_html/system/Debug/Exceptions.php(287): CodeIgniter\Debug\Exceptions->CodeIgniter\Debug\{closure}()
#3 /home/khabarnews/domains/khabarnews.com/public_html/system/Debug/Exceptions.php(139): CodeIgniter\Debug\Exceptions->render()
#4 [internal function]: CodeIgniter\Debug\Exceptions->exceptionHandler()
#5 {main}
  thrown
in APPPATH/Views/errors/html/error_404.php on line 2.
 1 [internal function]: CodeIgniter\Debug\Exceptions->shutdownHandler()
CRITICAL - 2023-07-24 04:36:49 --> Undefined array key "g-recaptcha-response"
in APPPATH/Common.php on line 1064.
 1 APPPATH/Common.php(1064): CodeIgniter\Debug\Exceptions->errorHandler()
 2 APPPATH/Controllers/HomeController.php(407): reCaptcha()
 3 SYSTEMPATH/CodeIgniter.php(927): App\Controllers\HomeController->contactPost()
 4 SYSTEMPATH/CodeIgniter.php(482): CodeIgniter\CodeIgniter->runController()
 5 SYSTEMPATH/CodeIgniter.php(351): CodeIgniter\CodeIgniter->handleRequest()
 6 FCPATH/index.php(78): CodeIgniter\CodeIgniter->run()
CRITICAL - 2023-07-24 04:46:20 --> Uncaught ErrorException: Undefined variable $activeTheme in /home/khabarnews/domains/khabarnews.com/public_html/app/Views/errors/html/error_404.php:2
Stack trace:
#0 /home/khabarnews/domains/khabarnews.com/public_html/app/Views/errors/html/error_404.php(2): CodeIgniter\Debug\Exceptions->errorHandler()
#1 /home/khabarnews/domains/khabarnews.com/public_html/system/Debug/Exceptions.php(284): include('...')
#2 /home/khabarnews/domains/khabarnews.com/public_html/system/Debug/Exceptions.php(287): CodeIgniter\Debug\Exceptions->CodeIgniter\Debug\{closure}()
#3 /home/khabarnews/domains/khabarnews.com/public_html/system/Debug/Exceptions.php(139): CodeIgniter\Debug\Exceptions->render()
#4 [internal function]: CodeIgniter\Debug\Exceptions->exceptionHandler()
#5 {main}
  thrown
in APPPATH/Views/errors/html/error_404.php on line 2.
 1 [internal function]: CodeIgniter\Debug\Exceptions->shutdownHandler()
CRITICAL - 2023-07-24 04:49:07 --> Uncaught ErrorException: Undefined variable $activeTheme in /home/khabarnews/domains/khabarnews.com/public_html/app/Views/errors/html/error_404.php:2
Stack trace:
#0 /home/khabarnews/domains/khabarnews.com/public_html/app/Views/errors/html/error_404.php(2): CodeIgniter\Debug\Exceptions->errorHandler()
#1 /home/khabarnews/domains/khabarnews.com/public_html/system/Debug/Exceptions.php(284): include('...')
#2 /home/khabarnews/domains/khabarnews.com/public_html/system/Debug/Exceptions.php(287): CodeIgniter\Debug\Exceptions->CodeIgniter\Debug\{closure}()
#3 /home/khabarnews/domains/khabarnews.com/public_html/system/Debug/Exceptions.php(139): CodeIgniter\Debug\Exceptions->render()
#4 [internal function]: CodeIgniter\Debug\Exceptions->exceptionHandler()
#5 {main}
  thrown
in APPPATH/Views/errors/html/error_404.php on line 2.
 1 [internal function]: CodeIgniter\Debug\Exceptions->shutdownHandler()
CRITICAL - 2023-07-24 04:58:33 --> Uncaught ErrorException: Undefined variable $activeTheme in /home/khabarnews/domains/khabarnews.com/public_html/app/Views/errors/html/error_404.php:2
Stack trace:
#0 /home/khabarnews/domains/khabarnews.com/public_html/app/Views/errors/html/error_404.php(2): CodeIgniter\Debug\Exceptions->errorHandler()
#1 /home/khabarnews/domains/khabarnews.com/public_html/system/Debug/Exceptions.php(284): include('...')
#2 /home/khabarnews/domains/khabarnews.com/public_html/system/Debug/Exceptions.php(287): CodeIgniter\Debug\Exceptions->CodeIgniter\Debug\{closure}()
#3 /home/khabarnews/domains/khabarnews.com/public_html/system/Debug/Exceptions.php(139): CodeIgniter\Debug\Exceptions->render()
#4 [internal function]: CodeIgniter\Debug\Exceptions->exceptionHandler()
#5 {main}
  thrown
in APPPATH/Views/errors/html/error_404.php on line 2.
 1 [internal function]: CodeIgniter\Debug\Exceptions->shutdownHandler()
CRITICAL - 2023-07-24 05:18:13 --> Uncaught ErrorException: Undefined variable $activeTheme in /home/khabarnews/domains/khabarnews.com/public_html/app/Views/errors/html/error_404.php:2
Stack trace:
#0 /home/khabarnews/domains/khabarnews.com/public_html/app/Views/errors/html/error_404.php(2): CodeIgniter\Debug\Exceptions->errorHandler()
#1 /home/khabarnews/domains/khabarnews.com/public_html/system/Debug/Exceptions.php(284): include('...')
#2 /home/khabarnews/domains/khabarnews.com/public_html/system/Debug/Exceptions.php(287): CodeIgniter\Debug\Exceptions->CodeIgniter\Debug\{closure}()
#3 /home/khabarnews/domains/khabarnews.com/public_html/system/Debug/Exceptions.php(139): CodeIgniter\Debug\Exceptions->render()
#4 [internal function]: CodeIgniter\Debug\Exceptions->exceptionHandler()
#5 {main}
  thrown
in APPPATH/Views/errors/html/error_404.php on line 2.
 1 [internal function]: CodeIgniter\Debug\Exceptions->shutdownHandler()
CRITICAL - 2023-07-24 05:18:34 --> Uncaught ErrorException: Undefined variable $activeTheme in /home/khabarnews/domains/khabarnews.com/public_html/app/Views/errors/html/error_404.php:2
Stack trace:
#0 /home/khabarnews/domains/khabarnews.com/public_html/app/Views/errors/html/error_404.php(2): CodeIgniter\Debug\Exceptions->errorHandler()
#1 /home/khabarnews/domains/khabarnews.com/public_html/system/Debug/Exceptions.php(284): include('...')
#2 /home/khabarnews/domains/khabarnews.com/public_html/system/Debug/Exceptions.php(287): CodeIgniter\Debug\Exceptions->CodeIgniter\Debug\{closure}()
#3 /home/khabarnews/domains/khabarnews.com/public_html/system/Debug/Exceptions.php(139): CodeIgniter\Debug\Exceptions->render()
#4 [internal function]: CodeIgniter\Debug\Exceptions->exceptionHandler()
#5 {main}
  thrown
in APPPATH/Views/errors/html/error_404.php on line 2.
 1 [internal function]: CodeIgniter\Debug\Exceptions->shutdownHandler()
CRITICAL - 2023-07-24 05:30:05 --> Undefined array key "HTTP_USER_AGENT"
in APPPATH/Common.php on line 2084.
 1 APPPATH/Common.php(2084): CodeIgniter\Debug\Exceptions->errorHandler()
 2 APPPATH/Models/PostModel.php(316): isBot()
 3 APPPATH/Controllers/HomeController.php(177): App\Models\PostModel->increasePostPageviews()
 4 APPPATH/Controllers/HomeController.php(105): App\Controllers\HomeController->post()
 5 SYSTEMPATH/CodeIgniter.php(927): App\Controllers\HomeController->any()
 6 SYSTEMPATH/CodeIgniter.php(482): CodeIgniter\CodeIgniter->runController()
 7 SYSTEMPATH/CodeIgniter.php(351): CodeIgniter\CodeIgniter->handleRequest()
 8 FCPATH/index.php(78): CodeIgniter\CodeIgniter->run()
CRITICAL - 2023-07-24 05:35:21 --> Uncaught ErrorException: Undefined variable $activeTheme in /home/khabarnews/domains/khabarnews.com/public_html/app/Views/errors/html/error_404.php:2
Stack trace:
#0 /home/khabarnews/domains/khabarnews.com/public_html/app/Views/errors/html/error_404.php(2): CodeIgniter\Debug\Exceptions->errorHandler()
#1 /home/khabarnews/domains/khabarnews.com/public_html/system/Debug/Exceptions.php(284): include('...')
#2 /home/khabarnews/domains/khabarnews.com/public_html/system/Debug/Exceptions.php(287): CodeIgniter\Debug\Exceptions->CodeIgniter\Debug\{closure}()
#3 /home/khabarnews/domains/khabarnews.com/public_html/system/Debug/Exceptions.php(139): CodeIgniter\Debug\Exceptions->render()
#4 [internal function]: CodeIgniter\Debug\Exceptions->exceptionHandler()
#5 {main}
  thrown
in APPPATH/Views/errors/html/error_404.php on line 2.
 1 [internal function]: CodeIgniter\Debug\Exceptions->shutdownHandler()
CRITICAL - 2023-07-24 05:42:13 --> Uncaught ErrorException: Undefined variable $activeTheme in /home/khabarnews/domains/khabarnews.com/public_html/app/Views/errors/html/error_404.php:2
Stack trace:
#0 /home/khabarnews/domains/khabarnews.com/public_html/app/Views/errors/html/error_404.php(2): CodeIgniter\Debug\Exceptions->errorHandler()
#1 /home/khabarnews/domains/khabarnews.com/public_html/system/Debug/Exceptions.php(284): include('...')
#2 /home/khabarnews/domains/khabarnews.com/public_html/system/Debug/Exceptions.php(287): CodeIgniter\Debug\Exceptions->CodeIgniter\Debug\{closure}()
#3 /home/khabarnews/domains/khabarnews.com/public_html/system/Debug/Exceptions.php(139): CodeIgniter\Debug\Exceptions->render()
#4 [internal function]: CodeIgniter\Debug\Exceptions->exceptionHandler()
#5 {main}
  thrown
in APPPATH/Views/errors/html/error_404.php on line 2.
 1 [internal function]: CodeIgniter\Debug\Exceptions->shutdownHandler()
CRITICAL - 2023-07-24 05:51:06 --> Uncaught ErrorException: Undefined variable $activeTheme in /home/khabarnews/domains/khabarnews.com/public_html/app/Views/errors/html/error_404.php:2
Stack trace:
#0 /home/khabarnews/domains/khabarnews.com/public_html/app/Views/errors/html/error_404.php(2): CodeIgniter\Debug\Exceptions->errorHandler()
#1 /home/khabarnews/domains/khabarnews.com/public_html/system/Debug/Exceptions.php(284): include('...')
#2 /home/khabarnews/domains/khabarnews.com/public_html/system/Debug/Exceptions.php(287): CodeIgniter\Debug\Exceptions->CodeIgniter\Debug\{closure}()
#3 /home/khabarnews/domains/khabarnews.com/public_html/system/Debug/Exceptions.php(139): CodeIgniter\Debug\Exceptions->render()
#4 [internal function]: CodeIgniter\Debug\Exceptions->exceptionHandler()
#5 {main}
  thrown
in APPPATH/Views/errors/html/error_404.php on line 2.
 1 [internal function]: CodeIgniter\Debug\Exceptions->shutdownHandler()
CRITICAL - 2023-07-24 05:58:09 --> Uncaught ErrorException: Undefined variable $activeTheme in /home/khabarnews/domains/khabarnews.com/public_html/app/Views/errors/html/error_404.php:2
Stack trace:
#0 /home/khabarnews/domains/khabarnews.com/public_html/app/Views/errors/html/error_404.php(2): CodeIgniter\Debug\Exceptions->errorHandler()
#1 /home/khabarnews/domains/khabarnews.com/public_html/system/Debug/Exceptions.php(284): include('...')
#2 /home/khabarnews/domains/khabarnews.com/public_html/system/Debug/Exceptions.php(287): CodeIgniter\Debug\Exceptions->CodeIgniter\Debug\{closure}()
#3 /home/khabarnews/domains/khabarnews.com/public_html/system/Debug/Exceptions.php(139): CodeIgniter\Debug\Exceptions->render()
#4 [internal function]: CodeIgniter\Debug\Exceptions->exceptionHandler()
#5 {main}
  thrown
in APPPATH/Views/errors/html/error_404.php on line 2.
 1 [internal function]: CodeIgniter\Debug\Exceptions->shutdownHandler()
CRITICAL - 2023-07-24 06:02:19 --> Uncaught ErrorException: Undefined variable $activeTheme in /home/khabarnews/domains/khabarnews.com/public_html/app/Views/errors/html/error_404.php:2
Stack trace:
#0 /home/khabarnews/domains/khabarnews.com/public_html/app/Views/errors/html/error_404.php(2): CodeIgniter\Debug\Exceptions->errorHandler()
#1 /home/khabarnews/domains/khabarnews.com/public_html/system/Debug/Exceptions.php(284): include('...')
#2 /home/khabarnews/domains/khabarnews.com/public_html/system/Debug/Exceptions.php(287): CodeIgniter\Debug\Exceptions->CodeIgniter\Debug\{closure}()
#3 /home/khabarnews/domains/khabarnews.com/public_html/system/Debug/Exceptions.php(139): CodeIgniter\Debug\Exceptions->render()
#4 [internal function]: CodeIgniter\Debug\Exceptions->exceptionHandler()
#5 {main}
  thrown
in APPPATH/Views/errors/html/error_404.php on line 2.
 1 [internal function]: CodeIgniter\Debug\Exceptions->shutdownHandler()
CRITICAL - 2023-07-24 06:03:10 --> Uncaught ErrorException: Undefined variable $activeTheme in /home/khabarnews/domains/khabarnews.com/public_html/app/Views/errors/html/error_404.php:2
Stack trace:
#0 /home/khabarnews/domains/khabarnews.com/public_html/app/Views/errors/html/error_404.php(2): CodeIgniter\Debug\Exceptions->errorHandler()
#1 /home/khabarnews/domains/khabarnews.com/public_html/system/Debug/Exceptions.php(284): include('...')
#2 /home/khabarnews/domains/khabarnews.com/public_html/system/Debug/Exceptions.php(287): CodeIgniter\Debug\Exceptions->CodeIgniter\Debug\{closure}()
#3 /home/khabarnews/domains/khabarnews.com/public_html/system/Debug/Exceptions.php(139): CodeIgniter\Debug\Exceptions->render()
#4 [internal function]: CodeIgniter\Debug\Exceptions->exceptionHandler()
#5 {main}
  thrown
in APPPATH/Views/errors/html/error_404.php on line 2.
 1 [internal function]: CodeIgniter\Debug\Exceptions->shutdownHandler()
CRITICAL - 2023-07-24 06:07:46 --> Uncaught ErrorException: Undefined variable $activeTheme in /home/khabarnews/domains/khabarnews.com/public_html/app/Views/errors/html/error_404.php:2
Stack trace:
#0 /home/khabarnews/domains/khabarnews.com/public_html/app/Views/errors/html/error_404.php(2): CodeIgniter\Debug\Exceptions->errorHandler()
#1 /home/khabarnews/domains/khabarnews.com/public_html/system/Debug/Exceptions.php(284): include('...')
#2 /home/khabarnews/domains/khabarnews.com/public_html/system/Debug/Exceptions.php(287): CodeIgniter\Debug\Exceptions->CodeIgniter\Debug\{closure}()
#3 /home/khabarnews/domains/khabarnews.com/public_html/system/Debug/Exceptions.php(139): CodeIgniter\Debug\Exceptions->render()
#4 [internal function]: CodeIgniter\Debug\Exceptions->exceptionHandler()
#5 {main}
  thrown
in APPPATH/Views/errors/html/error_404.php on line 2.
 1 [internal function]: CodeIgniter\Debug\Exceptions->shutdownHandler()
CRITICAL - 2023-07-24 06:18:56 --> Uncaught ErrorException: Undefined variable $activeTheme in /home/khabarnews/domains/khabarnews.com/public_html/app/Views/errors/html/error_404.php:2
Stack trace:
#0 /home/khabarnews/domains/khabarnews.com/public_html/app/Views/errors/html/error_404.php(2): CodeIgniter\Debug\Exceptions->errorHandler()
#1 /home/khabarnews/domains/khabarnews.com/public_html/system/Debug/Exceptions.php(284): include('...')
#2 /home/khabarnews/domains/khabarnews.com/public_html/system/Debug/Exceptions.php(287): CodeIgniter\Debug\Exceptions->CodeIgniter\Debug\{closure}()
#3 /home/khabarnews/domains/khabarnews.com/public_html/system/Debug/Exceptions.php(139): CodeIgniter\Debug\Exceptions->render()
#4 [internal function]: CodeIgniter\Debug\Exceptions->exceptionHandler()
#5 {main}
  thrown
in APPPATH/Views/errors/html/error_404.php on line 2.
 1 [internal function]: CodeIgniter\Debug\Exceptions->shutdownHandler()
CRITICAL - 2023-07-24 06:23:09 --> Uncaught ErrorException: Undefined variable $activeTheme in /home/khabarnews/domains/khabarnews.com/public_html/app/Views/errors/html/error_404.php:2
Stack trace:
#0 /home/khabarnews/domains/khabarnews.com/public_html/app/Views/errors/html/error_404.php(2): CodeIgniter\Debug\Exceptions->errorHandler()
#1 /home/khabarnews/domains/khabarnews.com/public_html/system/Debug/Exceptions.php(284): include('...')
#2 /home/khabarnews/domains/khabarnews.com/public_html/system/Debug/Exceptions.php(287): CodeIgniter\Debug\Exceptions->CodeIgniter\Debug\{closure}()
#3 /home/khabarnews/domains/khabarnews.com/public_html/system/Debug/Exceptions.php(139): CodeIgniter\Debug\Exceptions->render()
#4 [internal function]: CodeIgniter\Debug\Exceptions->exceptionHandler()
#5 {main}
  thrown
in APPPATH/Views/errors/html/error_404.php on line 2.
 1 [internal function]: CodeIgniter\Debug\Exceptions->shutdownHandler()
CRITICAL - 2023-07-24 06:37:00 --> Uncaught ErrorException: Undefined variable $activeTheme in /home/khabarnews/domains/khabarnews.com/public_html/app/Views/errors/html/error_404.php:2
Stack trace:
#0 /home/khabarnews/domains/khabarnews.com/public_html/app/Views/errors/html/error_404.php(2): CodeIgniter\Debug\Exceptions->errorHandler()
#1 /home/khabarnews/domains/khabarnews.com/public_html/system/Debug/Exceptions.php(284): include('...')
#2 /home/khabarnews/domains/khabarnews.com/public_html/system/Debug/Exceptions.php(287): CodeIgniter\Debug\Exceptions->CodeIgniter\Debug\{closure}()
#3 /home/khabarnews/domains/khabarnews.com/public_html/system/Debug/Exceptions.php(139): CodeIgniter\Debug\Exceptions->render()
#4 [internal function]: CodeIgniter\Debug\Exceptions->exceptionHandler()
#5 {main}
  thrown
in APPPATH/Views/errors/html/error_404.php on line 2.
 1 [internal function]: CodeIgniter\Debug\Exceptions->shutdownHandler()
CRITICAL - 2023-07-24 06:45:53 --> Uncaught ErrorException: Undefined variable $activeTheme in /home/khabarnews/domains/khabarnews.com/public_html/app/Views/errors/html/error_404.php:2
Stack trace:
#0 /home/khabarnews/domains/khabarnews.com/public_html/app/Views/errors/html/error_404.php(2): CodeIgniter\Debug\Exceptions->errorHandler()
#1 /home/khabarnews/domains/khabarnews.com/public_html/system/Debug/Exceptions.php(284): include('...')
#2 /home/khabarnews/domains/khabarnews.com/public_html/system/Debug/Exceptions.php(287): CodeIgniter\Debug\Exceptions->CodeIgniter\Debug\{closure}()
#3 /home/khabarnews/domains/khabarnews.com/public_html/system/Debug/Exceptions.php(139): CodeIgniter\Debug\Exceptions->render()
#4 [internal function]: CodeIgniter\Debug\Exceptions->exceptionHandler()
#5 {main}
  thrown
in APPPATH/Views/errors/html/error_404.php on line 2.
 1 [internal function]: CodeIgniter\Debug\Exceptions->shutdownHandler()
CRITICAL - 2023-07-24 06:49:24 --> Uncaught ErrorException: Undefined variable $activeTheme in /home/khabarnews/domains/khabarnews.com/public_html/app/Views/errors/html/error_404.php:2
Stack trace:
#0 /home/khabarnews/domains/khabarnews.com/public_html/app/Views/errors/html/error_404.php(2): CodeIgniter\Debug\Exceptions->errorHandler()
#1 /home/khabarnews/domains/khabarnews.com/public_html/system/Debug/Exceptions.php(284): include('...')
#2 /home/khabarnews/domains/khabarnews.com/public_html/system/Debug/Exceptions.php(287): CodeIgniter\Debug\Exceptions->CodeIgniter\Debug\{closure}()
#3 /home/khabarnews/domains/khabarnews.com/public_html/system/Debug/Exceptions.php(139): CodeIgniter\Debug\Exceptions->render()
#4 [internal function]: CodeIgniter\Debug\Exceptions->exceptionHandler()
#5 {main}
  thrown
in APPPATH/Views/errors/html/error_404.php on line 2.
 1 [internal function]: CodeIgniter\Debug\Exceptions->shutdownHandler()
CRITICAL - 2023-07-24 06:49:35 --> Uncaught ErrorException: Undefined variable $activeTheme in /home/khabarnews/domains/khabarnews.com/public_html/app/Views/errors/html/error_404.php:2
Stack trace:
#0 /home/khabarnews/domains/khabarnews.com/public_html/app/Views/errors/html/error_404.php(2): CodeIgniter\Debug\Exceptions->errorHandler()
#1 /home/khabarnews/domains/khabarnews.com/public_html/system/Debug/Exceptions.php(284): include('...')
#2 /home/khabarnews/domains/khabarnews.com/public_html/system/Debug/Exceptions.php(287): CodeIgniter\Debug\Exceptions->CodeIgniter\Debug\{closure}()
#3 /home/khabarnews/domains/khabarnews.com/public_html/system/Debug/Exceptions.php(139): CodeIgniter\Debug\Exceptions->render()
#4 [internal function]: CodeIgniter\Debug\Exceptions->exceptionHandler()
#5 {main}
  thrown
in APPPATH/Views/errors/html/error_404.php on line 2.
 1 [internal function]: CodeIgniter\Debug\Exceptions->shutdownHandler()
CRITICAL - 2023-07-24 06:49:59 --> Uncaught ErrorException: Undefined variable $activeTheme in /home/khabarnews/domains/khabarnews.com/public_html/app/Views/errors/html/error_404.php:2
Stack trace:
#0 /home/khabarnews/domains/khabarnews.com/public_html/app/Views/errors/html/error_404.php(2): CodeIgniter\Debug\Exceptions->errorHandler()
#1 /home/khabarnews/domains/khabarnews.com/public_html/system/Debug/Exceptions.php(284): include('...')
#2 /home/khabarnews/domains/khabarnews.com/public_html/system/Debug/Exceptions.php(287): CodeIgniter\Debug\Exceptions->CodeIgniter\Debug\{closure}()
#3 /home/khabarnews/domains/khabarnews.com/public_html/system/Debug/Exceptions.php(139): CodeIgniter\Debug\Exceptions->render()
#4 [internal function]: CodeIgniter\Debug\Exceptions->exceptionHandler()
#5 {main}
  thrown
in APPPATH/Views/errors/html/error_404.php on line 2.
 1 [internal function]: CodeIgniter\Debug\Exceptions->shutdownHandler()
CRITICAL - 2023-07-24 06:51:43 --> Uncaught ErrorException: Undefined variable $activeTheme in /home/khabarnews/domains/khabarnews.com/public_html/app/Views/errors/html/error_404.php:2
Stack trace:
#0 /home/khabarnews/domains/khabarnews.com/public_html/app/Views/errors/html/error_404.php(2): CodeIgniter\Debug\Exceptions->errorHandler()
#1 /home/khabarnews/domains/khabarnews.com/public_html/system/Debug/Exceptions.php(284): include('...')
#2 /home/khabarnews/domains/khabarnews.com/public_html/system/Debug/Exceptions.php(287): CodeIgniter\Debug\Exceptions->CodeIgniter\Debug\{closure}()
#3 /home/khabarnews/domains/khabarnews.com/public_html/system/Debug/Exceptions.php(139): CodeIgniter\Debug\Exceptions->render()
#4 [internal function]: CodeIgniter\Debug\Exceptions->exceptionHandler()
#5 {main}
  thrown
in APPPATH/Views/errors/html/error_404.php on line 2.
 1 [internal function]: CodeIgniter\Debug\Exceptions->shutdownHandler()
CRITICAL - 2023-07-24 06:51:46 --> Uncaught ErrorException: Undefined variable $activeTheme in /home/khabarnews/domains/khabarnews.com/public_html/app/Views/errors/html/error_404.php:2
Stack trace:
#0 /home/khabarnews/domains/khabarnews.com/public_html/app/Views/errors/html/error_404.php(2): CodeIgniter\Debug\Exceptions->errorHandler()
#1 /home/khabarnews/domains/khabarnews.com/public_html/system/Debug/Exceptions.php(284): include('...')
#2 /home/khabarnews/domains/khabarnews.com/public_html/system/Debug/Exceptions.php(287): CodeIgniter\Debug\Exceptions->CodeIgniter\Debug\{closure}()
#3 /home/khabarnews/domains/khabarnews.com/public_html/system/Debug/Exceptions.php(139): CodeIgniter\Debug\Exceptions->render()
#4 [internal function]: CodeIgniter\Debug\Exceptions->exceptionHandler()
#5 {main}
  thrown
in APPPATH/Views/errors/html/error_404.php on line 2.
 1 [internal function]: CodeIgniter\Debug\Exceptions->shutdownHandler()
CRITICAL - 2023-07-24 06:56:06 --> Uncaught ErrorException: Undefined variable $activeTheme in /home/khabarnews/domains/khabarnews.com/public_html/app/Views/errors/html/error_404.php:2
Stack trace:
#0 /home/khabarnews/domains/khabarnews.com/public_html/app/Views/errors/html/error_404.php(2): CodeIgniter\Debug\Exceptions->errorHandler()
#1 /home/khabarnews/domains/khabarnews.com/public_html/system/Debug/Exceptions.php(284): include('...')
#2 /home/khabarnews/domains/khabarnews.com/public_html/system/Debug/Exceptions.php(287): CodeIgniter\Debug\Exceptions->CodeIgniter\Debug\{closure}()
#3 /home/khabarnews/domains/khabarnews.com/public_html/system/Debug/Exceptions.php(139): CodeIgniter\Debug\Exceptions->render()
#4 [internal function]: CodeIgniter\Debug\Exceptions->exceptionHandler()
#5 {main}
  thrown
in APPPATH/Views/errors/html/error_404.php on line 2.
 1 [internal function]: CodeIgniter\Debug\Exceptions->shutdownHandler()
CRITICAL - 2023-07-24 07:05:56 --> Uncaught ErrorException: Undefined variable $activeTheme in /home/khabarnews/domains/khabarnews.com/public_html/app/Views/errors/html/error_404.php:2
Stack trace:
#0 /home/khabarnews/domains/khabarnews.com/public_html/app/Views/errors/html/error_404.php(2): CodeIgniter\Debug\Exceptions->errorHandler()
#1 /home/khabarnews/domains/khabarnews.com/public_html/system/Debug/Exceptions.php(284): include('...')
#2 /home/khabarnews/domains/khabarnews.com/public_html/system/Debug/Exceptions.php(287): CodeIgniter\Debug\Exceptions->CodeIgniter\Debug\{closure}()
#3 /home/khabarnews/domains/khabarnews.com/public_html/system/Debug/Exceptions.php(139): CodeIgniter\Debug\Exceptions->render()
#4 [internal function]: CodeIgniter\Debug\Exceptions->exceptionHandler()
#5 {main}
  thrown
in APPPATH/Views/errors/html/error_404.php on line 2.
 1 [internal function]: CodeIgniter\Debug\Exceptions->shutdownHandler()
CRITICAL - 2023-07-24 07:08:33 --> Uncaught ErrorException: Undefined variable $activeTheme in /home/khabarnews/domains/khabarnews.com/public_html/app/Views/errors/html/error_404.php:2
Stack trace:
#0 /home/khabarnews/domains/khabarnews.com/public_html/app/Views/errors/html/error_404.php(2): CodeIgniter\Debug\Exceptions->errorHandler()
#1 /home/khabarnews/domains/khabarnews.com/public_html/system/Debug/Exceptions.php(284): include('...')
#2 /home/khabarnews/domains/khabarnews.com/public_html/system/Debug/Exceptions.php(287): CodeIgniter\Debug\Exceptions->CodeIgniter\Debug\{closure}()
#3 /home/khabarnews/domains/khabarnews.com/public_html/system/Debug/Exceptions.php(139): CodeIgniter\Debug\Exceptions->render()
#4 [internal function]: CodeIgniter\Debug\Exceptions->exceptionHandler()
#5 {main}
  thrown
in APPPATH/Views/errors/html/error_404.php on line 2.
 1 [internal function]: CodeIgniter\Debug\Exceptions->shutdownHandler()
CRITICAL - 2023-07-24 07:18:54 --> Uncaught ErrorException: Undefined variable $activeTheme in /home/khabarnews/domains/khabarnews.com/public_html/app/Views/errors/html/error_404.php:2
Stack trace:
#0 /home/khabarnews/domains/khabarnews.com/public_html/app/Views/errors/html/error_404.php(2): CodeIgniter\Debug\Exceptions->errorHandler()
#1 /home/khabarnews/domains/khabarnews.com/public_html/system/Debug/Exceptions.php(284): include('...')
#2 /home/khabarnews/domains/khabarnews.com/public_html/system/Debug/Exceptions.php(287): CodeIgniter\Debug\Exceptions->CodeIgniter\Debug\{closure}()
#3 /home/khabarnews/domains/khabarnews.com/public_html/system/Debug/Exceptions.php(139): CodeIgniter\Debug\Exceptions->render()
#4 [internal function]: CodeIgniter\Debug\Exceptions->exceptionHandler()
#5 {main}
  thrown
in APPPATH/Views/errors/html/error_404.php on line 2.
 1 [internal function]: CodeIgniter\Debug\Exceptions->shutdownHandler()
CRITICAL - 2023-07-24 07:40:32 --> Uncaught ErrorException: Undefined variable $activeTheme in /home/khabarnews/domains/khabarnews.com/public_html/app/Views/errors/html/error_404.php:2
Stack trace:
#0 /home/khabarnews/domains/khabarnews.com/public_html/app/Views/errors/html/error_404.php(2): CodeIgniter\Debug\Exceptions->errorHandler()
#1 /home/khabarnews/domains/khabarnews.com/public_html/system/Debug/Exceptions.php(284): include('...')
#2 /home/khabarnews/domains/khabarnews.com/public_html/system/Debug/Exceptions.php(287): CodeIgniter\Debug\Exceptions->CodeIgniter\Debug\{closure}()
#3 /home/khabarnews/domains/khabarnews.com/public_html/system/Debug/Exceptions.php(139): CodeIgniter\Debug\Exceptions->render()
#4 [internal function]: CodeIgniter\Debug\Exceptions->exceptionHandler()
#5 {main}
  thrown
in APPPATH/Views/errors/html/error_404.php on line 2.
 1 [internal function]: CodeIgniter\Debug\Exceptions->shutdownHandler()
CRITICAL - 2023-07-24 07:47:19 --> Attempt to read property "primary_font" on null
in APPPATH/Models/SettingsModel.php on line 600.
 1 APPPATH/Models/SettingsModel.php(600): CodeIgniter\Debug\Exceptions->errorHandler()
 2 APPPATH/Controllers/BaseController.php(83): App\Models\SettingsModel->getSelectedFonts()
 3 APPPATH/Controllers/HomeController.php(24): App\Controllers\BaseController->initController()
 4 SYSTEMPATH/CodeIgniter.php(890): App\Controllers\HomeController->initController()
 5 SYSTEMPATH/CodeIgniter.php(473): CodeIgniter\CodeIgniter->createController()
 6 SYSTEMPATH/CodeIgniter.php(351): CodeIgniter\CodeIgniter->handleRequest()
 7 FCPATH/index.php(78): CodeIgniter\CodeIgniter->run()
CRITICAL - 2023-07-24 07:49:12 --> Uncaught ErrorException: Undefined variable $activeTheme in /home/khabarnews/domains/khabarnews.com/public_html/app/Views/errors/html/error_404.php:2
Stack trace:
#0 /home/khabarnews/domains/khabarnews.com/public_html/app/Views/errors/html/error_404.php(2): CodeIgniter\Debug\Exceptions->errorHandler()
#1 /home/khabarnews/domains/khabarnews.com/public_html/system/Debug/Exceptions.php(284): include('...')
#2 /home/khabarnews/domains/khabarnews.com/public_html/system/Debug/Exceptions.php(287): CodeIgniter\Debug\Exceptions->CodeIgniter\Debug\{closure}()
#3 /home/khabarnews/domains/khabarnews.com/public_html/system/Debug/Exceptions.php(139): CodeIgniter\Debug\Exceptions->render()
#4 [internal function]: CodeIgniter\Debug\Exceptions->exceptionHandler()
#5 {main}
  thrown
in APPPATH/Views/errors/html/error_404.php on line 2.
 1 [internal function]: CodeIgniter\Debug\Exceptions->shutdownHandler()
CRITICAL - 2023-07-24 08:06:55 --> Uncaught ErrorException: Undefined variable $activeTheme in /home/khabarnews/domains/khabarnews.com/public_html/app/Views/errors/html/error_404.php:2
Stack trace:
#0 /home/khabarnews/domains/khabarnews.com/public_html/app/Views/errors/html/error_404.php(2): CodeIgniter\Debug\Exceptions->errorHandler()
#1 /home/khabarnews/domains/khabarnews.com/public_html/system/Debug/Exceptions.php(284): include('...')
#2 /home/khabarnews/domains/khabarnews.com/public_html/system/Debug/Exceptions.php(287): CodeIgniter\Debug\Exceptions->CodeIgniter\Debug\{closure}()
#3 /home/khabarnews/domains/khabarnews.com/public_html/system/Debug/Exceptions.php(139): CodeIgniter\Debug\Exceptions->render()
#4 [internal function]: CodeIgniter\Debug\Exceptions->exceptionHandler()
#5 {main}
  thrown
in APPPATH/Views/errors/html/error_404.php on line 2.
 1 [internal function]: CodeIgniter\Debug\Exceptions->shutdownHandler()
CRITICAL - 2023-07-24 08:20:20 --> Uncaught ErrorException: Undefined variable $activeTheme in /home/khabarnews/domains/khabarnews.com/public_html/app/Views/errors/html/error_404.php:2
Stack trace:
#0 /home/khabarnews/domains/khabarnews.com/public_html/app/Views/errors/html/error_404.php(2): CodeIgniter\Debug\Exceptions->errorHandler()
#1 /home/khabarnews/domains/khabarnews.com/public_html/system/Debug/Exceptions.php(284): include('...')
#2 /home/khabarnews/domains/khabarnews.com/public_html/system/Debug/Exceptions.php(287): CodeIgniter\Debug\Exceptions->CodeIgniter\Debug\{closure}()
#3 /home/khabarnews/domains/khabarnews.com/public_html/system/Debug/Exceptions.php(139): CodeIgniter\Debug\Exceptions->render()
#4 [internal function]: CodeIgniter\Debug\Exceptions->exceptionHandler()
#5 {main}
  thrown
in APPPATH/Views/errors/html/error_404.php on line 2.
 1 [internal function]: CodeIgniter\Debug\Exceptions->shutdownHandler()
CRITICAL - 2023-07-24 08:32:45 --> Uncaught ErrorException: Undefined variable $activeTheme in /home/khabarnews/domains/khabarnews.com/public_html/app/Views/errors/html/error_404.php:2
Stack trace:
#0 /home/khabarnews/domains/khabarnews.com/public_html/app/Views/errors/html/error_404.php(2): CodeIgniter\Debug\Exceptions->errorHandler()
#1 /home/khabarnews/domains/khabarnews.com/public_html/system/Debug/Exceptions.php(284): include('...')
#2 /home/khabarnews/domains/khabarnews.com/public_html/system/Debug/Exceptions.php(287): CodeIgniter\Debug\Exceptions->CodeIgniter\Debug\{closure}()
#3 /home/khabarnews/domains/khabarnews.com/public_html/system/Debug/Exceptions.php(139): CodeIgniter\Debug\Exceptions->render()
#4 [internal function]: CodeIgniter\Debug\Exceptions->exceptionHandler()
#5 {main}
  thrown
in APPPATH/Views/errors/html/error_404.php on line 2.
 1 [internal function]: CodeIgniter\Debug\Exceptions->shutdownHandler()
CRITICAL - 2023-07-24 08:37:22 --> Uncaught ErrorException: Undefined variable $activeTheme in /home/khabarnews/domains/khabarnews.com/public_html/app/Views/errors/html/error_404.php:2
Stack trace:
#0 /home/khabarnews/domains/khabarnews.com/public_html/app/Views/errors/html/error_404.php(2): CodeIgniter\Debug\Exceptions->errorHandler()
#1 /home/khabarnews/domains/khabarnews.com/public_html/system/Debug/Exceptions.php(284): include('...')
#2 /home/khabarnews/domains/khabarnews.com/public_html/system/Debug/Exceptions.php(287): CodeIgniter\Debug\Exceptions->CodeIgniter\Debug\{closure}()
#3 /home/khabarnews/domains/khabarnews.com/public_html/system/Debug/Exceptions.php(139): CodeIgniter\Debug\Exceptions->render()
#4 [internal function]: CodeIgniter\Debug\Exceptions->exceptionHandler()
#5 {main}
  thrown
in APPPATH/Views/errors/html/error_404.php on line 2.
 1 [internal function]: CodeIgniter\Debug\Exceptions->shutdownHandler()
CRITICAL - 2023-07-24 08:49:17 --> Uncaught ErrorException: Undefined variable $activeTheme in /home/khabarnews/domains/khabarnews.com/public_html/app/Views/errors/html/error_404.php:2
Stack trace:
#0 /home/khabarnews/domains/khabarnews.com/public_html/app/Views/errors/html/error_404.php(2): CodeIgniter\Debug\Exceptions->errorHandler()
#1 /home/khabarnews/domains/khabarnews.com/public_html/system/Debug/Exceptions.php(284): include('...')
#2 /home/khabarnews/domains/khabarnews.com/public_html/system/Debug/Exceptions.php(287): CodeIgniter\Debug\Exceptions->CodeIgniter\Debug\{closure}()
#3 /home/khabarnews/domains/khabarnews.com/public_html/system/Debug/Exceptions.php(139): CodeIgniter\Debug\Exceptions->render()
#4 [internal function]: CodeIgniter\Debug\Exceptions->exceptionHandler()
#5 {main}
  thrown
in APPPATH/Views/errors/html/error_404.php on line 2.
 1 [internal function]: CodeIgniter\Debug\Exceptions->shutdownHandler()
CRITICAL - 2023-07-24 09:20:26 --> Uncaught ErrorException: Undefined variable $activeTheme in /home/khabarnews/domains/khabarnews.com/public_html/app/Views/errors/html/error_404.php:2
Stack trace:
#0 /home/khabarnews/domains/khabarnews.com/public_html/app/Views/errors/html/error_404.php(2): CodeIgniter\Debug\Exceptions->errorHandler()
#1 /home/khabarnews/domains/khabarnews.com/public_html/system/Debug/Exceptions.php(284): include('...')
#2 /home/khabarnews/domains/khabarnews.com/public_html/system/Debug/Exceptions.php(287): CodeIgniter\Debug\Exceptions->CodeIgniter\Debug\{closure}()
#3 /home/khabarnews/domains/khabarnews.com/public_html/system/Debug/Exceptions.php(139): CodeIgniter\Debug\Exceptions->render()
#4 [internal function]: CodeIgniter\Debug\Exceptions->exceptionHandler()
#5 {main}
  thrown
in APPPATH/Views/errors/html/error_404.php on line 2.
 1 [internal function]: CodeIgniter\Debug\Exceptions->shutdownHandler()
CRITICAL - 2023-07-24 09:53:57 --> Uncaught ErrorException: Undefined variable $activeTheme in /home/khabarnews/domains/khabarnews.com/public_html/app/Views/errors/html/error_404.php:2
Stack trace:
#0 /home/khabarnews/domains/khabarnews.com/public_html/app/Views/errors/html/error_404.php(2): CodeIgniter\Debug\Exceptions->errorHandler()
#1 /home/khabarnews/domains/khabarnews.com/public_html/system/Debug/Exceptions.php(284): include('...')
#2 /home/khabarnews/domains/khabarnews.com/public_html/system/Debug/Exceptions.php(287): CodeIgniter\Debug\Exceptions->CodeIgniter\Debug\{closure}()
#3 /home/khabarnews/domains/khabarnews.com/public_html/system/Debug/Exceptions.php(139): CodeIgniter\Debug\Exceptions->render()
#4 [internal function]: CodeIgniter\Debug\Exceptions->exceptionHandler()
#5 {main}
  thrown
in APPPATH/Views/errors/html/error_404.php on line 2.
 1 [internal function]: CodeIgniter\Debug\Exceptions->shutdownHandler()
CRITICAL - 2023-07-24 10:10:02 --> Attempt to read property "primary_font" on null
in APPPATH/Models/SettingsModel.php on line 600.
 1 APPPATH/Models/SettingsModel.php(600): CodeIgniter\Debug\Exceptions->errorHandler()
 2 APPPATH/Controllers/BaseController.php(83): App\Models\SettingsModel->getSelectedFonts()
 3 APPPATH/Controllers/HomeController.php(24): App\Controllers\BaseController->initController()
 4 SYSTEMPATH/CodeIgniter.php(890): App\Controllers\HomeController->initController()
 5 SYSTEMPATH/CodeIgniter.php(473): CodeIgniter\CodeIgniter->createController()
 6 SYSTEMPATH/CodeIgniter.php(351): CodeIgniter\CodeIgniter->handleRequest()
 7 FCPATH/index.php(78): CodeIgniter\CodeIgniter->run()
CRITICAL - 2023-07-24 10:25:27 --> Uncaught ErrorException: Undefined variable $activeTheme in /home/khabarnews/domains/khabarnews.com/public_html/app/Views/errors/html/error_404.php:2
Stack trace:
#0 /home/khabarnews/domains/khabarnews.com/public_html/app/Views/errors/html/error_404.php(2): CodeIgniter\Debug\Exceptions->errorHandler()
#1 /home/khabarnews/domains/khabarnews.com/public_html/system/Debug/Exceptions.php(284): include('...')
#2 /home/khabarnews/domains/khabarnews.com/public_html/system/Debug/Exceptions.php(287): CodeIgniter\Debug\Exceptions->CodeIgniter\Debug\{closure}()
#3 /home/khabarnews/domains/khabarnews.com/public_html/system/Debug/Exceptions.php(139): CodeIgniter\Debug\Exceptions->render()
#4 [internal function]: CodeIgniter\Debug\Exceptions->exceptionHandler()
#5 {main}
  thrown
in APPPATH/Views/errors/html/error_404.php on line 2.
 1 [internal function]: CodeIgniter\Debug\Exceptions->shutdownHandler()
CRITICAL - 2023-07-24 10:55:40 --> Uncaught ErrorException: Undefined variable $activeTheme in /home/khabarnews/domains/khabarnews.com/public_html/app/Views/errors/html/error_404.php:2
Stack trace:
#0 /home/khabarnews/domains/khabarnews.com/public_html/app/Views/errors/html/error_404.php(2): CodeIgniter\Debug\Exceptions->errorHandler()
#1 /home/khabarnews/domains/khabarnews.com/public_html/system/Debug/Exceptions.php(284): include('...')
#2 /home/khabarnews/domains/khabarnews.com/public_html/system/Debug/Exceptions.php(287): CodeIgniter\Debug\Exceptions->CodeIgniter\Debug\{closure}()
#3 /home/khabarnews/domains/khabarnews.com/public_html/system/Debug/Exceptions.php(139): CodeIgniter\Debug\Exceptions->render()
#4 [internal function]: CodeIgniter\Debug\Exceptions->exceptionHandler()
#5 {main}
  thrown
in APPPATH/Views/errors/html/error_404.php on line 2.
 1 [internal function]: CodeIgniter\Debug\Exceptions->shutdownHandler()
CRITICAL - 2023-07-24 11:27:44 --> Uncaught ErrorException: Undefined variable $activeTheme in /home/khabarnews/domains/khabarnews.com/public_html/app/Views/errors/html/error_404.php:2
Stack trace:
#0 /home/khabarnews/domains/khabarnews.com/public_html/app/Views/errors/html/error_404.php(2): CodeIgniter\Debug\Exceptions->errorHandler()
#1 /home/khabarnews/domains/khabarnews.com/public_html/system/Debug/Exceptions.php(284): include('...')
#2 /home/khabarnews/domains/khabarnews.com/public_html/system/Debug/Exceptions.php(287): CodeIgniter\Debug\Exceptions->CodeIgniter\Debug\{closure}()
#3 /home/khabarnews/domains/khabarnews.com/public_html/system/Debug/Exceptions.php(139): CodeIgniter\Debug\Exceptions->render()
#4 [internal function]: CodeIgniter\Debug\Exceptions->exceptionHandler()
#5 {main}
  thrown
in APPPATH/Views/errors/html/error_404.php on line 2.
 1 [internal function]: CodeIgniter\Debug\Exceptions->shutdownHandler()
CRITICAL - 2023-07-24 11:57:04 --> Uncaught ErrorException: Undefined variable $activeTheme in /home/khabarnews/domains/khabarnews.com/public_html/app/Views/errors/html/error_404.php:2
Stack trace:
#0 /home/khabarnews/domains/khabarnews.com/public_html/app/Views/errors/html/error_404.php(2): CodeIgniter\Debug\Exceptions->errorHandler()
#1 /home/khabarnews/domains/khabarnews.com/public_html/system/Debug/Exceptions.php(284): include('...')
#2 /home/khabarnews/domains/khabarnews.com/public_html/system/Debug/Exceptions.php(287): CodeIgniter\Debug\Exceptions->CodeIgniter\Debug\{closure}()
#3 /home/khabarnews/domains/khabarnews.com/public_html/system/Debug/Exceptions.php(139): CodeIgniter\Debug\Exceptions->render()
#4 [internal function]: CodeIgniter\Debug\Exceptions->exceptionHandler()
#5 {main}
  thrown
in APPPATH/Views/errors/html/error_404.php on line 2.
 1 [internal function]: CodeIgniter\Debug\Exceptions->shutdownHandler()
CRITICAL - 2023-07-24 11:57:19 --> Uncaught ErrorException: Undefined variable $activeTheme in /home/khabarnews/domains/khabarnews.com/public_html/app/Views/errors/html/error_404.php:2
Stack trace:
#0 /home/khabarnews/domains/khabarnews.com/public_html/app/Views/errors/html/error_404.php(2): CodeIgniter\Debug\Exceptions->errorHandler()
#1 /home/khabarnews/domains/khabarnews.com/public_html/system/Debug/Exceptions.php(284): include('...')
#2 /home/khabarnews/domains/khabarnews.com/public_html/system/Debug/Exceptions.php(287): CodeIgniter\Debug\Exceptions->CodeIgniter\Debug\{closure}()
#3 /home/khabarnews/domains/khabarnews.com/public_html/system/Debug/Exceptions.php(139): CodeIgniter\Debug\Exceptions->render()
#4 [internal function]: CodeIgniter\Debug\Exceptions->exceptionHandler()
#5 {main}
  thrown
in APPPATH/Views/errors/html/error_404.php on line 2.
 1 [internal function]: CodeIgniter\Debug\Exceptions->shutdownHandler()
CRITICAL - 2023-07-24 11:57:35 --> Uncaught ErrorException: Undefined variable $activeTheme in /home/khabarnews/domains/khabarnews.com/public_html/app/Views/errors/html/error_404.php:2
Stack trace:
#0 /home/khabarnews/domains/khabarnews.com/public_html/app/Views/errors/html/error_404.php(2): CodeIgniter\Debug\Exceptions->errorHandler()
#1 /home/khabarnews/domains/khabarnews.com/public_html/system/Debug/Exceptions.php(284): include('...')
#2 /home/khabarnews/domains/khabarnews.com/public_html/system/Debug/Exceptions.php(287): CodeIgniter\Debug\Exceptions->CodeIgniter\Debug\{closure}()
#3 /home/khabarnews/domains/khabarnews.com/public_html/system/Debug/Exceptions.php(139): CodeIgniter\Debug\Exceptions->render()
#4 [internal function]: CodeIgniter\Debug\Exceptions->exceptionHandler()
#5 {main}
  thrown
in APPPATH/Views/errors/html/error_404.php on line 2.
 1 [internal function]: CodeIgniter\Debug\Exceptions->shutdownHandler()
CRITICAL - 2023-07-24 11:57:50 --> Uncaught ErrorException: Undefined variable $activeTheme in /home/khabarnews/domains/khabarnews.com/public_html/app/Views/errors/html/error_404.php:2
Stack trace:
#0 /home/khabarnews/domains/khabarnews.com/public_html/app/Views/errors/html/error_404.php(2): CodeIgniter\Debug\Exceptions->errorHandler()
#1 /home/khabarnews/domains/khabarnews.com/public_html/system/Debug/Exceptions.php(284): include('...')
#2 /home/khabarnews/domains/khabarnews.com/public_html/system/Debug/Exceptions.php(287): CodeIgniter\Debug\Exceptions->CodeIgniter\Debug\{closure}()
#3 /home/khabarnews/domains/khabarnews.com/public_html/system/Debug/Exceptions.php(139): CodeIgniter\Debug\Exceptions->render()
#4 [internal function]: CodeIgniter\Debug\Exceptions->exceptionHandler()
#5 {main}
  thrown
in APPPATH/Views/errors/html/error_404.php on line 2.
 1 [internal function]: CodeIgniter\Debug\Exceptions->shutdownHandler()
CRITICAL - 2023-07-24 11:58:11 --> Uncaught ErrorException: Undefined variable $activeTheme in /home/khabarnews/domains/khabarnews.com/public_html/app/Views/errors/html/error_404.php:2
Stack trace:
#0 /home/khabarnews/domains/khabarnews.com/public_html/app/Views/errors/html/error_404.php(2): CodeIgniter\Debug\Exceptions->errorHandler()
#1 /home/khabarnews/domains/khabarnews.com/public_html/system/Debug/Exceptions.php(284): include('...')
#2 /home/khabarnews/domains/khabarnews.com/public_html/system/Debug/Exceptions.php(287): CodeIgniter\Debug\Exceptions->CodeIgniter\Debug\{closure}()
#3 /home/khabarnews/domains/khabarnews.com/public_html/system/Debug/Exceptions.php(139): CodeIgniter\Debug\Exceptions->render()
#4 [internal function]: CodeIgniter\Debug\Exceptions->exceptionHandler()
#5 {main}
  thrown
in APPPATH/Views/errors/html/error_404.php on line 2.
 1 [internal function]: CodeIgniter\Debug\Exceptions->shutdownHandler()
CRITICAL - 2023-07-24 11:58:20 --> Uncaught ErrorException: Undefined variable $activeTheme in /home/khabarnews/domains/khabarnews.com/public_html/app/Views/errors/html/error_404.php:2
Stack trace:
#0 /home/khabarnews/domains/khabarnews.com/public_html/app/Views/errors/html/error_404.php(2): CodeIgniter\Debug\Exceptions->errorHandler()
#1 /home/khabarnews/domains/khabarnews.com/public_html/system/Debug/Exceptions.php(284): include('...')
#2 /home/khabarnews/domains/khabarnews.com/public_html/system/Debug/Exceptions.php(287): CodeIgniter\Debug\Exceptions->CodeIgniter\Debug\{closure}()
#3 /home/khabarnews/domains/khabarnews.com/public_html/system/Debug/Exceptions.php(139): CodeIgniter\Debug\Exceptions->render()
#4 [internal function]: CodeIgniter\Debug\Exceptions->exceptionHandler()
#5 {main}
  thrown
in APPPATH/Views/errors/html/error_404.php on line 2.
 1 [internal function]: CodeIgniter\Debug\Exceptions->shutdownHandler()
CRITICAL - 2023-07-24 12:22:49 --> Uncaught ErrorException: Undefined variable $activeTheme in /home/khabarnews/domains/khabarnews.com/public_html/app/Views/errors/html/error_404.php:2
Stack trace:
#0 /home/khabarnews/domains/khabarnews.com/public_html/app/Views/errors/html/error_404.php(2): CodeIgniter\Debug\Exceptions->errorHandler()
#1 /home/khabarnews/domains/khabarnews.com/public_html/system/Debug/Exceptions.php(284): include('...')
#2 /home/khabarnews/domains/khabarnews.com/public_html/system/Debug/Exceptions.php(287): CodeIgniter\Debug\Exceptions->CodeIgniter\Debug\{closure}()
#3 /home/khabarnews/domains/khabarnews.com/public_html/system/Debug/Exceptions.php(139): CodeIgniter\Debug\Exceptions->render()
#4 [internal function]: CodeIgniter\Debug\Exceptions->exceptionHandler()
#5 {main}
  thrown
in APPPATH/Views/errors/html/error_404.php on line 2.
 1 [internal function]: CodeIgniter\Debug\Exceptions->shutdownHandler()
CRITICAL - 2023-07-24 12:36:43 --> Attempt to read property "primary_font" on null
in APPPATH/Models/SettingsModel.php on line 600.
 1 APPPATH/Models/SettingsModel.php(600): CodeIgniter\Debug\Exceptions->errorHandler()
 2 APPPATH/Controllers/BaseController.php(83): App\Models\SettingsModel->getSelectedFonts()
 3 APPPATH/Controllers/HomeController.php(24): App\Controllers\BaseController->initController()
 4 SYSTEMPATH/CodeIgniter.php(890): App\Controllers\HomeController->initController()
 5 SYSTEMPATH/CodeIgniter.php(473): CodeIgniter\CodeIgniter->createController()
 6 SYSTEMPATH/CodeIgniter.php(351): CodeIgniter\CodeIgniter->handleRequest()
 7 FCPATH/index.php(78): CodeIgniter\CodeIgniter->run()
CRITICAL - 2023-07-24 12:38:01 --> Attempt to read property "primary_font" on null
in APPPATH/Models/SettingsModel.php on line 600.
 1 APPPATH/Models/SettingsModel.php(600): CodeIgniter\Debug\Exceptions->errorHandler()
 2 APPPATH/Controllers/BaseController.php(83): App\Models\SettingsModel->getSelectedFonts()
 3 APPPATH/Controllers/HomeController.php(24): App\Controllers\BaseController->initController()
 4 SYSTEMPATH/CodeIgniter.php(890): App\Controllers\HomeController->initController()
 5 SYSTEMPATH/CodeIgniter.php(473): CodeIgniter\CodeIgniter->createController()
 6 SYSTEMPATH/CodeIgniter.php(351): CodeIgniter\CodeIgniter->handleRequest()
 7 FCPATH/index.php(78): CodeIgniter\CodeIgniter->run()
CRITICAL - 2023-07-24 12:43:55 --> Attempt to read property "primary_font" on null
in APPPATH/Models/SettingsModel.php on line 600.
 1 APPPATH/Models/SettingsModel.php(600): CodeIgniter\Debug\Exceptions->errorHandler()
 2 APPPATH/Controllers/BaseController.php(83): App\Models\SettingsModel->getSelectedFonts()
 3 APPPATH/Controllers/HomeController.php(24): App\Controllers\BaseController->initController()
 4 SYSTEMPATH/CodeIgniter.php(890): App\Controllers\HomeController->initController()
 5 SYSTEMPATH/CodeIgniter.php(473): CodeIgniter\CodeIgniter->createController()
 6 SYSTEMPATH/CodeIgniter.php(351): CodeIgniter\CodeIgniter->handleRequest()
 7 FCPATH/index.php(78): CodeIgniter\CodeIgniter->run()
CRITICAL - 2023-07-24 14:56:43 --> Uncaught ErrorException: Undefined variable $activeTheme in /home/khabarnews/domains/khabarnews.com/public_html/app/Views/errors/html/error_404.php:2
Stack trace:
#0 /home/khabarnews/domains/khabarnews.com/public_html/app/Views/errors/html/error_404.php(2): CodeIgniter\Debug\Exceptions->errorHandler()
#1 /home/khabarnews/domains/khabarnews.com/public_html/system/Debug/Exceptions.php(284): include('...')
#2 /home/khabarnews/domains/khabarnews.com/public_html/system/Debug/Exceptions.php(287): CodeIgniter\Debug\Exceptions->CodeIgniter\Debug\{closure}()
#3 /home/khabarnews/domains/khabarnews.com/public_html/system/Debug/Exceptions.php(139): CodeIgniter\Debug\Exceptions->render()
#4 [internal function]: CodeIgniter\Debug\Exceptions->exceptionHandler()
#5 {main}
  thrown
in APPPATH/Views/errors/html/error_404.php on line 2.
 1 [internal function]: CodeIgniter\Debug\Exceptions->shutdownHandler()
CRITICAL - 2023-07-24 15:40:02 --> Uncaught ErrorException: Undefined variable $activeTheme in /home/khabarnews/domains/khabarnews.com/public_html/app/Views/errors/html/error_404.php:2
Stack trace:
#0 /home/khabarnews/domains/khabarnews.com/public_html/app/Views/errors/html/error_404.php(2): CodeIgniter\Debug\Exceptions->errorHandler()
#1 /home/khabarnews/domains/khabarnews.com/public_html/system/Debug/Exceptions.php(284): include('...')
#2 /home/khabarnews/domains/khabarnews.com/public_html/system/Debug/Exceptions.php(287): CodeIgniter\Debug\Exceptions->CodeIgniter\Debug\{closure}()
#3 /home/khabarnews/domains/khabarnews.com/public_html/system/Debug/Exceptions.php(139): CodeIgniter\Debug\Exceptions->render()
#4 [internal function]: CodeIgniter\Debug\Exceptions->exceptionHandler()
#5 {main}
  thrown
in APPPATH/Views/errors/html/error_404.php on line 2.
 1 [internal function]: CodeIgniter\Debug\Exceptions->shutdownHandler()
CRITICAL - 2023-07-24 15:56:08 --> Attempt to read property "primary_font" on null
in APPPATH/Models/SettingsModel.php on line 600.
 1 APPPATH/Models/SettingsModel.php(600): CodeIgniter\Debug\Exceptions->errorHandler()
 2 APPPATH/Controllers/BaseController.php(83): App\Models\SettingsModel->getSelectedFonts()
 3 APPPATH/Controllers/HomeController.php(24): App\Controllers\BaseController->initController()
 4 SYSTEMPATH/CodeIgniter.php(890): App\Controllers\HomeController->initController()
 5 SYSTEMPATH/CodeIgniter.php(473): CodeIgniter\CodeIgniter->createController()
 6 SYSTEMPATH/CodeIgniter.php(351): CodeIgniter\CodeIgniter->handleRequest()
 7 FCPATH/index.php(78): CodeIgniter\CodeIgniter->run()
CRITICAL - 2023-07-24 16:05:24 --> Uncaught ErrorException: Undefined variable $activeTheme in /home/khabarnews/domains/khabarnews.com/public_html/app/Views/errors/html/error_404.php:2
Stack trace:
#0 /home/khabarnews/domains/khabarnews.com/public_html/app/Views/errors/html/error_404.php(2): CodeIgniter\Debug\Exceptions->errorHandler()
#1 /home/khabarnews/domains/khabarnews.com/public_html/system/Debug/Exceptions.php(284): include('...')
#2 /home/khabarnews/domains/khabarnews.com/public_html/system/Debug/Exceptions.php(287): CodeIgniter\Debug\Exceptions->CodeIgniter\Debug\{closure}()
#3 /home/khabarnews/domains/khabarnews.com/public_html/system/Debug/Exceptions.php(139): CodeIgniter\Debug\Exceptions->render()
#4 [internal function]: CodeIgniter\Debug\Exceptions->exceptionHandler()
#5 {main}
  thrown
in APPPATH/Views/errors/html/error_404.php on line 2.
 1 [internal function]: CodeIgniter\Debug\Exceptions->shutdownHandler()
CRITICAL - 2023-07-24 16:36:29 --> Uncaught ErrorException: Undefined variable $activeTheme in /home/khabarnews/domains/khabarnews.com/public_html/app/Views/errors/html/error_404.php:2
Stack trace:
#0 /home/khabarnews/domains/khabarnews.com/public_html/app/Views/errors/html/error_404.php(2): CodeIgniter\Debug\Exceptions->errorHandler()
#1 /home/khabarnews/domains/khabarnews.com/public_html/system/Debug/Exceptions.php(284): include('...')
#2 /home/khabarnews/domains/khabarnews.com/public_html/system/Debug/Exceptions.php(287): CodeIgniter\Debug\Exceptions->CodeIgniter\Debug\{closure}()
#3 /home/khabarnews/domains/khabarnews.com/public_html/system/Debug/Exceptions.php(139): CodeIgniter\Debug\Exceptions->render()
#4 [internal function]: CodeIgniter\Debug\Exceptions->exceptionHandler()
#5 {main}
  thrown
in APPPATH/Views/errors/html/error_404.php on line 2.
 1 [internal function]: CodeIgniter\Debug\Exceptions->shutdownHandler()
CRITICAL - 2023-07-24 17:04:32 --> Uncaught ErrorException: Undefined variable $activeTheme in /home/khabarnews/domains/khabarnews.com/public_html/app/Views/errors/html/error_404.php:2
Stack trace:
#0 /home/khabarnews/domains/khabarnews.com/public_html/app/Views/errors/html/error_404.php(2): CodeIgniter\Debug\Exceptions->errorHandler()
#1 /home/khabarnews/domains/khabarnews.com/public_html/system/Debug/Exceptions.php(284): include('...')
#2 /home/khabarnews/domains/khabarnews.com/public_html/system/Debug/Exceptions.php(287): CodeIgniter\Debug\Exceptions->CodeIgniter\Debug\{closure}()
#3 /home/khabarnews/domains/khabarnews.com/public_html/system/Debug/Exceptions.php(139): CodeIgniter\Debug\Exceptions->render()
#4 [internal function]: CodeIgniter\Debug\Exceptions->exceptionHandler()
#5 {main}
  thrown
in APPPATH/Views/errors/html/error_404.php on line 2.
 1 [internal function]: CodeIgniter\Debug\Exceptions->shutdownHandler()
CRITICAL - 2023-07-24 17:21:11 --> Attempt to read property "primary_font" on null
in APPPATH/Models/SettingsModel.php on line 600.
 1 APPPATH/Models/SettingsModel.php(600): CodeIgniter\Debug\Exceptions->errorHandler()
 2 APPPATH/Controllers/BaseController.php(83): App\Models\SettingsModel->getSelectedFonts()
 3 APPPATH/Controllers/AuthController.php(14): App\Controllers\BaseController->initController()
 4 SYSTEMPATH/CodeIgniter.php(890): App\Controllers\AuthController->initController()
 5 SYSTEMPATH/CodeIgniter.php(473): CodeIgniter\CodeIgniter->createController()
 6 SYSTEMPATH/CodeIgniter.php(351): CodeIgniter\CodeIgniter->handleRequest()
 7 FCPATH/index.php(78): CodeIgniter\CodeIgniter->run()
CRITICAL - 2023-07-24 17:34:47 --> Uncaught ErrorException: Undefined variable $activeTheme in /home/khabarnews/domains/khabarnews.com/public_html/app/Views/errors/html/error_404.php:2
Stack trace:
#0 /home/khabarnews/domains/khabarnews.com/public_html/app/Views/errors/html/error_404.php(2): CodeIgniter\Debug\Exceptions->errorHandler()
#1 /home/khabarnews/domains/khabarnews.com/public_html/system/Debug/Exceptions.php(284): include('...')
#2 /home/khabarnews/domains/khabarnews.com/public_html/system/Debug/Exceptions.php(287): CodeIgniter\Debug\Exceptions->CodeIgniter\Debug\{closure}()
#3 /home/khabarnews/domains/khabarnews.com/public_html/system/Debug/Exceptions.php(139): CodeIgniter\Debug\Exceptions->render()
#4 [internal function]: CodeIgniter\Debug\Exceptions->exceptionHandler()
#5 {main}
  thrown
in APPPATH/Views/errors/html/error_404.php on line 2.
 1 [internal function]: CodeIgniter\Debug\Exceptions->shutdownHandler()
CRITICAL - 2023-07-24 17:42:25 --> Attempt to read property "primary_font" on null
in APPPATH/Models/SettingsModel.php on line 600.
 1 APPPATH/Models/SettingsModel.php(600): CodeIgniter\Debug\Exceptions->errorHandler()
 2 APPPATH/Controllers/BaseController.php(83): App\Models\SettingsModel->getSelectedFonts()
 3 APPPATH/Controllers/HomeController.php(24): App\Controllers\BaseController->initController()
 4 SYSTEMPATH/CodeIgniter.php(890): App\Controllers\HomeController->initController()
 5 SYSTEMPATH/CodeIgniter.php(473): CodeIgniter\CodeIgniter->createController()
 6 SYSTEMPATH/CodeIgniter.php(351): CodeIgniter\CodeIgniter->handleRequest()
 7 FCPATH/index.php(78): CodeIgniter\CodeIgniter->run()
CRITICAL - 2023-07-24 18:04:25 --> Uncaught ErrorException: Undefined variable $activeTheme in /home/khabarnews/domains/khabarnews.com/public_html/app/Views/errors/html/error_404.php:2
Stack trace:
#0 /home/khabarnews/domains/khabarnews.com/public_html/app/Views/errors/html/error_404.php(2): CodeIgniter\Debug\Exceptions->errorHandler()
#1 /home/khabarnews/domains/khabarnews.com/public_html/system/Debug/Exceptions.php(284): include('...')
#2 /home/khabarnews/domains/khabarnews.com/public_html/system/Debug/Exceptions.php(287): CodeIgniter\Debug\Exceptions->CodeIgniter\Debug\{closure}()
#3 /home/khabarnews/domains/khabarnews.com/public_html/system/Debug/Exceptions.php(139): CodeIgniter\Debug\Exceptions->render()
#4 [internal function]: CodeIgniter\Debug\Exceptions->exceptionHandler()
#5 {main}
  thrown
in APPPATH/Views/errors/html/error_404.php on line 2.
 1 [internal function]: CodeIgniter\Debug\Exceptions->shutdownHandler()
CRITICAL - 2023-07-24 18:33:38 --> Uncaught ErrorException: Undefined variable $activeTheme in /home/khabarnews/domains/khabarnews.com/public_html/app/Views/errors/html/error_404.php:2
Stack trace:
#0 /home/khabarnews/domains/khabarnews.com/public_html/app/Views/errors/html/error_404.php(2): CodeIgniter\Debug\Exceptions->errorHandler()
#1 /home/khabarnews/domains/khabarnews.com/public_html/system/Debug/Exceptions.php(284): include('...')
#2 /home/khabarnews/domains/khabarnews.com/public_html/system/Debug/Exceptions.php(287): CodeIgniter\Debug\Exceptions->CodeIgniter\Debug\{closure}()
#3 /home/khabarnews/domains/khabarnews.com/public_html/system/Debug/Exceptions.php(139): CodeIgniter\Debug\Exceptions->render()
#4 [internal function]: CodeIgniter\Debug\Exceptions->exceptionHandler()
#5 {main}
  thrown
in APPPATH/Views/errors/html/error_404.php on line 2.
 1 [internal function]: CodeIgniter\Debug\Exceptions->shutdownHandler()
CRITICAL - 2023-07-24 18:47:13 --> Attempt to read property "primary_font" on null
in APPPATH/Models/SettingsModel.php on line 600.
 1 APPPATH/Models/SettingsModel.php(600): CodeIgniter\Debug\Exceptions->errorHandler()
 2 APPPATH/Controllers/BaseController.php(83): App\Models\SettingsModel->getSelectedFonts()
 3 APPPATH/Controllers/HomeController.php(24): App\Controllers\BaseController->initController()
 4 SYSTEMPATH/CodeIgniter.php(890): App\Controllers\HomeController->initController()
 5 SYSTEMPATH/CodeIgniter.php(473): CodeIgniter\CodeIgniter->createController()
 6 SYSTEMPATH/CodeIgniter.php(351): CodeIgniter\CodeIgniter->handleRequest()
 7 FCPATH/index.php(78): CodeIgniter\CodeIgniter->run()
CRITICAL - 2023-07-24 19:03:16 --> Uncaught ErrorException: Undefined variable $activeTheme in /home/khabarnews/domains/khabarnews.com/public_html/app/Views/errors/html/error_404.php:2
Stack trace:
#0 /home/khabarnews/domains/khabarnews.com/public_html/app/Views/errors/html/error_404.php(2): CodeIgniter\Debug\Exceptions->errorHandler()
#1 /home/khabarnews/domains/khabarnews.com/public_html/system/Debug/Exceptions.php(284): include('...')
#2 /home/khabarnews/domains/khabarnews.com/public_html/system/Debug/Exceptions.php(287): CodeIgniter\Debug\Exceptions->CodeIgniter\Debug\{closure}()
#3 /home/khabarnews/domains/khabarnews.com/public_html/system/Debug/Exceptions.php(139): CodeIgniter\Debug\Exceptions->render()
#4 [internal function]: CodeIgniter\Debug\Exceptions->exceptionHandler()
#5 {main}
  thrown
in APPPATH/Views/errors/html/error_404.php on line 2.
 1 [internal function]: CodeIgniter\Debug\Exceptions->shutdownHandler()
CRITICAL - 2023-07-24 19:06:35 --> Attempt to read property "primary_font" on null
in APPPATH/Models/SettingsModel.php on line 600.
 1 APPPATH/Models/SettingsModel.php(600): CodeIgniter\Debug\Exceptions->errorHandler()
 2 APPPATH/Controllers/BaseController.php(83): App\Models\SettingsModel->getSelectedFonts()
 3 APPPATH/Controllers/HomeController.php(24): App\Controllers\BaseController->initController()
 4 SYSTEMPATH/CodeIgniter.php(890): App\Controllers\HomeController->initController()
 5 SYSTEMPATH/CodeIgniter.php(473): CodeIgniter\CodeIgniter->createController()
 6 SYSTEMPATH/CodeIgniter.php(351): CodeIgniter\CodeIgniter->handleRequest()
 7 FCPATH/index.php(78): CodeIgniter\CodeIgniter->run()
