ERROR - 2023-02-27 16:37:01 --> mysqli_sql_exception: Table 'khabarnews_news.themes' doesn't exist in /var/www/khabarnews.ir/system/Database/MySQLi/Connection.php:292
Stack trace:
#0 /var/www/khabarnews.ir/system/Database/MySQLi/Connection.php(292): mysqli->query()
#1 /var/www/khabarnews.ir/system/Database/BaseConnection.php(666): CodeIgniter\Database\MySQLi\Connection->execute()
#2 /var/www/khabarnews.ir/system/Database/BaseConnection.php(593): CodeIgniter\Database\BaseConnection->simpleQuery()
#3 /var/www/khabarnews.ir/system/Database/BaseBuilder.php(1585): CodeIgniter\Database\BaseConnection->query()
#4 /var/www/khabarnews.ir/app/Config/Globals.php(30): CodeIgniter\Database\BaseBuilder->get()
#5 /var/www/khabarnews.ir/app/Config/Globals.php(111): Config\Globals::setGlobals()
#6 /var/www/khabarnews.ir/system/Autoloader/Autoloader.php(282): include_once('...')
#7 /var/www/khabarnews.ir/system/Autoloader/Autoloader.php(259): CodeIgniter\Autoloader\Autoloader->includeFile()
#8 /var/www/khabarnews.ir/system/Autoloader/Autoloader.php(237): CodeIgniter\Autoloader\Autoloader->loadInNamespace()
#9 /var/www/khabarnews.ir/app/Config/Routes.php(7): CodeIgniter\Autoloader\Autoloader->loadClass()
#10 /var/www/khabarnews.ir/system/CodeIgniter.php(789): require('...')
#11 /var/www/khabarnews.ir/system/CodeIgniter.php(430): CodeIgniter\CodeIgniter->tryToRouteIt()
#12 /var/www/khabarnews.ir/system/CodeIgniter.php(351): CodeIgniter\CodeIgniter->handleRequest()
#13 /var/www/khabarnews.ir/index.php(78): CodeIgniter\CodeIgniter->run()
#14 {main}
CRITICAL - 2023-02-27 16:37:01 --> Table 'khabarnews_news.themes' doesn't exist
in SYSTEMPATH/Database/MySQLi/Connection.php on line 292.
 1 SYSTEMPATH/Database/MySQLi/Connection.php(292): mysqli->query()
 2 SYSTEMPATH/Database/BaseConnection.php(666): CodeIgniter\Database\MySQLi\Connection->execute()
 3 SYSTEMPATH/Database/BaseConnection.php(593): CodeIgniter\Database\BaseConnection->simpleQuery()
 4 SYSTEMPATH/Database/BaseBuilder.php(1585): CodeIgniter\Database\BaseConnection->query()
 5 APPPATH/Config/Globals.php(30): CodeIgniter\Database\BaseBuilder->get()
 6 APPPATH/Config/Globals.php(111): Config\Globals::setGlobals()
 7 SYSTEMPATH/Autoloader/Autoloader.php(282): include_once('APPPATH/Config/Globals.php')
 8 SYSTEMPATH/Autoloader/Autoloader.php(259): CodeIgniter\Autoloader\Autoloader->includeFile()
 9 SYSTEMPATH/Autoloader/Autoloader.php(237): CodeIgniter\Autoloader\Autoloader->loadInNamespace()
10 APPPATH/Config/Routes.php(7): CodeIgniter\Autoloader\Autoloader->loadClass()
11 SYSTEMPATH/CodeIgniter.php(789): require('APPPATH/Config/Routes.php')
12 SYSTEMPATH/CodeIgniter.php(430): CodeIgniter\CodeIgniter->tryToRouteIt()
13 SYSTEMPATH/CodeIgniter.php(351): CodeIgniter\CodeIgniter->handleRequest()
14 FCPATH/index.php(78): CodeIgniter\CodeIgniter->run()
ERROR - 2023-02-27 16:37:41 --> mysqli_sql_exception: Table 'khabarnews_news.themes' doesn't exist in /var/www/khabarnews.ir/system/Database/MySQLi/Connection.php:292
Stack trace:
#0 /var/www/khabarnews.ir/system/Database/MySQLi/Connection.php(292): mysqli->query()
#1 /var/www/khabarnews.ir/system/Database/BaseConnection.php(666): CodeIgniter\Database\MySQLi\Connection->execute()
#2 /var/www/khabarnews.ir/system/Database/BaseConnection.php(593): CodeIgniter\Database\BaseConnection->simpleQuery()
#3 /var/www/khabarnews.ir/system/Database/BaseBuilder.php(1585): CodeIgniter\Database\BaseConnection->query()
#4 /var/www/khabarnews.ir/app/Config/Globals.php(30): CodeIgniter\Database\BaseBuilder->get()
#5 /var/www/khabarnews.ir/app/Config/Globals.php(111): Config\Globals::setGlobals()
#6 /var/www/khabarnews.ir/system/Autoloader/Autoloader.php(282): include_once('...')
#7 /var/www/khabarnews.ir/system/Autoloader/Autoloader.php(259): CodeIgniter\Autoloader\Autoloader->includeFile()
#8 /var/www/khabarnews.ir/system/Autoloader/Autoloader.php(237): CodeIgniter\Autoloader\Autoloader->loadInNamespace()
#9 /var/www/khabarnews.ir/app/Config/Routes.php(7): CodeIgniter\Autoloader\Autoloader->loadClass()
#10 /var/www/khabarnews.ir/system/CodeIgniter.php(789): require('...')
#11 /var/www/khabarnews.ir/system/CodeIgniter.php(430): CodeIgniter\CodeIgniter->tryToRouteIt()
#12 /var/www/khabarnews.ir/system/CodeIgniter.php(351): CodeIgniter\CodeIgniter->handleRequest()
#13 /var/www/khabarnews.ir/index.php(78): CodeIgniter\CodeIgniter->run()
#14 {main}
CRITICAL - 2023-02-27 16:37:41 --> Table 'khabarnews_news.themes' doesn't exist
in SYSTEMPATH/Database/MySQLi/Connection.php on line 292.
 1 SYSTEMPATH/Database/MySQLi/Connection.php(292): mysqli->query()
 2 SYSTEMPATH/Database/BaseConnection.php(666): CodeIgniter\Database\MySQLi\Connection->execute()
 3 SYSTEMPATH/Database/BaseConnection.php(593): CodeIgniter\Database\BaseConnection->simpleQuery()
 4 SYSTEMPATH/Database/BaseBuilder.php(1585): CodeIgniter\Database\BaseConnection->query()
 5 APPPATH/Config/Globals.php(30): CodeIgniter\Database\BaseBuilder->get()
 6 APPPATH/Config/Globals.php(111): Config\Globals::setGlobals()
 7 SYSTEMPATH/Autoloader/Autoloader.php(282): include_once('APPPATH/Config/Globals.php')
 8 SYSTEMPATH/Autoloader/Autoloader.php(259): CodeIgniter\Autoloader\Autoloader->includeFile()
 9 SYSTEMPATH/Autoloader/Autoloader.php(237): CodeIgniter\Autoloader\Autoloader->loadInNamespace()
10 APPPATH/Config/Routes.php(7): CodeIgniter\Autoloader\Autoloader->loadClass()
11 SYSTEMPATH/CodeIgniter.php(789): require('APPPATH/Config/Routes.php')
12 SYSTEMPATH/CodeIgniter.php(430): CodeIgniter\CodeIgniter->tryToRouteIt()
13 SYSTEMPATH/CodeIgniter.php(351): CodeIgniter\CodeIgniter->handleRequest()
14 FCPATH/index.php(78): CodeIgniter\CodeIgniter->run()
