CRITICAL - 2022-12-27 01:16:53 --> ini_set(): A session is active. You cannot change the session module's ini settings at this time
in SYSTEMPATH\Session\Handlers\BaseHandler.php on line 179.
 1 [internal function]: CodeIgniter\Debug\Exceptions->errorHandler(2, 'ini_set(): A session is active. You cannot change the session module\'s ini settings at this time', 'SYSTEMPATH\\Session\\Handlers\\BaseHandler.php', 179, [])
 2 SYSTEMPATH\Session\Handlers\BaseHandler.php(179): ini_set('session.save_path', 'ci_sessions')
 3 SYSTEMPATH\Session\Handlers\Database\MySQLiHandler.php(33): CodeIgniter\Session\Handlers\BaseHandler->fail()
 4 SYSTEMPATH\Session\Handlers\DatabaseHandler.php(108): CodeIgniter\Session\Handlers\Database\MySQLiHandler->lockSession('4bksp8p6ictmeoojcp9k3dabmol1jdpt')
 5 [internal function]: CodeIgniter\Session\Handlers\DatabaseHandler->read('4bksp8p6ictmeoojcp9k3dabmol1jdpt')
 6 SYSTEMPATH\Session\Session.php(912): session_start()
 7 SYSTEMPATH\Session\Session.php(234): CodeIgniter\Session\Session->startSession()
 8 SYSTEMPATH\Config\Services.php(665): CodeIgniter\Session\Session->start()
 9 SYSTEMPATH\Config\BaseService.php(253): CodeIgniter\Config\Services::session(Object(Config\App), false)
10 SYSTEMPATH\Config\BaseService.php(194): CodeIgniter\Config\BaseService::__callStatic('session', [...])
11 SYSTEMPATH\Config\Services.php(637): CodeIgniter\Config\BaseService::getSharedInstance('session', null)
12 SYSTEMPATH\Config\BaseService.php(253): CodeIgniter\Config\Services::session()
13 APPPATH\Config\Globals.php(28): CodeIgniter\Config\BaseService::__callStatic('session', [])
14 APPPATH\Config\Globals.php(111): Config\Globals::setGlobals()
15 SYSTEMPATH\Autoloader\Autoloader.php(282): include_once('APPPATH\\Config\\Globals.php')
16 SYSTEMPATH\Autoloader\Autoloader.php(259): CodeIgniter\Autoloader\Autoloader->includeFile('APPPATH\\Config\\Globals.php')
17 SYSTEMPATH\Autoloader\Autoloader.php(237): CodeIgniter\Autoloader\Autoloader->loadInNamespace('Config\\Globals')
18 [internal function]: CodeIgniter\Autoloader\Autoloader->loadClass('Config\\Globals')
19 APPPATH\Config\Routes.php(7): spl_autoload_call('Config\\Globals')
20 SYSTEMPATH\CodeIgniter.php(789): require('APPPATH\\Config\\Routes.php')
21 SYSTEMPATH\CodeIgniter.php(430): CodeIgniter\CodeIgniter->tryToRouteIt(Object(CodeIgniter\Router\RouteCollection))
22 SYSTEMPATH\CodeIgniter.php(351): CodeIgniter\CodeIgniter->handleRequest(null, Object(Config\Cache), false)
23 FCPATH\index.php(78): CodeIgniter\CodeIgniter->run()
CRITICAL - 2022-12-27 01:16:53 --> ini_set(): A session is active. You cannot change the session module's ini settings at this time
in SYSTEMPATH\Session\Handlers\BaseHandler.php on line 179.
 1 [internal function]: CodeIgniter\Debug\Exceptions->errorHandler(2, 'ini_set(): A session is active. You cannot change the session module\'s ini settings at this time', 'SYSTEMPATH\\Session\\Handlers\\BaseHandler.php', 179, [])
 2 SYSTEMPATH\Session\Handlers\BaseHandler.php(179): ini_set('session.save_path', 'ci_sessions')
 3 SYSTEMPATH\Session\Handlers\Database\MySQLiHandler.php(33): CodeIgniter\Session\Handlers\BaseHandler->fail()
 4 SYSTEMPATH\Session\Handlers\DatabaseHandler.php(108): CodeIgniter\Session\Handlers\Database\MySQLiHandler->lockSession('4bksp8p6ictmeoojcp9k3dabmol1jdpt')
 5 [internal function]: CodeIgniter\Session\Handlers\DatabaseHandler->read('4bksp8p6ictmeoojcp9k3dabmol1jdpt')
 6 SYSTEMPATH\Session\Session.php(912): session_start()
 7 SYSTEMPATH\Session\Session.php(234): CodeIgniter\Session\Session->startSession()
 8 SYSTEMPATH\Config\Services.php(665): CodeIgniter\Session\Session->start()
 9 SYSTEMPATH\Config\BaseService.php(253): CodeIgniter\Config\Services::session(Object(Config\App), false)
10 SYSTEMPATH\Config\BaseService.php(194): CodeIgniter\Config\BaseService::__callStatic('session', [...])
11 SYSTEMPATH\Config\Services.php(637): CodeIgniter\Config\BaseService::getSharedInstance('session', null)
12 SYSTEMPATH\Config\BaseService.php(253): CodeIgniter\Config\Services::session()
13 APPPATH\Config\Globals.php(28): CodeIgniter\Config\BaseService::__callStatic('session', [])
14 APPPATH\Config\Globals.php(111): Config\Globals::setGlobals()
15 SYSTEMPATH\Autoloader\Autoloader.php(282): include_once('APPPATH\\Config\\Globals.php')
16 SYSTEMPATH\Autoloader\Autoloader.php(259): CodeIgniter\Autoloader\Autoloader->includeFile('APPPATH\\Config\\Globals.php')
17 SYSTEMPATH\Autoloader\Autoloader.php(237): CodeIgniter\Autoloader\Autoloader->loadInNamespace('Config\\Globals')
18 [internal function]: CodeIgniter\Autoloader\Autoloader->loadClass('Config\\Globals')
19 APPPATH\Config\Routes.php(7): spl_autoload_call('Config\\Globals')
20 SYSTEMPATH\CodeIgniter.php(789): require('APPPATH\\Config\\Routes.php')
21 SYSTEMPATH\CodeIgniter.php(430): CodeIgniter\CodeIgniter->tryToRouteIt(Object(CodeIgniter\Router\RouteCollection))
22 SYSTEMPATH\CodeIgniter.php(351): CodeIgniter\CodeIgniter->handleRequest(null, Object(Config\Cache), false)
23 FCPATH\index.php(78): CodeIgniter\CodeIgniter->run()
ERROR - 2022-12-27 10:46:53 --> mysqli_sql_exception: MySQL server has gone away in C:\xampp\htdocs\khabarnews.com\version-21\system\Database\MySQLi\Connection.php:292
Stack trace:
#0 C:\xampp\htdocs\khabarnews.com\version-21\system\Database\MySQLi\Connection.php(292): mysqli->query('SELECT `posts`....', 0)
#1 C:\xampp\htdocs\khabarnews.com\version-21\system\Database\BaseConnection.php(666): CodeIgniter\Database\MySQLi\Connection->execute('SELECT `posts`....')
#2 C:\xampp\htdocs\khabarnews.com\version-21\system\Database\BaseConnection.php(593): CodeIgniter\Database\BaseConnection->simpleQuery('SELECT `posts`....')
#3 C:\xampp\htdocs\khabarnews.com\version-21\system\Database\BaseBuilder.php(1585): CodeIgniter\Database\BaseConnection->query('SELECT `posts`....', Array, false)
#4 C:\xampp\htdocs\khabarnews.com\version-21\app\Models\PostModel.php(117): CodeIgniter\Database\BaseBuilder->get(5)
#5 C:\xampp\htdocs\khabarnews.com\version-21\app\Common.php(1825): App\Models\PostModel->getRecommendedPosts()
#6 C:\xampp\htdocs\khabarnews.com\version-21\app\Views\themes\magazine\partials\_load_widget.php(57): getRecommendedPosts()
#7 C:\xampp\htdocs\khabarnews.com\version-21\system\View\View.php(213): include('C:\\xampp\\htdocs...')
#8 C:\xampp\htdocs\khabarnews.com\version-21\system\View\View.php(216): CodeIgniter\View\View->CodeIgniter\View\{closure}()
#9 C:\xampp\htdocs\khabarnews.com\version-21\system\Common.php(1135): CodeIgniter\View\View->render('themes/magazine...', Array, true)
#10 C:\xampp\htdocs\khabarnews.com\version-21\app\Common.php(90): view('themes/magazine...', Array)
#11 C:\xampp\htdocs\khabarnews.com\version-21\app\Views\themes\magazine\partials\_sidebar_category.php(7): loadView('partials/_load_...', Array)
#12 C:\xampp\htdocs\khabarnews.com\version-21\system\View\View.php(213): include('C:\\xampp\\htdocs...')
#13 C:\xampp\htdocs\khabarnews.com\version-21\system\View\View.php(216): CodeIgniter\View\View->CodeIgniter\View\{closure}()
#14 C:\xampp\htdocs\khabarnews.com\version-21\system\Common.php(1135): CodeIgniter\View\View->render('themes/magazine...', Array, true)
#15 C:\xampp\htdocs\khabarnews.com\version-21\app\Common.php(90): view('themes/magazine...', Array)
#16 C:\xampp\htdocs\khabarnews.com\version-21\app\Views\themes\magazine\post\_latest_posts.php(34): loadView('partials/_sideb...', Array)
#17 C:\xampp\htdocs\khabarnews.com\version-21\system\View\View.php(213): include('C:\\xampp\\htdocs...')
#18 C:\xampp\htdocs\khabarnews.com\version-21\system\View\View.php(216): CodeIgniter\View\View->CodeIgniter\View\{closure}()
#19 C:\xampp\htdocs\khabarnews.com\version-21\system\Common.php(1135): CodeIgniter\View\View->render('themes/magazine...', Array, true)
#20 C:\xampp\htdocs\khabarnews.com\version-21\app\Common.php(90): view('themes/magazine...', Array)
#21 C:\xampp\htdocs\khabarnews.com\version-21\app\Views\themes\magazine\index.php(70): loadView('post/_latest_po...', Array)
#22 C:\xampp\htdocs\khabarnews.com\version-21\system\View\View.php(213): include('C:\\xampp\\htdocs...')
#23 C:\xampp\htdocs\khabarnews.com\version-21\system\View\View.php(216): CodeIgniter\View\View->CodeIgniter\View\{closure}()
#24 C:\xampp\htdocs\khabarnews.com\version-21\system\Common.php(1135): CodeIgniter\View\View->render('themes/magazine...', Array, true)
#25 C:\xampp\htdocs\khabarnews.com\version-21\app\Common.php(90): view('themes/magazine...', Array)
#26 C:\xampp\htdocs\khabarnews.com\version-21\app\Controllers\HomeController.php(52): loadView('index', Array)
#27 C:\xampp\htdocs\khabarnews.com\version-21\system\CodeIgniter.php(927): App\Controllers\HomeController->index()
#28 C:\xampp\htdocs\khabarnews.com\version-21\system\CodeIgniter.php(482): CodeIgniter\CodeIgniter->runController(Object(App\Controllers\HomeController))
#29 C:\xampp\htdocs\khabarnews.com\version-21\system\CodeIgniter.php(351): CodeIgniter\CodeIgniter->handleRequest(NULL, Object(Config\Cache), false)
#30 C:\xampp\htdocs\khabarnews.com\version-21\index.php(78): CodeIgniter\CodeIgniter->run()
#31 {main}
CRITICAL - 2022-12-27 01:16:53 --> ini_set(): A session is active. You cannot change the session module's ini settings at this time
in SYSTEMPATH\Session\Handlers\BaseHandler.php on line 179.
 1 [internal function]: CodeIgniter\Debug\Exceptions->errorHandler(2, 'ini_set(): A session is active. You cannot change the session module\'s ini settings at this time', 'SYSTEMPATH\\Session\\Handlers\\BaseHandler.php', 179, [])
 2 SYSTEMPATH\Session\Handlers\BaseHandler.php(179): ini_set('session.save_path', 'ci_sessions')
 3 SYSTEMPATH\Session\Handlers\Database\MySQLiHandler.php(33): CodeIgniter\Session\Handlers\BaseHandler->fail()
 4 SYSTEMPATH\Session\Handlers\DatabaseHandler.php(108): CodeIgniter\Session\Handlers\Database\MySQLiHandler->lockSession('4bksp8p6ictmeoojcp9k3dabmol1jdpt')
 5 [internal function]: CodeIgniter\Session\Handlers\DatabaseHandler->read('4bksp8p6ictmeoojcp9k3dabmol1jdpt')
 6 SYSTEMPATH\Session\Session.php(912): session_start()
 7 SYSTEMPATH\Session\Session.php(234): CodeIgniter\Session\Session->startSession()
 8 SYSTEMPATH\Config\Services.php(665): CodeIgniter\Session\Session->start()
 9 SYSTEMPATH\Config\BaseService.php(253): CodeIgniter\Config\Services::session(Object(Config\App), false)
10 SYSTEMPATH\Config\BaseService.php(194): CodeIgniter\Config\BaseService::__callStatic('session', [...])
11 SYSTEMPATH\Config\Services.php(637): CodeIgniter\Config\BaseService::getSharedInstance('session', null)
12 SYSTEMPATH\Config\BaseService.php(253): CodeIgniter\Config\Services::session()
13 APPPATH\Config\Globals.php(28): CodeIgniter\Config\BaseService::__callStatic('session', [])
14 APPPATH\Config\Globals.php(111): Config\Globals::setGlobals()
15 SYSTEMPATH\Autoloader\Autoloader.php(282): include_once('APPPATH\\Config\\Globals.php')
16 SYSTEMPATH\Autoloader\Autoloader.php(259): CodeIgniter\Autoloader\Autoloader->includeFile('APPPATH\\Config\\Globals.php')
17 SYSTEMPATH\Autoloader\Autoloader.php(237): CodeIgniter\Autoloader\Autoloader->loadInNamespace('Config\\Globals')
18 [internal function]: CodeIgniter\Autoloader\Autoloader->loadClass('Config\\Globals')
19 APPPATH\Config\Routes.php(7): spl_autoload_call('Config\\Globals')
20 SYSTEMPATH\CodeIgniter.php(789): require('APPPATH\\Config\\Routes.php')
21 SYSTEMPATH\CodeIgniter.php(430): CodeIgniter\CodeIgniter->tryToRouteIt(Object(CodeIgniter\Router\RouteCollection))
22 SYSTEMPATH\CodeIgniter.php(351): CodeIgniter\CodeIgniter->handleRequest(null, Object(Config\Cache), false)
23 FCPATH\index.php(78): CodeIgniter\CodeIgniter->run()
CRITICAL - 2022-12-27 01:16:53 --> ini_set(): A session is active. You cannot change the session module's ini settings at this time
in SYSTEMPATH\Session\Handlers\BaseHandler.php on line 179.
 1 [internal function]: CodeIgniter\Debug\Exceptions->errorHandler(2, 'ini_set(): A session is active. You cannot change the session module\'s ini settings at this time', 'SYSTEMPATH\\Session\\Handlers\\BaseHandler.php', 179, [])
 2 SYSTEMPATH\Session\Handlers\BaseHandler.php(179): ini_set('session.save_path', 'ci_sessions')
 3 SYSTEMPATH\Session\Handlers\Database\MySQLiHandler.php(33): CodeIgniter\Session\Handlers\BaseHandler->fail()
 4 SYSTEMPATH\Session\Handlers\DatabaseHandler.php(108): CodeIgniter\Session\Handlers\Database\MySQLiHandler->lockSession('4bksp8p6ictmeoojcp9k3dabmol1jdpt')
 5 [internal function]: CodeIgniter\Session\Handlers\DatabaseHandler->read('4bksp8p6ictmeoojcp9k3dabmol1jdpt')
 6 SYSTEMPATH\Session\Session.php(912): session_start()
 7 SYSTEMPATH\Session\Session.php(234): CodeIgniter\Session\Session->startSession()
 8 SYSTEMPATH\Config\Services.php(665): CodeIgniter\Session\Session->start()
 9 SYSTEMPATH\Config\BaseService.php(253): CodeIgniter\Config\Services::session(Object(Config\App), false)
10 SYSTEMPATH\Config\BaseService.php(194): CodeIgniter\Config\BaseService::__callStatic('session', [...])
11 SYSTEMPATH\Config\Services.php(637): CodeIgniter\Config\BaseService::getSharedInstance('session', null)
12 SYSTEMPATH\Config\BaseService.php(253): CodeIgniter\Config\Services::session()
13 APPPATH\Config\Globals.php(28): CodeIgniter\Config\BaseService::__callStatic('session', [])
14 APPPATH\Config\Globals.php(111): Config\Globals::setGlobals()
15 SYSTEMPATH\Autoloader\Autoloader.php(282): include_once('APPPATH\\Config\\Globals.php')
16 SYSTEMPATH\Autoloader\Autoloader.php(259): CodeIgniter\Autoloader\Autoloader->includeFile('APPPATH\\Config\\Globals.php')
17 SYSTEMPATH\Autoloader\Autoloader.php(237): CodeIgniter\Autoloader\Autoloader->loadInNamespace('Config\\Globals')
18 [internal function]: CodeIgniter\Autoloader\Autoloader->loadClass('Config\\Globals')
19 APPPATH\Config\Routes.php(7): spl_autoload_call('Config\\Globals')
20 SYSTEMPATH\CodeIgniter.php(789): require('APPPATH\\Config\\Routes.php')
21 SYSTEMPATH\CodeIgniter.php(430): CodeIgniter\CodeIgniter->tryToRouteIt(Object(CodeIgniter\Router\RouteCollection))
22 SYSTEMPATH\CodeIgniter.php(351): CodeIgniter\CodeIgniter->handleRequest(null, Object(Config\Cache), false)
23 FCPATH\index.php(78): CodeIgniter\CodeIgniter->run()
CRITICAL - 2022-12-27 10:46:53 --> Call to a member function getResult() on bool
in APPPATH\Models\PostModel.php on line 117.
 1 APPPATH\Common.php(1825): App\Models\PostModel->getRecommendedPosts()
 2 APPPATH\Views\themes\magazine\partials\_load_widget.php(57): getRecommendedPosts()
 3 SYSTEMPATH\View\View.php(213): include('APPPATH\\Views\\themes\\magazine\\partials\\_load_widget.php')
 4 SYSTEMPATH\View\View.php(216): CodeIgniter\View\View->CodeIgniter\View\{closure}()
 5 SYSTEMPATH\Common.php(1135): CodeIgniter\View\View->render('themes/magazine/partials/_load_widget', [], true)
 6 APPPATH\Common.php(90): view('themes/magazine/partials/_load_widget', [...])
 7 APPPATH\Views\themes\magazine\partials\_sidebar_category.php(7): loadView('partials/_load_widget', [...])
 8 SYSTEMPATH\View\View.php(213): include('APPPATH\\Views\\themes\\magazine\\partials\\_sidebar_category.php')
 9 SYSTEMPATH\View\View.php(216): CodeIgniter\View\View->CodeIgniter\View\{closure}()
10 SYSTEMPATH\Common.php(1135): CodeIgniter\View\View->render('themes/magazine/partials/_sidebar_category', [], true)
11 APPPATH\Common.php(90): view('themes/magazine/partials/_sidebar_category', [...])
12 APPPATH\Views\themes\magazine\post\_latest_posts.php(34): loadView('partials/_sidebar_category', [...])
13 SYSTEMPATH\View\View.php(213): include('APPPATH\\Views\\themes\\magazine\\post\\_latest_posts.php')
14 SYSTEMPATH\View\View.php(216): CodeIgniter\View\View->CodeIgniter\View\{closure}()
15 SYSTEMPATH\Common.php(1135): CodeIgniter\View\View->render('themes/magazine/post/_latest_posts', [], true)
16 APPPATH\Common.php(90): view('themes/magazine/post/_latest_posts', [...])
17 APPPATH\Views\themes\magazine\index.php(70): loadView('post/_latest_posts', [...])
18 SYSTEMPATH\View\View.php(213): include('APPPATH\\Views\\themes\\magazine\\index.php')
19 SYSTEMPATH\View\View.php(216): CodeIgniter\View\View->CodeIgniter\View\{closure}()
20 SYSTEMPATH\Common.php(1135): CodeIgniter\View\View->render('themes/magazine/index', [], true)
21 APPPATH\Common.php(90): view('themes/magazine/index', [...])
22 APPPATH\Controllers\HomeController.php(52): loadView('index', [...])
23 SYSTEMPATH\CodeIgniter.php(927): App\Controllers\HomeController->index()
24 SYSTEMPATH\CodeIgniter.php(482): CodeIgniter\CodeIgniter->runController(Object(App\Controllers\HomeController))
25 SYSTEMPATH\CodeIgniter.php(351): CodeIgniter\CodeIgniter->handleRequest(null, Object(Config\Cache), false)
26 FCPATH\index.php(78): CodeIgniter\CodeIgniter->run()
CRITICAL - 2022-12-27 01:16:53 --> ini_set(): A session is active. You cannot change the session module's ini settings at this time
in SYSTEMPATH\Session\Handlers\BaseHandler.php on line 179.
 1 [internal function]: CodeIgniter\Debug\Exceptions->errorHandler(2, 'ini_set(): A session is active. You cannot change the session module\'s ini settings at this time', 'SYSTEMPATH\\Session\\Handlers\\BaseHandler.php', 179, [])
 2 SYSTEMPATH\Session\Handlers\BaseHandler.php(179): ini_set('session.save_path', 'ci_sessions')
 3 SYSTEMPATH\Session\Handlers\Database\MySQLiHandler.php(33): CodeIgniter\Session\Handlers\BaseHandler->fail()
 4 SYSTEMPATH\Session\Handlers\DatabaseHandler.php(108): CodeIgniter\Session\Handlers\Database\MySQLiHandler->lockSession('4bksp8p6ictmeoojcp9k3dabmol1jdpt')
 5 [internal function]: CodeIgniter\Session\Handlers\DatabaseHandler->read('4bksp8p6ictmeoojcp9k3dabmol1jdpt')
 6 SYSTEMPATH\Session\Session.php(912): session_start()
 7 SYSTEMPATH\Session\Session.php(234): CodeIgniter\Session\Session->startSession()
 8 SYSTEMPATH\Config\Services.php(665): CodeIgniter\Session\Session->start()
 9 SYSTEMPATH\Config\BaseService.php(253): CodeIgniter\Config\Services::session(Object(Config\App), false)
10 SYSTEMPATH\Config\BaseService.php(194): CodeIgniter\Config\BaseService::__callStatic('session', [...])
11 SYSTEMPATH\Config\Services.php(637): CodeIgniter\Config\BaseService::getSharedInstance('session', null)
12 SYSTEMPATH\Config\BaseService.php(253): CodeIgniter\Config\Services::session()
13 APPPATH\Config\Globals.php(28): CodeIgniter\Config\BaseService::__callStatic('session', [])
14 APPPATH\Config\Globals.php(111): Config\Globals::setGlobals()
15 SYSTEMPATH\Autoloader\Autoloader.php(282): include_once('APPPATH\\Config\\Globals.php')
16 SYSTEMPATH\Autoloader\Autoloader.php(259): CodeIgniter\Autoloader\Autoloader->includeFile('APPPATH\\Config\\Globals.php')
17 SYSTEMPATH\Autoloader\Autoloader.php(237): CodeIgniter\Autoloader\Autoloader->loadInNamespace('Config\\Globals')
18 [internal function]: CodeIgniter\Autoloader\Autoloader->loadClass('Config\\Globals')
19 APPPATH\Config\Routes.php(7): spl_autoload_call('Config\\Globals')
20 SYSTEMPATH\CodeIgniter.php(789): require('APPPATH\\Config\\Routes.php')
21 SYSTEMPATH\CodeIgniter.php(430): CodeIgniter\CodeIgniter->tryToRouteIt(Object(CodeIgniter\Router\RouteCollection))
22 SYSTEMPATH\CodeIgniter.php(351): CodeIgniter\CodeIgniter->handleRequest(null, Object(Config\Cache), false)
23 FCPATH\index.php(78): CodeIgniter\CodeIgniter->run()
ERROR - 2022-12-27 10:46:53 --> mysqli_sql_exception: MySQL server has gone away in C:\xampp\htdocs\khabarnews.com\version-21\system\Database\MySQLi\Connection.php:292
Stack trace:
#0 C:\xampp\htdocs\khabarnews.com\version-21\system\Database\MySQLi\Connection.php(292): mysqli->query('UPDATE `ci_sess...', 0)
#1 C:\xampp\htdocs\khabarnews.com\version-21\system\Database\BaseConnection.php(666): CodeIgniter\Database\MySQLi\Connection->execute('UPDATE `ci_sess...')
#2 C:\xampp\htdocs\khabarnews.com\version-21\system\Database\BaseConnection.php(593): CodeIgniter\Database\BaseConnection->simpleQuery('UPDATE `ci_sess...')
#3 C:\xampp\htdocs\khabarnews.com\version-21\system\Database\BaseBuilder.php(2079): CodeIgniter\Database\BaseConnection->query('UPDATE `ci_sess...', Array, false)
#4 C:\xampp\htdocs\khabarnews.com\version-21\system\Session\Handlers\DatabaseHandler.php(212): CodeIgniter\Database\BaseBuilder->update(Array)
#5 [internal function]: CodeIgniter\Session\Handlers\DatabaseHandler->write('4bksp8p6ictmeoo...', '__ci_last_regen...')
#6 [internal function]: session_write_close()
#7 {main}
