CRITICAL - 2023-07-04 00:03:36 --> Uncaught ErrorException: Undefined variable $activeTheme in /home/khabarnews/domains/khabarnews.com/public_html/app/Views/errors/html/error_404.php:2
Stack trace:
#0 /home/khabarnews/domains/khabarnews.com/public_html/app/Views/errors/html/error_404.php(2): CodeIgniter\Debug\Exceptions->errorHandler()
#1 /home/khabarnews/domains/khabarnews.com/public_html/system/Debug/Exceptions.php(284): include('...')
#2 /home/khabarnews/domains/khabarnews.com/public_html/system/Debug/Exceptions.php(287): CodeIgniter\Debug\Exceptions->CodeIgniter\Debug\{closure}()
#3 /home/khabarnews/domains/khabarnews.com/public_html/system/Debug/Exceptions.php(139): CodeIgniter\Debug\Exceptions->render()
#4 [internal function]: CodeIgniter\Debug\Exceptions->exceptionHandler()
#5 {main}
  thrown
in APPPATH/Views/errors/html/error_404.php on line 2.
 1 [internal function]: CodeIgniter\Debug\Exceptions->shutdownHandler()
CRITICAL - 2023-07-04 00:32:32 --> Uncaught ErrorException: Undefined variable $activeTheme in /home/khabarnews/domains/khabarnews.com/public_html/app/Views/errors/html/error_404.php:2
Stack trace:
#0 /home/khabarnews/domains/khabarnews.com/public_html/app/Views/errors/html/error_404.php(2): CodeIgniter\Debug\Exceptions->errorHandler()
#1 /home/khabarnews/domains/khabarnews.com/public_html/system/Debug/Exceptions.php(284): include('...')
#2 /home/khabarnews/domains/khabarnews.com/public_html/system/Debug/Exceptions.php(287): CodeIgniter\Debug\Exceptions->CodeIgniter\Debug\{closure}()
#3 /home/khabarnews/domains/khabarnews.com/public_html/system/Debug/Exceptions.php(139): CodeIgniter\Debug\Exceptions->render()
#4 [internal function]: CodeIgniter\Debug\Exceptions->exceptionHandler()
#5 {main}
  thrown
in APPPATH/Views/errors/html/error_404.php on line 2.
 1 [internal function]: CodeIgniter\Debug\Exceptions->shutdownHandler()
CRITICAL - 2023-07-04 00:36:00 --> Attempt to read property "primary_font" on null
in APPPATH/Models/SettingsModel.php on line 600.
 1 APPPATH/Models/SettingsModel.php(600): CodeIgniter\Debug\Exceptions->errorHandler()
 2 APPPATH/Controllers/BaseController.php(83): App\Models\SettingsModel->getSelectedFonts()
 3 APPPATH/Controllers/HomeController.php(24): App\Controllers\BaseController->initController()
 4 SYSTEMPATH/CodeIgniter.php(890): App\Controllers\HomeController->initController()
 5 SYSTEMPATH/CodeIgniter.php(473): CodeIgniter\CodeIgniter->createController()
 6 SYSTEMPATH/CodeIgniter.php(351): CodeIgniter\CodeIgniter->handleRequest()
 7 FCPATH/index.php(78): CodeIgniter\CodeIgniter->run()
CRITICAL - 2023-07-04 00:58:53 --> Uncaught ErrorException: Undefined variable $activeTheme in /home/khabarnews/domains/khabarnews.com/public_html/app/Views/errors/html/error_404.php:2
Stack trace:
#0 /home/khabarnews/domains/khabarnews.com/public_html/app/Views/errors/html/error_404.php(2): CodeIgniter\Debug\Exceptions->errorHandler()
#1 /home/khabarnews/domains/khabarnews.com/public_html/system/Debug/Exceptions.php(284): include('...')
#2 /home/khabarnews/domains/khabarnews.com/public_html/system/Debug/Exceptions.php(287): CodeIgniter\Debug\Exceptions->CodeIgniter\Debug\{closure}()
#3 /home/khabarnews/domains/khabarnews.com/public_html/system/Debug/Exceptions.php(139): CodeIgniter\Debug\Exceptions->render()
#4 [internal function]: CodeIgniter\Debug\Exceptions->exceptionHandler()
#5 {main}
  thrown
in APPPATH/Views/errors/html/error_404.php on line 2.
 1 [internal function]: CodeIgniter\Debug\Exceptions->shutdownHandler()
CRITICAL - 2023-07-04 00:59:32 --> Uncaught ErrorException: Undefined variable $activeTheme in /home/khabarnews/domains/khabarnews.com/public_html/app/Views/errors/html/error_404.php:2
Stack trace:
#0 /home/khabarnews/domains/khabarnews.com/public_html/app/Views/errors/html/error_404.php(2): CodeIgniter\Debug\Exceptions->errorHandler()
#1 /home/khabarnews/domains/khabarnews.com/public_html/system/Debug/Exceptions.php(284): include('...')
#2 /home/khabarnews/domains/khabarnews.com/public_html/system/Debug/Exceptions.php(287): CodeIgniter\Debug\Exceptions->CodeIgniter\Debug\{closure}()
#3 /home/khabarnews/domains/khabarnews.com/public_html/system/Debug/Exceptions.php(139): CodeIgniter\Debug\Exceptions->render()
#4 [internal function]: CodeIgniter\Debug\Exceptions->exceptionHandler()
#5 {main}
  thrown
in APPPATH/Views/errors/html/error_404.php on line 2.
 1 [internal function]: CodeIgniter\Debug\Exceptions->shutdownHandler()
CRITICAL - 2023-07-04 00:59:47 --> Uncaught ErrorException: Undefined variable $activeTheme in /home/khabarnews/domains/khabarnews.com/public_html/app/Views/errors/html/error_404.php:2
Stack trace:
#0 /home/khabarnews/domains/khabarnews.com/public_html/app/Views/errors/html/error_404.php(2): CodeIgniter\Debug\Exceptions->errorHandler()
#1 /home/khabarnews/domains/khabarnews.com/public_html/system/Debug/Exceptions.php(284): include('...')
#2 /home/khabarnews/domains/khabarnews.com/public_html/system/Debug/Exceptions.php(287): CodeIgniter\Debug\Exceptions->CodeIgniter\Debug\{closure}()
#3 /home/khabarnews/domains/khabarnews.com/public_html/system/Debug/Exceptions.php(139): CodeIgniter\Debug\Exceptions->render()
#4 [internal function]: CodeIgniter\Debug\Exceptions->exceptionHandler()
#5 {main}
  thrown
in APPPATH/Views/errors/html/error_404.php on line 2.
 1 [internal function]: CodeIgniter\Debug\Exceptions->shutdownHandler()
CRITICAL - 2023-07-04 00:59:52 --> Uncaught ErrorException: Undefined variable $activeTheme in /home/khabarnews/domains/khabarnews.com/public_html/app/Views/errors/html/error_404.php:2
Stack trace:
#0 /home/khabarnews/domains/khabarnews.com/public_html/app/Views/errors/html/error_404.php(2): CodeIgniter\Debug\Exceptions->errorHandler()
#1 /home/khabarnews/domains/khabarnews.com/public_html/system/Debug/Exceptions.php(284): include('...')
#2 /home/khabarnews/domains/khabarnews.com/public_html/system/Debug/Exceptions.php(287): CodeIgniter\Debug\Exceptions->CodeIgniter\Debug\{closure}()
#3 /home/khabarnews/domains/khabarnews.com/public_html/system/Debug/Exceptions.php(139): CodeIgniter\Debug\Exceptions->render()
#4 [internal function]: CodeIgniter\Debug\Exceptions->exceptionHandler()
#5 {main}
  thrown
in APPPATH/Views/errors/html/error_404.php on line 2.
 1 [internal function]: CodeIgniter\Debug\Exceptions->shutdownHandler()
CRITICAL - 2023-07-04 01:00:15 --> Uncaught ErrorException: Undefined variable $activeTheme in /home/khabarnews/domains/khabarnews.com/public_html/app/Views/errors/html/error_404.php:2
Stack trace:
#0 /home/khabarnews/domains/khabarnews.com/public_html/app/Views/errors/html/error_404.php(2): CodeIgniter\Debug\Exceptions->errorHandler()
#1 /home/khabarnews/domains/khabarnews.com/public_html/system/Debug/Exceptions.php(284): include('...')
#2 /home/khabarnews/domains/khabarnews.com/public_html/system/Debug/Exceptions.php(287): CodeIgniter\Debug\Exceptions->CodeIgniter\Debug\{closure}()
#3 /home/khabarnews/domains/khabarnews.com/public_html/system/Debug/Exceptions.php(139): CodeIgniter\Debug\Exceptions->render()
#4 [internal function]: CodeIgniter\Debug\Exceptions->exceptionHandler()
#5 {main}
  thrown
in APPPATH/Views/errors/html/error_404.php on line 2.
 1 [internal function]: CodeIgniter\Debug\Exceptions->shutdownHandler()
CRITICAL - 2023-07-04 01:00:22 --> Uncaught ErrorException: Undefined variable $activeTheme in /home/khabarnews/domains/khabarnews.com/public_html/app/Views/errors/html/error_404.php:2
Stack trace:
#0 /home/khabarnews/domains/khabarnews.com/public_html/app/Views/errors/html/error_404.php(2): CodeIgniter\Debug\Exceptions->errorHandler()
#1 /home/khabarnews/domains/khabarnews.com/public_html/system/Debug/Exceptions.php(284): include('...')
#2 /home/khabarnews/domains/khabarnews.com/public_html/system/Debug/Exceptions.php(287): CodeIgniter\Debug\Exceptions->CodeIgniter\Debug\{closure}()
#3 /home/khabarnews/domains/khabarnews.com/public_html/system/Debug/Exceptions.php(139): CodeIgniter\Debug\Exceptions->render()
#4 [internal function]: CodeIgniter\Debug\Exceptions->exceptionHandler()
#5 {main}
  thrown
in APPPATH/Views/errors/html/error_404.php on line 2.
 1 [internal function]: CodeIgniter\Debug\Exceptions->shutdownHandler()
CRITICAL - 2023-07-04 01:01:52 --> Uncaught ErrorException: Undefined variable $activeTheme in /home/khabarnews/domains/khabarnews.com/public_html/app/Views/errors/html/error_404.php:2
Stack trace:
#0 /home/khabarnews/domains/khabarnews.com/public_html/app/Views/errors/html/error_404.php(2): CodeIgniter\Debug\Exceptions->errorHandler()
#1 /home/khabarnews/domains/khabarnews.com/public_html/system/Debug/Exceptions.php(284): include('...')
#2 /home/khabarnews/domains/khabarnews.com/public_html/system/Debug/Exceptions.php(287): CodeIgniter\Debug\Exceptions->CodeIgniter\Debug\{closure}()
#3 /home/khabarnews/domains/khabarnews.com/public_html/system/Debug/Exceptions.php(139): CodeIgniter\Debug\Exceptions->render()
#4 [internal function]: CodeIgniter\Debug\Exceptions->exceptionHandler()
#5 {main}
  thrown
in APPPATH/Views/errors/html/error_404.php on line 2.
 1 [internal function]: CodeIgniter\Debug\Exceptions->shutdownHandler()
CRITICAL - 2023-07-04 01:31:11 --> Uncaught ErrorException: Undefined variable $activeTheme in /home/khabarnews/domains/khabarnews.com/public_html/app/Views/errors/html/error_404.php:2
Stack trace:
#0 /home/khabarnews/domains/khabarnews.com/public_html/app/Views/errors/html/error_404.php(2): CodeIgniter\Debug\Exceptions->errorHandler()
#1 /home/khabarnews/domains/khabarnews.com/public_html/system/Debug/Exceptions.php(284): include('...')
#2 /home/khabarnews/domains/khabarnews.com/public_html/system/Debug/Exceptions.php(287): CodeIgniter\Debug\Exceptions->CodeIgniter\Debug\{closure}()
#3 /home/khabarnews/domains/khabarnews.com/public_html/system/Debug/Exceptions.php(139): CodeIgniter\Debug\Exceptions->render()
#4 [internal function]: CodeIgniter\Debug\Exceptions->exceptionHandler()
#5 {main}
  thrown
in APPPATH/Views/errors/html/error_404.php on line 2.
 1 [internal function]: CodeIgniter\Debug\Exceptions->shutdownHandler()
CRITICAL - 2023-07-04 02:00:43 --> Uncaught ErrorException: Undefined variable $activeTheme in /home/khabarnews/domains/khabarnews.com/public_html/app/Views/errors/html/error_404.php:2
Stack trace:
#0 /home/khabarnews/domains/khabarnews.com/public_html/app/Views/errors/html/error_404.php(2): CodeIgniter\Debug\Exceptions->errorHandler()
#1 /home/khabarnews/domains/khabarnews.com/public_html/system/Debug/Exceptions.php(284): include('...')
#2 /home/khabarnews/domains/khabarnews.com/public_html/system/Debug/Exceptions.php(287): CodeIgniter\Debug\Exceptions->CodeIgniter\Debug\{closure}()
#3 /home/khabarnews/domains/khabarnews.com/public_html/system/Debug/Exceptions.php(139): CodeIgniter\Debug\Exceptions->render()
#4 [internal function]: CodeIgniter\Debug\Exceptions->exceptionHandler()
#5 {main}
  thrown
in APPPATH/Views/errors/html/error_404.php on line 2.
 1 [internal function]: CodeIgniter\Debug\Exceptions->shutdownHandler()
CRITICAL - 2023-07-04 02:25:39 --> Uncaught ErrorException: Undefined variable $activeTheme in /home/khabarnews/domains/khabarnews.com/public_html/app/Views/errors/html/error_404.php:2
Stack trace:
#0 /home/khabarnews/domains/khabarnews.com/public_html/app/Views/errors/html/error_404.php(2): CodeIgniter\Debug\Exceptions->errorHandler()
#1 /home/khabarnews/domains/khabarnews.com/public_html/system/Debug/Exceptions.php(284): include('...')
#2 /home/khabarnews/domains/khabarnews.com/public_html/system/Debug/Exceptions.php(287): CodeIgniter\Debug\Exceptions->CodeIgniter\Debug\{closure}()
#3 /home/khabarnews/domains/khabarnews.com/public_html/system/Debug/Exceptions.php(139): CodeIgniter\Debug\Exceptions->render()
#4 [internal function]: CodeIgniter\Debug\Exceptions->exceptionHandler()
#5 {main}
  thrown
in APPPATH/Views/errors/html/error_404.php on line 2.
 1 [internal function]: CodeIgniter\Debug\Exceptions->shutdownHandler()
CRITICAL - 2023-07-04 02:29:39 --> Uncaught ErrorException: Undefined variable $activeTheme in /home/khabarnews/domains/khabarnews.com/public_html/app/Views/errors/html/error_404.php:2
Stack trace:
#0 /home/khabarnews/domains/khabarnews.com/public_html/app/Views/errors/html/error_404.php(2): CodeIgniter\Debug\Exceptions->errorHandler()
#1 /home/khabarnews/domains/khabarnews.com/public_html/system/Debug/Exceptions.php(284): include('...')
#2 /home/khabarnews/domains/khabarnews.com/public_html/system/Debug/Exceptions.php(287): CodeIgniter\Debug\Exceptions->CodeIgniter\Debug\{closure}()
#3 /home/khabarnews/domains/khabarnews.com/public_html/system/Debug/Exceptions.php(139): CodeIgniter\Debug\Exceptions->render()
#4 [internal function]: CodeIgniter\Debug\Exceptions->exceptionHandler()
#5 {main}
  thrown
in APPPATH/Views/errors/html/error_404.php on line 2.
 1 [internal function]: CodeIgniter\Debug\Exceptions->shutdownHandler()
CRITICAL - 2023-07-04 03:00:48 --> Uncaught ErrorException: Undefined variable $activeTheme in /home/khabarnews/domains/khabarnews.com/public_html/app/Views/errors/html/error_404.php:2
Stack trace:
#0 /home/khabarnews/domains/khabarnews.com/public_html/app/Views/errors/html/error_404.php(2): CodeIgniter\Debug\Exceptions->errorHandler()
#1 /home/khabarnews/domains/khabarnews.com/public_html/system/Debug/Exceptions.php(284): include('...')
#2 /home/khabarnews/domains/khabarnews.com/public_html/system/Debug/Exceptions.php(287): CodeIgniter\Debug\Exceptions->CodeIgniter\Debug\{closure}()
#3 /home/khabarnews/domains/khabarnews.com/public_html/system/Debug/Exceptions.php(139): CodeIgniter\Debug\Exceptions->render()
#4 [internal function]: CodeIgniter\Debug\Exceptions->exceptionHandler()
#5 {main}
  thrown
in APPPATH/Views/errors/html/error_404.php on line 2.
 1 [internal function]: CodeIgniter\Debug\Exceptions->shutdownHandler()
CRITICAL - 2023-07-04 03:13:16 --> Attempt to read property "primary_font" on null
in APPPATH/Models/SettingsModel.php on line 600.
 1 APPPATH/Models/SettingsModel.php(600): CodeIgniter\Debug\Exceptions->errorHandler()
 2 APPPATH/Controllers/BaseController.php(83): App\Models\SettingsModel->getSelectedFonts()
 3 APPPATH/Controllers/HomeController.php(24): App\Controllers\BaseController->initController()
 4 SYSTEMPATH/CodeIgniter.php(890): App\Controllers\HomeController->initController()
 5 SYSTEMPATH/CodeIgniter.php(473): CodeIgniter\CodeIgniter->createController()
 6 SYSTEMPATH/CodeIgniter.php(351): CodeIgniter\CodeIgniter->handleRequest()
 7 FCPATH/index.php(78): CodeIgniter\CodeIgniter->run()
CRITICAL - 2023-07-04 03:17:26 --> Attempt to read property "primary_font" on null
in APPPATH/Models/SettingsModel.php on line 600.
 1 APPPATH/Models/SettingsModel.php(600): CodeIgniter\Debug\Exceptions->errorHandler()
 2 APPPATH/Controllers/BaseController.php(83): App\Models\SettingsModel->getSelectedFonts()
 3 APPPATH/Controllers/HomeController.php(24): App\Controllers\BaseController->initController()
 4 SYSTEMPATH/CodeIgniter.php(890): App\Controllers\HomeController->initController()
 5 SYSTEMPATH/CodeIgniter.php(473): CodeIgniter\CodeIgniter->createController()
 6 SYSTEMPATH/CodeIgniter.php(351): CodeIgniter\CodeIgniter->handleRequest()
 7 FCPATH/index.php(78): CodeIgniter\CodeIgniter->run()
CRITICAL - 2023-07-04 03:20:15 --> Attempt to read property "primary_font" on null
in APPPATH/Models/SettingsModel.php on line 600.
 1 APPPATH/Models/SettingsModel.php(600): CodeIgniter\Debug\Exceptions->errorHandler()
 2 APPPATH/Controllers/BaseController.php(83): App\Models\SettingsModel->getSelectedFonts()
 3 APPPATH/Controllers/HomeController.php(24): App\Controllers\BaseController->initController()
 4 SYSTEMPATH/CodeIgniter.php(890): App\Controllers\HomeController->initController()
 5 SYSTEMPATH/CodeIgniter.php(473): CodeIgniter\CodeIgniter->createController()
 6 SYSTEMPATH/CodeIgniter.php(351): CodeIgniter\CodeIgniter->handleRequest()
 7 FCPATH/index.php(78): CodeIgniter\CodeIgniter->run()
CRITICAL - 2023-07-04 03:21:48 --> Attempt to read property "primary_font" on null
in APPPATH/Models/SettingsModel.php on line 600.
 1 APPPATH/Models/SettingsModel.php(600): CodeIgniter\Debug\Exceptions->errorHandler()
 2 APPPATH/Controllers/BaseController.php(83): App\Models\SettingsModel->getSelectedFonts()
 3 APPPATH/Controllers/HomeController.php(24): App\Controllers\BaseController->initController()
 4 SYSTEMPATH/CodeIgniter.php(890): App\Controllers\HomeController->initController()
 5 SYSTEMPATH/CodeIgniter.php(473): CodeIgniter\CodeIgniter->createController()
 6 SYSTEMPATH/CodeIgniter.php(351): CodeIgniter\CodeIgniter->handleRequest()
 7 FCPATH/index.php(78): CodeIgniter\CodeIgniter->run()
CRITICAL - 2023-07-04 03:27:39 --> Uncaught ErrorException: Undefined variable $activeTheme in /home/khabarnews/domains/khabarnews.com/public_html/app/Views/errors/html/error_404.php:2
Stack trace:
#0 /home/khabarnews/domains/khabarnews.com/public_html/app/Views/errors/html/error_404.php(2): CodeIgniter\Debug\Exceptions->errorHandler()
#1 /home/khabarnews/domains/khabarnews.com/public_html/system/Debug/Exceptions.php(284): include('...')
#2 /home/khabarnews/domains/khabarnews.com/public_html/system/Debug/Exceptions.php(287): CodeIgniter\Debug\Exceptions->CodeIgniter\Debug\{closure}()
#3 /home/khabarnews/domains/khabarnews.com/public_html/system/Debug/Exceptions.php(139): CodeIgniter\Debug\Exceptions->render()
#4 [internal function]: CodeIgniter\Debug\Exceptions->exceptionHandler()
#5 {main}
  thrown
in APPPATH/Views/errors/html/error_404.php on line 2.
 1 [internal function]: CodeIgniter\Debug\Exceptions->shutdownHandler()
CRITICAL - 2023-07-04 03:31:20 --> Uncaught ErrorException: Undefined variable $activeTheme in /home/khabarnews/domains/khabarnews.com/public_html/app/Views/errors/html/error_404.php:2
Stack trace:
#0 /home/khabarnews/domains/khabarnews.com/public_html/app/Views/errors/html/error_404.php(2): CodeIgniter\Debug\Exceptions->errorHandler()
#1 /home/khabarnews/domains/khabarnews.com/public_html/system/Debug/Exceptions.php(284): include('...')
#2 /home/khabarnews/domains/khabarnews.com/public_html/system/Debug/Exceptions.php(287): CodeIgniter\Debug\Exceptions->CodeIgniter\Debug\{closure}()
#3 /home/khabarnews/domains/khabarnews.com/public_html/system/Debug/Exceptions.php(139): CodeIgniter\Debug\Exceptions->render()
#4 [internal function]: CodeIgniter\Debug\Exceptions->exceptionHandler()
#5 {main}
  thrown
in APPPATH/Views/errors/html/error_404.php on line 2.
 1 [internal function]: CodeIgniter\Debug\Exceptions->shutdownHandler()
CRITICAL - 2023-07-04 04:01:04 --> Uncaught ErrorException: Undefined variable $activeTheme in /home/khabarnews/domains/khabarnews.com/public_html/app/Views/errors/html/error_404.php:2
Stack trace:
#0 /home/khabarnews/domains/khabarnews.com/public_html/app/Views/errors/html/error_404.php(2): CodeIgniter\Debug\Exceptions->errorHandler()
#1 /home/khabarnews/domains/khabarnews.com/public_html/system/Debug/Exceptions.php(284): include('...')
#2 /home/khabarnews/domains/khabarnews.com/public_html/system/Debug/Exceptions.php(287): CodeIgniter\Debug\Exceptions->CodeIgniter\Debug\{closure}()
#3 /home/khabarnews/domains/khabarnews.com/public_html/system/Debug/Exceptions.php(139): CodeIgniter\Debug\Exceptions->render()
#4 [internal function]: CodeIgniter\Debug\Exceptions->exceptionHandler()
#5 {main}
  thrown
in APPPATH/Views/errors/html/error_404.php on line 2.
 1 [internal function]: CodeIgniter\Debug\Exceptions->shutdownHandler()
CRITICAL - 2023-07-04 04:30:17 --> Uncaught ErrorException: Undefined variable $activeTheme in /home/khabarnews/domains/khabarnews.com/public_html/app/Views/errors/html/error_404.php:2
Stack trace:
#0 /home/khabarnews/domains/khabarnews.com/public_html/app/Views/errors/html/error_404.php(2): CodeIgniter\Debug\Exceptions->errorHandler()
#1 /home/khabarnews/domains/khabarnews.com/public_html/system/Debug/Exceptions.php(284): include('...')
#2 /home/khabarnews/domains/khabarnews.com/public_html/system/Debug/Exceptions.php(287): CodeIgniter\Debug\Exceptions->CodeIgniter\Debug\{closure}()
#3 /home/khabarnews/domains/khabarnews.com/public_html/system/Debug/Exceptions.php(139): CodeIgniter\Debug\Exceptions->render()
#4 [internal function]: CodeIgniter\Debug\Exceptions->exceptionHandler()
#5 {main}
  thrown
in APPPATH/Views/errors/html/error_404.php on line 2.
 1 [internal function]: CodeIgniter\Debug\Exceptions->shutdownHandler()
CRITICAL - 2023-07-04 04:41:09 --> Attempt to read property "primary_font" on null
in APPPATH/Models/SettingsModel.php on line 600.
 1 APPPATH/Models/SettingsModel.php(600): CodeIgniter\Debug\Exceptions->errorHandler()
 2 APPPATH/Controllers/BaseController.php(83): App\Models\SettingsModel->getSelectedFonts()
 3 APPPATH/Controllers/HomeController.php(24): App\Controllers\BaseController->initController()
 4 SYSTEMPATH/CodeIgniter.php(890): App\Controllers\HomeController->initController()
 5 SYSTEMPATH/CodeIgniter.php(473): CodeIgniter\CodeIgniter->createController()
 6 SYSTEMPATH/CodeIgniter.php(351): CodeIgniter\CodeIgniter->handleRequest()
 7 FCPATH/index.php(78): CodeIgniter\CodeIgniter->run()
CRITICAL - 2023-07-04 04:42:40 --> Attempt to read property "primary_font" on null
in APPPATH/Models/SettingsModel.php on line 600.
 1 APPPATH/Models/SettingsModel.php(600): CodeIgniter\Debug\Exceptions->errorHandler()
 2 APPPATH/Controllers/BaseController.php(83): App\Models\SettingsModel->getSelectedFonts()
 3 APPPATH/Controllers/HomeController.php(24): App\Controllers\BaseController->initController()
 4 SYSTEMPATH/CodeIgniter.php(890): App\Controllers\HomeController->initController()
 5 SYSTEMPATH/CodeIgniter.php(473): CodeIgniter\CodeIgniter->createController()
 6 SYSTEMPATH/CodeIgniter.php(351): CodeIgniter\CodeIgniter->handleRequest()
 7 FCPATH/index.php(78): CodeIgniter\CodeIgniter->run()
CRITICAL - 2023-07-04 04:55:54 --> Undefined array key "HTTP_USER_AGENT"
in APPPATH/Common.php on line 2084.
 1 APPPATH/Common.php(2084): CodeIgniter\Debug\Exceptions->errorHandler()
 2 APPPATH/Models/PostModel.php(316): isBot()
 3 APPPATH/Controllers/HomeController.php(177): App\Models\PostModel->increasePostPageviews()
 4 APPPATH/Controllers/HomeController.php(105): App\Controllers\HomeController->post()
 5 SYSTEMPATH/CodeIgniter.php(927): App\Controllers\HomeController->any()
 6 SYSTEMPATH/CodeIgniter.php(482): CodeIgniter\CodeIgniter->runController()
 7 SYSTEMPATH/CodeIgniter.php(351): CodeIgniter\CodeIgniter->handleRequest()
 8 FCPATH/index.php(78): CodeIgniter\CodeIgniter->run()
CRITICAL - 2023-07-04 04:57:00 --> Undefined array key "HTTP_USER_AGENT"
in APPPATH/Common.php on line 2084.
 1 APPPATH/Common.php(2084): CodeIgniter\Debug\Exceptions->errorHandler()
 2 APPPATH/Models/PostModel.php(316): isBot()
 3 APPPATH/Controllers/HomeController.php(177): App\Models\PostModel->increasePostPageviews()
 4 APPPATH/Controllers/HomeController.php(105): App\Controllers\HomeController->post()
 5 SYSTEMPATH/CodeIgniter.php(927): App\Controllers\HomeController->any()
 6 SYSTEMPATH/CodeIgniter.php(482): CodeIgniter\CodeIgniter->runController()
 7 SYSTEMPATH/CodeIgniter.php(351): CodeIgniter\CodeIgniter->handleRequest()
 8 FCPATH/index.php(78): CodeIgniter\CodeIgniter->run()
CRITICAL - 2023-07-04 05:01:07 --> Uncaught ErrorException: Undefined variable $activeTheme in /home/khabarnews/domains/khabarnews.com/public_html/app/Views/errors/html/error_404.php:2
Stack trace:
#0 /home/khabarnews/domains/khabarnews.com/public_html/app/Views/errors/html/error_404.php(2): CodeIgniter\Debug\Exceptions->errorHandler()
#1 /home/khabarnews/domains/khabarnews.com/public_html/system/Debug/Exceptions.php(284): include('...')
#2 /home/khabarnews/domains/khabarnews.com/public_html/system/Debug/Exceptions.php(287): CodeIgniter\Debug\Exceptions->CodeIgniter\Debug\{closure}()
#3 /home/khabarnews/domains/khabarnews.com/public_html/system/Debug/Exceptions.php(139): CodeIgniter\Debug\Exceptions->render()
#4 [internal function]: CodeIgniter\Debug\Exceptions->exceptionHandler()
#5 {main}
  thrown
in APPPATH/Views/errors/html/error_404.php on line 2.
 1 [internal function]: CodeIgniter\Debug\Exceptions->shutdownHandler()
CRITICAL - 2023-07-04 05:02:37 --> Undefined array key "HTTP_USER_AGENT"
in APPPATH/Common.php on line 2084.
 1 APPPATH/Common.php(2084): CodeIgniter\Debug\Exceptions->errorHandler()
 2 APPPATH/Models/PostModel.php(316): isBot()
 3 APPPATH/Controllers/HomeController.php(177): App\Models\PostModel->increasePostPageviews()
 4 APPPATH/Controllers/HomeController.php(105): App\Controllers\HomeController->post()
 5 SYSTEMPATH/CodeIgniter.php(927): App\Controllers\HomeController->any()
 6 SYSTEMPATH/CodeIgniter.php(482): CodeIgniter\CodeIgniter->runController()
 7 SYSTEMPATH/CodeIgniter.php(351): CodeIgniter\CodeIgniter->handleRequest()
 8 FCPATH/index.php(78): CodeIgniter\CodeIgniter->run()
CRITICAL - 2023-07-04 05:05:21 --> Undefined array key "HTTP_USER_AGENT"
in APPPATH/Common.php on line 2084.
 1 APPPATH/Common.php(2084): CodeIgniter\Debug\Exceptions->errorHandler()
 2 APPPATH/Models/PostModel.php(316): isBot()
 3 APPPATH/Controllers/HomeController.php(177): App\Models\PostModel->increasePostPageviews()
 4 APPPATH/Controllers/HomeController.php(105): App\Controllers\HomeController->post()
 5 SYSTEMPATH/CodeIgniter.php(927): App\Controllers\HomeController->any()
 6 SYSTEMPATH/CodeIgniter.php(482): CodeIgniter\CodeIgniter->runController()
 7 SYSTEMPATH/CodeIgniter.php(351): CodeIgniter\CodeIgniter->handleRequest()
 8 FCPATH/index.php(78): CodeIgniter\CodeIgniter->run()
CRITICAL - 2023-07-04 05:06:25 --> Undefined array key "HTTP_USER_AGENT"
in APPPATH/Common.php on line 2084.
 1 APPPATH/Common.php(2084): CodeIgniter\Debug\Exceptions->errorHandler()
 2 APPPATH/Models/PostModel.php(316): isBot()
 3 APPPATH/Controllers/HomeController.php(177): App\Models\PostModel->increasePostPageviews()
 4 APPPATH/Controllers/HomeController.php(105): App\Controllers\HomeController->post()
 5 SYSTEMPATH/CodeIgniter.php(927): App\Controllers\HomeController->any()
 6 SYSTEMPATH/CodeIgniter.php(482): CodeIgniter\CodeIgniter->runController()
 7 SYSTEMPATH/CodeIgniter.php(351): CodeIgniter\CodeIgniter->handleRequest()
 8 FCPATH/index.php(78): CodeIgniter\CodeIgniter->run()
CRITICAL - 2023-07-04 05:15:18 --> Undefined array key "HTTP_USER_AGENT"
in APPPATH/Common.php on line 2084.
 1 APPPATH/Common.php(2084): CodeIgniter\Debug\Exceptions->errorHandler()
 2 APPPATH/Models/PostModel.php(316): isBot()
 3 APPPATH/Controllers/HomeController.php(177): App\Models\PostModel->increasePostPageviews()
 4 APPPATH/Controllers/HomeController.php(105): App\Controllers\HomeController->post()
 5 SYSTEMPATH/CodeIgniter.php(927): App\Controllers\HomeController->any()
 6 SYSTEMPATH/CodeIgniter.php(482): CodeIgniter\CodeIgniter->runController()
 7 SYSTEMPATH/CodeIgniter.php(351): CodeIgniter\CodeIgniter->handleRequest()
 8 FCPATH/index.php(78): CodeIgniter\CodeIgniter->run()
CRITICAL - 2023-07-04 05:25:35 --> Undefined array key "HTTP_USER_AGENT"
in APPPATH/Common.php on line 2084.
 1 APPPATH/Common.php(2084): CodeIgniter\Debug\Exceptions->errorHandler()
 2 APPPATH/Models/PostModel.php(316): isBot()
 3 APPPATH/Controllers/HomeController.php(177): App\Models\PostModel->increasePostPageviews()
 4 APPPATH/Controllers/HomeController.php(105): App\Controllers\HomeController->post()
 5 SYSTEMPATH/CodeIgniter.php(927): App\Controllers\HomeController->any()
 6 SYSTEMPATH/CodeIgniter.php(482): CodeIgniter\CodeIgniter->runController()
 7 SYSTEMPATH/CodeIgniter.php(351): CodeIgniter\CodeIgniter->handleRequest()
 8 FCPATH/index.php(78): CodeIgniter\CodeIgniter->run()
CRITICAL - 2023-07-04 05:27:37 --> Undefined array key "HTTP_USER_AGENT"
in APPPATH/Common.php on line 2084.
 1 APPPATH/Common.php(2084): CodeIgniter\Debug\Exceptions->errorHandler()
 2 APPPATH/Models/PostModel.php(316): isBot()
 3 APPPATH/Controllers/HomeController.php(177): App\Models\PostModel->increasePostPageviews()
 4 APPPATH/Controllers/HomeController.php(105): App\Controllers\HomeController->post()
 5 SYSTEMPATH/CodeIgniter.php(927): App\Controllers\HomeController->any()
 6 SYSTEMPATH/CodeIgniter.php(482): CodeIgniter\CodeIgniter->runController()
 7 SYSTEMPATH/CodeIgniter.php(351): CodeIgniter\CodeIgniter->handleRequest()
 8 FCPATH/index.php(78): CodeIgniter\CodeIgniter->run()
CRITICAL - 2023-07-04 05:30:14 --> Uncaught ErrorException: Undefined variable $activeTheme in /home/khabarnews/domains/khabarnews.com/public_html/app/Views/errors/html/error_404.php:2
Stack trace:
#0 /home/khabarnews/domains/khabarnews.com/public_html/app/Views/errors/html/error_404.php(2): CodeIgniter\Debug\Exceptions->errorHandler()
#1 /home/khabarnews/domains/khabarnews.com/public_html/system/Debug/Exceptions.php(284): include('...')
#2 /home/khabarnews/domains/khabarnews.com/public_html/system/Debug/Exceptions.php(287): CodeIgniter\Debug\Exceptions->CodeIgniter\Debug\{closure}()
#3 /home/khabarnews/domains/khabarnews.com/public_html/system/Debug/Exceptions.php(139): CodeIgniter\Debug\Exceptions->render()
#4 [internal function]: CodeIgniter\Debug\Exceptions->exceptionHandler()
#5 {main}
  thrown
in APPPATH/Views/errors/html/error_404.php on line 2.
 1 [internal function]: CodeIgniter\Debug\Exceptions->shutdownHandler()
CRITICAL - 2023-07-04 05:38:13 --> Undefined array key "HTTP_USER_AGENT"
in APPPATH/Common.php on line 2084.
 1 APPPATH/Common.php(2084): CodeIgniter\Debug\Exceptions->errorHandler()
 2 APPPATH/Models/PostModel.php(316): isBot()
 3 APPPATH/Controllers/HomeController.php(177): App\Models\PostModel->increasePostPageviews()
 4 APPPATH/Controllers/HomeController.php(105): App\Controllers\HomeController->post()
 5 SYSTEMPATH/CodeIgniter.php(927): App\Controllers\HomeController->any()
 6 SYSTEMPATH/CodeIgniter.php(482): CodeIgniter\CodeIgniter->runController()
 7 SYSTEMPATH/CodeIgniter.php(351): CodeIgniter\CodeIgniter->handleRequest()
 8 FCPATH/index.php(78): CodeIgniter\CodeIgniter->run()
CRITICAL - 2023-07-04 05:39:19 --> Undefined array key "HTTP_USER_AGENT"
in APPPATH/Common.php on line 2084.
 1 APPPATH/Common.php(2084): CodeIgniter\Debug\Exceptions->errorHandler()
 2 APPPATH/Models/PostModel.php(316): isBot()
 3 APPPATH/Controllers/HomeController.php(177): App\Models\PostModel->increasePostPageviews()
 4 APPPATH/Controllers/HomeController.php(105): App\Controllers\HomeController->post()
 5 SYSTEMPATH/CodeIgniter.php(927): App\Controllers\HomeController->any()
 6 SYSTEMPATH/CodeIgniter.php(482): CodeIgniter\CodeIgniter->runController()
 7 SYSTEMPATH/CodeIgniter.php(351): CodeIgniter\CodeIgniter->handleRequest()
 8 FCPATH/index.php(78): CodeIgniter\CodeIgniter->run()
CRITICAL - 2023-07-04 05:53:14 --> Attempt to read property "primary_font" on null
in APPPATH/Models/SettingsModel.php on line 600.
 1 APPPATH/Models/SettingsModel.php(600): CodeIgniter\Debug\Exceptions->errorHandler()
 2 APPPATH/Controllers/BaseController.php(83): App\Models\SettingsModel->getSelectedFonts()
 3 APPPATH/Controllers/HomeController.php(24): App\Controllers\BaseController->initController()
 4 SYSTEMPATH/CodeIgniter.php(890): App\Controllers\HomeController->initController()
 5 SYSTEMPATH/CodeIgniter.php(473): CodeIgniter\CodeIgniter->createController()
 6 SYSTEMPATH/CodeIgniter.php(351): CodeIgniter\CodeIgniter->handleRequest()
 7 FCPATH/index.php(78): CodeIgniter\CodeIgniter->run()
CRITICAL - 2023-07-04 06:00:40 --> Uncaught ErrorException: Undefined variable $activeTheme in /home/khabarnews/domains/khabarnews.com/public_html/app/Views/errors/html/error_404.php:2
Stack trace:
#0 /home/khabarnews/domains/khabarnews.com/public_html/app/Views/errors/html/error_404.php(2): CodeIgniter\Debug\Exceptions->errorHandler()
#1 /home/khabarnews/domains/khabarnews.com/public_html/system/Debug/Exceptions.php(284): include('...')
#2 /home/khabarnews/domains/khabarnews.com/public_html/system/Debug/Exceptions.php(287): CodeIgniter\Debug\Exceptions->CodeIgniter\Debug\{closure}()
#3 /home/khabarnews/domains/khabarnews.com/public_html/system/Debug/Exceptions.php(139): CodeIgniter\Debug\Exceptions->render()
#4 [internal function]: CodeIgniter\Debug\Exceptions->exceptionHandler()
#5 {main}
  thrown
in APPPATH/Views/errors/html/error_404.php on line 2.
 1 [internal function]: CodeIgniter\Debug\Exceptions->shutdownHandler()
CRITICAL - 2023-07-04 06:34:05 --> Uncaught ErrorException: Undefined variable $activeTheme in /home/khabarnews/domains/khabarnews.com/public_html/app/Views/errors/html/error_404.php:2
Stack trace:
#0 /home/khabarnews/domains/khabarnews.com/public_html/app/Views/errors/html/error_404.php(2): CodeIgniter\Debug\Exceptions->errorHandler()
#1 /home/khabarnews/domains/khabarnews.com/public_html/system/Debug/Exceptions.php(284): include('...')
#2 /home/khabarnews/domains/khabarnews.com/public_html/system/Debug/Exceptions.php(287): CodeIgniter\Debug\Exceptions->CodeIgniter\Debug\{closure}()
#3 /home/khabarnews/domains/khabarnews.com/public_html/system/Debug/Exceptions.php(139): CodeIgniter\Debug\Exceptions->render()
#4 [internal function]: CodeIgniter\Debug\Exceptions->exceptionHandler()
#5 {main}
  thrown
in APPPATH/Views/errors/html/error_404.php on line 2.
 1 [internal function]: CodeIgniter\Debug\Exceptions->shutdownHandler()
CRITICAL - 2023-07-04 07:01:20 --> Uncaught ErrorException: Undefined variable $activeTheme in /home/khabarnews/domains/khabarnews.com/public_html/app/Views/errors/html/error_404.php:2
Stack trace:
#0 /home/khabarnews/domains/khabarnews.com/public_html/app/Views/errors/html/error_404.php(2): CodeIgniter\Debug\Exceptions->errorHandler()
#1 /home/khabarnews/domains/khabarnews.com/public_html/system/Debug/Exceptions.php(284): include('...')
#2 /home/khabarnews/domains/khabarnews.com/public_html/system/Debug/Exceptions.php(287): CodeIgniter\Debug\Exceptions->CodeIgniter\Debug\{closure}()
#3 /home/khabarnews/domains/khabarnews.com/public_html/system/Debug/Exceptions.php(139): CodeIgniter\Debug\Exceptions->render()
#4 [internal function]: CodeIgniter\Debug\Exceptions->exceptionHandler()
#5 {main}
  thrown
in APPPATH/Views/errors/html/error_404.php on line 2.
 1 [internal function]: CodeIgniter\Debug\Exceptions->shutdownHandler()
CRITICAL - 2023-07-04 07:31:02 --> Uncaught ErrorException: Undefined variable $activeTheme in /home/khabarnews/domains/khabarnews.com/public_html/app/Views/errors/html/error_404.php:2
Stack trace:
#0 /home/khabarnews/domains/khabarnews.com/public_html/app/Views/errors/html/error_404.php(2): CodeIgniter\Debug\Exceptions->errorHandler()
#1 /home/khabarnews/domains/khabarnews.com/public_html/system/Debug/Exceptions.php(284): include('...')
#2 /home/khabarnews/domains/khabarnews.com/public_html/system/Debug/Exceptions.php(287): CodeIgniter\Debug\Exceptions->CodeIgniter\Debug\{closure}()
#3 /home/khabarnews/domains/khabarnews.com/public_html/system/Debug/Exceptions.php(139): CodeIgniter\Debug\Exceptions->render()
#4 [internal function]: CodeIgniter\Debug\Exceptions->exceptionHandler()
#5 {main}
  thrown
in APPPATH/Views/errors/html/error_404.php on line 2.
 1 [internal function]: CodeIgniter\Debug\Exceptions->shutdownHandler()
CRITICAL - 2023-07-04 07:42:43 --> Uncaught ErrorException: Undefined variable $activeTheme in /home/khabarnews/domains/khabarnews.com/public_html/app/Views/errors/html/error_404.php:2
Stack trace:
#0 /home/khabarnews/domains/khabarnews.com/public_html/app/Views/errors/html/error_404.php(2): CodeIgniter\Debug\Exceptions->errorHandler()
#1 /home/khabarnews/domains/khabarnews.com/public_html/system/Debug/Exceptions.php(284): include('...')
#2 /home/khabarnews/domains/khabarnews.com/public_html/system/Debug/Exceptions.php(287): CodeIgniter\Debug\Exceptions->CodeIgniter\Debug\{closure}()
#3 /home/khabarnews/domains/khabarnews.com/public_html/system/Debug/Exceptions.php(139): CodeIgniter\Debug\Exceptions->render()
#4 [internal function]: CodeIgniter\Debug\Exceptions->exceptionHandler()
#5 {main}
  thrown
in APPPATH/Views/errors/html/error_404.php on line 2.
 1 [internal function]: CodeIgniter\Debug\Exceptions->shutdownHandler()
CRITICAL - 2023-07-04 08:01:34 --> Uncaught ErrorException: Undefined variable $activeTheme in /home/khabarnews/domains/khabarnews.com/public_html/app/Views/errors/html/error_404.php:2
Stack trace:
#0 /home/khabarnews/domains/khabarnews.com/public_html/app/Views/errors/html/error_404.php(2): CodeIgniter\Debug\Exceptions->errorHandler()
#1 /home/khabarnews/domains/khabarnews.com/public_html/system/Debug/Exceptions.php(284): include('...')
#2 /home/khabarnews/domains/khabarnews.com/public_html/system/Debug/Exceptions.php(287): CodeIgniter\Debug\Exceptions->CodeIgniter\Debug\{closure}()
#3 /home/khabarnews/domains/khabarnews.com/public_html/system/Debug/Exceptions.php(139): CodeIgniter\Debug\Exceptions->render()
#4 [internal function]: CodeIgniter\Debug\Exceptions->exceptionHandler()
#5 {main}
  thrown
in APPPATH/Views/errors/html/error_404.php on line 2.
 1 [internal function]: CodeIgniter\Debug\Exceptions->shutdownHandler()
CRITICAL - 2023-07-04 08:31:18 --> Uncaught ErrorException: Undefined variable $activeTheme in /home/khabarnews/domains/khabarnews.com/public_html/app/Views/errors/html/error_404.php:2
Stack trace:
#0 /home/khabarnews/domains/khabarnews.com/public_html/app/Views/errors/html/error_404.php(2): CodeIgniter\Debug\Exceptions->errorHandler()
#1 /home/khabarnews/domains/khabarnews.com/public_html/system/Debug/Exceptions.php(284): include('...')
#2 /home/khabarnews/domains/khabarnews.com/public_html/system/Debug/Exceptions.php(287): CodeIgniter\Debug\Exceptions->CodeIgniter\Debug\{closure}()
#3 /home/khabarnews/domains/khabarnews.com/public_html/system/Debug/Exceptions.php(139): CodeIgniter\Debug\Exceptions->render()
#4 [internal function]: CodeIgniter\Debug\Exceptions->exceptionHandler()
#5 {main}
  thrown
in APPPATH/Views/errors/html/error_404.php on line 2.
 1 [internal function]: CodeIgniter\Debug\Exceptions->shutdownHandler()
CRITICAL - 2023-07-04 09:01:44 --> Uncaught ErrorException: Undefined variable $activeTheme in /home/khabarnews/domains/khabarnews.com/public_html/app/Views/errors/html/error_404.php:2
Stack trace:
#0 /home/khabarnews/domains/khabarnews.com/public_html/app/Views/errors/html/error_404.php(2): CodeIgniter\Debug\Exceptions->errorHandler()
#1 /home/khabarnews/domains/khabarnews.com/public_html/system/Debug/Exceptions.php(284): include('...')
#2 /home/khabarnews/domains/khabarnews.com/public_html/system/Debug/Exceptions.php(287): CodeIgniter\Debug\Exceptions->CodeIgniter\Debug\{closure}()
#3 /home/khabarnews/domains/khabarnews.com/public_html/system/Debug/Exceptions.php(139): CodeIgniter\Debug\Exceptions->render()
#4 [internal function]: CodeIgniter\Debug\Exceptions->exceptionHandler()
#5 {main}
  thrown
in APPPATH/Views/errors/html/error_404.php on line 2.
 1 [internal function]: CodeIgniter\Debug\Exceptions->shutdownHandler()
CRITICAL - 2023-07-04 09:31:55 --> Uncaught ErrorException: Undefined variable $activeTheme in /home/khabarnews/domains/khabarnews.com/public_html/app/Views/errors/html/error_404.php:2
Stack trace:
#0 /home/khabarnews/domains/khabarnews.com/public_html/app/Views/errors/html/error_404.php(2): CodeIgniter\Debug\Exceptions->errorHandler()
#1 /home/khabarnews/domains/khabarnews.com/public_html/system/Debug/Exceptions.php(284): include('...')
#2 /home/khabarnews/domains/khabarnews.com/public_html/system/Debug/Exceptions.php(287): CodeIgniter\Debug\Exceptions->CodeIgniter\Debug\{closure}()
#3 /home/khabarnews/domains/khabarnews.com/public_html/system/Debug/Exceptions.php(139): CodeIgniter\Debug\Exceptions->render()
#4 [internal function]: CodeIgniter\Debug\Exceptions->exceptionHandler()
#5 {main}
  thrown
in APPPATH/Views/errors/html/error_404.php on line 2.
 1 [internal function]: CodeIgniter\Debug\Exceptions->shutdownHandler()
CRITICAL - 2023-07-04 09:32:10 --> Uncaught ErrorException: Undefined variable $activeTheme in /home/khabarnews/domains/khabarnews.com/public_html/app/Views/errors/html/error_404.php:2
Stack trace:
#0 /home/khabarnews/domains/khabarnews.com/public_html/app/Views/errors/html/error_404.php(2): CodeIgniter\Debug\Exceptions->errorHandler()
#1 /home/khabarnews/domains/khabarnews.com/public_html/system/Debug/Exceptions.php(284): include('...')
#2 /home/khabarnews/domains/khabarnews.com/public_html/system/Debug/Exceptions.php(287): CodeIgniter\Debug\Exceptions->CodeIgniter\Debug\{closure}()
#3 /home/khabarnews/domains/khabarnews.com/public_html/system/Debug/Exceptions.php(139): CodeIgniter\Debug\Exceptions->render()
#4 [internal function]: CodeIgniter\Debug\Exceptions->exceptionHandler()
#5 {main}
  thrown
in APPPATH/Views/errors/html/error_404.php on line 2.
 1 [internal function]: CodeIgniter\Debug\Exceptions->shutdownHandler()
CRITICAL - 2023-07-04 10:00:42 --> Uncaught ErrorException: Undefined variable $activeTheme in /home/khabarnews/domains/khabarnews.com/public_html/app/Views/errors/html/error_404.php:2
Stack trace:
#0 /home/khabarnews/domains/khabarnews.com/public_html/app/Views/errors/html/error_404.php(2): CodeIgniter\Debug\Exceptions->errorHandler()
#1 /home/khabarnews/domains/khabarnews.com/public_html/system/Debug/Exceptions.php(284): include('...')
#2 /home/khabarnews/domains/khabarnews.com/public_html/system/Debug/Exceptions.php(287): CodeIgniter\Debug\Exceptions->CodeIgniter\Debug\{closure}()
#3 /home/khabarnews/domains/khabarnews.com/public_html/system/Debug/Exceptions.php(139): CodeIgniter\Debug\Exceptions->render()
#4 [internal function]: CodeIgniter\Debug\Exceptions->exceptionHandler()
#5 {main}
  thrown
in APPPATH/Views/errors/html/error_404.php on line 2.
 1 [internal function]: CodeIgniter\Debug\Exceptions->shutdownHandler()
CRITICAL - 2023-07-04 10:28:19 --> Uncaught ErrorException: Undefined variable $activeTheme in /home/khabarnews/domains/khabarnews.com/public_html/app/Views/errors/html/error_404.php:2
Stack trace:
#0 /home/khabarnews/domains/khabarnews.com/public_html/app/Views/errors/html/error_404.php(2): CodeIgniter\Debug\Exceptions->errorHandler()
#1 /home/khabarnews/domains/khabarnews.com/public_html/system/Debug/Exceptions.php(284): include('...')
#2 /home/khabarnews/domains/khabarnews.com/public_html/system/Debug/Exceptions.php(287): CodeIgniter\Debug\Exceptions->CodeIgniter\Debug\{closure}()
#3 /home/khabarnews/domains/khabarnews.com/public_html/system/Debug/Exceptions.php(139): CodeIgniter\Debug\Exceptions->render()
#4 [internal function]: CodeIgniter\Debug\Exceptions->exceptionHandler()
#5 {main}
  thrown
in APPPATH/Views/errors/html/error_404.php on line 2.
 1 [internal function]: CodeIgniter\Debug\Exceptions->shutdownHandler()
CRITICAL - 2023-07-04 10:31:57 --> Uncaught ErrorException: Undefined variable $activeTheme in /home/khabarnews/domains/khabarnews.com/public_html/app/Views/errors/html/error_404.php:2
Stack trace:
#0 /home/khabarnews/domains/khabarnews.com/public_html/app/Views/errors/html/error_404.php(2): CodeIgniter\Debug\Exceptions->errorHandler()
#1 /home/khabarnews/domains/khabarnews.com/public_html/system/Debug/Exceptions.php(284): include('...')
#2 /home/khabarnews/domains/khabarnews.com/public_html/system/Debug/Exceptions.php(287): CodeIgniter\Debug\Exceptions->CodeIgniter\Debug\{closure}()
#3 /home/khabarnews/domains/khabarnews.com/public_html/system/Debug/Exceptions.php(139): CodeIgniter\Debug\Exceptions->render()
#4 [internal function]: CodeIgniter\Debug\Exceptions->exceptionHandler()
#5 {main}
  thrown
in APPPATH/Views/errors/html/error_404.php on line 2.
 1 [internal function]: CodeIgniter\Debug\Exceptions->shutdownHandler()
CRITICAL - 2023-07-04 10:51:51 --> Uncaught ErrorException: Undefined variable $activeTheme in /home/khabarnews/domains/khabarnews.com/public_html/app/Views/errors/html/error_404.php:2
Stack trace:
#0 /home/khabarnews/domains/khabarnews.com/public_html/app/Views/errors/html/error_404.php(2): CodeIgniter\Debug\Exceptions->errorHandler()
#1 /home/khabarnews/domains/khabarnews.com/public_html/system/Debug/Exceptions.php(284): include('...')
#2 /home/khabarnews/domains/khabarnews.com/public_html/system/Debug/Exceptions.php(287): CodeIgniter\Debug\Exceptions->CodeIgniter\Debug\{closure}()
#3 /home/khabarnews/domains/khabarnews.com/public_html/system/Debug/Exceptions.php(139): CodeIgniter\Debug\Exceptions->render()
#4 [internal function]: CodeIgniter\Debug\Exceptions->exceptionHandler()
#5 {main}
  thrown
in APPPATH/Views/errors/html/error_404.php on line 2.
 1 [internal function]: CodeIgniter\Debug\Exceptions->shutdownHandler()
CRITICAL - 2023-07-04 11:02:17 --> Uncaught ErrorException: Undefined variable $activeTheme in /home/khabarnews/domains/khabarnews.com/public_html/app/Views/errors/html/error_404.php:2
Stack trace:
#0 /home/khabarnews/domains/khabarnews.com/public_html/app/Views/errors/html/error_404.php(2): CodeIgniter\Debug\Exceptions->errorHandler()
#1 /home/khabarnews/domains/khabarnews.com/public_html/system/Debug/Exceptions.php(284): include('...')
#2 /home/khabarnews/domains/khabarnews.com/public_html/system/Debug/Exceptions.php(287): CodeIgniter\Debug\Exceptions->CodeIgniter\Debug\{closure}()
#3 /home/khabarnews/domains/khabarnews.com/public_html/system/Debug/Exceptions.php(139): CodeIgniter\Debug\Exceptions->render()
#4 [internal function]: CodeIgniter\Debug\Exceptions->exceptionHandler()
#5 {main}
  thrown
in APPPATH/Views/errors/html/error_404.php on line 2.
 1 [internal function]: CodeIgniter\Debug\Exceptions->shutdownHandler()
CRITICAL - 2023-07-04 11:05:00 --> Uncaught ErrorException: Undefined variable $activeTheme in /home/khabarnews/domains/khabarnews.com/public_html/app/Views/errors/html/error_404.php:2
Stack trace:
#0 /home/khabarnews/domains/khabarnews.com/public_html/app/Views/errors/html/error_404.php(2): CodeIgniter\Debug\Exceptions->errorHandler()
#1 /home/khabarnews/domains/khabarnews.com/public_html/system/Debug/Exceptions.php(284): include('...')
#2 /home/khabarnews/domains/khabarnews.com/public_html/system/Debug/Exceptions.php(287): CodeIgniter\Debug\Exceptions->CodeIgniter\Debug\{closure}()
#3 /home/khabarnews/domains/khabarnews.com/public_html/system/Debug/Exceptions.php(139): CodeIgniter\Debug\Exceptions->render()
#4 [internal function]: CodeIgniter\Debug\Exceptions->exceptionHandler()
#5 {main}
  thrown
in APPPATH/Views/errors/html/error_404.php on line 2.
 1 [internal function]: CodeIgniter\Debug\Exceptions->shutdownHandler()
CRITICAL - 2023-07-04 11:14:09 --> Uncaught ErrorException: Undefined variable $activeTheme in /home/khabarnews/domains/khabarnews.com/public_html/app/Views/errors/html/error_404.php:2
Stack trace:
#0 /home/khabarnews/domains/khabarnews.com/public_html/app/Views/errors/html/error_404.php(2): CodeIgniter\Debug\Exceptions->errorHandler()
#1 /home/khabarnews/domains/khabarnews.com/public_html/system/Debug/Exceptions.php(284): include('...')
#2 /home/khabarnews/domains/khabarnews.com/public_html/system/Debug/Exceptions.php(287): CodeIgniter\Debug\Exceptions->CodeIgniter\Debug\{closure}()
#3 /home/khabarnews/domains/khabarnews.com/public_html/system/Debug/Exceptions.php(139): CodeIgniter\Debug\Exceptions->render()
#4 [internal function]: CodeIgniter\Debug\Exceptions->exceptionHandler()
#5 {main}
  thrown
in APPPATH/Views/errors/html/error_404.php on line 2.
 1 [internal function]: CodeIgniter\Debug\Exceptions->shutdownHandler()
CRITICAL - 2023-07-04 11:34:28 --> Uncaught ErrorException: Undefined variable $activeTheme in /home/khabarnews/domains/khabarnews.com/public_html/app/Views/errors/html/error_404.php:2
Stack trace:
#0 /home/khabarnews/domains/khabarnews.com/public_html/app/Views/errors/html/error_404.php(2): CodeIgniter\Debug\Exceptions->errorHandler()
#1 /home/khabarnews/domains/khabarnews.com/public_html/system/Debug/Exceptions.php(284): include('...')
#2 /home/khabarnews/domains/khabarnews.com/public_html/system/Debug/Exceptions.php(287): CodeIgniter\Debug\Exceptions->CodeIgniter\Debug\{closure}()
#3 /home/khabarnews/domains/khabarnews.com/public_html/system/Debug/Exceptions.php(139): CodeIgniter\Debug\Exceptions->render()
#4 [internal function]: CodeIgniter\Debug\Exceptions->exceptionHandler()
#5 {main}
  thrown
in APPPATH/Views/errors/html/error_404.php on line 2.
 1 [internal function]: CodeIgniter\Debug\Exceptions->shutdownHandler()
CRITICAL - 2023-07-04 12:01:36 --> Uncaught ErrorException: Undefined variable $activeTheme in /home/khabarnews/domains/khabarnews.com/public_html/app/Views/errors/html/error_404.php:2
Stack trace:
#0 /home/khabarnews/domains/khabarnews.com/public_html/app/Views/errors/html/error_404.php(2): CodeIgniter\Debug\Exceptions->errorHandler()
#1 /home/khabarnews/domains/khabarnews.com/public_html/system/Debug/Exceptions.php(284): include('...')
#2 /home/khabarnews/domains/khabarnews.com/public_html/system/Debug/Exceptions.php(287): CodeIgniter\Debug\Exceptions->CodeIgniter\Debug\{closure}()
#3 /home/khabarnews/domains/khabarnews.com/public_html/system/Debug/Exceptions.php(139): CodeIgniter\Debug\Exceptions->render()
#4 [internal function]: CodeIgniter\Debug\Exceptions->exceptionHandler()
#5 {main}
  thrown
in APPPATH/Views/errors/html/error_404.php on line 2.
 1 [internal function]: CodeIgniter\Debug\Exceptions->shutdownHandler()
CRITICAL - 2023-07-04 12:12:33 --> Attempt to read property "primary_font" on null
in APPPATH/Models/SettingsModel.php on line 600.
 1 APPPATH/Models/SettingsModel.php(600): CodeIgniter\Debug\Exceptions->errorHandler()
 2 APPPATH/Controllers/BaseController.php(83): App\Models\SettingsModel->getSelectedFonts()
 3 APPPATH/Controllers/HomeController.php(24): App\Controllers\BaseController->initController()
 4 SYSTEMPATH/CodeIgniter.php(890): App\Controllers\HomeController->initController()
 5 SYSTEMPATH/CodeIgniter.php(473): CodeIgniter\CodeIgniter->createController()
 6 SYSTEMPATH/CodeIgniter.php(351): CodeIgniter\CodeIgniter->handleRequest()
 7 FCPATH/index.php(78): CodeIgniter\CodeIgniter->run()
CRITICAL - 2023-07-04 12:14:35 --> Attempt to read property "primary_font" on null
in APPPATH/Models/SettingsModel.php on line 600.
 1 APPPATH/Models/SettingsModel.php(600): CodeIgniter\Debug\Exceptions->errorHandler()
 2 APPPATH/Controllers/BaseController.php(83): App\Models\SettingsModel->getSelectedFonts()
 3 APPPATH/Controllers/HomeController.php(24): App\Controllers\BaseController->initController()
 4 SYSTEMPATH/CodeIgniter.php(890): App\Controllers\HomeController->initController()
 5 SYSTEMPATH/CodeIgniter.php(473): CodeIgniter\CodeIgniter->createController()
 6 SYSTEMPATH/CodeIgniter.php(351): CodeIgniter\CodeIgniter->handleRequest()
 7 FCPATH/index.php(78): CodeIgniter\CodeIgniter->run()
CRITICAL - 2023-07-04 12:16:13 --> Attempt to read property "primary_font" on null
in APPPATH/Models/SettingsModel.php on line 600.
 1 APPPATH/Models/SettingsModel.php(600): CodeIgniter\Debug\Exceptions->errorHandler()
 2 APPPATH/Controllers/BaseController.php(83): App\Models\SettingsModel->getSelectedFonts()
 3 APPPATH/Controllers/HomeController.php(24): App\Controllers\BaseController->initController()
 4 SYSTEMPATH/CodeIgniter.php(890): App\Controllers\HomeController->initController()
 5 SYSTEMPATH/CodeIgniter.php(473): CodeIgniter\CodeIgniter->createController()
 6 SYSTEMPATH/CodeIgniter.php(351): CodeIgniter\CodeIgniter->handleRequest()
 7 FCPATH/index.php(78): CodeIgniter\CodeIgniter->run()
CRITICAL - 2023-07-04 12:35:40 --> Uncaught ErrorException: Undefined variable $activeTheme in /home/khabarnews/domains/khabarnews.com/public_html/app/Views/errors/html/error_404.php:2
Stack trace:
#0 /home/khabarnews/domains/khabarnews.com/public_html/app/Views/errors/html/error_404.php(2): CodeIgniter\Debug\Exceptions->errorHandler()
#1 /home/khabarnews/domains/khabarnews.com/public_html/system/Debug/Exceptions.php(284): include('...')
#2 /home/khabarnews/domains/khabarnews.com/public_html/system/Debug/Exceptions.php(287): CodeIgniter\Debug\Exceptions->CodeIgniter\Debug\{closure}()
#3 /home/khabarnews/domains/khabarnews.com/public_html/system/Debug/Exceptions.php(139): CodeIgniter\Debug\Exceptions->render()
#4 [internal function]: CodeIgniter\Debug\Exceptions->exceptionHandler()
#5 {main}
  thrown
in APPPATH/Views/errors/html/error_404.php on line 2.
 1 [internal function]: CodeIgniter\Debug\Exceptions->shutdownHandler()
CRITICAL - 2023-07-04 13:02:46 --> Uncaught ErrorException: Undefined variable $activeTheme in /home/khabarnews/domains/khabarnews.com/public_html/app/Views/errors/html/error_404.php:2
Stack trace:
#0 /home/khabarnews/domains/khabarnews.com/public_html/app/Views/errors/html/error_404.php(2): CodeIgniter\Debug\Exceptions->errorHandler()
#1 /home/khabarnews/domains/khabarnews.com/public_html/system/Debug/Exceptions.php(284): include('...')
#2 /home/khabarnews/domains/khabarnews.com/public_html/system/Debug/Exceptions.php(287): CodeIgniter\Debug\Exceptions->CodeIgniter\Debug\{closure}()
#3 /home/khabarnews/domains/khabarnews.com/public_html/system/Debug/Exceptions.php(139): CodeIgniter\Debug\Exceptions->render()
#4 [internal function]: CodeIgniter\Debug\Exceptions->exceptionHandler()
#5 {main}
  thrown
in APPPATH/Views/errors/html/error_404.php on line 2.
 1 [internal function]: CodeIgniter\Debug\Exceptions->shutdownHandler()
CRITICAL - 2023-07-04 13:11:19 --> Attempt to read property "primary_font" on null
in APPPATH/Models/SettingsModel.php on line 600.
 1 APPPATH/Models/SettingsModel.php(600): CodeIgniter\Debug\Exceptions->errorHandler()
 2 APPPATH/Controllers/BaseController.php(83): App\Models\SettingsModel->getSelectedFonts()
 3 APPPATH/Controllers/HomeController.php(24): App\Controllers\BaseController->initController()
 4 SYSTEMPATH/CodeIgniter.php(890): App\Controllers\HomeController->initController()
 5 SYSTEMPATH/CodeIgniter.php(473): CodeIgniter\CodeIgniter->createController()
 6 SYSTEMPATH/CodeIgniter.php(351): CodeIgniter\CodeIgniter->handleRequest()
 7 FCPATH/index.php(78): CodeIgniter\CodeIgniter->run()
CRITICAL - 2023-07-04 13:13:44 --> Attempt to read property "primary_font" on null
in APPPATH/Models/SettingsModel.php on line 600.
 1 APPPATH/Models/SettingsModel.php(600): CodeIgniter\Debug\Exceptions->errorHandler()
 2 APPPATH/Controllers/BaseController.php(83): App\Models\SettingsModel->getSelectedFonts()
 3 APPPATH/Controllers/HomeController.php(24): App\Controllers\BaseController->initController()
 4 SYSTEMPATH/CodeIgniter.php(890): App\Controllers\HomeController->initController()
 5 SYSTEMPATH/CodeIgniter.php(473): CodeIgniter\CodeIgniter->createController()
 6 SYSTEMPATH/CodeIgniter.php(351): CodeIgniter\CodeIgniter->handleRequest()
 7 FCPATH/index.php(78): CodeIgniter\CodeIgniter->run()
CRITICAL - 2023-07-04 13:30:23 --> Uncaught ErrorException: Undefined variable $activeTheme in /home/khabarnews/domains/khabarnews.com/public_html/app/Views/errors/html/error_404.php:2
Stack trace:
#0 /home/khabarnews/domains/khabarnews.com/public_html/app/Views/errors/html/error_404.php(2): CodeIgniter\Debug\Exceptions->errorHandler()
#1 /home/khabarnews/domains/khabarnews.com/public_html/system/Debug/Exceptions.php(284): include('...')
#2 /home/khabarnews/domains/khabarnews.com/public_html/system/Debug/Exceptions.php(287): CodeIgniter\Debug\Exceptions->CodeIgniter\Debug\{closure}()
#3 /home/khabarnews/domains/khabarnews.com/public_html/system/Debug/Exceptions.php(139): CodeIgniter\Debug\Exceptions->render()
#4 [internal function]: CodeIgniter\Debug\Exceptions->exceptionHandler()
#5 {main}
  thrown
in APPPATH/Views/errors/html/error_404.php on line 2.
 1 [internal function]: CodeIgniter\Debug\Exceptions->shutdownHandler()
CRITICAL - 2023-07-04 14:03:58 --> Uncaught ErrorException: Undefined variable $activeTheme in /home/khabarnews/domains/khabarnews.com/public_html/app/Views/errors/html/error_404.php:2
Stack trace:
#0 /home/khabarnews/domains/khabarnews.com/public_html/app/Views/errors/html/error_404.php(2): CodeIgniter\Debug\Exceptions->errorHandler()
#1 /home/khabarnews/domains/khabarnews.com/public_html/system/Debug/Exceptions.php(284): include('...')
#2 /home/khabarnews/domains/khabarnews.com/public_html/system/Debug/Exceptions.php(287): CodeIgniter\Debug\Exceptions->CodeIgniter\Debug\{closure}()
#3 /home/khabarnews/domains/khabarnews.com/public_html/system/Debug/Exceptions.php(139): CodeIgniter\Debug\Exceptions->render()
#4 [internal function]: CodeIgniter\Debug\Exceptions->exceptionHandler()
#5 {main}
  thrown
in APPPATH/Views/errors/html/error_404.php on line 2.
 1 [internal function]: CodeIgniter\Debug\Exceptions->shutdownHandler()
CRITICAL - 2023-07-04 14:34:32 --> Uncaught ErrorException: Undefined variable $activeTheme in /home/khabarnews/domains/khabarnews.com/public_html/app/Views/errors/html/error_404.php:2
Stack trace:
#0 /home/khabarnews/domains/khabarnews.com/public_html/app/Views/errors/html/error_404.php(2): CodeIgniter\Debug\Exceptions->errorHandler()
#1 /home/khabarnews/domains/khabarnews.com/public_html/system/Debug/Exceptions.php(284): include('...')
#2 /home/khabarnews/domains/khabarnews.com/public_html/system/Debug/Exceptions.php(287): CodeIgniter\Debug\Exceptions->CodeIgniter\Debug\{closure}()
#3 /home/khabarnews/domains/khabarnews.com/public_html/system/Debug/Exceptions.php(139): CodeIgniter\Debug\Exceptions->render()
#4 [internal function]: CodeIgniter\Debug\Exceptions->exceptionHandler()
#5 {main}
  thrown
in APPPATH/Views/errors/html/error_404.php on line 2.
 1 [internal function]: CodeIgniter\Debug\Exceptions->shutdownHandler()
CRITICAL - 2023-07-04 15:05:11 --> Uncaught ErrorException: Undefined variable $activeTheme in /home/khabarnews/domains/khabarnews.com/public_html/app/Views/errors/html/error_404.php:2
Stack trace:
#0 /home/khabarnews/domains/khabarnews.com/public_html/app/Views/errors/html/error_404.php(2): CodeIgniter\Debug\Exceptions->errorHandler()
#1 /home/khabarnews/domains/khabarnews.com/public_html/system/Debug/Exceptions.php(284): include('...')
#2 /home/khabarnews/domains/khabarnews.com/public_html/system/Debug/Exceptions.php(287): CodeIgniter\Debug\Exceptions->CodeIgniter\Debug\{closure}()
#3 /home/khabarnews/domains/khabarnews.com/public_html/system/Debug/Exceptions.php(139): CodeIgniter\Debug\Exceptions->render()
#4 [internal function]: CodeIgniter\Debug\Exceptions->exceptionHandler()
#5 {main}
  thrown
in APPPATH/Views/errors/html/error_404.php on line 2.
 1 [internal function]: CodeIgniter\Debug\Exceptions->shutdownHandler()
CRITICAL - 2023-07-04 15:31:36 --> Uncaught ErrorException: Undefined variable $activeTheme in /home/khabarnews/domains/khabarnews.com/public_html/app/Views/errors/html/error_404.php:2
Stack trace:
#0 /home/khabarnews/domains/khabarnews.com/public_html/app/Views/errors/html/error_404.php(2): CodeIgniter\Debug\Exceptions->errorHandler()
#1 /home/khabarnews/domains/khabarnews.com/public_html/system/Debug/Exceptions.php(284): include('...')
#2 /home/khabarnews/domains/khabarnews.com/public_html/system/Debug/Exceptions.php(287): CodeIgniter\Debug\Exceptions->CodeIgniter\Debug\{closure}()
#3 /home/khabarnews/domains/khabarnews.com/public_html/system/Debug/Exceptions.php(139): CodeIgniter\Debug\Exceptions->render()
#4 [internal function]: CodeIgniter\Debug\Exceptions->exceptionHandler()
#5 {main}
  thrown
in APPPATH/Views/errors/html/error_404.php on line 2.
 1 [internal function]: CodeIgniter\Debug\Exceptions->shutdownHandler()
CRITICAL - 2023-07-04 16:03:13 --> Uncaught ErrorException: Undefined variable $activeTheme in /home/khabarnews/domains/khabarnews.com/public_html/app/Views/errors/html/error_404.php:2
Stack trace:
#0 /home/khabarnews/domains/khabarnews.com/public_html/app/Views/errors/html/error_404.php(2): CodeIgniter\Debug\Exceptions->errorHandler()
#1 /home/khabarnews/domains/khabarnews.com/public_html/system/Debug/Exceptions.php(284): include('...')
#2 /home/khabarnews/domains/khabarnews.com/public_html/system/Debug/Exceptions.php(287): CodeIgniter\Debug\Exceptions->CodeIgniter\Debug\{closure}()
#3 /home/khabarnews/domains/khabarnews.com/public_html/system/Debug/Exceptions.php(139): CodeIgniter\Debug\Exceptions->render()
#4 [internal function]: CodeIgniter\Debug\Exceptions->exceptionHandler()
#5 {main}
  thrown
in APPPATH/Views/errors/html/error_404.php on line 2.
 1 [internal function]: CodeIgniter\Debug\Exceptions->shutdownHandler()
CRITICAL - 2023-07-04 16:20:45 --> Attempt to read property "primary_font" on null
in APPPATH/Models/SettingsModel.php on line 600.
 1 APPPATH/Models/SettingsModel.php(600): CodeIgniter\Debug\Exceptions->errorHandler()
 2 APPPATH/Controllers/BaseController.php(83): App\Models\SettingsModel->getSelectedFonts()
 3 APPPATH/Controllers/HomeController.php(24): App\Controllers\BaseController->initController()
 4 SYSTEMPATH/CodeIgniter.php(890): App\Controllers\HomeController->initController()
 5 SYSTEMPATH/CodeIgniter.php(473): CodeIgniter\CodeIgniter->createController()
 6 SYSTEMPATH/CodeIgniter.php(351): CodeIgniter\CodeIgniter->handleRequest()
 7 FCPATH/index.php(78): CodeIgniter\CodeIgniter->run()
CRITICAL - 2023-07-04 16:29:44 --> Attempt to read property "primary_font" on null
in APPPATH/Models/SettingsModel.php on line 600.
 1 APPPATH/Models/SettingsModel.php(600): CodeIgniter\Debug\Exceptions->errorHandler()
 2 APPPATH/Controllers/BaseController.php(83): App\Models\SettingsModel->getSelectedFonts()
 3 APPPATH/Controllers/HomeController.php(24): App\Controllers\BaseController->initController()
 4 SYSTEMPATH/CodeIgniter.php(890): App\Controllers\HomeController->initController()
 5 SYSTEMPATH/CodeIgniter.php(473): CodeIgniter\CodeIgniter->createController()
 6 SYSTEMPATH/CodeIgniter.php(351): CodeIgniter\CodeIgniter->handleRequest()
 7 FCPATH/index.php(78): CodeIgniter\CodeIgniter->run()
CRITICAL - 2023-07-04 16:32:27 --> Uncaught ErrorException: Undefined variable $activeTheme in /home/khabarnews/domains/khabarnews.com/public_html/app/Views/errors/html/error_404.php:2
Stack trace:
#0 /home/khabarnews/domains/khabarnews.com/public_html/app/Views/errors/html/error_404.php(2): CodeIgniter\Debug\Exceptions->errorHandler()
#1 /home/khabarnews/domains/khabarnews.com/public_html/system/Debug/Exceptions.php(284): include('...')
#2 /home/khabarnews/domains/khabarnews.com/public_html/system/Debug/Exceptions.php(287): CodeIgniter\Debug\Exceptions->CodeIgniter\Debug\{closure}()
#3 /home/khabarnews/domains/khabarnews.com/public_html/system/Debug/Exceptions.php(139): CodeIgniter\Debug\Exceptions->render()
#4 [internal function]: CodeIgniter\Debug\Exceptions->exceptionHandler()
#5 {main}
  thrown
in APPPATH/Views/errors/html/error_404.php on line 2.
 1 [internal function]: CodeIgniter\Debug\Exceptions->shutdownHandler()
CRITICAL - 2023-07-04 17:02:56 --> Uncaught ErrorException: Undefined variable $activeTheme in /home/khabarnews/domains/khabarnews.com/public_html/app/Views/errors/html/error_404.php:2
Stack trace:
#0 /home/khabarnews/domains/khabarnews.com/public_html/app/Views/errors/html/error_404.php(2): CodeIgniter\Debug\Exceptions->errorHandler()
#1 /home/khabarnews/domains/khabarnews.com/public_html/system/Debug/Exceptions.php(284): include('...')
#2 /home/khabarnews/domains/khabarnews.com/public_html/system/Debug/Exceptions.php(287): CodeIgniter\Debug\Exceptions->CodeIgniter\Debug\{closure}()
#3 /home/khabarnews/domains/khabarnews.com/public_html/system/Debug/Exceptions.php(139): CodeIgniter\Debug\Exceptions->render()
#4 [internal function]: CodeIgniter\Debug\Exceptions->exceptionHandler()
#5 {main}
  thrown
in APPPATH/Views/errors/html/error_404.php on line 2.
 1 [internal function]: CodeIgniter\Debug\Exceptions->shutdownHandler()
CRITICAL - 2023-07-04 17:36:34 --> Uncaught ErrorException: Undefined variable $activeTheme in /home/khabarnews/domains/khabarnews.com/public_html/app/Views/errors/html/error_404.php:2
Stack trace:
#0 /home/khabarnews/domains/khabarnews.com/public_html/app/Views/errors/html/error_404.php(2): CodeIgniter\Debug\Exceptions->errorHandler()
#1 /home/khabarnews/domains/khabarnews.com/public_html/system/Debug/Exceptions.php(284): include('...')
#2 /home/khabarnews/domains/khabarnews.com/public_html/system/Debug/Exceptions.php(287): CodeIgniter\Debug\Exceptions->CodeIgniter\Debug\{closure}()
#3 /home/khabarnews/domains/khabarnews.com/public_html/system/Debug/Exceptions.php(139): CodeIgniter\Debug\Exceptions->render()
#4 [internal function]: CodeIgniter\Debug\Exceptions->exceptionHandler()
#5 {main}
  thrown
in APPPATH/Views/errors/html/error_404.php on line 2.
 1 [internal function]: CodeIgniter\Debug\Exceptions->shutdownHandler()
CRITICAL - 2023-07-04 17:53:42 --> Uncaught ErrorException: Undefined variable $activeTheme in /home/khabarnews/domains/khabarnews.com/public_html/app/Views/errors/html/error_404.php:2
Stack trace:
#0 /home/khabarnews/domains/khabarnews.com/public_html/app/Views/errors/html/error_404.php(2): CodeIgniter\Debug\Exceptions->errorHandler()
#1 /home/khabarnews/domains/khabarnews.com/public_html/system/Debug/Exceptions.php(284): include('...')
#2 /home/khabarnews/domains/khabarnews.com/public_html/system/Debug/Exceptions.php(287): CodeIgniter\Debug\Exceptions->CodeIgniter\Debug\{closure}()
#3 /home/khabarnews/domains/khabarnews.com/public_html/system/Debug/Exceptions.php(139): CodeIgniter\Debug\Exceptions->render()
#4 [internal function]: CodeIgniter\Debug\Exceptions->exceptionHandler()
#5 {main}
  thrown
in APPPATH/Views/errors/html/error_404.php on line 2.
 1 [internal function]: CodeIgniter\Debug\Exceptions->shutdownHandler()
CRITICAL - 2023-07-04 18:06:35 --> Uncaught ErrorException: Undefined variable $activeTheme in /home/khabarnews/domains/khabarnews.com/public_html/app/Views/errors/html/error_404.php:2
Stack trace:
#0 /home/khabarnews/domains/khabarnews.com/public_html/app/Views/errors/html/error_404.php(2): CodeIgniter\Debug\Exceptions->errorHandler()
#1 /home/khabarnews/domains/khabarnews.com/public_html/system/Debug/Exceptions.php(284): include('...')
#2 /home/khabarnews/domains/khabarnews.com/public_html/system/Debug/Exceptions.php(287): CodeIgniter\Debug\Exceptions->CodeIgniter\Debug\{closure}()
#3 /home/khabarnews/domains/khabarnews.com/public_html/system/Debug/Exceptions.php(139): CodeIgniter\Debug\Exceptions->render()
#4 [internal function]: CodeIgniter\Debug\Exceptions->exceptionHandler()
#5 {main}
  thrown
in APPPATH/Views/errors/html/error_404.php on line 2.
 1 [internal function]: CodeIgniter\Debug\Exceptions->shutdownHandler()
CRITICAL - 2023-07-04 18:35:08 --> Uncaught ErrorException: Undefined variable $activeTheme in /home/khabarnews/domains/khabarnews.com/public_html/app/Views/errors/html/error_404.php:2
Stack trace:
#0 /home/khabarnews/domains/khabarnews.com/public_html/app/Views/errors/html/error_404.php(2): CodeIgniter\Debug\Exceptions->errorHandler()
#1 /home/khabarnews/domains/khabarnews.com/public_html/system/Debug/Exceptions.php(284): include('...')
#2 /home/khabarnews/domains/khabarnews.com/public_html/system/Debug/Exceptions.php(287): CodeIgniter\Debug\Exceptions->CodeIgniter\Debug\{closure}()
#3 /home/khabarnews/domains/khabarnews.com/public_html/system/Debug/Exceptions.php(139): CodeIgniter\Debug\Exceptions->render()
#4 [internal function]: CodeIgniter\Debug\Exceptions->exceptionHandler()
#5 {main}
  thrown
in APPPATH/Views/errors/html/error_404.php on line 2.
 1 [internal function]: CodeIgniter\Debug\Exceptions->shutdownHandler()
CRITICAL - 2023-07-04 18:46:13 --> Attempt to read property "primary_font" on null
in APPPATH/Models/SettingsModel.php on line 600.
 1 APPPATH/Models/SettingsModel.php(600): CodeIgniter\Debug\Exceptions->errorHandler()
 2 APPPATH/Controllers/BaseController.php(83): App\Models\SettingsModel->getSelectedFonts()
 3 APPPATH/Controllers/HomeController.php(24): App\Controllers\BaseController->initController()
 4 SYSTEMPATH/CodeIgniter.php(890): App\Controllers\HomeController->initController()
 5 SYSTEMPATH/CodeIgniter.php(473): CodeIgniter\CodeIgniter->createController()
 6 SYSTEMPATH/CodeIgniter.php(351): CodeIgniter\CodeIgniter->handleRequest()
 7 FCPATH/index.php(78): CodeIgniter\CodeIgniter->run()
CRITICAL - 2023-07-04 18:55:03 --> Uncaught ErrorException: Undefined variable $activeTheme in /home/khabarnews/domains/khabarnews.com/public_html/app/Views/errors/html/error_404.php:2
Stack trace:
#0 /home/khabarnews/domains/khabarnews.com/public_html/app/Views/errors/html/error_404.php(2): CodeIgniter\Debug\Exceptions->errorHandler()
#1 /home/khabarnews/domains/khabarnews.com/public_html/system/Debug/Exceptions.php(284): include('...')
#2 /home/khabarnews/domains/khabarnews.com/public_html/system/Debug/Exceptions.php(287): CodeIgniter\Debug\Exceptions->CodeIgniter\Debug\{closure}()
#3 /home/khabarnews/domains/khabarnews.com/public_html/system/Debug/Exceptions.php(139): CodeIgniter\Debug\Exceptions->render()
#4 [internal function]: CodeIgniter\Debug\Exceptions->exceptionHandler()
#5 {main}
  thrown
in APPPATH/Views/errors/html/error_404.php on line 2.
 1 [internal function]: CodeIgniter\Debug\Exceptions->shutdownHandler()
CRITICAL - 2023-07-04 19:06:12 --> Uncaught ErrorException: Undefined variable $activeTheme in /home/khabarnews/domains/khabarnews.com/public_html/app/Views/errors/html/error_404.php:2
Stack trace:
#0 /home/khabarnews/domains/khabarnews.com/public_html/app/Views/errors/html/error_404.php(2): CodeIgniter\Debug\Exceptions->errorHandler()
#1 /home/khabarnews/domains/khabarnews.com/public_html/system/Debug/Exceptions.php(284): include('...')
#2 /home/khabarnews/domains/khabarnews.com/public_html/system/Debug/Exceptions.php(287): CodeIgniter\Debug\Exceptions->CodeIgniter\Debug\{closure}()
#3 /home/khabarnews/domains/khabarnews.com/public_html/system/Debug/Exceptions.php(139): CodeIgniter\Debug\Exceptions->render()
#4 [internal function]: CodeIgniter\Debug\Exceptions->exceptionHandler()
#5 {main}
  thrown
in APPPATH/Views/errors/html/error_404.php on line 2.
 1 [internal function]: CodeIgniter\Debug\Exceptions->shutdownHandler()
CRITICAL - 2023-07-04 19:31:31 --> Uncaught ErrorException: Undefined variable $activeTheme in /home/khabarnews/domains/khabarnews.com/public_html/app/Views/errors/html/error_404.php:2
Stack trace:
#0 /home/khabarnews/domains/khabarnews.com/public_html/app/Views/errors/html/error_404.php(2): CodeIgniter\Debug\Exceptions->errorHandler()
#1 /home/khabarnews/domains/khabarnews.com/public_html/system/Debug/Exceptions.php(284): include('...')
#2 /home/khabarnews/domains/khabarnews.com/public_html/system/Debug/Exceptions.php(287): CodeIgniter\Debug\Exceptions->CodeIgniter\Debug\{closure}()
#3 /home/khabarnews/domains/khabarnews.com/public_html/system/Debug/Exceptions.php(139): CodeIgniter\Debug\Exceptions->render()
#4 [internal function]: CodeIgniter\Debug\Exceptions->exceptionHandler()
#5 {main}
  thrown
in APPPATH/Views/errors/html/error_404.php on line 2.
 1 [internal function]: CodeIgniter\Debug\Exceptions->shutdownHandler()
CRITICAL - 2023-07-04 20:03:51 --> Uncaught ErrorException: Undefined variable $activeTheme in /home/khabarnews/domains/khabarnews.com/public_html/app/Views/errors/html/error_404.php:2
Stack trace:
#0 /home/khabarnews/domains/khabarnews.com/public_html/app/Views/errors/html/error_404.php(2): CodeIgniter\Debug\Exceptions->errorHandler()
#1 /home/khabarnews/domains/khabarnews.com/public_html/system/Debug/Exceptions.php(284): include('...')
#2 /home/khabarnews/domains/khabarnews.com/public_html/system/Debug/Exceptions.php(287): CodeIgniter\Debug\Exceptions->CodeIgniter\Debug\{closure}()
#3 /home/khabarnews/domains/khabarnews.com/public_html/system/Debug/Exceptions.php(139): CodeIgniter\Debug\Exceptions->render()
#4 [internal function]: CodeIgniter\Debug\Exceptions->exceptionHandler()
#5 {main}
  thrown
in APPPATH/Views/errors/html/error_404.php on line 2.
 1 [internal function]: CodeIgniter\Debug\Exceptions->shutdownHandler()
CRITICAL - 2023-07-04 20:08:21 --> Attempt to read property "primary_font" on null
in APPPATH/Models/SettingsModel.php on line 600.
 1 APPPATH/Models/SettingsModel.php(600): CodeIgniter\Debug\Exceptions->errorHandler()
 2 APPPATH/Controllers/BaseController.php(83): App\Models\SettingsModel->getSelectedFonts()
 3 APPPATH/Controllers/HomeController.php(24): App\Controllers\BaseController->initController()
 4 SYSTEMPATH/CodeIgniter.php(890): App\Controllers\HomeController->initController()
 5 SYSTEMPATH/CodeIgniter.php(473): CodeIgniter\CodeIgniter->createController()
 6 SYSTEMPATH/CodeIgniter.php(351): CodeIgniter\CodeIgniter->handleRequest()
 7 FCPATH/index.php(78): CodeIgniter\CodeIgniter->run()
CRITICAL - 2023-07-04 20:34:05 --> Uncaught ErrorException: Undefined variable $activeTheme in /home/khabarnews/domains/khabarnews.com/public_html/app/Views/errors/html/error_404.php:2
Stack trace:
#0 /home/khabarnews/domains/khabarnews.com/public_html/app/Views/errors/html/error_404.php(2): CodeIgniter\Debug\Exceptions->errorHandler()
#1 /home/khabarnews/domains/khabarnews.com/public_html/system/Debug/Exceptions.php(284): include('...')
#2 /home/khabarnews/domains/khabarnews.com/public_html/system/Debug/Exceptions.php(287): CodeIgniter\Debug\Exceptions->CodeIgniter\Debug\{closure}()
#3 /home/khabarnews/domains/khabarnews.com/public_html/system/Debug/Exceptions.php(139): CodeIgniter\Debug\Exceptions->render()
#4 [internal function]: CodeIgniter\Debug\Exceptions->exceptionHandler()
#5 {main}
  thrown
in APPPATH/Views/errors/html/error_404.php on line 2.
 1 [internal function]: CodeIgniter\Debug\Exceptions->shutdownHandler()
CRITICAL - 2023-07-04 21:02:46 --> Uncaught ErrorException: Undefined variable $activeTheme in /home/khabarnews/domains/khabarnews.com/public_html/app/Views/errors/html/error_404.php:2
Stack trace:
#0 /home/khabarnews/domains/khabarnews.com/public_html/app/Views/errors/html/error_404.php(2): CodeIgniter\Debug\Exceptions->errorHandler()
#1 /home/khabarnews/domains/khabarnews.com/public_html/system/Debug/Exceptions.php(284): include('...')
#2 /home/khabarnews/domains/khabarnews.com/public_html/system/Debug/Exceptions.php(287): CodeIgniter\Debug\Exceptions->CodeIgniter\Debug\{closure}()
#3 /home/khabarnews/domains/khabarnews.com/public_html/system/Debug/Exceptions.php(139): CodeIgniter\Debug\Exceptions->render()
#4 [internal function]: CodeIgniter\Debug\Exceptions->exceptionHandler()
#5 {main}
  thrown
in APPPATH/Views/errors/html/error_404.php on line 2.
 1 [internal function]: CodeIgniter\Debug\Exceptions->shutdownHandler()
CRITICAL - 2023-07-04 21:09:37 --> Attempt to read property "primary_font" on null
in APPPATH/Models/SettingsModel.php on line 600.
 1 APPPATH/Models/SettingsModel.php(600): CodeIgniter\Debug\Exceptions->errorHandler()
 2 APPPATH/Controllers/BaseController.php(83): App\Models\SettingsModel->getSelectedFonts()
 3 APPPATH/Controllers/HomeController.php(24): App\Controllers\BaseController->initController()
 4 SYSTEMPATH/CodeIgniter.php(890): App\Controllers\HomeController->initController()
 5 SYSTEMPATH/CodeIgniter.php(473): CodeIgniter\CodeIgniter->createController()
 6 SYSTEMPATH/CodeIgniter.php(351): CodeIgniter\CodeIgniter->handleRequest()
 7 FCPATH/index.php(78): CodeIgniter\CodeIgniter->run()
CRITICAL - 2023-07-04 21:33:14 --> Uncaught ErrorException: Undefined variable $activeTheme in /home/khabarnews/domains/khabarnews.com/public_html/app/Views/errors/html/error_404.php:2
Stack trace:
#0 /home/khabarnews/domains/khabarnews.com/public_html/app/Views/errors/html/error_404.php(2): CodeIgniter\Debug\Exceptions->errorHandler()
#1 /home/khabarnews/domains/khabarnews.com/public_html/system/Debug/Exceptions.php(284): include('...')
#2 /home/khabarnews/domains/khabarnews.com/public_html/system/Debug/Exceptions.php(287): CodeIgniter\Debug\Exceptions->CodeIgniter\Debug\{closure}()
#3 /home/khabarnews/domains/khabarnews.com/public_html/system/Debug/Exceptions.php(139): CodeIgniter\Debug\Exceptions->render()
#4 [internal function]: CodeIgniter\Debug\Exceptions->exceptionHandler()
#5 {main}
  thrown
in APPPATH/Views/errors/html/error_404.php on line 2.
 1 [internal function]: CodeIgniter\Debug\Exceptions->shutdownHandler()
CRITICAL - 2023-07-04 22:03:00 --> Uncaught ErrorException: Undefined variable $activeTheme in /home/khabarnews/domains/khabarnews.com/public_html/app/Views/errors/html/error_404.php:2
Stack trace:
#0 /home/khabarnews/domains/khabarnews.com/public_html/app/Views/errors/html/error_404.php(2): CodeIgniter\Debug\Exceptions->errorHandler()
#1 /home/khabarnews/domains/khabarnews.com/public_html/system/Debug/Exceptions.php(284): include('...')
#2 /home/khabarnews/domains/khabarnews.com/public_html/system/Debug/Exceptions.php(287): CodeIgniter\Debug\Exceptions->CodeIgniter\Debug\{closure}()
#3 /home/khabarnews/domains/khabarnews.com/public_html/system/Debug/Exceptions.php(139): CodeIgniter\Debug\Exceptions->render()
#4 [internal function]: CodeIgniter\Debug\Exceptions->exceptionHandler()
#5 {main}
  thrown
in APPPATH/Views/errors/html/error_404.php on line 2.
 1 [internal function]: CodeIgniter\Debug\Exceptions->shutdownHandler()
CRITICAL - 2023-07-04 22:33:16 --> Uncaught ErrorException: Undefined variable $activeTheme in /home/khabarnews/domains/khabarnews.com/public_html/app/Views/errors/html/error_404.php:2
Stack trace:
#0 /home/khabarnews/domains/khabarnews.com/public_html/app/Views/errors/html/error_404.php(2): CodeIgniter\Debug\Exceptions->errorHandler()
#1 /home/khabarnews/domains/khabarnews.com/public_html/system/Debug/Exceptions.php(284): include('...')
#2 /home/khabarnews/domains/khabarnews.com/public_html/system/Debug/Exceptions.php(287): CodeIgniter\Debug\Exceptions->CodeIgniter\Debug\{closure}()
#3 /home/khabarnews/domains/khabarnews.com/public_html/system/Debug/Exceptions.php(139): CodeIgniter\Debug\Exceptions->render()
#4 [internal function]: CodeIgniter\Debug\Exceptions->exceptionHandler()
#5 {main}
  thrown
in APPPATH/Views/errors/html/error_404.php on line 2.
 1 [internal function]: CodeIgniter\Debug\Exceptions->shutdownHandler()
CRITICAL - 2023-07-04 22:54:41 --> Attempt to read property "primary_font" on null
in APPPATH/Models/SettingsModel.php on line 600.
 1 APPPATH/Models/SettingsModel.php(600): CodeIgniter\Debug\Exceptions->errorHandler()
 2 APPPATH/Controllers/BaseController.php(83): App\Models\SettingsModel->getSelectedFonts()
 3 APPPATH/Controllers/HomeController.php(24): App\Controllers\BaseController->initController()
 4 SYSTEMPATH/CodeIgniter.php(890): App\Controllers\HomeController->initController()
 5 SYSTEMPATH/CodeIgniter.php(473): CodeIgniter\CodeIgniter->createController()
 6 SYSTEMPATH/CodeIgniter.php(351): CodeIgniter\CodeIgniter->handleRequest()
 7 FCPATH/index.php(78): CodeIgniter\CodeIgniter->run()
CRITICAL - 2023-07-04 23:01:50 --> Uncaught ErrorException: Undefined variable $activeTheme in /home/khabarnews/domains/khabarnews.com/public_html/app/Views/errors/html/error_404.php:2
Stack trace:
#0 /home/khabarnews/domains/khabarnews.com/public_html/app/Views/errors/html/error_404.php(2): CodeIgniter\Debug\Exceptions->errorHandler()
#1 /home/khabarnews/domains/khabarnews.com/public_html/system/Debug/Exceptions.php(284): include('...')
#2 /home/khabarnews/domains/khabarnews.com/public_html/system/Debug/Exceptions.php(287): CodeIgniter\Debug\Exceptions->CodeIgniter\Debug\{closure}()
#3 /home/khabarnews/domains/khabarnews.com/public_html/system/Debug/Exceptions.php(139): CodeIgniter\Debug\Exceptions->render()
#4 [internal function]: CodeIgniter\Debug\Exceptions->exceptionHandler()
#5 {main}
  thrown
in APPPATH/Views/errors/html/error_404.php on line 2.
 1 [internal function]: CodeIgniter\Debug\Exceptions->shutdownHandler()
CRITICAL - 2023-07-04 23:32:07 --> Uncaught ErrorException: Undefined variable $activeTheme in /home/khabarnews/domains/khabarnews.com/public_html/app/Views/errors/html/error_404.php:2
Stack trace:
#0 /home/khabarnews/domains/khabarnews.com/public_html/app/Views/errors/html/error_404.php(2): CodeIgniter\Debug\Exceptions->errorHandler()
#1 /home/khabarnews/domains/khabarnews.com/public_html/system/Debug/Exceptions.php(284): include('...')
#2 /home/khabarnews/domains/khabarnews.com/public_html/system/Debug/Exceptions.php(287): CodeIgniter\Debug\Exceptions->CodeIgniter\Debug\{closure}()
#3 /home/khabarnews/domains/khabarnews.com/public_html/system/Debug/Exceptions.php(139): CodeIgniter\Debug\Exceptions->render()
#4 [internal function]: CodeIgniter\Debug\Exceptions->exceptionHandler()
#5 {main}
  thrown
in APPPATH/Views/errors/html/error_404.php on line 2.
 1 [internal function]: CodeIgniter\Debug\Exceptions->shutdownHandler()
