ERROR - 2023-03-07 00:02:01 --> mysqli_sql_exception: Commands out of sync; you can't run this command now in /var/www/khabarnews.ir/system/Database/MySQLi/Connection.php:292
Stack trace:
#0 /var/www/khabarnews.ir/system/Database/MySQLi/Connection.php(292): mysqli->query()
#1 /var/www/khabarnews.ir/system/Database/BaseConnection.php(666): CodeIgniter\Database\MySQLi\Connection->execute()
#2 /var/www/khabarnews.ir/system/Database/BaseConnection.php(593): CodeIgniter\Database\BaseConnection->simpleQuery()
#3 /var/www/khabarnews.ir/system/Database/BaseBuilder.php(2079): CodeIgniter\Database\BaseConnection->query()
#4 /var/www/khabarnews.ir/system/Session/Handlers/DatabaseHandler.php(212): CodeIgniter\Database\BaseBuilder->update()
#5 [internal function]: CodeIgniter\Session\Handlers\DatabaseHandler->write()
#6 [internal function]: session_write_close()
#7 {main}
ERROR - 2023-03-07 00:03:09 --> mysqli_sql_exception: Commands out of sync; you can't run this command now in /var/www/khabarnews.ir/system/Database/MySQLi/Connection.php:292
Stack trace:
#0 /var/www/khabarnews.ir/system/Database/MySQLi/Connection.php(292): mysqli->query()
#1 /var/www/khabarnews.ir/system/Database/BaseConnection.php(666): CodeIgniter\Database\MySQLi\Connection->execute()
#2 /var/www/khabarnews.ir/system/Database/BaseConnection.php(593): CodeIgniter\Database\BaseConnection->simpleQuery()
#3 /var/www/khabarnews.ir/system/Database/BaseBuilder.php(1916): CodeIgniter\Database\BaseConnection->query()
#4 /var/www/khabarnews.ir/system/Session/Handlers/DatabaseHandler.php(190): CodeIgniter\Database\BaseBuilder->insert()
#5 [internal function]: CodeIgniter\Session\Handlers\DatabaseHandler->write()
#6 [internal function]: session_write_close()
#7 {main}
ERROR - 2023-03-07 00:03:30 --> mysqli_sql_exception: Commands out of sync; you can't run this command now in /var/www/khabarnews.ir/system/Database/MySQLi/Connection.php:292
Stack trace:
#0 /var/www/khabarnews.ir/system/Database/MySQLi/Connection.php(292): mysqli->query()
#1 /var/www/khabarnews.ir/system/Database/BaseConnection.php(666): CodeIgniter\Database\MySQLi\Connection->execute()
#2 /var/www/khabarnews.ir/system/Database/BaseConnection.php(593): CodeIgniter\Database\BaseConnection->simpleQuery()
#3 /var/www/khabarnews.ir/system/Database/BaseBuilder.php(1916): CodeIgniter\Database\BaseConnection->query()
#4 /var/www/khabarnews.ir/system/Session/Handlers/DatabaseHandler.php(190): CodeIgniter\Database\BaseBuilder->insert()
#5 [internal function]: CodeIgniter\Session\Handlers\DatabaseHandler->write()
#6 [internal function]: session_write_close()
#7 {main}
ERROR - 2023-03-07 00:03:38 --> mysqli_sql_exception: Commands out of sync; you can't run this command now in /var/www/khabarnews.ir/system/Database/MySQLi/Connection.php:292
Stack trace:
#0 /var/www/khabarnews.ir/system/Database/MySQLi/Connection.php(292): mysqli->query()
#1 /var/www/khabarnews.ir/system/Database/BaseConnection.php(666): CodeIgniter\Database\MySQLi\Connection->execute()
#2 /var/www/khabarnews.ir/system/Database/BaseConnection.php(593): CodeIgniter\Database\BaseConnection->simpleQuery()
#3 /var/www/khabarnews.ir/system/Database/BaseBuilder.php(1916): CodeIgniter\Database\BaseConnection->query()
#4 /var/www/khabarnews.ir/system/Session/Handlers/DatabaseHandler.php(190): CodeIgniter\Database\BaseBuilder->insert()
#5 [internal function]: CodeIgniter\Session\Handlers\DatabaseHandler->write()
#6 [internal function]: session_write_close()
#7 {main}
ERROR - 2023-03-07 00:04:13 --> mysqli_sql_exception: Commands out of sync; you can't run this command now in /var/www/khabarnews.ir/system/Database/MySQLi/Connection.php:292
Stack trace:
#0 /var/www/khabarnews.ir/system/Database/MySQLi/Connection.php(292): mysqli->query()
#1 /var/www/khabarnews.ir/system/Database/BaseConnection.php(666): CodeIgniter\Database\MySQLi\Connection->execute()
#2 /var/www/khabarnews.ir/system/Database/BaseConnection.php(593): CodeIgniter\Database\BaseConnection->simpleQuery()
#3 /var/www/khabarnews.ir/system/Database/BaseBuilder.php(1916): CodeIgniter\Database\BaseConnection->query()
#4 /var/www/khabarnews.ir/system/Session/Handlers/DatabaseHandler.php(190): CodeIgniter\Database\BaseBuilder->insert()
#5 [internal function]: CodeIgniter\Session\Handlers\DatabaseHandler->write()
#6 [internal function]: session_write_close()
#7 {main}
ERROR - 2023-03-07 00:04:26 --> mysqli_sql_exception: Commands out of sync; you can't run this command now in /var/www/khabarnews.ir/system/Database/MySQLi/Connection.php:292
Stack trace:
#0 /var/www/khabarnews.ir/system/Database/MySQLi/Connection.php(292): mysqli->query()
#1 /var/www/khabarnews.ir/system/Database/BaseConnection.php(666): CodeIgniter\Database\MySQLi\Connection->execute()
#2 /var/www/khabarnews.ir/system/Database/BaseConnection.php(593): CodeIgniter\Database\BaseConnection->simpleQuery()
#3 /var/www/khabarnews.ir/system/Database/BaseBuilder.php(1916): CodeIgniter\Database\BaseConnection->query()
#4 /var/www/khabarnews.ir/system/Session/Handlers/DatabaseHandler.php(190): CodeIgniter\Database\BaseBuilder->insert()
#5 [internal function]: CodeIgniter\Session\Handlers\DatabaseHandler->write()
#6 [internal function]: session_write_close()
#7 {main}
ERROR - 2023-03-07 00:04:28 --> mysqli_sql_exception: Commands out of sync; you can't run this command now in /var/www/khabarnews.ir/system/Database/MySQLi/Connection.php:292
Stack trace:
#0 /var/www/khabarnews.ir/system/Database/MySQLi/Connection.php(292): mysqli->query()
#1 /var/www/khabarnews.ir/system/Database/BaseConnection.php(666): CodeIgniter\Database\MySQLi\Connection->execute()
#2 /var/www/khabarnews.ir/system/Database/BaseConnection.php(593): CodeIgniter\Database\BaseConnection->simpleQuery()
#3 /var/www/khabarnews.ir/system/Database/BaseBuilder.php(1916): CodeIgniter\Database\BaseConnection->query()
#4 /var/www/khabarnews.ir/system/Session/Handlers/DatabaseHandler.php(190): CodeIgniter\Database\BaseBuilder->insert()
#5 [internal function]: CodeIgniter\Session\Handlers\DatabaseHandler->write()
#6 [internal function]: session_write_close()
#7 {main}
ERROR - 2023-03-07 00:04:35 --> mysqli_sql_exception: Commands out of sync; you can't run this command now in /var/www/khabarnews.ir/system/Database/MySQLi/Connection.php:292
Stack trace:
#0 /var/www/khabarnews.ir/system/Database/MySQLi/Connection.php(292): mysqli->query()
#1 /var/www/khabarnews.ir/system/Database/BaseConnection.php(666): CodeIgniter\Database\MySQLi\Connection->execute()
#2 /var/www/khabarnews.ir/system/Database/BaseConnection.php(593): CodeIgniter\Database\BaseConnection->simpleQuery()
#3 /var/www/khabarnews.ir/system/Database/BaseBuilder.php(1916): CodeIgniter\Database\BaseConnection->query()
#4 /var/www/khabarnews.ir/system/Session/Handlers/DatabaseHandler.php(190): CodeIgniter\Database\BaseBuilder->insert()
#5 [internal function]: CodeIgniter\Session\Handlers\DatabaseHandler->write()
#6 [internal function]: session_write_close()
#7 {main}
ERROR - 2023-03-07 00:04:35 --> mysqli_sql_exception: Commands out of sync; you can't run this command now in /var/www/khabarnews.ir/system/Database/MySQLi/Connection.php:292
Stack trace:
#0 /var/www/khabarnews.ir/system/Database/MySQLi/Connection.php(292): mysqli->query()
#1 /var/www/khabarnews.ir/system/Database/BaseConnection.php(666): CodeIgniter\Database\MySQLi\Connection->execute()
#2 /var/www/khabarnews.ir/system/Database/BaseConnection.php(593): CodeIgniter\Database\BaseConnection->simpleQuery()
#3 /var/www/khabarnews.ir/system/Database/BaseBuilder.php(1916): CodeIgniter\Database\BaseConnection->query()
#4 /var/www/khabarnews.ir/system/Session/Handlers/DatabaseHandler.php(190): CodeIgniter\Database\BaseBuilder->insert()
#5 [internal function]: CodeIgniter\Session\Handlers\DatabaseHandler->write()
#6 [internal function]: session_write_close()
#7 {main}
ERROR - 2023-03-07 00:04:37 --> mysqli_sql_exception: Commands out of sync; you can't run this command now in /var/www/khabarnews.ir/system/Database/MySQLi/Connection.php:292
Stack trace:
#0 /var/www/khabarnews.ir/system/Database/MySQLi/Connection.php(292): mysqli->query()
#1 /var/www/khabarnews.ir/system/Database/BaseConnection.php(666): CodeIgniter\Database\MySQLi\Connection->execute()
#2 /var/www/khabarnews.ir/system/Database/BaseConnection.php(593): CodeIgniter\Database\BaseConnection->simpleQuery()
#3 /var/www/khabarnews.ir/system/Database/BaseBuilder.php(1916): CodeIgniter\Database\BaseConnection->query()
#4 /var/www/khabarnews.ir/system/Session/Handlers/DatabaseHandler.php(190): CodeIgniter\Database\BaseBuilder->insert()
#5 [internal function]: CodeIgniter\Session\Handlers\DatabaseHandler->write()
#6 [internal function]: session_write_close()
#7 {main}
ERROR - 2023-03-07 00:04:40 --> mysqli_sql_exception: Commands out of sync; you can't run this command now in /var/www/khabarnews.ir/system/Database/MySQLi/Connection.php:292
Stack trace:
#0 /var/www/khabarnews.ir/system/Database/MySQLi/Connection.php(292): mysqli->query()
#1 /var/www/khabarnews.ir/system/Database/BaseConnection.php(666): CodeIgniter\Database\MySQLi\Connection->execute()
#2 /var/www/khabarnews.ir/system/Database/BaseConnection.php(593): CodeIgniter\Database\BaseConnection->simpleQuery()
#3 /var/www/khabarnews.ir/system/Database/BaseBuilder.php(1916): CodeIgniter\Database\BaseConnection->query()
#4 /var/www/khabarnews.ir/system/Session/Handlers/DatabaseHandler.php(190): CodeIgniter\Database\BaseBuilder->insert()
#5 [internal function]: CodeIgniter\Session\Handlers\DatabaseHandler->write()
#6 [internal function]: session_write_close()
#7 {main}
ERROR - 2023-03-07 00:04:41 --> mysqli_sql_exception: Commands out of sync; you can't run this command now in /var/www/khabarnews.ir/system/Database/MySQLi/Connection.php:292
Stack trace:
#0 /var/www/khabarnews.ir/system/Database/MySQLi/Connection.php(292): mysqli->query()
#1 /var/www/khabarnews.ir/system/Database/BaseConnection.php(666): CodeIgniter\Database\MySQLi\Connection->execute()
#2 /var/www/khabarnews.ir/system/Database/BaseConnection.php(593): CodeIgniter\Database\BaseConnection->simpleQuery()
#3 /var/www/khabarnews.ir/system/Database/BaseBuilder.php(1916): CodeIgniter\Database\BaseConnection->query()
#4 /var/www/khabarnews.ir/system/Session/Handlers/DatabaseHandler.php(190): CodeIgniter\Database\BaseBuilder->insert()
#5 [internal function]: CodeIgniter\Session\Handlers\DatabaseHandler->write()
#6 [internal function]: session_write_close()
#7 {main}
ERROR - 2023-03-07 00:04:43 --> mysqli_sql_exception: Commands out of sync; you can't run this command now in /var/www/khabarnews.ir/system/Database/MySQLi/Connection.php:292
Stack trace:
#0 /var/www/khabarnews.ir/system/Database/MySQLi/Connection.php(292): mysqli->query()
#1 /var/www/khabarnews.ir/system/Database/BaseConnection.php(666): CodeIgniter\Database\MySQLi\Connection->execute()
#2 /var/www/khabarnews.ir/system/Database/BaseConnection.php(593): CodeIgniter\Database\BaseConnection->simpleQuery()
#3 /var/www/khabarnews.ir/system/Database/BaseBuilder.php(1916): CodeIgniter\Database\BaseConnection->query()
#4 /var/www/khabarnews.ir/system/Session/Handlers/DatabaseHandler.php(190): CodeIgniter\Database\BaseBuilder->insert()
#5 [internal function]: CodeIgniter\Session\Handlers\DatabaseHandler->write()
#6 [internal function]: session_write_close()
#7 {main}
ERROR - 2023-03-07 00:04:50 --> mysqli_sql_exception: Commands out of sync; you can't run this command now in /var/www/khabarnews.ir/system/Database/MySQLi/Connection.php:292
Stack trace:
#0 /var/www/khabarnews.ir/system/Database/MySQLi/Connection.php(292): mysqli->query()
#1 /var/www/khabarnews.ir/system/Database/BaseConnection.php(666): CodeIgniter\Database\MySQLi\Connection->execute()
#2 /var/www/khabarnews.ir/system/Database/BaseConnection.php(593): CodeIgniter\Database\BaseConnection->simpleQuery()
#3 /var/www/khabarnews.ir/system/Database/BaseBuilder.php(1916): CodeIgniter\Database\BaseConnection->query()
#4 /var/www/khabarnews.ir/system/Session/Handlers/DatabaseHandler.php(190): CodeIgniter\Database\BaseBuilder->insert()
#5 [internal function]: CodeIgniter\Session\Handlers\DatabaseHandler->write()
#6 [internal function]: session_write_close()
#7 {main}
ERROR - 2023-03-07 00:04:50 --> mysqli_sql_exception: Commands out of sync; you can't run this command now in /var/www/khabarnews.ir/system/Database/MySQLi/Connection.php:292
Stack trace:
#0 /var/www/khabarnews.ir/system/Database/MySQLi/Connection.php(292): mysqli->query()
#1 /var/www/khabarnews.ir/system/Database/BaseConnection.php(666): CodeIgniter\Database\MySQLi\Connection->execute()
#2 /var/www/khabarnews.ir/system/Database/BaseConnection.php(593): CodeIgniter\Database\BaseConnection->simpleQuery()
#3 /var/www/khabarnews.ir/system/Database/BaseBuilder.php(1916): CodeIgniter\Database\BaseConnection->query()
#4 /var/www/khabarnews.ir/system/Session/Handlers/DatabaseHandler.php(190): CodeIgniter\Database\BaseBuilder->insert()
#5 [internal function]: CodeIgniter\Session\Handlers\DatabaseHandler->write()
#6 [internal function]: session_write_close()
#7 {main}
ERROR - 2023-03-07 00:04:59 --> mysqli_sql_exception: Commands out of sync; you can't run this command now in /var/www/khabarnews.ir/system/Database/MySQLi/Connection.php:292
Stack trace:
#0 /var/www/khabarnews.ir/system/Database/MySQLi/Connection.php(292): mysqli->query()
#1 /var/www/khabarnews.ir/system/Database/BaseConnection.php(666): CodeIgniter\Database\MySQLi\Connection->execute()
#2 /var/www/khabarnews.ir/system/Database/BaseConnection.php(593): CodeIgniter\Database\BaseConnection->simpleQuery()
#3 /var/www/khabarnews.ir/system/Database/BaseBuilder.php(1916): CodeIgniter\Database\BaseConnection->query()
#4 /var/www/khabarnews.ir/system/Session/Handlers/DatabaseHandler.php(190): CodeIgniter\Database\BaseBuilder->insert()
#5 [internal function]: CodeIgniter\Session\Handlers\DatabaseHandler->write()
#6 [internal function]: session_write_close()
#7 {main}
ERROR - 2023-03-07 00:05:07 --> mysqli_sql_exception: Commands out of sync; you can't run this command now in /var/www/khabarnews.ir/system/Database/MySQLi/Connection.php:292
Stack trace:
#0 /var/www/khabarnews.ir/system/Database/MySQLi/Connection.php(292): mysqli->query()
#1 /var/www/khabarnews.ir/system/Database/BaseConnection.php(666): CodeIgniter\Database\MySQLi\Connection->execute()
#2 /var/www/khabarnews.ir/system/Database/BaseConnection.php(593): CodeIgniter\Database\BaseConnection->simpleQuery()
#3 /var/www/khabarnews.ir/system/Database/BaseBuilder.php(1916): CodeIgniter\Database\BaseConnection->query()
#4 /var/www/khabarnews.ir/system/Session/Handlers/DatabaseHandler.php(190): CodeIgniter\Database\BaseBuilder->insert()
#5 [internal function]: CodeIgniter\Session\Handlers\DatabaseHandler->write()
#6 [internal function]: session_write_close()
#7 {main}
ERROR - 2023-03-07 00:05:15 --> mysqli_sql_exception: Commands out of sync; you can't run this command now in /var/www/khabarnews.ir/system/Database/MySQLi/Connection.php:292
Stack trace:
#0 /var/www/khabarnews.ir/system/Database/MySQLi/Connection.php(292): mysqli->query()
#1 /var/www/khabarnews.ir/system/Database/BaseConnection.php(666): CodeIgniter\Database\MySQLi\Connection->execute()
#2 /var/www/khabarnews.ir/system/Database/BaseConnection.php(593): CodeIgniter\Database\BaseConnection->simpleQuery()
#3 /var/www/khabarnews.ir/system/Database/BaseBuilder.php(1916): CodeIgniter\Database\BaseConnection->query()
#4 /var/www/khabarnews.ir/system/Session/Handlers/DatabaseHandler.php(190): CodeIgniter\Database\BaseBuilder->insert()
#5 [internal function]: CodeIgniter\Session\Handlers\DatabaseHandler->write()
#6 [internal function]: session_write_close()
#7 {main}
ERROR - 2023-03-07 00:05:19 --> mysqli_sql_exception: Commands out of sync; you can't run this command now in /var/www/khabarnews.ir/system/Database/MySQLi/Connection.php:292
Stack trace:
#0 /var/www/khabarnews.ir/system/Database/MySQLi/Connection.php(292): mysqli->query()
#1 /var/www/khabarnews.ir/system/Database/BaseConnection.php(666): CodeIgniter\Database\MySQLi\Connection->execute()
#2 /var/www/khabarnews.ir/system/Database/BaseConnection.php(593): CodeIgniter\Database\BaseConnection->simpleQuery()
#3 /var/www/khabarnews.ir/system/Database/BaseBuilder.php(1916): CodeIgniter\Database\BaseConnection->query()
#4 /var/www/khabarnews.ir/system/Session/Handlers/DatabaseHandler.php(190): CodeIgniter\Database\BaseBuilder->insert()
#5 [internal function]: CodeIgniter\Session\Handlers\DatabaseHandler->write()
#6 [internal function]: session_write_close()
#7 {main}
ERROR - 2023-03-07 00:05:24 --> mysqli_sql_exception: Commands out of sync; you can't run this command now in /var/www/khabarnews.ir/system/Database/MySQLi/Connection.php:292
Stack trace:
#0 /var/www/khabarnews.ir/system/Database/MySQLi/Connection.php(292): mysqli->query()
#1 /var/www/khabarnews.ir/system/Database/BaseConnection.php(666): CodeIgniter\Database\MySQLi\Connection->execute()
#2 /var/www/khabarnews.ir/system/Database/BaseConnection.php(593): CodeIgniter\Database\BaseConnection->simpleQuery()
#3 /var/www/khabarnews.ir/system/Database/BaseBuilder.php(1916): CodeIgniter\Database\BaseConnection->query()
#4 /var/www/khabarnews.ir/system/Session/Handlers/DatabaseHandler.php(190): CodeIgniter\Database\BaseBuilder->insert()
#5 [internal function]: CodeIgniter\Session\Handlers\DatabaseHandler->write()
#6 [internal function]: session_write_close()
#7 {main}
ERROR - 2023-03-07 00:06:20 --> mysqli_sql_exception: Commands out of sync; you can't run this command now in /var/www/khabarnews.ir/system/Database/MySQLi/Connection.php:292
Stack trace:
#0 /var/www/khabarnews.ir/system/Database/MySQLi/Connection.php(292): mysqli->query()
#1 /var/www/khabarnews.ir/system/Database/BaseConnection.php(666): CodeIgniter\Database\MySQLi\Connection->execute()
#2 /var/www/khabarnews.ir/system/Database/BaseConnection.php(593): CodeIgniter\Database\BaseConnection->simpleQuery()
#3 /var/www/khabarnews.ir/system/Database/BaseBuilder.php(1916): CodeIgniter\Database\BaseConnection->query()
#4 /var/www/khabarnews.ir/system/Session/Handlers/DatabaseHandler.php(190): CodeIgniter\Database\BaseBuilder->insert()
#5 [internal function]: CodeIgniter\Session\Handlers\DatabaseHandler->write()
#6 [internal function]: session_write_close()
#7 {main}
ERROR - 2023-03-07 00:06:30 --> mysqli_sql_exception: Commands out of sync; you can't run this command now in /var/www/khabarnews.ir/system/Database/MySQLi/Connection.php:292
Stack trace:
#0 /var/www/khabarnews.ir/system/Database/MySQLi/Connection.php(292): mysqli->query()
#1 /var/www/khabarnews.ir/system/Database/BaseConnection.php(666): CodeIgniter\Database\MySQLi\Connection->execute()
#2 /var/www/khabarnews.ir/system/Database/BaseConnection.php(593): CodeIgniter\Database\BaseConnection->simpleQuery()
#3 /var/www/khabarnews.ir/system/Database/BaseBuilder.php(2079): CodeIgniter\Database\BaseConnection->query()
#4 /var/www/khabarnews.ir/system/Session/Handlers/DatabaseHandler.php(212): CodeIgniter\Database\BaseBuilder->update()
#5 [internal function]: CodeIgniter\Session\Handlers\DatabaseHandler->write()
#6 [internal function]: session_write_close()
#7 {main}
ERROR - 2023-03-07 00:06:40 --> mysqli_sql_exception: Commands out of sync; you can't run this command now in /var/www/khabarnews.ir/system/Database/MySQLi/Connection.php:292
Stack trace:
#0 /var/www/khabarnews.ir/system/Database/MySQLi/Connection.php(292): mysqli->query()
#1 /var/www/khabarnews.ir/system/Database/BaseConnection.php(666): CodeIgniter\Database\MySQLi\Connection->execute()
#2 /var/www/khabarnews.ir/system/Database/BaseConnection.php(593): CodeIgniter\Database\BaseConnection->simpleQuery()
#3 /var/www/khabarnews.ir/system/Database/BaseBuilder.php(2079): CodeIgniter\Database\BaseConnection->query()
#4 /var/www/khabarnews.ir/system/Session/Handlers/DatabaseHandler.php(212): CodeIgniter\Database\BaseBuilder->update()
#5 [internal function]: CodeIgniter\Session\Handlers\DatabaseHandler->write()
#6 [internal function]: session_write_close()
#7 {main}
ERROR - 2023-03-07 00:06:45 --> mysqli_sql_exception: Commands out of sync; you can't run this command now in /var/www/khabarnews.ir/system/Database/MySQLi/Connection.php:292
Stack trace:
#0 /var/www/khabarnews.ir/system/Database/MySQLi/Connection.php(292): mysqli->query()
#1 /var/www/khabarnews.ir/system/Database/BaseConnection.php(666): CodeIgniter\Database\MySQLi\Connection->execute()
#2 /var/www/khabarnews.ir/system/Database/BaseConnection.php(593): CodeIgniter\Database\BaseConnection->simpleQuery()
#3 /var/www/khabarnews.ir/system/Database/BaseBuilder.php(1916): CodeIgniter\Database\BaseConnection->query()
#4 /var/www/khabarnews.ir/system/Session/Handlers/DatabaseHandler.php(190): CodeIgniter\Database\BaseBuilder->insert()
#5 [internal function]: CodeIgniter\Session\Handlers\DatabaseHandler->write()
#6 [internal function]: session_write_close()
#7 {main}
ERROR - 2023-03-07 00:06:49 --> mysqli_sql_exception: Commands out of sync; you can't run this command now in /var/www/khabarnews.ir/system/Database/MySQLi/Connection.php:292
Stack trace:
#0 /var/www/khabarnews.ir/system/Database/MySQLi/Connection.php(292): mysqli->query()
#1 /var/www/khabarnews.ir/system/Database/BaseConnection.php(666): CodeIgniter\Database\MySQLi\Connection->execute()
#2 /var/www/khabarnews.ir/system/Database/BaseConnection.php(593): CodeIgniter\Database\BaseConnection->simpleQuery()
#3 /var/www/khabarnews.ir/system/Database/BaseBuilder.php(1916): CodeIgniter\Database\BaseConnection->query()
#4 /var/www/khabarnews.ir/system/Session/Handlers/DatabaseHandler.php(190): CodeIgniter\Database\BaseBuilder->insert()
#5 [internal function]: CodeIgniter\Session\Handlers\DatabaseHandler->write()
#6 [internal function]: session_write_close()
#7 {main}
ERROR - 2023-03-07 00:06:49 --> mysqli_sql_exception: Commands out of sync; you can't run this command now in /var/www/khabarnews.ir/system/Database/MySQLi/Connection.php:292
Stack trace:
#0 /var/www/khabarnews.ir/system/Database/MySQLi/Connection.php(292): mysqli->query()
#1 /var/www/khabarnews.ir/system/Database/BaseConnection.php(666): CodeIgniter\Database\MySQLi\Connection->execute()
#2 /var/www/khabarnews.ir/system/Database/BaseConnection.php(593): CodeIgniter\Database\BaseConnection->simpleQuery()
#3 /var/www/khabarnews.ir/system/Database/BaseBuilder.php(2079): CodeIgniter\Database\BaseConnection->query()
#4 /var/www/khabarnews.ir/system/Session/Handlers/DatabaseHandler.php(212): CodeIgniter\Database\BaseBuilder->update()
#5 [internal function]: CodeIgniter\Session\Handlers\DatabaseHandler->write()
#6 [internal function]: session_write_close()
#7 {main}
ERROR - 2023-03-07 00:06:55 --> mysqli_sql_exception: Commands out of sync; you can't run this command now in /var/www/khabarnews.ir/system/Database/MySQLi/Connection.php:292
Stack trace:
#0 /var/www/khabarnews.ir/system/Database/MySQLi/Connection.php(292): mysqli->query()
#1 /var/www/khabarnews.ir/system/Database/BaseConnection.php(666): CodeIgniter\Database\MySQLi\Connection->execute()
#2 /var/www/khabarnews.ir/system/Database/BaseConnection.php(593): CodeIgniter\Database\BaseConnection->simpleQuery()
#3 /var/www/khabarnews.ir/system/Database/BaseBuilder.php(2079): CodeIgniter\Database\BaseConnection->query()
#4 /var/www/khabarnews.ir/system/Session/Handlers/DatabaseHandler.php(212): CodeIgniter\Database\BaseBuilder->update()
#5 [internal function]: CodeIgniter\Session\Handlers\DatabaseHandler->write()
#6 [internal function]: session_write_close()
#7 {main}
ERROR - 2023-03-07 00:06:58 --> mysqli_sql_exception: Commands out of sync; you can't run this command now in /var/www/khabarnews.ir/system/Database/MySQLi/Connection.php:292
Stack trace:
#0 /var/www/khabarnews.ir/system/Database/MySQLi/Connection.php(292): mysqli->query()
#1 /var/www/khabarnews.ir/system/Database/BaseConnection.php(666): CodeIgniter\Database\MySQLi\Connection->execute()
#2 /var/www/khabarnews.ir/system/Database/BaseConnection.php(593): CodeIgniter\Database\BaseConnection->simpleQuery()
#3 /var/www/khabarnews.ir/system/Database/BaseBuilder.php(1916): CodeIgniter\Database\BaseConnection->query()
#4 /var/www/khabarnews.ir/system/Session/Handlers/DatabaseHandler.php(190): CodeIgniter\Database\BaseBuilder->insert()
#5 [internal function]: CodeIgniter\Session\Handlers\DatabaseHandler->write()
#6 [internal function]: session_write_close()
#7 {main}
ERROR - 2023-03-07 00:07:03 --> mysqli_sql_exception: Commands out of sync; you can't run this command now in /var/www/khabarnews.ir/system/Database/MySQLi/Connection.php:292
Stack trace:
#0 /var/www/khabarnews.ir/system/Database/MySQLi/Connection.php(292): mysqli->query()
#1 /var/www/khabarnews.ir/system/Database/BaseConnection.php(666): CodeIgniter\Database\MySQLi\Connection->execute()
#2 /var/www/khabarnews.ir/system/Database/BaseConnection.php(593): CodeIgniter\Database\BaseConnection->simpleQuery()
#3 /var/www/khabarnews.ir/system/Database/BaseBuilder.php(1916): CodeIgniter\Database\BaseConnection->query()
#4 /var/www/khabarnews.ir/system/Session/Handlers/DatabaseHandler.php(190): CodeIgniter\Database\BaseBuilder->insert()
#5 [internal function]: CodeIgniter\Session\Handlers\DatabaseHandler->write()
#6 [internal function]: session_write_close()
#7 {main}
ERROR - 2023-03-07 00:07:04 --> mysqli_sql_exception: Commands out of sync; you can't run this command now in /var/www/khabarnews.ir/system/Database/MySQLi/Connection.php:292
Stack trace:
#0 /var/www/khabarnews.ir/system/Database/MySQLi/Connection.php(292): mysqli->query()
#1 /var/www/khabarnews.ir/system/Database/BaseConnection.php(666): CodeIgniter\Database\MySQLi\Connection->execute()
#2 /var/www/khabarnews.ir/system/Database/BaseConnection.php(593): CodeIgniter\Database\BaseConnection->simpleQuery()
#3 /var/www/khabarnews.ir/system/Database/BaseBuilder.php(2079): CodeIgniter\Database\BaseConnection->query()
#4 /var/www/khabarnews.ir/system/Session/Handlers/DatabaseHandler.php(212): CodeIgniter\Database\BaseBuilder->update()
#5 [internal function]: CodeIgniter\Session\Handlers\DatabaseHandler->write()
#6 [internal function]: session_write_close()
#7 {main}
ERROR - 2023-03-07 00:07:12 --> mysqli_sql_exception: Commands out of sync; you can't run this command now in /var/www/khabarnews.ir/system/Database/MySQLi/Connection.php:292
Stack trace:
#0 /var/www/khabarnews.ir/system/Database/MySQLi/Connection.php(292): mysqli->query()
#1 /var/www/khabarnews.ir/system/Database/BaseConnection.php(666): CodeIgniter\Database\MySQLi\Connection->execute()
#2 /var/www/khabarnews.ir/system/Database/BaseConnection.php(593): CodeIgniter\Database\BaseConnection->simpleQuery()
#3 /var/www/khabarnews.ir/system/Database/BaseBuilder.php(1916): CodeIgniter\Database\BaseConnection->query()
#4 /var/www/khabarnews.ir/system/Session/Handlers/DatabaseHandler.php(190): CodeIgniter\Database\BaseBuilder->insert()
#5 [internal function]: CodeIgniter\Session\Handlers\DatabaseHandler->write()
#6 [internal function]: session_write_close()
#7 {main}
ERROR - 2023-03-07 00:07:21 --> mysqli_sql_exception: Commands out of sync; you can't run this command now in /var/www/khabarnews.ir/system/Database/MySQLi/Connection.php:292
Stack trace:
#0 /var/www/khabarnews.ir/system/Database/MySQLi/Connection.php(292): mysqli->query()
#1 /var/www/khabarnews.ir/system/Database/BaseConnection.php(666): CodeIgniter\Database\MySQLi\Connection->execute()
#2 /var/www/khabarnews.ir/system/Database/BaseConnection.php(593): CodeIgniter\Database\BaseConnection->simpleQuery()
#3 /var/www/khabarnews.ir/system/Database/BaseBuilder.php(2079): CodeIgniter\Database\BaseConnection->query()
#4 /var/www/khabarnews.ir/system/Session/Handlers/DatabaseHandler.php(212): CodeIgniter\Database\BaseBuilder->update()
#5 [internal function]: CodeIgniter\Session\Handlers\DatabaseHandler->write()
#6 [internal function]: session_write_close()
#7 {main}
ERROR - 2023-03-07 00:07:27 --> mysqli_sql_exception: Commands out of sync; you can't run this command now in /var/www/khabarnews.ir/system/Database/MySQLi/Connection.php:292
Stack trace:
#0 /var/www/khabarnews.ir/system/Database/MySQLi/Connection.php(292): mysqli->query()
#1 /var/www/khabarnews.ir/system/Database/BaseConnection.php(666): CodeIgniter\Database\MySQLi\Connection->execute()
#2 /var/www/khabarnews.ir/system/Database/BaseConnection.php(593): CodeIgniter\Database\BaseConnection->simpleQuery()
#3 /var/www/khabarnews.ir/system/Database/BaseBuilder.php(2079): CodeIgniter\Database\BaseConnection->query()
#4 /var/www/khabarnews.ir/system/Session/Handlers/DatabaseHandler.php(212): CodeIgniter\Database\BaseBuilder->update()
#5 [internal function]: CodeIgniter\Session\Handlers\DatabaseHandler->write()
#6 [internal function]: session_write_close()
#7 {main}
ERROR - 2023-03-07 00:07:28 --> mysqli_sql_exception: Commands out of sync; you can't run this command now in /var/www/khabarnews.ir/system/Database/MySQLi/Connection.php:292
Stack trace:
#0 /var/www/khabarnews.ir/system/Database/MySQLi/Connection.php(292): mysqli->query()
#1 /var/www/khabarnews.ir/system/Database/BaseConnection.php(666): CodeIgniter\Database\MySQLi\Connection->execute()
#2 /var/www/khabarnews.ir/system/Database/BaseConnection.php(593): CodeIgniter\Database\BaseConnection->simpleQuery()
#3 /var/www/khabarnews.ir/system/Database/BaseBuilder.php(2079): CodeIgniter\Database\BaseConnection->query()
#4 /var/www/khabarnews.ir/system/Session/Handlers/DatabaseHandler.php(212): CodeIgniter\Database\BaseBuilder->update()
#5 [internal function]: CodeIgniter\Session\Handlers\DatabaseHandler->write()
#6 [internal function]: session_write_close()
#7 {main}
ERROR - 2023-03-07 00:07:46 --> mysqli_sql_exception: Commands out of sync; you can't run this command now in /var/www/khabarnews.ir/system/Database/MySQLi/Connection.php:292
Stack trace:
#0 /var/www/khabarnews.ir/system/Database/MySQLi/Connection.php(292): mysqli->query()
#1 /var/www/khabarnews.ir/system/Database/BaseConnection.php(666): CodeIgniter\Database\MySQLi\Connection->execute()
#2 /var/www/khabarnews.ir/system/Database/BaseConnection.php(593): CodeIgniter\Database\BaseConnection->simpleQuery()
#3 /var/www/khabarnews.ir/system/Database/BaseBuilder.php(2079): CodeIgniter\Database\BaseConnection->query()
#4 /var/www/khabarnews.ir/system/Session/Handlers/DatabaseHandler.php(212): CodeIgniter\Database\BaseBuilder->update()
#5 [internal function]: CodeIgniter\Session\Handlers\DatabaseHandler->write()
#6 [internal function]: session_write_close()
#7 {main}
ERROR - 2023-03-07 00:08:08 --> mysqli_sql_exception: Commands out of sync; you can't run this command now in /var/www/khabarnews.ir/system/Database/MySQLi/Connection.php:292
Stack trace:
#0 /var/www/khabarnews.ir/system/Database/MySQLi/Connection.php(292): mysqli->query()
#1 /var/www/khabarnews.ir/system/Database/BaseConnection.php(666): CodeIgniter\Database\MySQLi\Connection->execute()
#2 /var/www/khabarnews.ir/system/Database/BaseConnection.php(593): CodeIgniter\Database\BaseConnection->simpleQuery()
#3 /var/www/khabarnews.ir/system/Database/BaseBuilder.php(1916): CodeIgniter\Database\BaseConnection->query()
#4 /var/www/khabarnews.ir/system/Session/Handlers/DatabaseHandler.php(190): CodeIgniter\Database\BaseBuilder->insert()
#5 [internal function]: CodeIgniter\Session\Handlers\DatabaseHandler->write()
#6 [internal function]: session_write_close()
#7 {main}
ERROR - 2023-03-07 00:08:13 --> mysqli_sql_exception: Commands out of sync; you can't run this command now in /var/www/khabarnews.ir/system/Database/MySQLi/Connection.php:292
Stack trace:
#0 /var/www/khabarnews.ir/system/Database/MySQLi/Connection.php(292): mysqli->query()
#1 /var/www/khabarnews.ir/system/Database/BaseConnection.php(666): CodeIgniter\Database\MySQLi\Connection->execute()
#2 /var/www/khabarnews.ir/system/Database/BaseConnection.php(593): CodeIgniter\Database\BaseConnection->simpleQuery()
#3 /var/www/khabarnews.ir/system/Database/BaseBuilder.php(1916): CodeIgniter\Database\BaseConnection->query()
#4 /var/www/khabarnews.ir/system/Session/Handlers/DatabaseHandler.php(190): CodeIgniter\Database\BaseBuilder->insert()
#5 [internal function]: CodeIgniter\Session\Handlers\DatabaseHandler->write()
#6 [internal function]: session_write_close()
#7 {main}
ERROR - 2023-03-07 00:09:04 --> mysqli_sql_exception: Commands out of sync; you can't run this command now in /var/www/khabarnews.ir/system/Database/MySQLi/Connection.php:292
Stack trace:
#0 /var/www/khabarnews.ir/system/Database/MySQLi/Connection.php(292): mysqli->query()
#1 /var/www/khabarnews.ir/system/Database/BaseConnection.php(666): CodeIgniter\Database\MySQLi\Connection->execute()
#2 /var/www/khabarnews.ir/system/Database/BaseConnection.php(593): CodeIgniter\Database\BaseConnection->simpleQuery()
#3 /var/www/khabarnews.ir/system/Database/BaseBuilder.php(1916): CodeIgniter\Database\BaseConnection->query()
#4 /var/www/khabarnews.ir/system/Session/Handlers/DatabaseHandler.php(190): CodeIgniter\Database\BaseBuilder->insert()
#5 [internal function]: CodeIgniter\Session\Handlers\DatabaseHandler->write()
#6 [internal function]: session_write_close()
#7 {main}
ERROR - 2023-03-07 00:09:06 --> mysqli_sql_exception: Commands out of sync; you can't run this command now in /var/www/khabarnews.ir/system/Database/MySQLi/Connection.php:292
Stack trace:
#0 /var/www/khabarnews.ir/system/Database/MySQLi/Connection.php(292): mysqli->query()
#1 /var/www/khabarnews.ir/system/Database/BaseConnection.php(666): CodeIgniter\Database\MySQLi\Connection->execute()
#2 /var/www/khabarnews.ir/system/Database/BaseConnection.php(593): CodeIgniter\Database\BaseConnection->simpleQuery()
#3 /var/www/khabarnews.ir/system/Database/BaseBuilder.php(1916): CodeIgniter\Database\BaseConnection->query()
#4 /var/www/khabarnews.ir/system/Session/Handlers/DatabaseHandler.php(190): CodeIgniter\Database\BaseBuilder->insert()
#5 [internal function]: CodeIgniter\Session\Handlers\DatabaseHandler->write()
#6 [internal function]: session_write_close()
#7 {main}
ERROR - 2023-03-07 00:09:12 --> mysqli_sql_exception: Commands out of sync; you can't run this command now in /var/www/khabarnews.ir/system/Database/MySQLi/Connection.php:292
Stack trace:
#0 /var/www/khabarnews.ir/system/Database/MySQLi/Connection.php(292): mysqli->query()
#1 /var/www/khabarnews.ir/system/Database/BaseConnection.php(666): CodeIgniter\Database\MySQLi\Connection->execute()
#2 /var/www/khabarnews.ir/system/Database/BaseConnection.php(593): CodeIgniter\Database\BaseConnection->simpleQuery()
#3 /var/www/khabarnews.ir/system/Database/BaseBuilder.php(1916): CodeIgniter\Database\BaseConnection->query()
#4 /var/www/khabarnews.ir/system/Session/Handlers/DatabaseHandler.php(190): CodeIgniter\Database\BaseBuilder->insert()
#5 [internal function]: CodeIgniter\Session\Handlers\DatabaseHandler->write()
#6 [internal function]: session_write_close()
#7 {main}
ERROR - 2023-03-07 00:09:22 --> mysqli_sql_exception: Commands out of sync; you can't run this command now in /var/www/khabarnews.ir/system/Database/MySQLi/Connection.php:292
Stack trace:
#0 /var/www/khabarnews.ir/system/Database/MySQLi/Connection.php(292): mysqli->query()
#1 /var/www/khabarnews.ir/system/Database/BaseConnection.php(666): CodeIgniter\Database\MySQLi\Connection->execute()
#2 /var/www/khabarnews.ir/system/Database/BaseConnection.php(593): CodeIgniter\Database\BaseConnection->simpleQuery()
#3 /var/www/khabarnews.ir/system/Database/BaseBuilder.php(1916): CodeIgniter\Database\BaseConnection->query()
#4 /var/www/khabarnews.ir/system/Session/Handlers/DatabaseHandler.php(190): CodeIgniter\Database\BaseBuilder->insert()
#5 [internal function]: CodeIgniter\Session\Handlers\DatabaseHandler->write()
#6 [internal function]: session_write_close()
#7 {main}
ERROR - 2023-03-07 00:09:29 --> mysqli_sql_exception: Commands out of sync; you can't run this command now in /var/www/khabarnews.ir/system/Database/MySQLi/Connection.php:292
Stack trace:
#0 /var/www/khabarnews.ir/system/Database/MySQLi/Connection.php(292): mysqli->query()
#1 /var/www/khabarnews.ir/system/Database/BaseConnection.php(666): CodeIgniter\Database\MySQLi\Connection->execute()
#2 /var/www/khabarnews.ir/system/Database/BaseConnection.php(593): CodeIgniter\Database\BaseConnection->simpleQuery()
#3 /var/www/khabarnews.ir/system/Database/BaseBuilder.php(1916): CodeIgniter\Database\BaseConnection->query()
#4 /var/www/khabarnews.ir/system/Session/Handlers/DatabaseHandler.php(190): CodeIgniter\Database\BaseBuilder->insert()
#5 [internal function]: CodeIgniter\Session\Handlers\DatabaseHandler->write()
#6 [internal function]: session_write_close()
#7 {main}
ERROR - 2023-03-07 00:09:42 --> mysqli_sql_exception: Commands out of sync; you can't run this command now in /var/www/khabarnews.ir/system/Database/MySQLi/Connection.php:292
Stack trace:
#0 /var/www/khabarnews.ir/system/Database/MySQLi/Connection.php(292): mysqli->query()
#1 /var/www/khabarnews.ir/system/Database/BaseConnection.php(666): CodeIgniter\Database\MySQLi\Connection->execute()
#2 /var/www/khabarnews.ir/system/Database/BaseConnection.php(593): CodeIgniter\Database\BaseConnection->simpleQuery()
#3 /var/www/khabarnews.ir/system/Database/BaseBuilder.php(1916): CodeIgniter\Database\BaseConnection->query()
#4 /var/www/khabarnews.ir/system/Session/Handlers/DatabaseHandler.php(190): CodeIgniter\Database\BaseBuilder->insert()
#5 [internal function]: CodeIgniter\Session\Handlers\DatabaseHandler->write()
#6 [internal function]: session_write_close()
#7 {main}
ERROR - 2023-03-07 00:11:13 --> mysqli_sql_exception: Commands out of sync; you can't run this command now in /var/www/khabarnews.ir/system/Database/MySQLi/Connection.php:292
Stack trace:
#0 /var/www/khabarnews.ir/system/Database/MySQLi/Connection.php(292): mysqli->query()
#1 /var/www/khabarnews.ir/system/Database/BaseConnection.php(666): CodeIgniter\Database\MySQLi\Connection->execute()
#2 /var/www/khabarnews.ir/system/Database/BaseConnection.php(593): CodeIgniter\Database\BaseConnection->simpleQuery()
#3 /var/www/khabarnews.ir/system/Database/BaseBuilder.php(1916): CodeIgniter\Database\BaseConnection->query()
#4 /var/www/khabarnews.ir/system/Session/Handlers/DatabaseHandler.php(190): CodeIgniter\Database\BaseBuilder->insert()
#5 [internal function]: CodeIgniter\Session\Handlers\DatabaseHandler->write()
#6 [internal function]: session_write_close()
#7 {main}
ERROR - 2023-03-07 00:11:19 --> mysqli_sql_exception: Commands out of sync; you can't run this command now in /var/www/khabarnews.ir/system/Database/MySQLi/Connection.php:292
Stack trace:
#0 /var/www/khabarnews.ir/system/Database/MySQLi/Connection.php(292): mysqli->query()
#1 /var/www/khabarnews.ir/system/Database/BaseConnection.php(666): CodeIgniter\Database\MySQLi\Connection->execute()
#2 /var/www/khabarnews.ir/system/Database/BaseConnection.php(593): CodeIgniter\Database\BaseConnection->simpleQuery()
#3 /var/www/khabarnews.ir/system/Database/BaseBuilder.php(1916): CodeIgniter\Database\BaseConnection->query()
#4 /var/www/khabarnews.ir/system/Session/Handlers/DatabaseHandler.php(190): CodeIgniter\Database\BaseBuilder->insert()
#5 [internal function]: CodeIgniter\Session\Handlers\DatabaseHandler->write()
#6 [internal function]: session_write_close()
#7 {main}
ERROR - 2023-03-07 00:11:46 --> mysqli_sql_exception: Commands out of sync; you can't run this command now in /var/www/khabarnews.ir/system/Database/MySQLi/Connection.php:292
Stack trace:
#0 /var/www/khabarnews.ir/system/Database/MySQLi/Connection.php(292): mysqli->query()
#1 /var/www/khabarnews.ir/system/Database/BaseConnection.php(666): CodeIgniter\Database\MySQLi\Connection->execute()
#2 /var/www/khabarnews.ir/system/Database/BaseConnection.php(593): CodeIgniter\Database\BaseConnection->simpleQuery()
#3 /var/www/khabarnews.ir/system/Database/BaseBuilder.php(1916): CodeIgniter\Database\BaseConnection->query()
#4 /var/www/khabarnews.ir/system/Session/Handlers/DatabaseHandler.php(190): CodeIgniter\Database\BaseBuilder->insert()
#5 [internal function]: CodeIgniter\Session\Handlers\DatabaseHandler->write()
#6 [internal function]: session_write_close()
#7 {main}
ERROR - 2023-03-07 00:13:14 --> mysqli_sql_exception: Commands out of sync; you can't run this command now in /var/www/khabarnews.ir/system/Database/MySQLi/Connection.php:292
Stack trace:
#0 /var/www/khabarnews.ir/system/Database/MySQLi/Connection.php(292): mysqli->query()
#1 /var/www/khabarnews.ir/system/Database/BaseConnection.php(666): CodeIgniter\Database\MySQLi\Connection->execute()
#2 /var/www/khabarnews.ir/system/Database/BaseConnection.php(593): CodeIgniter\Database\BaseConnection->simpleQuery()
#3 /var/www/khabarnews.ir/system/Database/BaseBuilder.php(1916): CodeIgniter\Database\BaseConnection->query()
#4 /var/www/khabarnews.ir/system/Session/Handlers/DatabaseHandler.php(190): CodeIgniter\Database\BaseBuilder->insert()
#5 [internal function]: CodeIgniter\Session\Handlers\DatabaseHandler->write()
#6 [internal function]: session_write_close()
#7 {main}
ERROR - 2023-03-07 00:13:19 --> mysqli_sql_exception: Commands out of sync; you can't run this command now in /var/www/khabarnews.ir/system/Database/MySQLi/Connection.php:292
Stack trace:
#0 /var/www/khabarnews.ir/system/Database/MySQLi/Connection.php(292): mysqli->query()
#1 /var/www/khabarnews.ir/system/Database/BaseConnection.php(666): CodeIgniter\Database\MySQLi\Connection->execute()
#2 /var/www/khabarnews.ir/system/Database/BaseConnection.php(593): CodeIgniter\Database\BaseConnection->simpleQuery()
#3 /var/www/khabarnews.ir/system/Database/BaseBuilder.php(1916): CodeIgniter\Database\BaseConnection->query()
#4 /var/www/khabarnews.ir/system/Session/Handlers/DatabaseHandler.php(190): CodeIgniter\Database\BaseBuilder->insert()
#5 [internal function]: CodeIgniter\Session\Handlers\DatabaseHandler->write()
#6 [internal function]: session_write_close()
#7 {main}
ERROR - 2023-03-07 00:13:22 --> mysqli_sql_exception: Commands out of sync; you can't run this command now in /var/www/khabarnews.ir/system/Database/MySQLi/Connection.php:292
Stack trace:
#0 /var/www/khabarnews.ir/system/Database/MySQLi/Connection.php(292): mysqli->query()
#1 /var/www/khabarnews.ir/system/Database/BaseConnection.php(666): CodeIgniter\Database\MySQLi\Connection->execute()
#2 /var/www/khabarnews.ir/system/Database/BaseConnection.php(593): CodeIgniter\Database\BaseConnection->simpleQuery()
#3 /var/www/khabarnews.ir/system/Database/BaseBuilder.php(1916): CodeIgniter\Database\BaseConnection->query()
#4 /var/www/khabarnews.ir/system/Session/Handlers/DatabaseHandler.php(190): CodeIgniter\Database\BaseBuilder->insert()
#5 [internal function]: CodeIgniter\Session\Handlers\DatabaseHandler->write()
#6 [internal function]: session_write_close()
#7 {main}
ERROR - 2023-03-07 00:14:11 --> mysqli_sql_exception: Commands out of sync; you can't run this command now in /var/www/khabarnews.ir/system/Database/MySQLi/Connection.php:292
Stack trace:
#0 /var/www/khabarnews.ir/system/Database/MySQLi/Connection.php(292): mysqli->query()
#1 /var/www/khabarnews.ir/system/Database/BaseConnection.php(666): CodeIgniter\Database\MySQLi\Connection->execute()
#2 /var/www/khabarnews.ir/system/Database/BaseConnection.php(593): CodeIgniter\Database\BaseConnection->simpleQuery()
#3 /var/www/khabarnews.ir/system/Database/BaseBuilder.php(1916): CodeIgniter\Database\BaseConnection->query()
#4 /var/www/khabarnews.ir/system/Session/Handlers/DatabaseHandler.php(190): CodeIgniter\Database\BaseBuilder->insert()
#5 [internal function]: CodeIgniter\Session\Handlers\DatabaseHandler->write()
#6 [internal function]: session_write_close()
#7 {main}
ERROR - 2023-03-07 00:14:13 --> mysqli_sql_exception: Commands out of sync; you can't run this command now in /var/www/khabarnews.ir/system/Database/MySQLi/Connection.php:292
Stack trace:
#0 /var/www/khabarnews.ir/system/Database/MySQLi/Connection.php(292): mysqli->query()
#1 /var/www/khabarnews.ir/system/Database/BaseConnection.php(666): CodeIgniter\Database\MySQLi\Connection->execute()
#2 /var/www/khabarnews.ir/system/Database/BaseConnection.php(593): CodeIgniter\Database\BaseConnection->simpleQuery()
#3 /var/www/khabarnews.ir/system/Database/BaseBuilder.php(1916): CodeIgniter\Database\BaseConnection->query()
#4 /var/www/khabarnews.ir/system/Session/Handlers/DatabaseHandler.php(190): CodeIgniter\Database\BaseBuilder->insert()
#5 [internal function]: CodeIgniter\Session\Handlers\DatabaseHandler->write()
#6 [internal function]: session_write_close()
#7 {main}
CRITICAL - 2023-03-07 00:16:26 --> Uncaught ErrorException: Undefined variable $activeTheme in /var/www/khabarnews.ir/app/Views/errors/html/error_404.php:2
Stack trace:
#0 /var/www/khabarnews.ir/app/Views/errors/html/error_404.php(2): CodeIgniter\Debug\Exceptions->errorHandler()
#1 /var/www/khabarnews.ir/system/Debug/Exceptions.php(284): include('...')
#2 /var/www/khabarnews.ir/system/Debug/Exceptions.php(287): CodeIgniter\Debug\Exceptions->CodeIgniter\Debug\{closure}()
#3 /var/www/khabarnews.ir/system/Debug/Exceptions.php(139): CodeIgniter\Debug\Exceptions->render()
#4 [internal function]: CodeIgniter\Debug\Exceptions->exceptionHandler()
#5 {main}
  thrown
in APPPATH/Views/errors/html/error_404.php on line 2.
 1 [internal function]: CodeIgniter\Debug\Exceptions->shutdownHandler()
CRITICAL - 2023-03-07 00:16:33 --> Uncaught ErrorException: Undefined variable $activeTheme in /var/www/khabarnews.ir/app/Views/errors/html/error_404.php:2
Stack trace:
#0 /var/www/khabarnews.ir/app/Views/errors/html/error_404.php(2): CodeIgniter\Debug\Exceptions->errorHandler()
#1 /var/www/khabarnews.ir/system/Debug/Exceptions.php(284): include('...')
#2 /var/www/khabarnews.ir/system/Debug/Exceptions.php(287): CodeIgniter\Debug\Exceptions->CodeIgniter\Debug\{closure}()
#3 /var/www/khabarnews.ir/system/Debug/Exceptions.php(139): CodeIgniter\Debug\Exceptions->render()
#4 [internal function]: CodeIgniter\Debug\Exceptions->exceptionHandler()
#5 {main}
  thrown
in APPPATH/Views/errors/html/error_404.php on line 2.
 1 [internal function]: CodeIgniter\Debug\Exceptions->shutdownHandler()
CRITICAL - 2023-03-07 00:16:59 --> Uncaught ErrorException: Undefined variable $activeTheme in /var/www/khabarnews.ir/app/Views/errors/html/error_404.php:2
Stack trace:
#0 /var/www/khabarnews.ir/app/Views/errors/html/error_404.php(2): CodeIgniter\Debug\Exceptions->errorHandler()
#1 /var/www/khabarnews.ir/system/Debug/Exceptions.php(284): include('...')
#2 /var/www/khabarnews.ir/system/Debug/Exceptions.php(287): CodeIgniter\Debug\Exceptions->CodeIgniter\Debug\{closure}()
#3 /var/www/khabarnews.ir/system/Debug/Exceptions.php(139): CodeIgniter\Debug\Exceptions->render()
#4 [internal function]: CodeIgniter\Debug\Exceptions->exceptionHandler()
#5 {main}
  thrown
in APPPATH/Views/errors/html/error_404.php on line 2.
 1 [internal function]: CodeIgniter\Debug\Exceptions->shutdownHandler()
CRITICAL - 2023-03-07 00:17:18 --> Uncaught ErrorException: Undefined variable $activeTheme in /var/www/khabarnews.ir/app/Views/errors/html/error_404.php:2
Stack trace:
#0 /var/www/khabarnews.ir/app/Views/errors/html/error_404.php(2): CodeIgniter\Debug\Exceptions->errorHandler()
#1 /var/www/khabarnews.ir/system/Debug/Exceptions.php(284): include('...')
#2 /var/www/khabarnews.ir/system/Debug/Exceptions.php(287): CodeIgniter\Debug\Exceptions->CodeIgniter\Debug\{closure}()
#3 /var/www/khabarnews.ir/system/Debug/Exceptions.php(139): CodeIgniter\Debug\Exceptions->render()
#4 [internal function]: CodeIgniter\Debug\Exceptions->exceptionHandler()
#5 {main}
  thrown
in APPPATH/Views/errors/html/error_404.php on line 2.
 1 [internal function]: CodeIgniter\Debug\Exceptions->shutdownHandler()
ERROR - 2023-03-07 00:19:16 --> mysqli_sql_exception: Commands out of sync; you can't run this command now in /var/www/khabarnews.ir/system/Database/MySQLi/Connection.php:292
Stack trace:
#0 /var/www/khabarnews.ir/system/Database/MySQLi/Connection.php(292): mysqli->query()
#1 /var/www/khabarnews.ir/system/Database/BaseConnection.php(666): CodeIgniter\Database\MySQLi\Connection->execute()
#2 /var/www/khabarnews.ir/system/Database/BaseConnection.php(593): CodeIgniter\Database\BaseConnection->simpleQuery()
#3 /var/www/khabarnews.ir/system/Database/BaseBuilder.php(1916): CodeIgniter\Database\BaseConnection->query()
#4 /var/www/khabarnews.ir/system/Session/Handlers/DatabaseHandler.php(190): CodeIgniter\Database\BaseBuilder->insert()
#5 [internal function]: CodeIgniter\Session\Handlers\DatabaseHandler->write()
#6 [internal function]: session_write_close()
#7 {main}
ERROR - 2023-03-07 00:19:28 --> mysqli_sql_exception: Commands out of sync; you can't run this command now in /var/www/khabarnews.ir/system/Database/MySQLi/Connection.php:292
Stack trace:
#0 /var/www/khabarnews.ir/system/Database/MySQLi/Connection.php(292): mysqli->query()
#1 /var/www/khabarnews.ir/system/Database/BaseConnection.php(666): CodeIgniter\Database\MySQLi\Connection->execute()
#2 /var/www/khabarnews.ir/system/Database/BaseConnection.php(593): CodeIgniter\Database\BaseConnection->simpleQuery()
#3 /var/www/khabarnews.ir/system/Database/BaseBuilder.php(1916): CodeIgniter\Database\BaseConnection->query()
#4 /var/www/khabarnews.ir/system/Session/Handlers/DatabaseHandler.php(190): CodeIgniter\Database\BaseBuilder->insert()
#5 [internal function]: CodeIgniter\Session\Handlers\DatabaseHandler->write()
#6 [internal function]: session_write_close()
#7 {main}
ERROR - 2023-03-07 00:20:05 --> mysqli_sql_exception: Commands out of sync; you can't run this command now in /var/www/khabarnews.ir/system/Database/MySQLi/Connection.php:292
Stack trace:
#0 /var/www/khabarnews.ir/system/Database/MySQLi/Connection.php(292): mysqli->query()
#1 /var/www/khabarnews.ir/system/Database/BaseConnection.php(666): CodeIgniter\Database\MySQLi\Connection->execute()
#2 /var/www/khabarnews.ir/system/Database/BaseConnection.php(593): CodeIgniter\Database\BaseConnection->simpleQuery()
#3 /var/www/khabarnews.ir/system/Database/BaseBuilder.php(1916): CodeIgniter\Database\BaseConnection->query()
#4 /var/www/khabarnews.ir/system/Session/Handlers/DatabaseHandler.php(190): CodeIgniter\Database\BaseBuilder->insert()
#5 [internal function]: CodeIgniter\Session\Handlers\DatabaseHandler->write()
#6 [internal function]: session_write_close()
#7 {main}
ERROR - 2023-03-07 00:20:09 --> mysqli_sql_exception: Commands out of sync; you can't run this command now in /var/www/khabarnews.ir/system/Database/MySQLi/Connection.php:292
Stack trace:
#0 /var/www/khabarnews.ir/system/Database/MySQLi/Connection.php(292): mysqli->query()
#1 /var/www/khabarnews.ir/system/Database/BaseConnection.php(666): CodeIgniter\Database\MySQLi\Connection->execute()
#2 /var/www/khabarnews.ir/system/Database/BaseConnection.php(593): CodeIgniter\Database\BaseConnection->simpleQuery()
#3 /var/www/khabarnews.ir/system/Database/BaseBuilder.php(1916): CodeIgniter\Database\BaseConnection->query()
#4 /var/www/khabarnews.ir/system/Session/Handlers/DatabaseHandler.php(190): CodeIgniter\Database\BaseBuilder->insert()
#5 [internal function]: CodeIgniter\Session\Handlers\DatabaseHandler->write()
#6 [internal function]: session_write_close()
#7 {main}
ERROR - 2023-03-07 00:20:13 --> mysqli_sql_exception: Commands out of sync; you can't run this command now in /var/www/khabarnews.ir/system/Database/MySQLi/Connection.php:292
Stack trace:
#0 /var/www/khabarnews.ir/system/Database/MySQLi/Connection.php(292): mysqli->query()
#1 /var/www/khabarnews.ir/system/Database/BaseConnection.php(666): CodeIgniter\Database\MySQLi\Connection->execute()
#2 /var/www/khabarnews.ir/system/Database/BaseConnection.php(593): CodeIgniter\Database\BaseConnection->simpleQuery()
#3 /var/www/khabarnews.ir/system/Database/BaseBuilder.php(1916): CodeIgniter\Database\BaseConnection->query()
#4 /var/www/khabarnews.ir/system/Session/Handlers/DatabaseHandler.php(190): CodeIgniter\Database\BaseBuilder->insert()
#5 [internal function]: CodeIgniter\Session\Handlers\DatabaseHandler->write()
#6 [internal function]: session_write_close()
#7 {main}
ERROR - 2023-03-07 00:20:37 --> mysqli_sql_exception: Commands out of sync; you can't run this command now in /var/www/khabarnews.ir/system/Database/MySQLi/Connection.php:292
Stack trace:
#0 /var/www/khabarnews.ir/system/Database/MySQLi/Connection.php(292): mysqli->query()
#1 /var/www/khabarnews.ir/system/Database/BaseConnection.php(666): CodeIgniter\Database\MySQLi\Connection->execute()
#2 /var/www/khabarnews.ir/system/Database/BaseConnection.php(593): CodeIgniter\Database\BaseConnection->simpleQuery()
#3 /var/www/khabarnews.ir/system/Database/BaseBuilder.php(1916): CodeIgniter\Database\BaseConnection->query()
#4 /var/www/khabarnews.ir/system/Session/Handlers/DatabaseHandler.php(190): CodeIgniter\Database\BaseBuilder->insert()
#5 [internal function]: CodeIgniter\Session\Handlers\DatabaseHandler->write()
#6 [internal function]: session_write_close()
#7 {main}
ERROR - 2023-03-07 00:21:16 --> mysqli_sql_exception: Commands out of sync; you can't run this command now in /var/www/khabarnews.ir/system/Database/MySQLi/Connection.php:292
Stack trace:
#0 /var/www/khabarnews.ir/system/Database/MySQLi/Connection.php(292): mysqli->query()
#1 /var/www/khabarnews.ir/system/Database/BaseConnection.php(666): CodeIgniter\Database\MySQLi\Connection->execute()
#2 /var/www/khabarnews.ir/system/Database/BaseConnection.php(593): CodeIgniter\Database\BaseConnection->simpleQuery()
#3 /var/www/khabarnews.ir/system/Database/BaseBuilder.php(1916): CodeIgniter\Database\BaseConnection->query()
#4 /var/www/khabarnews.ir/system/Session/Handlers/DatabaseHandler.php(190): CodeIgniter\Database\BaseBuilder->insert()
#5 [internal function]: CodeIgniter\Session\Handlers\DatabaseHandler->write()
#6 [internal function]: session_write_close()
#7 {main}
ERROR - 2023-03-07 00:21:38 --> mysqli_sql_exception: Commands out of sync; you can't run this command now in /var/www/khabarnews.ir/system/Database/MySQLi/Connection.php:292
Stack trace:
#0 /var/www/khabarnews.ir/system/Database/MySQLi/Connection.php(292): mysqli->query()
#1 /var/www/khabarnews.ir/system/Database/BaseConnection.php(666): CodeIgniter\Database\MySQLi\Connection->execute()
#2 /var/www/khabarnews.ir/system/Database/BaseConnection.php(593): CodeIgniter\Database\BaseConnection->simpleQuery()
#3 /var/www/khabarnews.ir/system/Database/BaseBuilder.php(1916): CodeIgniter\Database\BaseConnection->query()
#4 /var/www/khabarnews.ir/system/Session/Handlers/DatabaseHandler.php(190): CodeIgniter\Database\BaseBuilder->insert()
#5 [internal function]: CodeIgniter\Session\Handlers\DatabaseHandler->write()
#6 [internal function]: session_write_close()
#7 {main}
ERROR - 2023-03-07 00:21:39 --> mysqli_sql_exception: Commands out of sync; you can't run this command now in /var/www/khabarnews.ir/system/Database/MySQLi/Connection.php:292
Stack trace:
#0 /var/www/khabarnews.ir/system/Database/MySQLi/Connection.php(292): mysqli->query()
#1 /var/www/khabarnews.ir/system/Database/BaseConnection.php(666): CodeIgniter\Database\MySQLi\Connection->execute()
#2 /var/www/khabarnews.ir/system/Database/BaseConnection.php(593): CodeIgniter\Database\BaseConnection->simpleQuery()
#3 /var/www/khabarnews.ir/system/Database/BaseBuilder.php(1916): CodeIgniter\Database\BaseConnection->query()
#4 /var/www/khabarnews.ir/system/Session/Handlers/DatabaseHandler.php(190): CodeIgniter\Database\BaseBuilder->insert()
#5 [internal function]: CodeIgniter\Session\Handlers\DatabaseHandler->write()
#6 [internal function]: session_write_close()
#7 {main}
ERROR - 2023-03-07 00:23:05 --> mysqli_sql_exception: Commands out of sync; you can't run this command now in /var/www/khabarnews.ir/system/Database/MySQLi/Connection.php:292
Stack trace:
#0 /var/www/khabarnews.ir/system/Database/MySQLi/Connection.php(292): mysqli->query()
#1 /var/www/khabarnews.ir/system/Database/BaseConnection.php(666): CodeIgniter\Database\MySQLi\Connection->execute()
#2 /var/www/khabarnews.ir/system/Database/BaseConnection.php(593): CodeIgniter\Database\BaseConnection->simpleQuery()
#3 /var/www/khabarnews.ir/system/Database/BaseBuilder.php(1916): CodeIgniter\Database\BaseConnection->query()
#4 /var/www/khabarnews.ir/system/Session/Handlers/DatabaseHandler.php(190): CodeIgniter\Database\BaseBuilder->insert()
#5 [internal function]: CodeIgniter\Session\Handlers\DatabaseHandler->write()
#6 [internal function]: session_write_close()
#7 {main}
ERROR - 2023-03-07 00:23:08 --> mysqli_sql_exception: Commands out of sync; you can't run this command now in /var/www/khabarnews.ir/system/Database/MySQLi/Connection.php:292
Stack trace:
#0 /var/www/khabarnews.ir/system/Database/MySQLi/Connection.php(292): mysqli->query()
#1 /var/www/khabarnews.ir/system/Database/BaseConnection.php(666): CodeIgniter\Database\MySQLi\Connection->execute()
#2 /var/www/khabarnews.ir/system/Database/BaseConnection.php(593): CodeIgniter\Database\BaseConnection->simpleQuery()
#3 /var/www/khabarnews.ir/system/Database/BaseBuilder.php(1916): CodeIgniter\Database\BaseConnection->query()
#4 /var/www/khabarnews.ir/system/Session/Handlers/DatabaseHandler.php(190): CodeIgniter\Database\BaseBuilder->insert()
#5 [internal function]: CodeIgniter\Session\Handlers\DatabaseHandler->write()
#6 [internal function]: session_write_close()
#7 {main}
ERROR - 2023-03-07 00:25:18 --> mysqli_sql_exception: Commands out of sync; you can't run this command now in /var/www/khabarnews.ir/system/Database/MySQLi/Connection.php:292
Stack trace:
#0 /var/www/khabarnews.ir/system/Database/MySQLi/Connection.php(292): mysqli->query()
#1 /var/www/khabarnews.ir/system/Database/BaseConnection.php(666): CodeIgniter\Database\MySQLi\Connection->execute()
#2 /var/www/khabarnews.ir/system/Database/BaseConnection.php(593): CodeIgniter\Database\BaseConnection->simpleQuery()
#3 /var/www/khabarnews.ir/system/Database/BaseBuilder.php(1916): CodeIgniter\Database\BaseConnection->query()
#4 /var/www/khabarnews.ir/system/Session/Handlers/DatabaseHandler.php(190): CodeIgniter\Database\BaseBuilder->insert()
#5 [internal function]: CodeIgniter\Session\Handlers\DatabaseHandler->write()
#6 [internal function]: session_write_close()
#7 {main}
ERROR - 2023-03-07 00:25:23 --> mysqli_sql_exception: Commands out of sync; you can't run this command now in /var/www/khabarnews.ir/system/Database/MySQLi/Connection.php:292
Stack trace:
#0 /var/www/khabarnews.ir/system/Database/MySQLi/Connection.php(292): mysqli->query()
#1 /var/www/khabarnews.ir/system/Database/BaseConnection.php(666): CodeIgniter\Database\MySQLi\Connection->execute()
#2 /var/www/khabarnews.ir/system/Database/BaseConnection.php(593): CodeIgniter\Database\BaseConnection->simpleQuery()
#3 /var/www/khabarnews.ir/system/Database/BaseBuilder.php(2079): CodeIgniter\Database\BaseConnection->query()
#4 /var/www/khabarnews.ir/system/Session/Handlers/DatabaseHandler.php(212): CodeIgniter\Database\BaseBuilder->update()
#5 [internal function]: CodeIgniter\Session\Handlers\DatabaseHandler->write()
#6 [internal function]: session_write_close()
#7 {main}
ERROR - 2023-03-07 00:27:23 --> mysqli_sql_exception: Commands out of sync; you can't run this command now in /var/www/khabarnews.ir/system/Database/MySQLi/Connection.php:292
Stack trace:
#0 /var/www/khabarnews.ir/system/Database/MySQLi/Connection.php(292): mysqli->query()
#1 /var/www/khabarnews.ir/system/Database/BaseConnection.php(666): CodeIgniter\Database\MySQLi\Connection->execute()
#2 /var/www/khabarnews.ir/system/Database/BaseConnection.php(593): CodeIgniter\Database\BaseConnection->simpleQuery()
#3 /var/www/khabarnews.ir/system/Database/BaseBuilder.php(2079): CodeIgniter\Database\BaseConnection->query()
#4 /var/www/khabarnews.ir/system/Session/Handlers/DatabaseHandler.php(212): CodeIgniter\Database\BaseBuilder->update()
#5 [internal function]: CodeIgniter\Session\Handlers\DatabaseHandler->write()
#6 [internal function]: session_write_close()
#7 {main}
ERROR - 2023-03-07 00:29:50 --> mysqli_sql_exception: Commands out of sync; you can't run this command now in /var/www/khabarnews.ir/system/Database/MySQLi/Connection.php:292
Stack trace:
#0 /var/www/khabarnews.ir/system/Database/MySQLi/Connection.php(292): mysqli->query()
#1 /var/www/khabarnews.ir/system/Database/BaseConnection.php(666): CodeIgniter\Database\MySQLi\Connection->execute()
#2 /var/www/khabarnews.ir/system/Database/BaseConnection.php(593): CodeIgniter\Database\BaseConnection->simpleQuery()
#3 /var/www/khabarnews.ir/system/Database/BaseBuilder.php(1916): CodeIgniter\Database\BaseConnection->query()
#4 /var/www/khabarnews.ir/system/Session/Handlers/DatabaseHandler.php(190): CodeIgniter\Database\BaseBuilder->insert()
#5 [internal function]: CodeIgniter\Session\Handlers\DatabaseHandler->write()
#6 [internal function]: session_write_close()
#7 {main}
ERROR - 2023-03-07 00:30:07 --> mysqli_sql_exception: Commands out of sync; you can't run this command now in /var/www/khabarnews.ir/system/Database/MySQLi/Connection.php:292
Stack trace:
#0 /var/www/khabarnews.ir/system/Database/MySQLi/Connection.php(292): mysqli->query()
#1 /var/www/khabarnews.ir/system/Database/BaseConnection.php(666): CodeIgniter\Database\MySQLi\Connection->execute()
#2 /var/www/khabarnews.ir/system/Database/BaseConnection.php(593): CodeIgniter\Database\BaseConnection->simpleQuery()
#3 /var/www/khabarnews.ir/system/Database/BaseBuilder.php(1916): CodeIgniter\Database\BaseConnection->query()
#4 /var/www/khabarnews.ir/system/Session/Handlers/DatabaseHandler.php(190): CodeIgniter\Database\BaseBuilder->insert()
#5 [internal function]: CodeIgniter\Session\Handlers\DatabaseHandler->write()
#6 [internal function]: session_write_close()
#7 {main}
ERROR - 2023-03-07 00:31:05 --> mysqli_sql_exception: Commands out of sync; you can't run this command now in /var/www/khabarnews.ir/system/Database/MySQLi/Connection.php:292
Stack trace:
#0 /var/www/khabarnews.ir/system/Database/MySQLi/Connection.php(292): mysqli->query()
#1 /var/www/khabarnews.ir/system/Database/BaseConnection.php(666): CodeIgniter\Database\MySQLi\Connection->execute()
#2 /var/www/khabarnews.ir/system/Database/BaseConnection.php(593): CodeIgniter\Database\BaseConnection->simpleQuery()
#3 /var/www/khabarnews.ir/system/Database/BaseBuilder.php(1916): CodeIgniter\Database\BaseConnection->query()
#4 /var/www/khabarnews.ir/system/Session/Handlers/DatabaseHandler.php(190): CodeIgniter\Database\BaseBuilder->insert()
#5 [internal function]: CodeIgniter\Session\Handlers\DatabaseHandler->write()
#6 [internal function]: session_write_close()
#7 {main}
ERROR - 2023-03-07 00:34:33 --> mysqli_sql_exception: Commands out of sync; you can't run this command now in /var/www/khabarnews.ir/system/Database/MySQLi/Connection.php:292
Stack trace:
#0 /var/www/khabarnews.ir/system/Database/MySQLi/Connection.php(292): mysqli->query()
#1 /var/www/khabarnews.ir/system/Database/BaseConnection.php(666): CodeIgniter\Database\MySQLi\Connection->execute()
#2 /var/www/khabarnews.ir/system/Database/BaseConnection.php(593): CodeIgniter\Database\BaseConnection->simpleQuery()
#3 /var/www/khabarnews.ir/system/Database/BaseBuilder.php(2079): CodeIgniter\Database\BaseConnection->query()
#4 /var/www/khabarnews.ir/system/Session/Handlers/DatabaseHandler.php(212): CodeIgniter\Database\BaseBuilder->update()
#5 [internal function]: CodeIgniter\Session\Handlers\DatabaseHandler->write()
#6 [internal function]: session_write_close()
#7 {main}
ERROR - 2023-03-07 00:34:38 --> mysqli_sql_exception: Commands out of sync; you can't run this command now in /var/www/khabarnews.ir/system/Database/MySQLi/Connection.php:292
Stack trace:
#0 /var/www/khabarnews.ir/system/Database/MySQLi/Connection.php(292): mysqli->query()
#1 /var/www/khabarnews.ir/system/Database/BaseConnection.php(666): CodeIgniter\Database\MySQLi\Connection->execute()
#2 /var/www/khabarnews.ir/system/Database/BaseConnection.php(593): CodeIgniter\Database\BaseConnection->simpleQuery()
#3 /var/www/khabarnews.ir/system/Database/BaseBuilder.php(1916): CodeIgniter\Database\BaseConnection->query()
#4 /var/www/khabarnews.ir/system/Session/Handlers/DatabaseHandler.php(190): CodeIgniter\Database\BaseBuilder->insert()
#5 [internal function]: CodeIgniter\Session\Handlers\DatabaseHandler->write()
#6 [internal function]: session_write_close()
#7 {main}
ERROR - 2023-03-07 00:35:27 --> mysqli_sql_exception: Commands out of sync; you can't run this command now in /var/www/khabarnews.ir/system/Database/MySQLi/Connection.php:292
Stack trace:
#0 /var/www/khabarnews.ir/system/Database/MySQLi/Connection.php(292): mysqli->query()
#1 /var/www/khabarnews.ir/system/Database/BaseConnection.php(666): CodeIgniter\Database\MySQLi\Connection->execute()
#2 /var/www/khabarnews.ir/system/Database/BaseConnection.php(593): CodeIgniter\Database\BaseConnection->simpleQuery()
#3 /var/www/khabarnews.ir/system/Database/BaseBuilder.php(1916): CodeIgniter\Database\BaseConnection->query()
#4 /var/www/khabarnews.ir/system/Session/Handlers/DatabaseHandler.php(190): CodeIgniter\Database\BaseBuilder->insert()
#5 [internal function]: CodeIgniter\Session\Handlers\DatabaseHandler->write()
#6 [internal function]: session_write_close()
#7 {main}
ERROR - 2023-03-07 00:35:31 --> mysqli_sql_exception: Commands out of sync; you can't run this command now in /var/www/khabarnews.ir/system/Database/MySQLi/Connection.php:292
Stack trace:
#0 /var/www/khabarnews.ir/system/Database/MySQLi/Connection.php(292): mysqli->query()
#1 /var/www/khabarnews.ir/system/Database/BaseConnection.php(666): CodeIgniter\Database\MySQLi\Connection->execute()
#2 /var/www/khabarnews.ir/system/Database/BaseConnection.php(593): CodeIgniter\Database\BaseConnection->simpleQuery()
#3 /var/www/khabarnews.ir/system/Database/BaseBuilder.php(1916): CodeIgniter\Database\BaseConnection->query()
#4 /var/www/khabarnews.ir/system/Session/Handlers/DatabaseHandler.php(190): CodeIgniter\Database\BaseBuilder->insert()
#5 [internal function]: CodeIgniter\Session\Handlers\DatabaseHandler->write()
#6 [internal function]: session_write_close()
#7 {main}
ERROR - 2023-03-07 00:36:17 --> mysqli_sql_exception: Commands out of sync; you can't run this command now in /var/www/khabarnews.ir/system/Database/MySQLi/Connection.php:292
Stack trace:
#0 /var/www/khabarnews.ir/system/Database/MySQLi/Connection.php(292): mysqli->query()
#1 /var/www/khabarnews.ir/system/Database/BaseConnection.php(666): CodeIgniter\Database\MySQLi\Connection->execute()
#2 /var/www/khabarnews.ir/system/Database/BaseConnection.php(593): CodeIgniter\Database\BaseConnection->simpleQuery()
#3 /var/www/khabarnews.ir/system/Database/BaseBuilder.php(1916): CodeIgniter\Database\BaseConnection->query()
#4 /var/www/khabarnews.ir/system/Session/Handlers/DatabaseHandler.php(190): CodeIgniter\Database\BaseBuilder->insert()
#5 [internal function]: CodeIgniter\Session\Handlers\DatabaseHandler->write()
#6 [internal function]: session_write_close()
#7 {main}
ERROR - 2023-03-07 00:37:03 --> mysqli_sql_exception: Commands out of sync; you can't run this command now in /var/www/khabarnews.ir/system/Database/MySQLi/Connection.php:292
Stack trace:
#0 /var/www/khabarnews.ir/system/Database/MySQLi/Connection.php(292): mysqli->query()
#1 /var/www/khabarnews.ir/system/Database/BaseConnection.php(666): CodeIgniter\Database\MySQLi\Connection->execute()
#2 /var/www/khabarnews.ir/system/Database/BaseConnection.php(593): CodeIgniter\Database\BaseConnection->simpleQuery()
#3 /var/www/khabarnews.ir/system/Database/BaseBuilder.php(1916): CodeIgniter\Database\BaseConnection->query()
#4 /var/www/khabarnews.ir/system/Session/Handlers/DatabaseHandler.php(190): CodeIgniter\Database\BaseBuilder->insert()
#5 [internal function]: CodeIgniter\Session\Handlers\DatabaseHandler->write()
#6 [internal function]: session_write_close()
#7 {main}
ERROR - 2023-03-07 00:37:13 --> mysqli_sql_exception: Commands out of sync; you can't run this command now in /var/www/khabarnews.ir/system/Database/MySQLi/Connection.php:292
Stack trace:
#0 /var/www/khabarnews.ir/system/Database/MySQLi/Connection.php(292): mysqli->query()
#1 /var/www/khabarnews.ir/system/Database/BaseConnection.php(666): CodeIgniter\Database\MySQLi\Connection->execute()
#2 /var/www/khabarnews.ir/system/Database/BaseConnection.php(593): CodeIgniter\Database\BaseConnection->simpleQuery()
#3 /var/www/khabarnews.ir/system/Database/BaseBuilder.php(1916): CodeIgniter\Database\BaseConnection->query()
#4 /var/www/khabarnews.ir/system/Session/Handlers/DatabaseHandler.php(190): CodeIgniter\Database\BaseBuilder->insert()
#5 [internal function]: CodeIgniter\Session\Handlers\DatabaseHandler->write()
#6 [internal function]: session_write_close()
#7 {main}
ERROR - 2023-03-07 00:37:51 --> mysqli_sql_exception: Commands out of sync; you can't run this command now in /var/www/khabarnews.ir/system/Database/MySQLi/Connection.php:292
Stack trace:
#0 /var/www/khabarnews.ir/system/Database/MySQLi/Connection.php(292): mysqli->query()
#1 /var/www/khabarnews.ir/system/Database/BaseConnection.php(666): CodeIgniter\Database\MySQLi\Connection->execute()
#2 /var/www/khabarnews.ir/system/Database/BaseConnection.php(593): CodeIgniter\Database\BaseConnection->simpleQuery()
#3 /var/www/khabarnews.ir/system/Database/BaseBuilder.php(1916): CodeIgniter\Database\BaseConnection->query()
#4 /var/www/khabarnews.ir/system/Session/Handlers/DatabaseHandler.php(190): CodeIgniter\Database\BaseBuilder->insert()
#5 [internal function]: CodeIgniter\Session\Handlers\DatabaseHandler->write()
#6 [internal function]: session_write_close()
#7 {main}
ERROR - 2023-03-07 00:38:05 --> mysqli_sql_exception: Commands out of sync; you can't run this command now in /var/www/khabarnews.ir/system/Database/MySQLi/Connection.php:292
Stack trace:
#0 /var/www/khabarnews.ir/system/Database/MySQLi/Connection.php(292): mysqli->query()
#1 /var/www/khabarnews.ir/system/Database/BaseConnection.php(666): CodeIgniter\Database\MySQLi\Connection->execute()
#2 /var/www/khabarnews.ir/system/Database/BaseConnection.php(593): CodeIgniter\Database\BaseConnection->simpleQuery()
#3 /var/www/khabarnews.ir/system/Database/BaseBuilder.php(1916): CodeIgniter\Database\BaseConnection->query()
#4 /var/www/khabarnews.ir/system/Session/Handlers/DatabaseHandler.php(190): CodeIgniter\Database\BaseBuilder->insert()
#5 [internal function]: CodeIgniter\Session\Handlers\DatabaseHandler->write()
#6 [internal function]: session_write_close()
#7 {main}
ERROR - 2023-03-07 00:41:29 --> mysqli_sql_exception: Commands out of sync; you can't run this command now in /var/www/khabarnews.ir/system/Database/MySQLi/Connection.php:292
Stack trace:
#0 /var/www/khabarnews.ir/system/Database/MySQLi/Connection.php(292): mysqli->query()
#1 /var/www/khabarnews.ir/system/Database/BaseConnection.php(666): CodeIgniter\Database\MySQLi\Connection->execute()
#2 /var/www/khabarnews.ir/system/Database/BaseConnection.php(593): CodeIgniter\Database\BaseConnection->simpleQuery()
#3 /var/www/khabarnews.ir/system/Database/BaseBuilder.php(1916): CodeIgniter\Database\BaseConnection->query()
#4 /var/www/khabarnews.ir/system/Session/Handlers/DatabaseHandler.php(190): CodeIgniter\Database\BaseBuilder->insert()
#5 [internal function]: CodeIgniter\Session\Handlers\DatabaseHandler->write()
#6 [internal function]: session_write_close()
#7 {main}
ERROR - 2023-03-07 00:41:47 --> mysqli_sql_exception: Commands out of sync; you can't run this command now in /var/www/khabarnews.ir/system/Database/MySQLi/Connection.php:292
Stack trace:
#0 /var/www/khabarnews.ir/system/Database/MySQLi/Connection.php(292): mysqli->query()
#1 /var/www/khabarnews.ir/system/Database/BaseConnection.php(666): CodeIgniter\Database\MySQLi\Connection->execute()
#2 /var/www/khabarnews.ir/system/Database/BaseConnection.php(593): CodeIgniter\Database\BaseConnection->simpleQuery()
#3 /var/www/khabarnews.ir/system/Database/BaseBuilder.php(1916): CodeIgniter\Database\BaseConnection->query()
#4 /var/www/khabarnews.ir/system/Session/Handlers/DatabaseHandler.php(190): CodeIgniter\Database\BaseBuilder->insert()
#5 [internal function]: CodeIgniter\Session\Handlers\DatabaseHandler->write()
#6 [internal function]: session_write_close()
#7 {main}
ERROR - 2023-03-07 00:41:49 --> mysqli_sql_exception: Commands out of sync; you can't run this command now in /var/www/khabarnews.ir/system/Database/MySQLi/Connection.php:292
Stack trace:
#0 /var/www/khabarnews.ir/system/Database/MySQLi/Connection.php(292): mysqli->query()
#1 /var/www/khabarnews.ir/system/Database/BaseConnection.php(666): CodeIgniter\Database\MySQLi\Connection->execute()
#2 /var/www/khabarnews.ir/system/Database/BaseConnection.php(593): CodeIgniter\Database\BaseConnection->simpleQuery()
#3 /var/www/khabarnews.ir/system/Database/BaseBuilder.php(1916): CodeIgniter\Database\BaseConnection->query()
#4 /var/www/khabarnews.ir/system/Session/Handlers/DatabaseHandler.php(190): CodeIgniter\Database\BaseBuilder->insert()
#5 [internal function]: CodeIgniter\Session\Handlers\DatabaseHandler->write()
#6 [internal function]: session_write_close()
#7 {main}
ERROR - 2023-03-07 00:43:40 --> mysqli_sql_exception: Commands out of sync; you can't run this command now in /var/www/khabarnews.ir/system/Database/MySQLi/Connection.php:292
Stack trace:
#0 /var/www/khabarnews.ir/system/Database/MySQLi/Connection.php(292): mysqli->query()
#1 /var/www/khabarnews.ir/system/Database/BaseConnection.php(666): CodeIgniter\Database\MySQLi\Connection->execute()
#2 /var/www/khabarnews.ir/system/Database/BaseConnection.php(593): CodeIgniter\Database\BaseConnection->simpleQuery()
#3 /var/www/khabarnews.ir/system/Database/BaseBuilder.php(1916): CodeIgniter\Database\BaseConnection->query()
#4 /var/www/khabarnews.ir/system/Session/Handlers/DatabaseHandler.php(190): CodeIgniter\Database\BaseBuilder->insert()
#5 [internal function]: CodeIgniter\Session\Handlers\DatabaseHandler->write()
#6 [internal function]: session_write_close()
#7 {main}
ERROR - 2023-03-07 00:44:18 --> mysqli_sql_exception: Commands out of sync; you can't run this command now in /var/www/khabarnews.ir/system/Database/MySQLi/Connection.php:292
Stack trace:
#0 /var/www/khabarnews.ir/system/Database/MySQLi/Connection.php(292): mysqli->query()
#1 /var/www/khabarnews.ir/system/Database/BaseConnection.php(666): CodeIgniter\Database\MySQLi\Connection->execute()
#2 /var/www/khabarnews.ir/system/Database/BaseConnection.php(593): CodeIgniter\Database\BaseConnection->simpleQuery()
#3 /var/www/khabarnews.ir/system/Database/BaseBuilder.php(1916): CodeIgniter\Database\BaseConnection->query()
#4 /var/www/khabarnews.ir/system/Session/Handlers/DatabaseHandler.php(190): CodeIgniter\Database\BaseBuilder->insert()
#5 [internal function]: CodeIgniter\Session\Handlers\DatabaseHandler->write()
#6 [internal function]: session_write_close()
#7 {main}
CRITICAL - 2023-03-07 00:46:28 --> Uncaught ErrorException: Undefined variable $activeTheme in /var/www/khabarnews.ir/app/Views/errors/html/error_404.php:2
Stack trace:
#0 /var/www/khabarnews.ir/app/Views/errors/html/error_404.php(2): CodeIgniter\Debug\Exceptions->errorHandler()
#1 /var/www/khabarnews.ir/system/Debug/Exceptions.php(284): include('...')
#2 /var/www/khabarnews.ir/system/Debug/Exceptions.php(287): CodeIgniter\Debug\Exceptions->CodeIgniter\Debug\{closure}()
#3 /var/www/khabarnews.ir/system/Debug/Exceptions.php(139): CodeIgniter\Debug\Exceptions->render()
#4 [internal function]: CodeIgniter\Debug\Exceptions->exceptionHandler()
#5 {main}
  thrown
in APPPATH/Views/errors/html/error_404.php on line 2.
 1 [internal function]: CodeIgniter\Debug\Exceptions->shutdownHandler()
CRITICAL - 2023-03-07 00:46:36 --> Uncaught ErrorException: Undefined variable $activeTheme in /var/www/khabarnews.ir/app/Views/errors/html/error_404.php:2
Stack trace:
#0 /var/www/khabarnews.ir/app/Views/errors/html/error_404.php(2): CodeIgniter\Debug\Exceptions->errorHandler()
#1 /var/www/khabarnews.ir/system/Debug/Exceptions.php(284): include('...')
#2 /var/www/khabarnews.ir/system/Debug/Exceptions.php(287): CodeIgniter\Debug\Exceptions->CodeIgniter\Debug\{closure}()
#3 /var/www/khabarnews.ir/system/Debug/Exceptions.php(139): CodeIgniter\Debug\Exceptions->render()
#4 [internal function]: CodeIgniter\Debug\Exceptions->exceptionHandler()
#5 {main}
  thrown
in APPPATH/Views/errors/html/error_404.php on line 2.
 1 [internal function]: CodeIgniter\Debug\Exceptions->shutdownHandler()
CRITICAL - 2023-03-07 00:46:49 --> Uncaught ErrorException: Undefined variable $activeTheme in /var/www/khabarnews.ir/app/Views/errors/html/error_404.php:2
Stack trace:
#0 /var/www/khabarnews.ir/app/Views/errors/html/error_404.php(2): CodeIgniter\Debug\Exceptions->errorHandler()
#1 /var/www/khabarnews.ir/system/Debug/Exceptions.php(284): include('...')
#2 /var/www/khabarnews.ir/system/Debug/Exceptions.php(287): CodeIgniter\Debug\Exceptions->CodeIgniter\Debug\{closure}()
#3 /var/www/khabarnews.ir/system/Debug/Exceptions.php(139): CodeIgniter\Debug\Exceptions->render()
#4 [internal function]: CodeIgniter\Debug\Exceptions->exceptionHandler()
#5 {main}
  thrown
in APPPATH/Views/errors/html/error_404.php on line 2.
 1 [internal function]: CodeIgniter\Debug\Exceptions->shutdownHandler()
ERROR - 2023-03-07 00:49:31 --> mysqli_sql_exception: Commands out of sync; you can't run this command now in /var/www/khabarnews.ir/system/Database/MySQLi/Connection.php:292
Stack trace:
#0 /var/www/khabarnews.ir/system/Database/MySQLi/Connection.php(292): mysqli->query()
#1 /var/www/khabarnews.ir/system/Database/BaseConnection.php(666): CodeIgniter\Database\MySQLi\Connection->execute()
#2 /var/www/khabarnews.ir/system/Database/BaseConnection.php(593): CodeIgniter\Database\BaseConnection->simpleQuery()
#3 /var/www/khabarnews.ir/system/Database/BaseBuilder.php(2079): CodeIgniter\Database\BaseConnection->query()
#4 /var/www/khabarnews.ir/system/Session/Handlers/DatabaseHandler.php(212): CodeIgniter\Database\BaseBuilder->update()
#5 [internal function]: CodeIgniter\Session\Handlers\DatabaseHandler->write()
#6 [internal function]: session_write_close()
#7 {main}
ERROR - 2023-03-07 00:49:34 --> mysqli_sql_exception: Commands out of sync; you can't run this command now in /var/www/khabarnews.ir/system/Database/MySQLi/Connection.php:292
Stack trace:
#0 /var/www/khabarnews.ir/system/Database/MySQLi/Connection.php(292): mysqli->query()
#1 /var/www/khabarnews.ir/system/Database/BaseConnection.php(666): CodeIgniter\Database\MySQLi\Connection->execute()
#2 /var/www/khabarnews.ir/system/Database/BaseConnection.php(593): CodeIgniter\Database\BaseConnection->simpleQuery()
#3 /var/www/khabarnews.ir/system/Database/BaseBuilder.php(2079): CodeIgniter\Database\BaseConnection->query()
#4 /var/www/khabarnews.ir/system/Session/Handlers/DatabaseHandler.php(212): CodeIgniter\Database\BaseBuilder->update()
#5 [internal function]: CodeIgniter\Session\Handlers\DatabaseHandler->write()
#6 [internal function]: session_write_close()
#7 {main}
ERROR - 2023-03-07 00:49:39 --> mysqli_sql_exception: Commands out of sync; you can't run this command now in /var/www/khabarnews.ir/system/Database/MySQLi/Connection.php:292
Stack trace:
#0 /var/www/khabarnews.ir/system/Database/MySQLi/Connection.php(292): mysqli->query()
#1 /var/www/khabarnews.ir/system/Database/BaseConnection.php(666): CodeIgniter\Database\MySQLi\Connection->execute()
#2 /var/www/khabarnews.ir/system/Database/BaseConnection.php(593): CodeIgniter\Database\BaseConnection->simpleQuery()
#3 /var/www/khabarnews.ir/system/Session/Handlers/Database/MySQLiHandler.php(45): CodeIgniter\Database\BaseConnection->query()
#4 /var/www/khabarnews.ir/system/Session/Handlers/DatabaseHandler.php(234): CodeIgniter\Session\Handlers\Database\MySQLiHandler->releaseLock()
#5 [internal function]: CodeIgniter\Session\Handlers\DatabaseHandler->close()
#6 [internal function]: session_write_close()
#7 {main}
ERROR - 2023-03-07 00:50:26 --> mysqli_sql_exception: Commands out of sync; you can't run this command now in /var/www/khabarnews.ir/system/Database/MySQLi/Connection.php:292
Stack trace:
#0 /var/www/khabarnews.ir/system/Database/MySQLi/Connection.php(292): mysqli->query()
#1 /var/www/khabarnews.ir/system/Database/BaseConnection.php(666): CodeIgniter\Database\MySQLi\Connection->execute()
#2 /var/www/khabarnews.ir/system/Database/BaseConnection.php(593): CodeIgniter\Database\BaseConnection->simpleQuery()
#3 /var/www/khabarnews.ir/system/Database/BaseBuilder.php(1916): CodeIgniter\Database\BaseConnection->query()
#4 /var/www/khabarnews.ir/system/Session/Handlers/DatabaseHandler.php(190): CodeIgniter\Database\BaseBuilder->insert()
#5 [internal function]: CodeIgniter\Session\Handlers\DatabaseHandler->write()
#6 [internal function]: session_write_close()
#7 {main}
ERROR - 2023-03-07 00:50:30 --> mysqli_sql_exception: Commands out of sync; you can't run this command now in /var/www/khabarnews.ir/system/Database/MySQLi/Connection.php:292
Stack trace:
#0 /var/www/khabarnews.ir/system/Database/MySQLi/Connection.php(292): mysqli->query()
#1 /var/www/khabarnews.ir/system/Database/BaseConnection.php(666): CodeIgniter\Database\MySQLi\Connection->execute()
#2 /var/www/khabarnews.ir/system/Database/BaseConnection.php(593): CodeIgniter\Database\BaseConnection->simpleQuery()
#3 /var/www/khabarnews.ir/system/Database/BaseBuilder.php(1916): CodeIgniter\Database\BaseConnection->query()
#4 /var/www/khabarnews.ir/system/Session/Handlers/DatabaseHandler.php(190): CodeIgniter\Database\BaseBuilder->insert()
#5 [internal function]: CodeIgniter\Session\Handlers\DatabaseHandler->write()
#6 [internal function]: session_write_close()
#7 {main}
