CRITICAL - 2023-07-19 00:14:52 --> Uncaught ErrorException: Undefined variable $activeTheme in /home/khabarnews/domains/khabarnews.com/public_html/app/Views/errors/html/error_404.php:2
Stack trace:
#0 /home/khabarnews/domains/khabarnews.com/public_html/app/Views/errors/html/error_404.php(2): CodeIgniter\Debug\Exceptions->errorHandler()
#1 /home/khabarnews/domains/khabarnews.com/public_html/system/Debug/Exceptions.php(284): include('...')
#2 /home/khabarnews/domains/khabarnews.com/public_html/system/Debug/Exceptions.php(287): CodeIgniter\Debug\Exceptions->CodeIgniter\Debug\{closure}()
#3 /home/khabarnews/domains/khabarnews.com/public_html/system/Debug/Exceptions.php(139): CodeIgniter\Debug\Exceptions->render()
#4 [internal function]: CodeIgniter\Debug\Exceptions->exceptionHandler()
#5 {main}
  thrown
in APPPATH/Views/errors/html/error_404.php on line 2.
 1 [internal function]: CodeIgniter\Debug\Exceptions->shutdownHandler()
CRITICAL - 2023-07-19 00:17:57 --> Uncaught ErrorException: Undefined variable $activeTheme in /home/khabarnews/domains/khabarnews.com/public_html/app/Views/errors/html/error_404.php:2
Stack trace:
#0 /home/khabarnews/domains/khabarnews.com/public_html/app/Views/errors/html/error_404.php(2): CodeIgniter\Debug\Exceptions->errorHandler()
#1 /home/khabarnews/domains/khabarnews.com/public_html/system/Debug/Exceptions.php(284): include('...')
#2 /home/khabarnews/domains/khabarnews.com/public_html/system/Debug/Exceptions.php(287): CodeIgniter\Debug\Exceptions->CodeIgniter\Debug\{closure}()
#3 /home/khabarnews/domains/khabarnews.com/public_html/system/Debug/Exceptions.php(139): CodeIgniter\Debug\Exceptions->render()
#4 [internal function]: CodeIgniter\Debug\Exceptions->exceptionHandler()
#5 {main}
  thrown
in APPPATH/Views/errors/html/error_404.php on line 2.
 1 [internal function]: CodeIgniter\Debug\Exceptions->shutdownHandler()
CRITICAL - 2023-07-19 00:46:41 --> Uncaught ErrorException: Undefined variable $activeTheme in /home/khabarnews/domains/khabarnews.com/public_html/app/Views/errors/html/error_404.php:2
Stack trace:
#0 /home/khabarnews/domains/khabarnews.com/public_html/app/Views/errors/html/error_404.php(2): CodeIgniter\Debug\Exceptions->errorHandler()
#1 /home/khabarnews/domains/khabarnews.com/public_html/system/Debug/Exceptions.php(284): include('...')
#2 /home/khabarnews/domains/khabarnews.com/public_html/system/Debug/Exceptions.php(287): CodeIgniter\Debug\Exceptions->CodeIgniter\Debug\{closure}()
#3 /home/khabarnews/domains/khabarnews.com/public_html/system/Debug/Exceptions.php(139): CodeIgniter\Debug\Exceptions->render()
#4 [internal function]: CodeIgniter\Debug\Exceptions->exceptionHandler()
#5 {main}
  thrown
in APPPATH/Views/errors/html/error_404.php on line 2.
 1 [internal function]: CodeIgniter\Debug\Exceptions->shutdownHandler()
CRITICAL - 2023-07-19 01:16:28 --> Uncaught ErrorException: Undefined variable $activeTheme in /home/khabarnews/domains/khabarnews.com/public_html/app/Views/errors/html/error_404.php:2
Stack trace:
#0 /home/khabarnews/domains/khabarnews.com/public_html/app/Views/errors/html/error_404.php(2): CodeIgniter\Debug\Exceptions->errorHandler()
#1 /home/khabarnews/domains/khabarnews.com/public_html/system/Debug/Exceptions.php(284): include('...')
#2 /home/khabarnews/domains/khabarnews.com/public_html/system/Debug/Exceptions.php(287): CodeIgniter\Debug\Exceptions->CodeIgniter\Debug\{closure}()
#3 /home/khabarnews/domains/khabarnews.com/public_html/system/Debug/Exceptions.php(139): CodeIgniter\Debug\Exceptions->render()
#4 [internal function]: CodeIgniter\Debug\Exceptions->exceptionHandler()
#5 {main}
  thrown
in APPPATH/Views/errors/html/error_404.php on line 2.
 1 [internal function]: CodeIgniter\Debug\Exceptions->shutdownHandler()
CRITICAL - 2023-07-19 01:46:27 --> Uncaught ErrorException: Undefined variable $activeTheme in /home/khabarnews/domains/khabarnews.com/public_html/app/Views/errors/html/error_404.php:2
Stack trace:
#0 /home/khabarnews/domains/khabarnews.com/public_html/app/Views/errors/html/error_404.php(2): CodeIgniter\Debug\Exceptions->errorHandler()
#1 /home/khabarnews/domains/khabarnews.com/public_html/system/Debug/Exceptions.php(284): include('...')
#2 /home/khabarnews/domains/khabarnews.com/public_html/system/Debug/Exceptions.php(287): CodeIgniter\Debug\Exceptions->CodeIgniter\Debug\{closure}()
#3 /home/khabarnews/domains/khabarnews.com/public_html/system/Debug/Exceptions.php(139): CodeIgniter\Debug\Exceptions->render()
#4 [internal function]: CodeIgniter\Debug\Exceptions->exceptionHandler()
#5 {main}
  thrown
in APPPATH/Views/errors/html/error_404.php on line 2.
 1 [internal function]: CodeIgniter\Debug\Exceptions->shutdownHandler()
CRITICAL - 2023-07-19 01:48:39 --> Uncaught ErrorException: Undefined variable $activeTheme in /home/khabarnews/domains/khabarnews.com/public_html/app/Views/errors/html/error_404.php:2
Stack trace:
#0 /home/khabarnews/domains/khabarnews.com/public_html/app/Views/errors/html/error_404.php(2): CodeIgniter\Debug\Exceptions->errorHandler()
#1 /home/khabarnews/domains/khabarnews.com/public_html/system/Debug/Exceptions.php(284): include('...')
#2 /home/khabarnews/domains/khabarnews.com/public_html/system/Debug/Exceptions.php(287): CodeIgniter\Debug\Exceptions->CodeIgniter\Debug\{closure}()
#3 /home/khabarnews/domains/khabarnews.com/public_html/system/Debug/Exceptions.php(139): CodeIgniter\Debug\Exceptions->render()
#4 [internal function]: CodeIgniter\Debug\Exceptions->exceptionHandler()
#5 {main}
  thrown
in APPPATH/Views/errors/html/error_404.php on line 2.
 1 [internal function]: CodeIgniter\Debug\Exceptions->shutdownHandler()
CRITICAL - 2023-07-19 01:54:33 --> Uncaught ErrorException: Undefined variable $activeTheme in /home/khabarnews/domains/khabarnews.com/public_html/app/Views/errors/html/error_404.php:2
Stack trace:
#0 /home/khabarnews/domains/khabarnews.com/public_html/app/Views/errors/html/error_404.php(2): CodeIgniter\Debug\Exceptions->errorHandler()
#1 /home/khabarnews/domains/khabarnews.com/public_html/system/Debug/Exceptions.php(284): include('...')
#2 /home/khabarnews/domains/khabarnews.com/public_html/system/Debug/Exceptions.php(287): CodeIgniter\Debug\Exceptions->CodeIgniter\Debug\{closure}()
#3 /home/khabarnews/domains/khabarnews.com/public_html/system/Debug/Exceptions.php(139): CodeIgniter\Debug\Exceptions->render()
#4 [internal function]: CodeIgniter\Debug\Exceptions->exceptionHandler()
#5 {main}
  thrown
in APPPATH/Views/errors/html/error_404.php on line 2.
 1 [internal function]: CodeIgniter\Debug\Exceptions->shutdownHandler()
CRITICAL - 2023-07-19 02:07:43 --> Uncaught ErrorException: Undefined variable $activeTheme in /home/khabarnews/domains/khabarnews.com/public_html/app/Views/errors/html/error_404.php:2
Stack trace:
#0 /home/khabarnews/domains/khabarnews.com/public_html/app/Views/errors/html/error_404.php(2): CodeIgniter\Debug\Exceptions->errorHandler()
#1 /home/khabarnews/domains/khabarnews.com/public_html/system/Debug/Exceptions.php(284): include('...')
#2 /home/khabarnews/domains/khabarnews.com/public_html/system/Debug/Exceptions.php(287): CodeIgniter\Debug\Exceptions->CodeIgniter\Debug\{closure}()
#3 /home/khabarnews/domains/khabarnews.com/public_html/system/Debug/Exceptions.php(139): CodeIgniter\Debug\Exceptions->render()
#4 [internal function]: CodeIgniter\Debug\Exceptions->exceptionHandler()
#5 {main}
  thrown
in APPPATH/Views/errors/html/error_404.php on line 2.
 1 [internal function]: CodeIgniter\Debug\Exceptions->shutdownHandler()
CRITICAL - 2023-07-19 02:15:56 --> Uncaught ErrorException: Undefined variable $activeTheme in /home/khabarnews/domains/khabarnews.com/public_html/app/Views/errors/html/error_404.php:2
Stack trace:
#0 /home/khabarnews/domains/khabarnews.com/public_html/app/Views/errors/html/error_404.php(2): CodeIgniter\Debug\Exceptions->errorHandler()
#1 /home/khabarnews/domains/khabarnews.com/public_html/system/Debug/Exceptions.php(284): include('...')
#2 /home/khabarnews/domains/khabarnews.com/public_html/system/Debug/Exceptions.php(287): CodeIgniter\Debug\Exceptions->CodeIgniter\Debug\{closure}()
#3 /home/khabarnews/domains/khabarnews.com/public_html/system/Debug/Exceptions.php(139): CodeIgniter\Debug\Exceptions->render()
#4 [internal function]: CodeIgniter\Debug\Exceptions->exceptionHandler()
#5 {main}
  thrown
in APPPATH/Views/errors/html/error_404.php on line 2.
 1 [internal function]: CodeIgniter\Debug\Exceptions->shutdownHandler()
CRITICAL - 2023-07-19 02:18:02 --> Uncaught ErrorException: Undefined variable $activeTheme in /home/khabarnews/domains/khabarnews.com/public_html/app/Views/errors/html/error_404.php:2
Stack trace:
#0 /home/khabarnews/domains/khabarnews.com/public_html/app/Views/errors/html/error_404.php(2): CodeIgniter\Debug\Exceptions->errorHandler()
#1 /home/khabarnews/domains/khabarnews.com/public_html/system/Debug/Exceptions.php(284): include('...')
#2 /home/khabarnews/domains/khabarnews.com/public_html/system/Debug/Exceptions.php(287): CodeIgniter\Debug\Exceptions->CodeIgniter\Debug\{closure}()
#3 /home/khabarnews/domains/khabarnews.com/public_html/system/Debug/Exceptions.php(139): CodeIgniter\Debug\Exceptions->render()
#4 [internal function]: CodeIgniter\Debug\Exceptions->exceptionHandler()
#5 {main}
  thrown
in APPPATH/Views/errors/html/error_404.php on line 2.
 1 [internal function]: CodeIgniter\Debug\Exceptions->shutdownHandler()
CRITICAL - 2023-07-19 02:18:53 --> Uncaught ErrorException: Undefined variable $activeTheme in /home/khabarnews/domains/khabarnews.com/public_html/app/Views/errors/html/error_404.php:2
Stack trace:
#0 /home/khabarnews/domains/khabarnews.com/public_html/app/Views/errors/html/error_404.php(2): CodeIgniter\Debug\Exceptions->errorHandler()
#1 /home/khabarnews/domains/khabarnews.com/public_html/system/Debug/Exceptions.php(284): include('...')
#2 /home/khabarnews/domains/khabarnews.com/public_html/system/Debug/Exceptions.php(287): CodeIgniter\Debug\Exceptions->CodeIgniter\Debug\{closure}()
#3 /home/khabarnews/domains/khabarnews.com/public_html/system/Debug/Exceptions.php(139): CodeIgniter\Debug\Exceptions->render()
#4 [internal function]: CodeIgniter\Debug\Exceptions->exceptionHandler()
#5 {main}
  thrown
in APPPATH/Views/errors/html/error_404.php on line 2.
 1 [internal function]: CodeIgniter\Debug\Exceptions->shutdownHandler()
CRITICAL - 2023-07-19 02:27:02 --> Uncaught ErrorException: Undefined variable $activeTheme in /home/khabarnews/domains/khabarnews.com/public_html/app/Views/errors/html/error_404.php:2
Stack trace:
#0 /home/khabarnews/domains/khabarnews.com/public_html/app/Views/errors/html/error_404.php(2): CodeIgniter\Debug\Exceptions->errorHandler()
#1 /home/khabarnews/domains/khabarnews.com/public_html/system/Debug/Exceptions.php(284): include('...')
#2 /home/khabarnews/domains/khabarnews.com/public_html/system/Debug/Exceptions.php(287): CodeIgniter\Debug\Exceptions->CodeIgniter\Debug\{closure}()
#3 /home/khabarnews/domains/khabarnews.com/public_html/system/Debug/Exceptions.php(139): CodeIgniter\Debug\Exceptions->render()
#4 [internal function]: CodeIgniter\Debug\Exceptions->exceptionHandler()
#5 {main}
  thrown
in APPPATH/Views/errors/html/error_404.php on line 2.
 1 [internal function]: CodeIgniter\Debug\Exceptions->shutdownHandler()
CRITICAL - 2023-07-19 02:31:20 --> Uncaught ErrorException: Undefined variable $activeTheme in /home/khabarnews/domains/khabarnews.com/public_html/app/Views/errors/html/error_404.php:2
Stack trace:
#0 /home/khabarnews/domains/khabarnews.com/public_html/app/Views/errors/html/error_404.php(2): CodeIgniter\Debug\Exceptions->errorHandler()
#1 /home/khabarnews/domains/khabarnews.com/public_html/system/Debug/Exceptions.php(284): include('...')
#2 /home/khabarnews/domains/khabarnews.com/public_html/system/Debug/Exceptions.php(287): CodeIgniter\Debug\Exceptions->CodeIgniter\Debug\{closure}()
#3 /home/khabarnews/domains/khabarnews.com/public_html/system/Debug/Exceptions.php(139): CodeIgniter\Debug\Exceptions->render()
#4 [internal function]: CodeIgniter\Debug\Exceptions->exceptionHandler()
#5 {main}
  thrown
in APPPATH/Views/errors/html/error_404.php on line 2.
 1 [internal function]: CodeIgniter\Debug\Exceptions->shutdownHandler()
CRITICAL - 2023-07-19 02:45:50 --> Uncaught ErrorException: Undefined variable $activeTheme in /home/khabarnews/domains/khabarnews.com/public_html/app/Views/errors/html/error_404.php:2
Stack trace:
#0 /home/khabarnews/domains/khabarnews.com/public_html/app/Views/errors/html/error_404.php(2): CodeIgniter\Debug\Exceptions->errorHandler()
#1 /home/khabarnews/domains/khabarnews.com/public_html/system/Debug/Exceptions.php(284): include('...')
#2 /home/khabarnews/domains/khabarnews.com/public_html/system/Debug/Exceptions.php(287): CodeIgniter\Debug\Exceptions->CodeIgniter\Debug\{closure}()
#3 /home/khabarnews/domains/khabarnews.com/public_html/system/Debug/Exceptions.php(139): CodeIgniter\Debug\Exceptions->render()
#4 [internal function]: CodeIgniter\Debug\Exceptions->exceptionHandler()
#5 {main}
  thrown
in APPPATH/Views/errors/html/error_404.php on line 2.
 1 [internal function]: CodeIgniter\Debug\Exceptions->shutdownHandler()
CRITICAL - 2023-07-19 02:46:00 --> Uncaught ErrorException: Undefined variable $activeTheme in /home/khabarnews/domains/khabarnews.com/public_html/app/Views/errors/html/error_404.php:2
Stack trace:
#0 /home/khabarnews/domains/khabarnews.com/public_html/app/Views/errors/html/error_404.php(2): CodeIgniter\Debug\Exceptions->errorHandler()
#1 /home/khabarnews/domains/khabarnews.com/public_html/system/Debug/Exceptions.php(284): include('...')
#2 /home/khabarnews/domains/khabarnews.com/public_html/system/Debug/Exceptions.php(287): CodeIgniter\Debug\Exceptions->CodeIgniter\Debug\{closure}()
#3 /home/khabarnews/domains/khabarnews.com/public_html/system/Debug/Exceptions.php(139): CodeIgniter\Debug\Exceptions->render()
#4 [internal function]: CodeIgniter\Debug\Exceptions->exceptionHandler()
#5 {main}
  thrown
in APPPATH/Views/errors/html/error_404.php on line 2.
 1 [internal function]: CodeIgniter\Debug\Exceptions->shutdownHandler()
CRITICAL - 2023-07-19 02:58:34 --> Attempt to read property "primary_font" on null
in APPPATH/Models/SettingsModel.php on line 600.
 1 APPPATH/Models/SettingsModel.php(600): CodeIgniter\Debug\Exceptions->errorHandler()
 2 APPPATH/Controllers/BaseController.php(83): App\Models\SettingsModel->getSelectedFonts()
 3 APPPATH/Controllers/HomeController.php(24): App\Controllers\BaseController->initController()
 4 SYSTEMPATH/CodeIgniter.php(890): App\Controllers\HomeController->initController()
 5 SYSTEMPATH/CodeIgniter.php(473): CodeIgniter\CodeIgniter->createController()
 6 SYSTEMPATH/CodeIgniter.php(351): CodeIgniter\CodeIgniter->handleRequest()
 7 FCPATH/index.php(78): CodeIgniter\CodeIgniter->run()
CRITICAL - 2023-07-19 02:59:12 --> Uncaught ErrorException: Undefined variable $activeTheme in /home/khabarnews/domains/khabarnews.com/public_html/app/Views/errors/html/error_404.php:2
Stack trace:
#0 /home/khabarnews/domains/khabarnews.com/public_html/app/Views/errors/html/error_404.php(2): CodeIgniter\Debug\Exceptions->errorHandler()
#1 /home/khabarnews/domains/khabarnews.com/public_html/system/Debug/Exceptions.php(284): include('...')
#2 /home/khabarnews/domains/khabarnews.com/public_html/system/Debug/Exceptions.php(287): CodeIgniter\Debug\Exceptions->CodeIgniter\Debug\{closure}()
#3 /home/khabarnews/domains/khabarnews.com/public_html/system/Debug/Exceptions.php(139): CodeIgniter\Debug\Exceptions->render()
#4 [internal function]: CodeIgniter\Debug\Exceptions->exceptionHandler()
#5 {main}
  thrown
in APPPATH/Views/errors/html/error_404.php on line 2.
 1 [internal function]: CodeIgniter\Debug\Exceptions->shutdownHandler()
CRITICAL - 2023-07-19 03:01:16 --> Attempt to read property "primary_font" on null
in APPPATH/Models/SettingsModel.php on line 600.
 1 APPPATH/Models/SettingsModel.php(600): CodeIgniter\Debug\Exceptions->errorHandler()
 2 APPPATH/Controllers/BaseController.php(83): App\Models\SettingsModel->getSelectedFonts()
 3 APPPATH/Controllers/HomeController.php(24): App\Controllers\BaseController->initController()
 4 SYSTEMPATH/CodeIgniter.php(890): App\Controllers\HomeController->initController()
 5 SYSTEMPATH/CodeIgniter.php(473): CodeIgniter\CodeIgniter->createController()
 6 SYSTEMPATH/CodeIgniter.php(351): CodeIgniter\CodeIgniter->handleRequest()
 7 FCPATH/index.php(78): CodeIgniter\CodeIgniter->run()
CRITICAL - 2023-07-19 03:02:41 --> Attempt to read property "primary_font" on null
in APPPATH/Models/SettingsModel.php on line 600.
 1 APPPATH/Models/SettingsModel.php(600): CodeIgniter\Debug\Exceptions->errorHandler()
 2 APPPATH/Controllers/BaseController.php(83): App\Models\SettingsModel->getSelectedFonts()
 3 APPPATH/Controllers/HomeController.php(24): App\Controllers\BaseController->initController()
 4 SYSTEMPATH/CodeIgniter.php(890): App\Controllers\HomeController->initController()
 5 SYSTEMPATH/CodeIgniter.php(473): CodeIgniter\CodeIgniter->createController()
 6 SYSTEMPATH/CodeIgniter.php(351): CodeIgniter\CodeIgniter->handleRequest()
 7 FCPATH/index.php(78): CodeIgniter\CodeIgniter->run()
CRITICAL - 2023-07-19 03:04:15 --> Attempt to read property "primary_font" on null
in APPPATH/Models/SettingsModel.php on line 600.
 1 APPPATH/Models/SettingsModel.php(600): CodeIgniter\Debug\Exceptions->errorHandler()
 2 APPPATH/Controllers/BaseController.php(83): App\Models\SettingsModel->getSelectedFonts()
 3 APPPATH/Controllers/HomeController.php(24): App\Controllers\BaseController->initController()
 4 SYSTEMPATH/CodeIgniter.php(890): App\Controllers\HomeController->initController()
 5 SYSTEMPATH/CodeIgniter.php(473): CodeIgniter\CodeIgniter->createController()
 6 SYSTEMPATH/CodeIgniter.php(351): CodeIgniter\CodeIgniter->handleRequest()
 7 FCPATH/index.php(78): CodeIgniter\CodeIgniter->run()
CRITICAL - 2023-07-19 03:16:15 --> Uncaught ErrorException: Undefined variable $activeTheme in /home/khabarnews/domains/khabarnews.com/public_html/app/Views/errors/html/error_404.php:2
Stack trace:
#0 /home/khabarnews/domains/khabarnews.com/public_html/app/Views/errors/html/error_404.php(2): CodeIgniter\Debug\Exceptions->errorHandler()
#1 /home/khabarnews/domains/khabarnews.com/public_html/system/Debug/Exceptions.php(284): include('...')
#2 /home/khabarnews/domains/khabarnews.com/public_html/system/Debug/Exceptions.php(287): CodeIgniter\Debug\Exceptions->CodeIgniter\Debug\{closure}()
#3 /home/khabarnews/domains/khabarnews.com/public_html/system/Debug/Exceptions.php(139): CodeIgniter\Debug\Exceptions->render()
#4 [internal function]: CodeIgniter\Debug\Exceptions->exceptionHandler()
#5 {main}
  thrown
in APPPATH/Views/errors/html/error_404.php on line 2.
 1 [internal function]: CodeIgniter\Debug\Exceptions->shutdownHandler()
CRITICAL - 2023-07-19 03:26:24 --> Uncaught ErrorException: Undefined variable $activeTheme in /home/khabarnews/domains/khabarnews.com/public_html/app/Views/errors/html/error_404.php:2
Stack trace:
#0 /home/khabarnews/domains/khabarnews.com/public_html/app/Views/errors/html/error_404.php(2): CodeIgniter\Debug\Exceptions->errorHandler()
#1 /home/khabarnews/domains/khabarnews.com/public_html/system/Debug/Exceptions.php(284): include('...')
#2 /home/khabarnews/domains/khabarnews.com/public_html/system/Debug/Exceptions.php(287): CodeIgniter\Debug\Exceptions->CodeIgniter\Debug\{closure}()
#3 /home/khabarnews/domains/khabarnews.com/public_html/system/Debug/Exceptions.php(139): CodeIgniter\Debug\Exceptions->render()
#4 [internal function]: CodeIgniter\Debug\Exceptions->exceptionHandler()
#5 {main}
  thrown
in APPPATH/Views/errors/html/error_404.php on line 2.
 1 [internal function]: CodeIgniter\Debug\Exceptions->shutdownHandler()
CRITICAL - 2023-07-19 03:31:35 --> Uncaught ErrorException: Undefined variable $activeTheme in /home/khabarnews/domains/khabarnews.com/public_html/app/Views/errors/html/error_404.php:2
Stack trace:
#0 /home/khabarnews/domains/khabarnews.com/public_html/app/Views/errors/html/error_404.php(2): CodeIgniter\Debug\Exceptions->errorHandler()
#1 /home/khabarnews/domains/khabarnews.com/public_html/system/Debug/Exceptions.php(284): include('...')
#2 /home/khabarnews/domains/khabarnews.com/public_html/system/Debug/Exceptions.php(287): CodeIgniter\Debug\Exceptions->CodeIgniter\Debug\{closure}()
#3 /home/khabarnews/domains/khabarnews.com/public_html/system/Debug/Exceptions.php(139): CodeIgniter\Debug\Exceptions->render()
#4 [internal function]: CodeIgniter\Debug\Exceptions->exceptionHandler()
#5 {main}
  thrown
in APPPATH/Views/errors/html/error_404.php on line 2.
 1 [internal function]: CodeIgniter\Debug\Exceptions->shutdownHandler()
CRITICAL - 2023-07-19 03:45:34 --> Uncaught ErrorException: Undefined variable $activeTheme in /home/khabarnews/domains/khabarnews.com/public_html/app/Views/errors/html/error_404.php:2
Stack trace:
#0 /home/khabarnews/domains/khabarnews.com/public_html/app/Views/errors/html/error_404.php(2): CodeIgniter\Debug\Exceptions->errorHandler()
#1 /home/khabarnews/domains/khabarnews.com/public_html/system/Debug/Exceptions.php(284): include('...')
#2 /home/khabarnews/domains/khabarnews.com/public_html/system/Debug/Exceptions.php(287): CodeIgniter\Debug\Exceptions->CodeIgniter\Debug\{closure}()
#3 /home/khabarnews/domains/khabarnews.com/public_html/system/Debug/Exceptions.php(139): CodeIgniter\Debug\Exceptions->render()
#4 [internal function]: CodeIgniter\Debug\Exceptions->exceptionHandler()
#5 {main}
  thrown
in APPPATH/Views/errors/html/error_404.php on line 2.
 1 [internal function]: CodeIgniter\Debug\Exceptions->shutdownHandler()
CRITICAL - 2023-07-19 04:17:07 --> Uncaught ErrorException: Undefined variable $activeTheme in /home/khabarnews/domains/khabarnews.com/public_html/app/Views/errors/html/error_404.php:2
Stack trace:
#0 /home/khabarnews/domains/khabarnews.com/public_html/app/Views/errors/html/error_404.php(2): CodeIgniter\Debug\Exceptions->errorHandler()
#1 /home/khabarnews/domains/khabarnews.com/public_html/system/Debug/Exceptions.php(284): include('...')
#2 /home/khabarnews/domains/khabarnews.com/public_html/system/Debug/Exceptions.php(287): CodeIgniter\Debug\Exceptions->CodeIgniter\Debug\{closure}()
#3 /home/khabarnews/domains/khabarnews.com/public_html/system/Debug/Exceptions.php(139): CodeIgniter\Debug\Exceptions->render()
#4 [internal function]: CodeIgniter\Debug\Exceptions->exceptionHandler()
#5 {main}
  thrown
in APPPATH/Views/errors/html/error_404.php on line 2.
 1 [internal function]: CodeIgniter\Debug\Exceptions->shutdownHandler()
CRITICAL - 2023-07-19 04:18:36 --> Uncaught ErrorException: Undefined variable $activeTheme in /home/khabarnews/domains/khabarnews.com/public_html/app/Views/errors/html/error_404.php:2
Stack trace:
#0 /home/khabarnews/domains/khabarnews.com/public_html/app/Views/errors/html/error_404.php(2): CodeIgniter\Debug\Exceptions->errorHandler()
#1 /home/khabarnews/domains/khabarnews.com/public_html/system/Debug/Exceptions.php(284): include('...')
#2 /home/khabarnews/domains/khabarnews.com/public_html/system/Debug/Exceptions.php(287): CodeIgniter\Debug\Exceptions->CodeIgniter\Debug\{closure}()
#3 /home/khabarnews/domains/khabarnews.com/public_html/system/Debug/Exceptions.php(139): CodeIgniter\Debug\Exceptions->render()
#4 [internal function]: CodeIgniter\Debug\Exceptions->exceptionHandler()
#5 {main}
  thrown
in APPPATH/Views/errors/html/error_404.php on line 2.
 1 [internal function]: CodeIgniter\Debug\Exceptions->shutdownHandler()
CRITICAL - 2023-07-19 04:45:13 --> Uncaught ErrorException: Undefined variable $activeTheme in /home/khabarnews/domains/khabarnews.com/public_html/app/Views/errors/html/error_404.php:2
Stack trace:
#0 /home/khabarnews/domains/khabarnews.com/public_html/app/Views/errors/html/error_404.php(2): CodeIgniter\Debug\Exceptions->errorHandler()
#1 /home/khabarnews/domains/khabarnews.com/public_html/system/Debug/Exceptions.php(284): include('...')
#2 /home/khabarnews/domains/khabarnews.com/public_html/system/Debug/Exceptions.php(287): CodeIgniter\Debug\Exceptions->CodeIgniter\Debug\{closure}()
#3 /home/khabarnews/domains/khabarnews.com/public_html/system/Debug/Exceptions.php(139): CodeIgniter\Debug\Exceptions->render()
#4 [internal function]: CodeIgniter\Debug\Exceptions->exceptionHandler()
#5 {main}
  thrown
in APPPATH/Views/errors/html/error_404.php on line 2.
 1 [internal function]: CodeIgniter\Debug\Exceptions->shutdownHandler()
CRITICAL - 2023-07-19 04:46:14 --> Uncaught ErrorException: Undefined variable $activeTheme in /home/khabarnews/domains/khabarnews.com/public_html/app/Views/errors/html/error_404.php:2
Stack trace:
#0 /home/khabarnews/domains/khabarnews.com/public_html/app/Views/errors/html/error_404.php(2): CodeIgniter\Debug\Exceptions->errorHandler()
#1 /home/khabarnews/domains/khabarnews.com/public_html/system/Debug/Exceptions.php(284): include('...')
#2 /home/khabarnews/domains/khabarnews.com/public_html/system/Debug/Exceptions.php(287): CodeIgniter\Debug\Exceptions->CodeIgniter\Debug\{closure}()
#3 /home/khabarnews/domains/khabarnews.com/public_html/system/Debug/Exceptions.php(139): CodeIgniter\Debug\Exceptions->render()
#4 [internal function]: CodeIgniter\Debug\Exceptions->exceptionHandler()
#5 {main}
  thrown
in APPPATH/Views/errors/html/error_404.php on line 2.
 1 [internal function]: CodeIgniter\Debug\Exceptions->shutdownHandler()
CRITICAL - 2023-07-19 04:46:36 --> Uncaught ErrorException: Undefined variable $activeTheme in /home/khabarnews/domains/khabarnews.com/public_html/app/Views/errors/html/error_404.php:2
Stack trace:
#0 /home/khabarnews/domains/khabarnews.com/public_html/app/Views/errors/html/error_404.php(2): CodeIgniter\Debug\Exceptions->errorHandler()
#1 /home/khabarnews/domains/khabarnews.com/public_html/system/Debug/Exceptions.php(284): include('...')
#2 /home/khabarnews/domains/khabarnews.com/public_html/system/Debug/Exceptions.php(287): CodeIgniter\Debug\Exceptions->CodeIgniter\Debug\{closure}()
#3 /home/khabarnews/domains/khabarnews.com/public_html/system/Debug/Exceptions.php(139): CodeIgniter\Debug\Exceptions->render()
#4 [internal function]: CodeIgniter\Debug\Exceptions->exceptionHandler()
#5 {main}
  thrown
in APPPATH/Views/errors/html/error_404.php on line 2.
 1 [internal function]: CodeIgniter\Debug\Exceptions->shutdownHandler()
CRITICAL - 2023-07-19 05:00:51 --> Undefined array key "HTTP_USER_AGENT"
in APPPATH/Common.php on line 2084.
 1 APPPATH/Common.php(2084): CodeIgniter\Debug\Exceptions->errorHandler()
 2 APPPATH/Models/PostModel.php(316): isBot()
 3 APPPATH/Controllers/HomeController.php(177): App\Models\PostModel->increasePostPageviews()
 4 APPPATH/Controllers/HomeController.php(105): App\Controllers\HomeController->post()
 5 SYSTEMPATH/CodeIgniter.php(927): App\Controllers\HomeController->any()
 6 SYSTEMPATH/CodeIgniter.php(482): CodeIgniter\CodeIgniter->runController()
 7 SYSTEMPATH/CodeIgniter.php(351): CodeIgniter\CodeIgniter->handleRequest()
 8 FCPATH/index.php(78): CodeIgniter\CodeIgniter->run()
CRITICAL - 2023-07-19 05:13:09 --> Undefined array key "HTTP_USER_AGENT"
in APPPATH/Common.php on line 2084.
 1 APPPATH/Common.php(2084): CodeIgniter\Debug\Exceptions->errorHandler()
 2 APPPATH/Models/PostModel.php(316): isBot()
 3 APPPATH/Controllers/HomeController.php(177): App\Models\PostModel->increasePostPageviews()
 4 APPPATH/Controllers/HomeController.php(105): App\Controllers\HomeController->post()
 5 SYSTEMPATH/CodeIgniter.php(927): App\Controllers\HomeController->any()
 6 SYSTEMPATH/CodeIgniter.php(482): CodeIgniter\CodeIgniter->runController()
 7 SYSTEMPATH/CodeIgniter.php(351): CodeIgniter\CodeIgniter->handleRequest()
 8 FCPATH/index.php(78): CodeIgniter\CodeIgniter->run()
CRITICAL - 2023-07-19 05:15:08 --> Undefined array key "HTTP_USER_AGENT"
in APPPATH/Common.php on line 2084.
 1 APPPATH/Common.php(2084): CodeIgniter\Debug\Exceptions->errorHandler()
 2 APPPATH/Models/PostModel.php(316): isBot()
 3 APPPATH/Controllers/HomeController.php(177): App\Models\PostModel->increasePostPageviews()
 4 APPPATH/Controllers/HomeController.php(105): App\Controllers\HomeController->post()
 5 SYSTEMPATH/CodeIgniter.php(927): App\Controllers\HomeController->any()
 6 SYSTEMPATH/CodeIgniter.php(482): CodeIgniter\CodeIgniter->runController()
 7 SYSTEMPATH/CodeIgniter.php(351): CodeIgniter\CodeIgniter->handleRequest()
 8 FCPATH/index.php(78): CodeIgniter\CodeIgniter->run()
CRITICAL - 2023-07-19 05:15:47 --> Uncaught ErrorException: Undefined variable $activeTheme in /home/khabarnews/domains/khabarnews.com/public_html/app/Views/errors/html/error_404.php:2
Stack trace:
#0 /home/khabarnews/domains/khabarnews.com/public_html/app/Views/errors/html/error_404.php(2): CodeIgniter\Debug\Exceptions->errorHandler()
#1 /home/khabarnews/domains/khabarnews.com/public_html/system/Debug/Exceptions.php(284): include('...')
#2 /home/khabarnews/domains/khabarnews.com/public_html/system/Debug/Exceptions.php(287): CodeIgniter\Debug\Exceptions->CodeIgniter\Debug\{closure}()
#3 /home/khabarnews/domains/khabarnews.com/public_html/system/Debug/Exceptions.php(139): CodeIgniter\Debug\Exceptions->render()
#4 [internal function]: CodeIgniter\Debug\Exceptions->exceptionHandler()
#5 {main}
  thrown
in APPPATH/Views/errors/html/error_404.php on line 2.
 1 [internal function]: CodeIgniter\Debug\Exceptions->shutdownHandler()
CRITICAL - 2023-07-19 05:16:02 --> Undefined array key "HTTP_USER_AGENT"
in APPPATH/Common.php on line 2084.
 1 APPPATH/Common.php(2084): CodeIgniter\Debug\Exceptions->errorHandler()
 2 APPPATH/Models/PostModel.php(316): isBot()
 3 APPPATH/Controllers/HomeController.php(177): App\Models\PostModel->increasePostPageviews()
 4 APPPATH/Controllers/HomeController.php(105): App\Controllers\HomeController->post()
 5 SYSTEMPATH/CodeIgniter.php(927): App\Controllers\HomeController->any()
 6 SYSTEMPATH/CodeIgniter.php(482): CodeIgniter\CodeIgniter->runController()
 7 SYSTEMPATH/CodeIgniter.php(351): CodeIgniter\CodeIgniter->handleRequest()
 8 FCPATH/index.php(78): CodeIgniter\CodeIgniter->run()
CRITICAL - 2023-07-19 05:19:22 --> Undefined array key "HTTP_USER_AGENT"
in APPPATH/Common.php on line 2084.
 1 APPPATH/Common.php(2084): CodeIgniter\Debug\Exceptions->errorHandler()
 2 APPPATH/Models/PostModel.php(316): isBot()
 3 APPPATH/Controllers/HomeController.php(177): App\Models\PostModel->increasePostPageviews()
 4 APPPATH/Controllers/HomeController.php(105): App\Controllers\HomeController->post()
 5 SYSTEMPATH/CodeIgniter.php(927): App\Controllers\HomeController->any()
 6 SYSTEMPATH/CodeIgniter.php(482): CodeIgniter\CodeIgniter->runController()
 7 SYSTEMPATH/CodeIgniter.php(351): CodeIgniter\CodeIgniter->handleRequest()
 8 FCPATH/index.php(78): CodeIgniter\CodeIgniter->run()
CRITICAL - 2023-07-19 05:22:01 --> Uncaught ErrorException: Undefined variable $activeTheme in /home/khabarnews/domains/khabarnews.com/public_html/app/Views/errors/html/error_404.php:2
Stack trace:
#0 /home/khabarnews/domains/khabarnews.com/public_html/app/Views/errors/html/error_404.php(2): CodeIgniter\Debug\Exceptions->errorHandler()
#1 /home/khabarnews/domains/khabarnews.com/public_html/system/Debug/Exceptions.php(284): include('...')
#2 /home/khabarnews/domains/khabarnews.com/public_html/system/Debug/Exceptions.php(287): CodeIgniter\Debug\Exceptions->CodeIgniter\Debug\{closure}()
#3 /home/khabarnews/domains/khabarnews.com/public_html/system/Debug/Exceptions.php(139): CodeIgniter\Debug\Exceptions->render()
#4 [internal function]: CodeIgniter\Debug\Exceptions->exceptionHandler()
#5 {main}
  thrown
in APPPATH/Views/errors/html/error_404.php on line 2.
 1 [internal function]: CodeIgniter\Debug\Exceptions->shutdownHandler()
CRITICAL - 2023-07-19 05:40:27 --> Uncaught ErrorException: Undefined variable $activeTheme in /home/khabarnews/domains/khabarnews.com/public_html/app/Views/errors/html/error_404.php:2
Stack trace:
#0 /home/khabarnews/domains/khabarnews.com/public_html/app/Views/errors/html/error_404.php(2): CodeIgniter\Debug\Exceptions->errorHandler()
#1 /home/khabarnews/domains/khabarnews.com/public_html/system/Debug/Exceptions.php(284): include('...')
#2 /home/khabarnews/domains/khabarnews.com/public_html/system/Debug/Exceptions.php(287): CodeIgniter\Debug\Exceptions->CodeIgniter\Debug\{closure}()
#3 /home/khabarnews/domains/khabarnews.com/public_html/system/Debug/Exceptions.php(139): CodeIgniter\Debug\Exceptions->render()
#4 [internal function]: CodeIgniter\Debug\Exceptions->exceptionHandler()
#5 {main}
  thrown
in APPPATH/Views/errors/html/error_404.php on line 2.
 1 [internal function]: CodeIgniter\Debug\Exceptions->shutdownHandler()
CRITICAL - 2023-07-19 05:45:50 --> Uncaught ErrorException: Undefined variable $activeTheme in /home/khabarnews/domains/khabarnews.com/public_html/app/Views/errors/html/error_404.php:2
Stack trace:
#0 /home/khabarnews/domains/khabarnews.com/public_html/app/Views/errors/html/error_404.php(2): CodeIgniter\Debug\Exceptions->errorHandler()
#1 /home/khabarnews/domains/khabarnews.com/public_html/system/Debug/Exceptions.php(284): include('...')
#2 /home/khabarnews/domains/khabarnews.com/public_html/system/Debug/Exceptions.php(287): CodeIgniter\Debug\Exceptions->CodeIgniter\Debug\{closure}()
#3 /home/khabarnews/domains/khabarnews.com/public_html/system/Debug/Exceptions.php(139): CodeIgniter\Debug\Exceptions->render()
#4 [internal function]: CodeIgniter\Debug\Exceptions->exceptionHandler()
#5 {main}
  thrown
in APPPATH/Views/errors/html/error_404.php on line 2.
 1 [internal function]: CodeIgniter\Debug\Exceptions->shutdownHandler()
CRITICAL - 2023-07-19 06:13:06 --> Uncaught ErrorException: Undefined variable $activeTheme in /home/khabarnews/domains/khabarnews.com/public_html/app/Views/errors/html/error_404.php:2
Stack trace:
#0 /home/khabarnews/domains/khabarnews.com/public_html/app/Views/errors/html/error_404.php(2): CodeIgniter\Debug\Exceptions->errorHandler()
#1 /home/khabarnews/domains/khabarnews.com/public_html/system/Debug/Exceptions.php(284): include('...')
#2 /home/khabarnews/domains/khabarnews.com/public_html/system/Debug/Exceptions.php(287): CodeIgniter\Debug\Exceptions->CodeIgniter\Debug\{closure}()
#3 /home/khabarnews/domains/khabarnews.com/public_html/system/Debug/Exceptions.php(139): CodeIgniter\Debug\Exceptions->render()
#4 [internal function]: CodeIgniter\Debug\Exceptions->exceptionHandler()
#5 {main}
  thrown
in APPPATH/Views/errors/html/error_404.php on line 2.
 1 [internal function]: CodeIgniter\Debug\Exceptions->shutdownHandler()
CRITICAL - 2023-07-19 06:16:04 --> Uncaught ErrorException: Undefined variable $activeTheme in /home/khabarnews/domains/khabarnews.com/public_html/app/Views/errors/html/error_404.php:2
Stack trace:
#0 /home/khabarnews/domains/khabarnews.com/public_html/app/Views/errors/html/error_404.php(2): CodeIgniter\Debug\Exceptions->errorHandler()
#1 /home/khabarnews/domains/khabarnews.com/public_html/system/Debug/Exceptions.php(284): include('...')
#2 /home/khabarnews/domains/khabarnews.com/public_html/system/Debug/Exceptions.php(287): CodeIgniter\Debug\Exceptions->CodeIgniter\Debug\{closure}()
#3 /home/khabarnews/domains/khabarnews.com/public_html/system/Debug/Exceptions.php(139): CodeIgniter\Debug\Exceptions->render()
#4 [internal function]: CodeIgniter\Debug\Exceptions->exceptionHandler()
#5 {main}
  thrown
in APPPATH/Views/errors/html/error_404.php on line 2.
 1 [internal function]: CodeIgniter\Debug\Exceptions->shutdownHandler()
CRITICAL - 2023-07-19 06:16:25 --> Uncaught ErrorException: Undefined variable $activeTheme in /home/khabarnews/domains/khabarnews.com/public_html/app/Views/errors/html/error_404.php:2
Stack trace:
#0 /home/khabarnews/domains/khabarnews.com/public_html/app/Views/errors/html/error_404.php(2): CodeIgniter\Debug\Exceptions->errorHandler()
#1 /home/khabarnews/domains/khabarnews.com/public_html/system/Debug/Exceptions.php(284): include('...')
#2 /home/khabarnews/domains/khabarnews.com/public_html/system/Debug/Exceptions.php(287): CodeIgniter\Debug\Exceptions->CodeIgniter\Debug\{closure}()
#3 /home/khabarnews/domains/khabarnews.com/public_html/system/Debug/Exceptions.php(139): CodeIgniter\Debug\Exceptions->render()
#4 [internal function]: CodeIgniter\Debug\Exceptions->exceptionHandler()
#5 {main}
  thrown
in APPPATH/Views/errors/html/error_404.php on line 2.
 1 [internal function]: CodeIgniter\Debug\Exceptions->shutdownHandler()
CRITICAL - 2023-07-19 06:16:51 --> Uncaught ErrorException: Undefined variable $activeTheme in /home/khabarnews/domains/khabarnews.com/public_html/app/Views/errors/html/error_404.php:2
Stack trace:
#0 /home/khabarnews/domains/khabarnews.com/public_html/app/Views/errors/html/error_404.php(2): CodeIgniter\Debug\Exceptions->errorHandler()
#1 /home/khabarnews/domains/khabarnews.com/public_html/system/Debug/Exceptions.php(284): include('...')
#2 /home/khabarnews/domains/khabarnews.com/public_html/system/Debug/Exceptions.php(287): CodeIgniter\Debug\Exceptions->CodeIgniter\Debug\{closure}()
#3 /home/khabarnews/domains/khabarnews.com/public_html/system/Debug/Exceptions.php(139): CodeIgniter\Debug\Exceptions->render()
#4 [internal function]: CodeIgniter\Debug\Exceptions->exceptionHandler()
#5 {main}
  thrown
in APPPATH/Views/errors/html/error_404.php on line 2.
 1 [internal function]: CodeIgniter\Debug\Exceptions->shutdownHandler()
CRITICAL - 2023-07-19 06:17:08 --> Uncaught ErrorException: Undefined variable $activeTheme in /home/khabarnews/domains/khabarnews.com/public_html/app/Views/errors/html/error_404.php:2
Stack trace:
#0 /home/khabarnews/domains/khabarnews.com/public_html/app/Views/errors/html/error_404.php(2): CodeIgniter\Debug\Exceptions->errorHandler()
#1 /home/khabarnews/domains/khabarnews.com/public_html/system/Debug/Exceptions.php(284): include('...')
#2 /home/khabarnews/domains/khabarnews.com/public_html/system/Debug/Exceptions.php(287): CodeIgniter\Debug\Exceptions->CodeIgniter\Debug\{closure}()
#3 /home/khabarnews/domains/khabarnews.com/public_html/system/Debug/Exceptions.php(139): CodeIgniter\Debug\Exceptions->render()
#4 [internal function]: CodeIgniter\Debug\Exceptions->exceptionHandler()
#5 {main}
  thrown
in APPPATH/Views/errors/html/error_404.php on line 2.
 1 [internal function]: CodeIgniter\Debug\Exceptions->shutdownHandler()
CRITICAL - 2023-07-19 06:32:21 --> Attempt to read property "primary_font" on null
in APPPATH/Models/SettingsModel.php on line 600.
 1 APPPATH/Models/SettingsModel.php(600): CodeIgniter\Debug\Exceptions->errorHandler()
 2 APPPATH/Controllers/BaseController.php(83): App\Models\SettingsModel->getSelectedFonts()
 3 APPPATH/Controllers/HomeController.php(24): App\Controllers\BaseController->initController()
 4 SYSTEMPATH/CodeIgniter.php(890): App\Controllers\HomeController->initController()
 5 SYSTEMPATH/CodeIgniter.php(473): CodeIgniter\CodeIgniter->createController()
 6 SYSTEMPATH/CodeIgniter.php(351): CodeIgniter\CodeIgniter->handleRequest()
 7 FCPATH/index.php(78): CodeIgniter\CodeIgniter->run()
CRITICAL - 2023-07-19 06:45:00 --> Uncaught ErrorException: Undefined variable $activeTheme in /home/khabarnews/domains/khabarnews.com/public_html/app/Views/errors/html/error_404.php:2
Stack trace:
#0 /home/khabarnews/domains/khabarnews.com/public_html/app/Views/errors/html/error_404.php(2): CodeIgniter\Debug\Exceptions->errorHandler()
#1 /home/khabarnews/domains/khabarnews.com/public_html/system/Debug/Exceptions.php(284): include('...')
#2 /home/khabarnews/domains/khabarnews.com/public_html/system/Debug/Exceptions.php(287): CodeIgniter\Debug\Exceptions->CodeIgniter\Debug\{closure}()
#3 /home/khabarnews/domains/khabarnews.com/public_html/system/Debug/Exceptions.php(139): CodeIgniter\Debug\Exceptions->render()
#4 [internal function]: CodeIgniter\Debug\Exceptions->exceptionHandler()
#5 {main}
  thrown
in APPPATH/Views/errors/html/error_404.php on line 2.
 1 [internal function]: CodeIgniter\Debug\Exceptions->shutdownHandler()
CRITICAL - 2023-07-19 06:55:43 --> Uncaught ErrorException: Undefined variable $activeTheme in /home/khabarnews/domains/khabarnews.com/public_html/app/Views/errors/html/error_404.php:2
Stack trace:
#0 /home/khabarnews/domains/khabarnews.com/public_html/app/Views/errors/html/error_404.php(2): CodeIgniter\Debug\Exceptions->errorHandler()
#1 /home/khabarnews/domains/khabarnews.com/public_html/system/Debug/Exceptions.php(284): include('...')
#2 /home/khabarnews/domains/khabarnews.com/public_html/system/Debug/Exceptions.php(287): CodeIgniter\Debug\Exceptions->CodeIgniter\Debug\{closure}()
#3 /home/khabarnews/domains/khabarnews.com/public_html/system/Debug/Exceptions.php(139): CodeIgniter\Debug\Exceptions->render()
#4 [internal function]: CodeIgniter\Debug\Exceptions->exceptionHandler()
#5 {main}
  thrown
in APPPATH/Views/errors/html/error_404.php on line 2.
 1 [internal function]: CodeIgniter\Debug\Exceptions->shutdownHandler()
CRITICAL - 2023-07-19 07:16:02 --> Uncaught ErrorException: Undefined variable $activeTheme in /home/khabarnews/domains/khabarnews.com/public_html/app/Views/errors/html/error_404.php:2
Stack trace:
#0 /home/khabarnews/domains/khabarnews.com/public_html/app/Views/errors/html/error_404.php(2): CodeIgniter\Debug\Exceptions->errorHandler()
#1 /home/khabarnews/domains/khabarnews.com/public_html/system/Debug/Exceptions.php(284): include('...')
#2 /home/khabarnews/domains/khabarnews.com/public_html/system/Debug/Exceptions.php(287): CodeIgniter\Debug\Exceptions->CodeIgniter\Debug\{closure}()
#3 /home/khabarnews/domains/khabarnews.com/public_html/system/Debug/Exceptions.php(139): CodeIgniter\Debug\Exceptions->render()
#4 [internal function]: CodeIgniter\Debug\Exceptions->exceptionHandler()
#5 {main}
  thrown
in APPPATH/Views/errors/html/error_404.php on line 2.
 1 [internal function]: CodeIgniter\Debug\Exceptions->shutdownHandler()
CRITICAL - 2023-07-19 07:43:21 --> Attempt to read property "primary_font" on null
in APPPATH/Models/SettingsModel.php on line 600.
 1 APPPATH/Models/SettingsModel.php(600): CodeIgniter\Debug\Exceptions->errorHandler()
 2 APPPATH/Controllers/BaseController.php(83): App\Models\SettingsModel->getSelectedFonts()
 3 APPPATH/Controllers/HomeController.php(24): App\Controllers\BaseController->initController()
 4 SYSTEMPATH/CodeIgniter.php(890): App\Controllers\HomeController->initController()
 5 SYSTEMPATH/CodeIgniter.php(473): CodeIgniter\CodeIgniter->createController()
 6 SYSTEMPATH/CodeIgniter.php(351): CodeIgniter\CodeIgniter->handleRequest()
 7 FCPATH/index.php(78): CodeIgniter\CodeIgniter->run()
CRITICAL - 2023-07-19 07:44:58 --> Uncaught ErrorException: Undefined variable $activeTheme in /home/khabarnews/domains/khabarnews.com/public_html/app/Views/errors/html/error_404.php:2
Stack trace:
#0 /home/khabarnews/domains/khabarnews.com/public_html/app/Views/errors/html/error_404.php(2): CodeIgniter\Debug\Exceptions->errorHandler()
#1 /home/khabarnews/domains/khabarnews.com/public_html/system/Debug/Exceptions.php(284): include('...')
#2 /home/khabarnews/domains/khabarnews.com/public_html/system/Debug/Exceptions.php(287): CodeIgniter\Debug\Exceptions->CodeIgniter\Debug\{closure}()
#3 /home/khabarnews/domains/khabarnews.com/public_html/system/Debug/Exceptions.php(139): CodeIgniter\Debug\Exceptions->render()
#4 [internal function]: CodeIgniter\Debug\Exceptions->exceptionHandler()
#5 {main}
  thrown
in APPPATH/Views/errors/html/error_404.php on line 2.
 1 [internal function]: CodeIgniter\Debug\Exceptions->shutdownHandler()
CRITICAL - 2023-07-19 08:16:56 --> Uncaught ErrorException: Undefined variable $activeTheme in /home/khabarnews/domains/khabarnews.com/public_html/app/Views/errors/html/error_404.php:2
Stack trace:
#0 /home/khabarnews/domains/khabarnews.com/public_html/app/Views/errors/html/error_404.php(2): CodeIgniter\Debug\Exceptions->errorHandler()
#1 /home/khabarnews/domains/khabarnews.com/public_html/system/Debug/Exceptions.php(284): include('...')
#2 /home/khabarnews/domains/khabarnews.com/public_html/system/Debug/Exceptions.php(287): CodeIgniter\Debug\Exceptions->CodeIgniter\Debug\{closure}()
#3 /home/khabarnews/domains/khabarnews.com/public_html/system/Debug/Exceptions.php(139): CodeIgniter\Debug\Exceptions->render()
#4 [internal function]: CodeIgniter\Debug\Exceptions->exceptionHandler()
#5 {main}
  thrown
in APPPATH/Views/errors/html/error_404.php on line 2.
 1 [internal function]: CodeIgniter\Debug\Exceptions->shutdownHandler()
CRITICAL - 2023-07-19 08:17:47 --> Uncaught ErrorException: Undefined variable $activeTheme in /home/khabarnews/domains/khabarnews.com/public_html/app/Views/errors/html/error_404.php:2
Stack trace:
#0 /home/khabarnews/domains/khabarnews.com/public_html/app/Views/errors/html/error_404.php(2): CodeIgniter\Debug\Exceptions->errorHandler()
#1 /home/khabarnews/domains/khabarnews.com/public_html/system/Debug/Exceptions.php(284): include('...')
#2 /home/khabarnews/domains/khabarnews.com/public_html/system/Debug/Exceptions.php(287): CodeIgniter\Debug\Exceptions->CodeIgniter\Debug\{closure}()
#3 /home/khabarnews/domains/khabarnews.com/public_html/system/Debug/Exceptions.php(139): CodeIgniter\Debug\Exceptions->render()
#4 [internal function]: CodeIgniter\Debug\Exceptions->exceptionHandler()
#5 {main}
  thrown
in APPPATH/Views/errors/html/error_404.php on line 2.
 1 [internal function]: CodeIgniter\Debug\Exceptions->shutdownHandler()
CRITICAL - 2023-07-19 08:47:11 --> Uncaught ErrorException: Undefined variable $activeTheme in /home/khabarnews/domains/khabarnews.com/public_html/app/Views/errors/html/error_404.php:2
Stack trace:
#0 /home/khabarnews/domains/khabarnews.com/public_html/app/Views/errors/html/error_404.php(2): CodeIgniter\Debug\Exceptions->errorHandler()
#1 /home/khabarnews/domains/khabarnews.com/public_html/system/Debug/Exceptions.php(284): include('...')
#2 /home/khabarnews/domains/khabarnews.com/public_html/system/Debug/Exceptions.php(287): CodeIgniter\Debug\Exceptions->CodeIgniter\Debug\{closure}()
#3 /home/khabarnews/domains/khabarnews.com/public_html/system/Debug/Exceptions.php(139): CodeIgniter\Debug\Exceptions->render()
#4 [internal function]: CodeIgniter\Debug\Exceptions->exceptionHandler()
#5 {main}
  thrown
in APPPATH/Views/errors/html/error_404.php on line 2.
 1 [internal function]: CodeIgniter\Debug\Exceptions->shutdownHandler()
CRITICAL - 2023-07-19 09:17:38 --> Uncaught ErrorException: Undefined variable $activeTheme in /home/khabarnews/domains/khabarnews.com/public_html/app/Views/errors/html/error_404.php:2
Stack trace:
#0 /home/khabarnews/domains/khabarnews.com/public_html/app/Views/errors/html/error_404.php(2): CodeIgniter\Debug\Exceptions->errorHandler()
#1 /home/khabarnews/domains/khabarnews.com/public_html/system/Debug/Exceptions.php(284): include('...')
#2 /home/khabarnews/domains/khabarnews.com/public_html/system/Debug/Exceptions.php(287): CodeIgniter\Debug\Exceptions->CodeIgniter\Debug\{closure}()
#3 /home/khabarnews/domains/khabarnews.com/public_html/system/Debug/Exceptions.php(139): CodeIgniter\Debug\Exceptions->render()
#4 [internal function]: CodeIgniter\Debug\Exceptions->exceptionHandler()
#5 {main}
  thrown
in APPPATH/Views/errors/html/error_404.php on line 2.
 1 [internal function]: CodeIgniter\Debug\Exceptions->shutdownHandler()
CRITICAL - 2023-07-19 09:34:31 --> Uncaught ErrorException: Undefined variable $activeTheme in /home/khabarnews/domains/khabarnews.com/public_html/app/Views/errors/html/error_404.php:2
Stack trace:
#0 /home/khabarnews/domains/khabarnews.com/public_html/app/Views/errors/html/error_404.php(2): CodeIgniter\Debug\Exceptions->errorHandler()
#1 /home/khabarnews/domains/khabarnews.com/public_html/system/Debug/Exceptions.php(284): include('...')
#2 /home/khabarnews/domains/khabarnews.com/public_html/system/Debug/Exceptions.php(287): CodeIgniter\Debug\Exceptions->CodeIgniter\Debug\{closure}()
#3 /home/khabarnews/domains/khabarnews.com/public_html/system/Debug/Exceptions.php(139): CodeIgniter\Debug\Exceptions->render()
#4 [internal function]: CodeIgniter\Debug\Exceptions->exceptionHandler()
#5 {main}
  thrown
in APPPATH/Views/errors/html/error_404.php on line 2.
 1 [internal function]: CodeIgniter\Debug\Exceptions->shutdownHandler()
CRITICAL - 2023-07-19 09:38:43 --> Uncaught ErrorException: Undefined variable $activeTheme in /home/khabarnews/domains/khabarnews.com/public_html/app/Views/errors/html/error_404.php:2
Stack trace:
#0 /home/khabarnews/domains/khabarnews.com/public_html/app/Views/errors/html/error_404.php(2): CodeIgniter\Debug\Exceptions->errorHandler()
#1 /home/khabarnews/domains/khabarnews.com/public_html/system/Debug/Exceptions.php(284): include('...')
#2 /home/khabarnews/domains/khabarnews.com/public_html/system/Debug/Exceptions.php(287): CodeIgniter\Debug\Exceptions->CodeIgniter\Debug\{closure}()
#3 /home/khabarnews/domains/khabarnews.com/public_html/system/Debug/Exceptions.php(139): CodeIgniter\Debug\Exceptions->render()
#4 [internal function]: CodeIgniter\Debug\Exceptions->exceptionHandler()
#5 {main}
  thrown
in APPPATH/Views/errors/html/error_404.php on line 2.
 1 [internal function]: CodeIgniter\Debug\Exceptions->shutdownHandler()
CRITICAL - 2023-07-19 10:08:28 --> Uncaught ErrorException: Undefined variable $activeTheme in /home/khabarnews/domains/khabarnews.com/public_html/app/Views/errors/html/error_404.php:2
Stack trace:
#0 /home/khabarnews/domains/khabarnews.com/public_html/app/Views/errors/html/error_404.php(2): CodeIgniter\Debug\Exceptions->errorHandler()
#1 /home/khabarnews/domains/khabarnews.com/public_html/system/Debug/Exceptions.php(284): include('...')
#2 /home/khabarnews/domains/khabarnews.com/public_html/system/Debug/Exceptions.php(287): CodeIgniter\Debug\Exceptions->CodeIgniter\Debug\{closure}()
#3 /home/khabarnews/domains/khabarnews.com/public_html/system/Debug/Exceptions.php(139): CodeIgniter\Debug\Exceptions->render()
#4 [internal function]: CodeIgniter\Debug\Exceptions->exceptionHandler()
#5 {main}
  thrown
in APPPATH/Views/errors/html/error_404.php on line 2.
 1 [internal function]: CodeIgniter\Debug\Exceptions->shutdownHandler()
CRITICAL - 2023-07-19 10:11:56 --> Uncaught ErrorException: Undefined variable $activeTheme in /home/khabarnews/domains/khabarnews.com/public_html/app/Views/errors/html/error_404.php:2
Stack trace:
#0 /home/khabarnews/domains/khabarnews.com/public_html/app/Views/errors/html/error_404.php(2): CodeIgniter\Debug\Exceptions->errorHandler()
#1 /home/khabarnews/domains/khabarnews.com/public_html/system/Debug/Exceptions.php(284): include('...')
#2 /home/khabarnews/domains/khabarnews.com/public_html/system/Debug/Exceptions.php(287): CodeIgniter\Debug\Exceptions->CodeIgniter\Debug\{closure}()
#3 /home/khabarnews/domains/khabarnews.com/public_html/system/Debug/Exceptions.php(139): CodeIgniter\Debug\Exceptions->render()
#4 [internal function]: CodeIgniter\Debug\Exceptions->exceptionHandler()
#5 {main}
  thrown
in APPPATH/Views/errors/html/error_404.php on line 2.
 1 [internal function]: CodeIgniter\Debug\Exceptions->shutdownHandler()
CRITICAL - 2023-07-19 10:41:33 --> Uncaught ErrorException: Undefined variable $activeTheme in /home/khabarnews/domains/khabarnews.com/public_html/app/Views/errors/html/error_404.php:2
Stack trace:
#0 /home/khabarnews/domains/khabarnews.com/public_html/app/Views/errors/html/error_404.php(2): CodeIgniter\Debug\Exceptions->errorHandler()
#1 /home/khabarnews/domains/khabarnews.com/public_html/system/Debug/Exceptions.php(284): include('...')
#2 /home/khabarnews/domains/khabarnews.com/public_html/system/Debug/Exceptions.php(287): CodeIgniter\Debug\Exceptions->CodeIgniter\Debug\{closure}()
#3 /home/khabarnews/domains/khabarnews.com/public_html/system/Debug/Exceptions.php(139): CodeIgniter\Debug\Exceptions->render()
#4 [internal function]: CodeIgniter\Debug\Exceptions->exceptionHandler()
#5 {main}
  thrown
in APPPATH/Views/errors/html/error_404.php on line 2.
 1 [internal function]: CodeIgniter\Debug\Exceptions->shutdownHandler()
CRITICAL - 2023-07-19 10:46:21 --> Uncaught ErrorException: Undefined variable $activeTheme in /home/khabarnews/domains/khabarnews.com/public_html/app/Views/errors/html/error_404.php:2
Stack trace:
#0 /home/khabarnews/domains/khabarnews.com/public_html/app/Views/errors/html/error_404.php(2): CodeIgniter\Debug\Exceptions->errorHandler()
#1 /home/khabarnews/domains/khabarnews.com/public_html/system/Debug/Exceptions.php(284): include('...')
#2 /home/khabarnews/domains/khabarnews.com/public_html/system/Debug/Exceptions.php(287): CodeIgniter\Debug\Exceptions->CodeIgniter\Debug\{closure}()
#3 /home/khabarnews/domains/khabarnews.com/public_html/system/Debug/Exceptions.php(139): CodeIgniter\Debug\Exceptions->render()
#4 [internal function]: CodeIgniter\Debug\Exceptions->exceptionHandler()
#5 {main}
  thrown
in APPPATH/Views/errors/html/error_404.php on line 2.
 1 [internal function]: CodeIgniter\Debug\Exceptions->shutdownHandler()
CRITICAL - 2023-07-19 10:51:23 --> Uncaught ErrorException: Undefined variable $activeTheme in /home/khabarnews/domains/khabarnews.com/public_html/app/Views/errors/html/error_404.php:2
Stack trace:
#0 /home/khabarnews/domains/khabarnews.com/public_html/app/Views/errors/html/error_404.php(2): CodeIgniter\Debug\Exceptions->errorHandler()
#1 /home/khabarnews/domains/khabarnews.com/public_html/system/Debug/Exceptions.php(284): include('...')
#2 /home/khabarnews/domains/khabarnews.com/public_html/system/Debug/Exceptions.php(287): CodeIgniter\Debug\Exceptions->CodeIgniter\Debug\{closure}()
#3 /home/khabarnews/domains/khabarnews.com/public_html/system/Debug/Exceptions.php(139): CodeIgniter\Debug\Exceptions->render()
#4 [internal function]: CodeIgniter\Debug\Exceptions->exceptionHandler()
#5 {main}
  thrown
in APPPATH/Views/errors/html/error_404.php on line 2.
 1 [internal function]: CodeIgniter\Debug\Exceptions->shutdownHandler()
CRITICAL - 2023-07-19 11:10:58 --> Uncaught ErrorException: Undefined variable $activeTheme in /home/khabarnews/domains/khabarnews.com/public_html/app/Views/errors/html/error_404.php:2
Stack trace:
#0 /home/khabarnews/domains/khabarnews.com/public_html/app/Views/errors/html/error_404.php(2): CodeIgniter\Debug\Exceptions->errorHandler()
#1 /home/khabarnews/domains/khabarnews.com/public_html/system/Debug/Exceptions.php(284): include('...')
#2 /home/khabarnews/domains/khabarnews.com/public_html/system/Debug/Exceptions.php(287): CodeIgniter\Debug\Exceptions->CodeIgniter\Debug\{closure}()
#3 /home/khabarnews/domains/khabarnews.com/public_html/system/Debug/Exceptions.php(139): CodeIgniter\Debug\Exceptions->render()
#4 [internal function]: CodeIgniter\Debug\Exceptions->exceptionHandler()
#5 {main}
  thrown
in APPPATH/Views/errors/html/error_404.php on line 2.
 1 [internal function]: CodeIgniter\Debug\Exceptions->shutdownHandler()
CRITICAL - 2023-07-19 11:39:06 --> Uncaught ErrorException: Undefined variable $activeTheme in /home/khabarnews/domains/khabarnews.com/public_html/app/Views/errors/html/error_404.php:2
Stack trace:
#0 /home/khabarnews/domains/khabarnews.com/public_html/app/Views/errors/html/error_404.php(2): CodeIgniter\Debug\Exceptions->errorHandler()
#1 /home/khabarnews/domains/khabarnews.com/public_html/system/Debug/Exceptions.php(284): include('...')
#2 /home/khabarnews/domains/khabarnews.com/public_html/system/Debug/Exceptions.php(287): CodeIgniter\Debug\Exceptions->CodeIgniter\Debug\{closure}()
#3 /home/khabarnews/domains/khabarnews.com/public_html/system/Debug/Exceptions.php(139): CodeIgniter\Debug\Exceptions->render()
#4 [internal function]: CodeIgniter\Debug\Exceptions->exceptionHandler()
#5 {main}
  thrown
in APPPATH/Views/errors/html/error_404.php on line 2.
 1 [internal function]: CodeIgniter\Debug\Exceptions->shutdownHandler()
CRITICAL - 2023-07-19 12:06:44 --> Uncaught ErrorException: Undefined variable $activeTheme in /home/khabarnews/domains/khabarnews.com/public_html/app/Views/errors/html/error_404.php:2
Stack trace:
#0 /home/khabarnews/domains/khabarnews.com/public_html/app/Views/errors/html/error_404.php(2): CodeIgniter\Debug\Exceptions->errorHandler()
#1 /home/khabarnews/domains/khabarnews.com/public_html/system/Debug/Exceptions.php(284): include('...')
#2 /home/khabarnews/domains/khabarnews.com/public_html/system/Debug/Exceptions.php(287): CodeIgniter\Debug\Exceptions->CodeIgniter\Debug\{closure}()
#3 /home/khabarnews/domains/khabarnews.com/public_html/system/Debug/Exceptions.php(139): CodeIgniter\Debug\Exceptions->render()
#4 [internal function]: CodeIgniter\Debug\Exceptions->exceptionHandler()
#5 {main}
  thrown
in APPPATH/Views/errors/html/error_404.php on line 2.
 1 [internal function]: CodeIgniter\Debug\Exceptions->shutdownHandler()
CRITICAL - 2023-07-19 12:10:07 --> Uncaught ErrorException: Undefined variable $activeTheme in /home/khabarnews/domains/khabarnews.com/public_html/app/Views/errors/html/error_404.php:2
Stack trace:
#0 /home/khabarnews/domains/khabarnews.com/public_html/app/Views/errors/html/error_404.php(2): CodeIgniter\Debug\Exceptions->errorHandler()
#1 /home/khabarnews/domains/khabarnews.com/public_html/system/Debug/Exceptions.php(284): include('...')
#2 /home/khabarnews/domains/khabarnews.com/public_html/system/Debug/Exceptions.php(287): CodeIgniter\Debug\Exceptions->CodeIgniter\Debug\{closure}()
#3 /home/khabarnews/domains/khabarnews.com/public_html/system/Debug/Exceptions.php(139): CodeIgniter\Debug\Exceptions->render()
#4 [internal function]: CodeIgniter\Debug\Exceptions->exceptionHandler()
#5 {main}
  thrown
in APPPATH/Views/errors/html/error_404.php on line 2.
 1 [internal function]: CodeIgniter\Debug\Exceptions->shutdownHandler()
CRITICAL - 2023-07-19 12:12:27 --> Uncaught ErrorException: Undefined variable $activeTheme in /home/khabarnews/domains/khabarnews.com/public_html/app/Views/errors/html/error_404.php:2
Stack trace:
#0 /home/khabarnews/domains/khabarnews.com/public_html/app/Views/errors/html/error_404.php(2): CodeIgniter\Debug\Exceptions->errorHandler()
#1 /home/khabarnews/domains/khabarnews.com/public_html/system/Debug/Exceptions.php(284): include('...')
#2 /home/khabarnews/domains/khabarnews.com/public_html/system/Debug/Exceptions.php(287): CodeIgniter\Debug\Exceptions->CodeIgniter\Debug\{closure}()
#3 /home/khabarnews/domains/khabarnews.com/public_html/system/Debug/Exceptions.php(139): CodeIgniter\Debug\Exceptions->render()
#4 [internal function]: CodeIgniter\Debug\Exceptions->exceptionHandler()
#5 {main}
  thrown
in APPPATH/Views/errors/html/error_404.php on line 2.
 1 [internal function]: CodeIgniter\Debug\Exceptions->shutdownHandler()
CRITICAL - 2023-07-19 12:36:28 --> Uncaught ErrorException: Undefined variable $activeTheme in /home/khabarnews/domains/khabarnews.com/public_html/app/Views/errors/html/error_404.php:2
Stack trace:
#0 /home/khabarnews/domains/khabarnews.com/public_html/app/Views/errors/html/error_404.php(2): CodeIgniter\Debug\Exceptions->errorHandler()
#1 /home/khabarnews/domains/khabarnews.com/public_html/system/Debug/Exceptions.php(284): include('...')
#2 /home/khabarnews/domains/khabarnews.com/public_html/system/Debug/Exceptions.php(287): CodeIgniter\Debug\Exceptions->CodeIgniter\Debug\{closure}()
#3 /home/khabarnews/domains/khabarnews.com/public_html/system/Debug/Exceptions.php(139): CodeIgniter\Debug\Exceptions->render()
#4 [internal function]: CodeIgniter\Debug\Exceptions->exceptionHandler()
#5 {main}
  thrown
in APPPATH/Views/errors/html/error_404.php on line 2.
 1 [internal function]: CodeIgniter\Debug\Exceptions->shutdownHandler()
CRITICAL - 2023-07-19 12:42:24 --> Uncaught ErrorException: Undefined variable $activeTheme in /home/khabarnews/domains/khabarnews.com/public_html/app/Views/errors/html/error_404.php:2
Stack trace:
#0 /home/khabarnews/domains/khabarnews.com/public_html/app/Views/errors/html/error_404.php(2): CodeIgniter\Debug\Exceptions->errorHandler()
#1 /home/khabarnews/domains/khabarnews.com/public_html/system/Debug/Exceptions.php(284): include('...')
#2 /home/khabarnews/domains/khabarnews.com/public_html/system/Debug/Exceptions.php(287): CodeIgniter\Debug\Exceptions->CodeIgniter\Debug\{closure}()
#3 /home/khabarnews/domains/khabarnews.com/public_html/system/Debug/Exceptions.php(139): CodeIgniter\Debug\Exceptions->render()
#4 [internal function]: CodeIgniter\Debug\Exceptions->exceptionHandler()
#5 {main}
  thrown
in APPPATH/Views/errors/html/error_404.php on line 2.
 1 [internal function]: CodeIgniter\Debug\Exceptions->shutdownHandler()
CRITICAL - 2023-07-19 13:14:26 --> Uncaught ErrorException: Undefined variable $activeTheme in /home/khabarnews/domains/khabarnews.com/public_html/app/Views/errors/html/error_404.php:2
Stack trace:
#0 /home/khabarnews/domains/khabarnews.com/public_html/app/Views/errors/html/error_404.php(2): CodeIgniter\Debug\Exceptions->errorHandler()
#1 /home/khabarnews/domains/khabarnews.com/public_html/system/Debug/Exceptions.php(284): include('...')
#2 /home/khabarnews/domains/khabarnews.com/public_html/system/Debug/Exceptions.php(287): CodeIgniter\Debug\Exceptions->CodeIgniter\Debug\{closure}()
#3 /home/khabarnews/domains/khabarnews.com/public_html/system/Debug/Exceptions.php(139): CodeIgniter\Debug\Exceptions->render()
#4 [internal function]: CodeIgniter\Debug\Exceptions->exceptionHandler()
#5 {main}
  thrown
in APPPATH/Views/errors/html/error_404.php on line 2.
 1 [internal function]: CodeIgniter\Debug\Exceptions->shutdownHandler()
CRITICAL - 2023-07-19 13:43:04 --> Uncaught ErrorException: Undefined variable $activeTheme in /home/khabarnews/domains/khabarnews.com/public_html/app/Views/errors/html/error_404.php:2
Stack trace:
#0 /home/khabarnews/domains/khabarnews.com/public_html/app/Views/errors/html/error_404.php(2): CodeIgniter\Debug\Exceptions->errorHandler()
#1 /home/khabarnews/domains/khabarnews.com/public_html/system/Debug/Exceptions.php(284): include('...')
#2 /home/khabarnews/domains/khabarnews.com/public_html/system/Debug/Exceptions.php(287): CodeIgniter\Debug\Exceptions->CodeIgniter\Debug\{closure}()
#3 /home/khabarnews/domains/khabarnews.com/public_html/system/Debug/Exceptions.php(139): CodeIgniter\Debug\Exceptions->render()
#4 [internal function]: CodeIgniter\Debug\Exceptions->exceptionHandler()
#5 {main}
  thrown
in APPPATH/Views/errors/html/error_404.php on line 2.
 1 [internal function]: CodeIgniter\Debug\Exceptions->shutdownHandler()
CRITICAL - 2023-07-19 14:11:10 --> Uncaught ErrorException: Undefined variable $activeTheme in /home/khabarnews/domains/khabarnews.com/public_html/app/Views/errors/html/error_404.php:2
Stack trace:
#0 /home/khabarnews/domains/khabarnews.com/public_html/app/Views/errors/html/error_404.php(2): CodeIgniter\Debug\Exceptions->errorHandler()
#1 /home/khabarnews/domains/khabarnews.com/public_html/system/Debug/Exceptions.php(284): include('...')
#2 /home/khabarnews/domains/khabarnews.com/public_html/system/Debug/Exceptions.php(287): CodeIgniter\Debug\Exceptions->CodeIgniter\Debug\{closure}()
#3 /home/khabarnews/domains/khabarnews.com/public_html/system/Debug/Exceptions.php(139): CodeIgniter\Debug\Exceptions->render()
#4 [internal function]: CodeIgniter\Debug\Exceptions->exceptionHandler()
#5 {main}
  thrown
in APPPATH/Views/errors/html/error_404.php on line 2.
 1 [internal function]: CodeIgniter\Debug\Exceptions->shutdownHandler()
CRITICAL - 2023-07-19 14:42:02 --> Uncaught ErrorException: Undefined variable $activeTheme in /home/khabarnews/domains/khabarnews.com/public_html/app/Views/errors/html/error_404.php:2
Stack trace:
#0 /home/khabarnews/domains/khabarnews.com/public_html/app/Views/errors/html/error_404.php(2): CodeIgniter\Debug\Exceptions->errorHandler()
#1 /home/khabarnews/domains/khabarnews.com/public_html/system/Debug/Exceptions.php(284): include('...')
#2 /home/khabarnews/domains/khabarnews.com/public_html/system/Debug/Exceptions.php(287): CodeIgniter\Debug\Exceptions->CodeIgniter\Debug\{closure}()
#3 /home/khabarnews/domains/khabarnews.com/public_html/system/Debug/Exceptions.php(139): CodeIgniter\Debug\Exceptions->render()
#4 [internal function]: CodeIgniter\Debug\Exceptions->exceptionHandler()
#5 {main}
  thrown
in APPPATH/Views/errors/html/error_404.php on line 2.
 1 [internal function]: CodeIgniter\Debug\Exceptions->shutdownHandler()
CRITICAL - 2023-07-19 15:10:07 --> Uncaught ErrorException: Undefined variable $activeTheme in /home/khabarnews/domains/khabarnews.com/public_html/app/Views/errors/html/error_404.php:2
Stack trace:
#0 /home/khabarnews/domains/khabarnews.com/public_html/app/Views/errors/html/error_404.php(2): CodeIgniter\Debug\Exceptions->errorHandler()
#1 /home/khabarnews/domains/khabarnews.com/public_html/system/Debug/Exceptions.php(284): include('...')
#2 /home/khabarnews/domains/khabarnews.com/public_html/system/Debug/Exceptions.php(287): CodeIgniter\Debug\Exceptions->CodeIgniter\Debug\{closure}()
#3 /home/khabarnews/domains/khabarnews.com/public_html/system/Debug/Exceptions.php(139): CodeIgniter\Debug\Exceptions->render()
#4 [internal function]: CodeIgniter\Debug\Exceptions->exceptionHandler()
#5 {main}
  thrown
in APPPATH/Views/errors/html/error_404.php on line 2.
 1 [internal function]: CodeIgniter\Debug\Exceptions->shutdownHandler()
CRITICAL - 2023-07-19 15:29:02 --> Attempt to read property "primary_font" on null
in APPPATH/Models/SettingsModel.php on line 600.
 1 APPPATH/Models/SettingsModel.php(600): CodeIgniter\Debug\Exceptions->errorHandler()
 2 APPPATH/Controllers/BaseController.php(83): App\Models\SettingsModel->getSelectedFonts()
 3 APPPATH/Controllers/HomeController.php(24): App\Controllers\BaseController->initController()
 4 SYSTEMPATH/CodeIgniter.php(890): App\Controllers\HomeController->initController()
 5 SYSTEMPATH/CodeIgniter.php(473): CodeIgniter\CodeIgniter->createController()
 6 SYSTEMPATH/CodeIgniter.php(351): CodeIgniter\CodeIgniter->handleRequest()
 7 FCPATH/index.php(78): CodeIgniter\CodeIgniter->run()
CRITICAL - 2023-07-19 15:30:22 --> Attempt to read property "primary_font" on null
in APPPATH/Models/SettingsModel.php on line 600.
 1 APPPATH/Models/SettingsModel.php(600): CodeIgniter\Debug\Exceptions->errorHandler()
 2 APPPATH/Controllers/BaseController.php(83): App\Models\SettingsModel->getSelectedFonts()
 3 APPPATH/Controllers/HomeController.php(24): App\Controllers\BaseController->initController()
 4 SYSTEMPATH/CodeIgniter.php(890): App\Controllers\HomeController->initController()
 5 SYSTEMPATH/CodeIgniter.php(473): CodeIgniter\CodeIgniter->createController()
 6 SYSTEMPATH/CodeIgniter.php(351): CodeIgniter\CodeIgniter->handleRequest()
 7 FCPATH/index.php(78): CodeIgniter\CodeIgniter->run()
CRITICAL - 2023-07-19 15:31:50 --> Attempt to read property "primary_font" on null
in APPPATH/Models/SettingsModel.php on line 600.
 1 APPPATH/Models/SettingsModel.php(600): CodeIgniter\Debug\Exceptions->errorHandler()
 2 APPPATH/Controllers/BaseController.php(83): App\Models\SettingsModel->getSelectedFonts()
 3 APPPATH/Controllers/HomeController.php(24): App\Controllers\BaseController->initController()
 4 SYSTEMPATH/CodeIgniter.php(890): App\Controllers\HomeController->initController()
 5 SYSTEMPATH/CodeIgniter.php(473): CodeIgniter\CodeIgniter->createController()
 6 SYSTEMPATH/CodeIgniter.php(351): CodeIgniter\CodeIgniter->handleRequest()
 7 FCPATH/index.php(78): CodeIgniter\CodeIgniter->run()
CRITICAL - 2023-07-19 15:33:17 --> Attempt to read property "primary_font" on null
in APPPATH/Models/SettingsModel.php on line 600.
 1 APPPATH/Models/SettingsModel.php(600): CodeIgniter\Debug\Exceptions->errorHandler()
 2 APPPATH/Controllers/BaseController.php(83): App\Models\SettingsModel->getSelectedFonts()
 3 APPPATH/Controllers/HomeController.php(24): App\Controllers\BaseController->initController()
 4 SYSTEMPATH/CodeIgniter.php(890): App\Controllers\HomeController->initController()
 5 SYSTEMPATH/CodeIgniter.php(473): CodeIgniter\CodeIgniter->createController()
 6 SYSTEMPATH/CodeIgniter.php(351): CodeIgniter\CodeIgniter->handleRequest()
 7 FCPATH/index.php(78): CodeIgniter\CodeIgniter->run()
CRITICAL - 2023-07-19 15:40:18 --> Uncaught ErrorException: Undefined variable $activeTheme in /home/khabarnews/domains/khabarnews.com/public_html/app/Views/errors/html/error_404.php:2
Stack trace:
#0 /home/khabarnews/domains/khabarnews.com/public_html/app/Views/errors/html/error_404.php(2): CodeIgniter\Debug\Exceptions->errorHandler()
#1 /home/khabarnews/domains/khabarnews.com/public_html/system/Debug/Exceptions.php(284): include('...')
#2 /home/khabarnews/domains/khabarnews.com/public_html/system/Debug/Exceptions.php(287): CodeIgniter\Debug\Exceptions->CodeIgniter\Debug\{closure}()
#3 /home/khabarnews/domains/khabarnews.com/public_html/system/Debug/Exceptions.php(139): CodeIgniter\Debug\Exceptions->render()
#4 [internal function]: CodeIgniter\Debug\Exceptions->exceptionHandler()
#5 {main}
  thrown
in APPPATH/Views/errors/html/error_404.php on line 2.
 1 [internal function]: CodeIgniter\Debug\Exceptions->shutdownHandler()
CRITICAL - 2023-07-19 16:17:07 --> Uncaught ErrorException: Undefined variable $activeTheme in /home/khabarnews/domains/khabarnews.com/public_html/app/Views/errors/html/error_404.php:2
Stack trace:
#0 /home/khabarnews/domains/khabarnews.com/public_html/app/Views/errors/html/error_404.php(2): CodeIgniter\Debug\Exceptions->errorHandler()
#1 /home/khabarnews/domains/khabarnews.com/public_html/system/Debug/Exceptions.php(284): include('...')
#2 /home/khabarnews/domains/khabarnews.com/public_html/system/Debug/Exceptions.php(287): CodeIgniter\Debug\Exceptions->CodeIgniter\Debug\{closure}()
#3 /home/khabarnews/domains/khabarnews.com/public_html/system/Debug/Exceptions.php(139): CodeIgniter\Debug\Exceptions->render()
#4 [internal function]: CodeIgniter\Debug\Exceptions->exceptionHandler()
#5 {main}
  thrown
in APPPATH/Views/errors/html/error_404.php on line 2.
 1 [internal function]: CodeIgniter\Debug\Exceptions->shutdownHandler()
CRITICAL - 2023-07-19 16:20:44 --> Attempt to read property "primary_font" on null
in APPPATH/Models/SettingsModel.php on line 600.
 1 APPPATH/Models/SettingsModel.php(600): CodeIgniter\Debug\Exceptions->errorHandler()
 2 APPPATH/Controllers/BaseController.php(83): App\Models\SettingsModel->getSelectedFonts()
 3 APPPATH/Controllers/HomeController.php(24): App\Controllers\BaseController->initController()
 4 SYSTEMPATH/CodeIgniter.php(890): App\Controllers\HomeController->initController()
 5 SYSTEMPATH/CodeIgniter.php(473): CodeIgniter\CodeIgniter->createController()
 6 SYSTEMPATH/CodeIgniter.php(351): CodeIgniter\CodeIgniter->handleRequest()
 7 FCPATH/index.php(78): CodeIgniter\CodeIgniter->run()
CRITICAL - 2023-07-19 16:41:42 --> Uncaught ErrorException: Undefined variable $activeTheme in /home/khabarnews/domains/khabarnews.com/public_html/app/Views/errors/html/error_404.php:2
Stack trace:
#0 /home/khabarnews/domains/khabarnews.com/public_html/app/Views/errors/html/error_404.php(2): CodeIgniter\Debug\Exceptions->errorHandler()
#1 /home/khabarnews/domains/khabarnews.com/public_html/system/Debug/Exceptions.php(284): include('...')
#2 /home/khabarnews/domains/khabarnews.com/public_html/system/Debug/Exceptions.php(287): CodeIgniter\Debug\Exceptions->CodeIgniter\Debug\{closure}()
#3 /home/khabarnews/domains/khabarnews.com/public_html/system/Debug/Exceptions.php(139): CodeIgniter\Debug\Exceptions->render()
#4 [internal function]: CodeIgniter\Debug\Exceptions->exceptionHandler()
#5 {main}
  thrown
in APPPATH/Views/errors/html/error_404.php on line 2.
 1 [internal function]: CodeIgniter\Debug\Exceptions->shutdownHandler()
CRITICAL - 2023-07-19 16:41:56 --> Uncaught ErrorException: Undefined variable $activeTheme in /home/khabarnews/domains/khabarnews.com/public_html/app/Views/errors/html/error_404.php:2
Stack trace:
#0 /home/khabarnews/domains/khabarnews.com/public_html/app/Views/errors/html/error_404.php(2): CodeIgniter\Debug\Exceptions->errorHandler()
#1 /home/khabarnews/domains/khabarnews.com/public_html/system/Debug/Exceptions.php(284): include('...')
#2 /home/khabarnews/domains/khabarnews.com/public_html/system/Debug/Exceptions.php(287): CodeIgniter\Debug\Exceptions->CodeIgniter\Debug\{closure}()
#3 /home/khabarnews/domains/khabarnews.com/public_html/system/Debug/Exceptions.php(139): CodeIgniter\Debug\Exceptions->render()
#4 [internal function]: CodeIgniter\Debug\Exceptions->exceptionHandler()
#5 {main}
  thrown
in APPPATH/Views/errors/html/error_404.php on line 2.
 1 [internal function]: CodeIgniter\Debug\Exceptions->shutdownHandler()
CRITICAL - 2023-07-19 16:42:07 --> Uncaught ErrorException: Undefined variable $activeTheme in /home/khabarnews/domains/khabarnews.com/public_html/app/Views/errors/html/error_404.php:2
Stack trace:
#0 /home/khabarnews/domains/khabarnews.com/public_html/app/Views/errors/html/error_404.php(2): CodeIgniter\Debug\Exceptions->errorHandler()
#1 /home/khabarnews/domains/khabarnews.com/public_html/system/Debug/Exceptions.php(284): include('...')
#2 /home/khabarnews/domains/khabarnews.com/public_html/system/Debug/Exceptions.php(287): CodeIgniter\Debug\Exceptions->CodeIgniter\Debug\{closure}()
#3 /home/khabarnews/domains/khabarnews.com/public_html/system/Debug/Exceptions.php(139): CodeIgniter\Debug\Exceptions->render()
#4 [internal function]: CodeIgniter\Debug\Exceptions->exceptionHandler()
#5 {main}
  thrown
in APPPATH/Views/errors/html/error_404.php on line 2.
 1 [internal function]: CodeIgniter\Debug\Exceptions->shutdownHandler()
CRITICAL - 2023-07-19 16:42:18 --> Uncaught ErrorException: Undefined variable $activeTheme in /home/khabarnews/domains/khabarnews.com/public_html/app/Views/errors/html/error_404.php:2
Stack trace:
#0 /home/khabarnews/domains/khabarnews.com/public_html/app/Views/errors/html/error_404.php(2): CodeIgniter\Debug\Exceptions->errorHandler()
#1 /home/khabarnews/domains/khabarnews.com/public_html/system/Debug/Exceptions.php(284): include('...')
#2 /home/khabarnews/domains/khabarnews.com/public_html/system/Debug/Exceptions.php(287): CodeIgniter\Debug\Exceptions->CodeIgniter\Debug\{closure}()
#3 /home/khabarnews/domains/khabarnews.com/public_html/system/Debug/Exceptions.php(139): CodeIgniter\Debug\Exceptions->render()
#4 [internal function]: CodeIgniter\Debug\Exceptions->exceptionHandler()
#5 {main}
  thrown
in APPPATH/Views/errors/html/error_404.php on line 2.
 1 [internal function]: CodeIgniter\Debug\Exceptions->shutdownHandler()
CRITICAL - 2023-07-19 16:42:33 --> Uncaught ErrorException: Undefined variable $activeTheme in /home/khabarnews/domains/khabarnews.com/public_html/app/Views/errors/html/error_404.php:2
Stack trace:
#0 /home/khabarnews/domains/khabarnews.com/public_html/app/Views/errors/html/error_404.php(2): CodeIgniter\Debug\Exceptions->errorHandler()
#1 /home/khabarnews/domains/khabarnews.com/public_html/system/Debug/Exceptions.php(284): include('...')
#2 /home/khabarnews/domains/khabarnews.com/public_html/system/Debug/Exceptions.php(287): CodeIgniter\Debug\Exceptions->CodeIgniter\Debug\{closure}()
#3 /home/khabarnews/domains/khabarnews.com/public_html/system/Debug/Exceptions.php(139): CodeIgniter\Debug\Exceptions->render()
#4 [internal function]: CodeIgniter\Debug\Exceptions->exceptionHandler()
#5 {main}
  thrown
in APPPATH/Views/errors/html/error_404.php on line 2.
 1 [internal function]: CodeIgniter\Debug\Exceptions->shutdownHandler()
CRITICAL - 2023-07-19 16:42:54 --> Uncaught ErrorException: Undefined variable $activeTheme in /home/khabarnews/domains/khabarnews.com/public_html/app/Views/errors/html/error_404.php:2
Stack trace:
#0 /home/khabarnews/domains/khabarnews.com/public_html/app/Views/errors/html/error_404.php(2): CodeIgniter\Debug\Exceptions->errorHandler()
#1 /home/khabarnews/domains/khabarnews.com/public_html/system/Debug/Exceptions.php(284): include('...')
#2 /home/khabarnews/domains/khabarnews.com/public_html/system/Debug/Exceptions.php(287): CodeIgniter\Debug\Exceptions->CodeIgniter\Debug\{closure}()
#3 /home/khabarnews/domains/khabarnews.com/public_html/system/Debug/Exceptions.php(139): CodeIgniter\Debug\Exceptions->render()
#4 [internal function]: CodeIgniter\Debug\Exceptions->exceptionHandler()
#5 {main}
  thrown
in APPPATH/Views/errors/html/error_404.php on line 2.
 1 [internal function]: CodeIgniter\Debug\Exceptions->shutdownHandler()
CRITICAL - 2023-07-19 16:57:48 --> Undefined array key "HTTP_USER_AGENT"
in APPPATH/Common.php on line 2084.
 1 APPPATH/Common.php(2084): CodeIgniter\Debug\Exceptions->errorHandler()
 2 APPPATH/Models/PostModel.php(316): isBot()
 3 APPPATH/Controllers/HomeController.php(177): App\Models\PostModel->increasePostPageviews()
 4 APPPATH/Controllers/HomeController.php(105): App\Controllers\HomeController->post()
 5 SYSTEMPATH/CodeIgniter.php(927): App\Controllers\HomeController->any()
 6 SYSTEMPATH/CodeIgniter.php(482): CodeIgniter\CodeIgniter->runController()
 7 SYSTEMPATH/CodeIgniter.php(351): CodeIgniter\CodeIgniter->handleRequest()
 8 FCPATH/index.php(78): CodeIgniter\CodeIgniter->run()
CRITICAL - 2023-07-19 17:02:30 --> Undefined array key "HTTP_USER_AGENT"
in APPPATH/Common.php on line 2084.
 1 APPPATH/Common.php(2084): CodeIgniter\Debug\Exceptions->errorHandler()
 2 APPPATH/Models/PostModel.php(316): isBot()
 3 APPPATH/Controllers/HomeController.php(177): App\Models\PostModel->increasePostPageviews()
 4 APPPATH/Controllers/HomeController.php(105): App\Controllers\HomeController->post()
 5 SYSTEMPATH/CodeIgniter.php(927): App\Controllers\HomeController->any()
 6 SYSTEMPATH/CodeIgniter.php(482): CodeIgniter\CodeIgniter->runController()
 7 SYSTEMPATH/CodeIgniter.php(351): CodeIgniter\CodeIgniter->handleRequest()
 8 FCPATH/index.php(78): CodeIgniter\CodeIgniter->run()
CRITICAL - 2023-07-19 17:07:40 --> Uncaught ErrorException: Undefined variable $activeTheme in /home/khabarnews/domains/khabarnews.com/public_html/app/Views/errors/html/error_404.php:2
Stack trace:
#0 /home/khabarnews/domains/khabarnews.com/public_html/app/Views/errors/html/error_404.php(2): CodeIgniter\Debug\Exceptions->errorHandler()
#1 /home/khabarnews/domains/khabarnews.com/public_html/system/Debug/Exceptions.php(284): include('...')
#2 /home/khabarnews/domains/khabarnews.com/public_html/system/Debug/Exceptions.php(287): CodeIgniter\Debug\Exceptions->CodeIgniter\Debug\{closure}()
#3 /home/khabarnews/domains/khabarnews.com/public_html/system/Debug/Exceptions.php(139): CodeIgniter\Debug\Exceptions->render()
#4 [internal function]: CodeIgniter\Debug\Exceptions->exceptionHandler()
#5 {main}
  thrown
in APPPATH/Views/errors/html/error_404.php on line 2.
 1 [internal function]: CodeIgniter\Debug\Exceptions->shutdownHandler()
CRITICAL - 2023-07-19 17:08:20 --> Undefined array key "HTTP_USER_AGENT"
in APPPATH/Common.php on line 2084.
 1 APPPATH/Common.php(2084): CodeIgniter\Debug\Exceptions->errorHandler()
 2 APPPATH/Models/PostModel.php(316): isBot()
 3 APPPATH/Controllers/HomeController.php(177): App\Models\PostModel->increasePostPageviews()
 4 APPPATH/Controllers/HomeController.php(105): App\Controllers\HomeController->post()
 5 SYSTEMPATH/CodeIgniter.php(927): App\Controllers\HomeController->any()
 6 SYSTEMPATH/CodeIgniter.php(482): CodeIgniter\CodeIgniter->runController()
 7 SYSTEMPATH/CodeIgniter.php(351): CodeIgniter\CodeIgniter->handleRequest()
 8 FCPATH/index.php(78): CodeIgniter\CodeIgniter->run()
CRITICAL - 2023-07-19 17:12:22 --> Undefined array key "HTTP_USER_AGENT"
in APPPATH/Common.php on line 2084.
 1 APPPATH/Common.php(2084): CodeIgniter\Debug\Exceptions->errorHandler()
 2 APPPATH/Models/PostModel.php(316): isBot()
 3 APPPATH/Controllers/HomeController.php(177): App\Models\PostModel->increasePostPageviews()
 4 APPPATH/Controllers/HomeController.php(105): App\Controllers\HomeController->post()
 5 SYSTEMPATH/CodeIgniter.php(927): App\Controllers\HomeController->any()
 6 SYSTEMPATH/CodeIgniter.php(482): CodeIgniter\CodeIgniter->runController()
 7 SYSTEMPATH/CodeIgniter.php(351): CodeIgniter\CodeIgniter->handleRequest()
 8 FCPATH/index.php(78): CodeIgniter\CodeIgniter->run()
CRITICAL - 2023-07-19 17:13:07 --> Undefined array key "HTTP_USER_AGENT"
in APPPATH/Common.php on line 2084.
 1 APPPATH/Common.php(2084): CodeIgniter\Debug\Exceptions->errorHandler()
 2 APPPATH/Models/PostModel.php(316): isBot()
 3 APPPATH/Controllers/HomeController.php(177): App\Models\PostModel->increasePostPageviews()
 4 APPPATH/Controllers/HomeController.php(105): App\Controllers\HomeController->post()
 5 SYSTEMPATH/CodeIgniter.php(927): App\Controllers\HomeController->any()
 6 SYSTEMPATH/CodeIgniter.php(482): CodeIgniter\CodeIgniter->runController()
 7 SYSTEMPATH/CodeIgniter.php(351): CodeIgniter\CodeIgniter->handleRequest()
 8 FCPATH/index.php(78): CodeIgniter\CodeIgniter->run()
CRITICAL - 2023-07-19 17:16:04 --> Undefined array key "HTTP_USER_AGENT"
in APPPATH/Common.php on line 2084.
 1 APPPATH/Common.php(2084): CodeIgniter\Debug\Exceptions->errorHandler()
 2 APPPATH/Models/PostModel.php(316): isBot()
 3 APPPATH/Controllers/HomeController.php(177): App\Models\PostModel->increasePostPageviews()
 4 APPPATH/Controllers/HomeController.php(105): App\Controllers\HomeController->post()
 5 SYSTEMPATH/CodeIgniter.php(927): App\Controllers\HomeController->any()
 6 SYSTEMPATH/CodeIgniter.php(482): CodeIgniter\CodeIgniter->runController()
 7 SYSTEMPATH/CodeIgniter.php(351): CodeIgniter\CodeIgniter->handleRequest()
 8 FCPATH/index.php(78): CodeIgniter\CodeIgniter->run()
CRITICAL - 2023-07-19 17:17:11 --> Undefined array key "HTTP_USER_AGENT"
in APPPATH/Common.php on line 2084.
 1 APPPATH/Common.php(2084): CodeIgniter\Debug\Exceptions->errorHandler()
 2 APPPATH/Models/PostModel.php(316): isBot()
 3 APPPATH/Controllers/HomeController.php(177): App\Models\PostModel->increasePostPageviews()
 4 APPPATH/Controllers/HomeController.php(105): App\Controllers\HomeController->post()
 5 SYSTEMPATH/CodeIgniter.php(927): App\Controllers\HomeController->any()
 6 SYSTEMPATH/CodeIgniter.php(482): CodeIgniter\CodeIgniter->runController()
 7 SYSTEMPATH/CodeIgniter.php(351): CodeIgniter\CodeIgniter->handleRequest()
 8 FCPATH/index.php(78): CodeIgniter\CodeIgniter->run()
CRITICAL - 2023-07-19 17:43:15 --> Uncaught ErrorException: Undefined variable $activeTheme in /home/khabarnews/domains/khabarnews.com/public_html/app/Views/errors/html/error_404.php:2
Stack trace:
#0 /home/khabarnews/domains/khabarnews.com/public_html/app/Views/errors/html/error_404.php(2): CodeIgniter\Debug\Exceptions->errorHandler()
#1 /home/khabarnews/domains/khabarnews.com/public_html/system/Debug/Exceptions.php(284): include('...')
#2 /home/khabarnews/domains/khabarnews.com/public_html/system/Debug/Exceptions.php(287): CodeIgniter\Debug\Exceptions->CodeIgniter\Debug\{closure}()
#3 /home/khabarnews/domains/khabarnews.com/public_html/system/Debug/Exceptions.php(139): CodeIgniter\Debug\Exceptions->render()
#4 [internal function]: CodeIgniter\Debug\Exceptions->exceptionHandler()
#5 {main}
  thrown
in APPPATH/Views/errors/html/error_404.php on line 2.
 1 [internal function]: CodeIgniter\Debug\Exceptions->shutdownHandler()
CRITICAL - 2023-07-19 17:47:43 --> Attempt to read property "primary_font" on null
in APPPATH/Models/SettingsModel.php on line 600.
 1 APPPATH/Models/SettingsModel.php(600): CodeIgniter\Debug\Exceptions->errorHandler()
 2 APPPATH/Controllers/BaseController.php(83): App\Models\SettingsModel->getSelectedFonts()
 3 APPPATH/Controllers/HomeController.php(24): App\Controllers\BaseController->initController()
 4 SYSTEMPATH/CodeIgniter.php(890): App\Controllers\HomeController->initController()
 5 SYSTEMPATH/CodeIgniter.php(473): CodeIgniter\CodeIgniter->createController()
 6 SYSTEMPATH/CodeIgniter.php(351): CodeIgniter\CodeIgniter->handleRequest()
 7 FCPATH/index.php(78): CodeIgniter\CodeIgniter->run()
CRITICAL - 2023-07-19 18:10:16 --> Uncaught ErrorException: Undefined variable $activeTheme in /home/khabarnews/domains/khabarnews.com/public_html/app/Views/errors/html/error_404.php:2
Stack trace:
#0 /home/khabarnews/domains/khabarnews.com/public_html/app/Views/errors/html/error_404.php(2): CodeIgniter\Debug\Exceptions->errorHandler()
#1 /home/khabarnews/domains/khabarnews.com/public_html/system/Debug/Exceptions.php(284): include('...')
#2 /home/khabarnews/domains/khabarnews.com/public_html/system/Debug/Exceptions.php(287): CodeIgniter\Debug\Exceptions->CodeIgniter\Debug\{closure}()
#3 /home/khabarnews/domains/khabarnews.com/public_html/system/Debug/Exceptions.php(139): CodeIgniter\Debug\Exceptions->render()
#4 [internal function]: CodeIgniter\Debug\Exceptions->exceptionHandler()
#5 {main}
  thrown
in APPPATH/Views/errors/html/error_404.php on line 2.
 1 [internal function]: CodeIgniter\Debug\Exceptions->shutdownHandler()
CRITICAL - 2023-07-19 18:43:37 --> Uncaught ErrorException: Undefined variable $activeTheme in /home/khabarnews/domains/khabarnews.com/public_html/app/Views/errors/html/error_404.php:2
Stack trace:
#0 /home/khabarnews/domains/khabarnews.com/public_html/app/Views/errors/html/error_404.php(2): CodeIgniter\Debug\Exceptions->errorHandler()
#1 /home/khabarnews/domains/khabarnews.com/public_html/system/Debug/Exceptions.php(284): include('...')
#2 /home/khabarnews/domains/khabarnews.com/public_html/system/Debug/Exceptions.php(287): CodeIgniter\Debug\Exceptions->CodeIgniter\Debug\{closure}()
#3 /home/khabarnews/domains/khabarnews.com/public_html/system/Debug/Exceptions.php(139): CodeIgniter\Debug\Exceptions->render()
#4 [internal function]: CodeIgniter\Debug\Exceptions->exceptionHandler()
#5 {main}
  thrown
in APPPATH/Views/errors/html/error_404.php on line 2.
 1 [internal function]: CodeIgniter\Debug\Exceptions->shutdownHandler()
CRITICAL - 2023-07-19 19:12:50 --> Uncaught ErrorException: Undefined variable $activeTheme in /home/khabarnews/domains/khabarnews.com/public_html/app/Views/errors/html/error_404.php:2
Stack trace:
#0 /home/khabarnews/domains/khabarnews.com/public_html/app/Views/errors/html/error_404.php(2): CodeIgniter\Debug\Exceptions->errorHandler()
#1 /home/khabarnews/domains/khabarnews.com/public_html/system/Debug/Exceptions.php(284): include('...')
#2 /home/khabarnews/domains/khabarnews.com/public_html/system/Debug/Exceptions.php(287): CodeIgniter\Debug\Exceptions->CodeIgniter\Debug\{closure}()
#3 /home/khabarnews/domains/khabarnews.com/public_html/system/Debug/Exceptions.php(139): CodeIgniter\Debug\Exceptions->render()
#4 [internal function]: CodeIgniter\Debug\Exceptions->exceptionHandler()
#5 {main}
  thrown
in APPPATH/Views/errors/html/error_404.php on line 2.
 1 [internal function]: CodeIgniter\Debug\Exceptions->shutdownHandler()
CRITICAL - 2023-07-19 19:44:32 --> Uncaught ErrorException: Undefined variable $activeTheme in /home/khabarnews/domains/khabarnews.com/public_html/app/Views/errors/html/error_404.php:2
Stack trace:
#0 /home/khabarnews/domains/khabarnews.com/public_html/app/Views/errors/html/error_404.php(2): CodeIgniter\Debug\Exceptions->errorHandler()
#1 /home/khabarnews/domains/khabarnews.com/public_html/system/Debug/Exceptions.php(284): include('...')
#2 /home/khabarnews/domains/khabarnews.com/public_html/system/Debug/Exceptions.php(287): CodeIgniter\Debug\Exceptions->CodeIgniter\Debug\{closure}()
#3 /home/khabarnews/domains/khabarnews.com/public_html/system/Debug/Exceptions.php(139): CodeIgniter\Debug\Exceptions->render()
#4 [internal function]: CodeIgniter\Debug\Exceptions->exceptionHandler()
#5 {main}
  thrown
in APPPATH/Views/errors/html/error_404.php on line 2.
 1 [internal function]: CodeIgniter\Debug\Exceptions->shutdownHandler()
CRITICAL - 2023-07-19 20:09:46 --> Uncaught ErrorException: Undefined variable $activeTheme in /home/khabarnews/domains/khabarnews.com/public_html/app/Views/errors/html/error_404.php:2
Stack trace:
#0 /home/khabarnews/domains/khabarnews.com/public_html/app/Views/errors/html/error_404.php(2): CodeIgniter\Debug\Exceptions->errorHandler()
#1 /home/khabarnews/domains/khabarnews.com/public_html/system/Debug/Exceptions.php(284): include('...')
#2 /home/khabarnews/domains/khabarnews.com/public_html/system/Debug/Exceptions.php(287): CodeIgniter\Debug\Exceptions->CodeIgniter\Debug\{closure}()
#3 /home/khabarnews/domains/khabarnews.com/public_html/system/Debug/Exceptions.php(139): CodeIgniter\Debug\Exceptions->render()
#4 [internal function]: CodeIgniter\Debug\Exceptions->exceptionHandler()
#5 {main}
  thrown
in APPPATH/Views/errors/html/error_404.php on line 2.
 1 [internal function]: CodeIgniter\Debug\Exceptions->shutdownHandler()
CRITICAL - 2023-07-19 20:41:46 --> Uncaught CodeIgniter\Format\Exceptions\FormatException: Failed to parse json string, error: "Malformed UTF-8 characters, possibly incorrectly encoded". in /home/khabarnews/domains/khabarnews.com/public_html/system/Format/JSONFormatter.php:41
Stack trace:
#0 /home/khabarnews/domains/khabarnews.com/public_html/system/Format/JSONFormatter.php(41): CodeIgniter\Format\Exceptions\FormatException::forInvalidJSON()
#1 /home/khabarnews/domains/khabarnews.com/public_html/system/API/ResponseTrait.php(348): CodeIgniter\Format\JSONFormatter->format()
#2 /home/khabarnews/domains/khabarnews.com/public_html/system/API/ResponseTrait.php(99): CodeIgniter\Debug\Exceptions->format()
#3 /home/khabarnews/domains/khabarnews.com/public_html/system/Debug/Exceptions.php(133): CodeIgniter\Debug\Exceptions->respond()
#4 [internal function]: CodeIgniter\Debug\Exceptions->exceptionHandler()
#5 {main}
  thrown
in SYSTEMPATH/Format/JSONFormatter.php on line 41.
 1 [internal function]: CodeIgniter\Debug\Exceptions->shutdownHandler()
CRITICAL - 2023-07-19 20:42:29 --> Uncaught ErrorException: Undefined variable $activeTheme in /home/khabarnews/domains/khabarnews.com/public_html/app/Views/errors/html/error_404.php:2
Stack trace:
#0 /home/khabarnews/domains/khabarnews.com/public_html/app/Views/errors/html/error_404.php(2): CodeIgniter\Debug\Exceptions->errorHandler()
#1 /home/khabarnews/domains/khabarnews.com/public_html/system/Debug/Exceptions.php(284): include('...')
#2 /home/khabarnews/domains/khabarnews.com/public_html/system/Debug/Exceptions.php(287): CodeIgniter\Debug\Exceptions->CodeIgniter\Debug\{closure}()
#3 /home/khabarnews/domains/khabarnews.com/public_html/system/Debug/Exceptions.php(139): CodeIgniter\Debug\Exceptions->render()
#4 [internal function]: CodeIgniter\Debug\Exceptions->exceptionHandler()
#5 {main}
  thrown
in APPPATH/Views/errors/html/error_404.php on line 2.
 1 [internal function]: CodeIgniter\Debug\Exceptions->shutdownHandler()
CRITICAL - 2023-07-19 21:10:50 --> Uncaught ErrorException: Undefined variable $activeTheme in /home/khabarnews/domains/khabarnews.com/public_html/app/Views/errors/html/error_404.php:2
Stack trace:
#0 /home/khabarnews/domains/khabarnews.com/public_html/app/Views/errors/html/error_404.php(2): CodeIgniter\Debug\Exceptions->errorHandler()
#1 /home/khabarnews/domains/khabarnews.com/public_html/system/Debug/Exceptions.php(284): include('...')
#2 /home/khabarnews/domains/khabarnews.com/public_html/system/Debug/Exceptions.php(287): CodeIgniter\Debug\Exceptions->CodeIgniter\Debug\{closure}()
#3 /home/khabarnews/domains/khabarnews.com/public_html/system/Debug/Exceptions.php(139): CodeIgniter\Debug\Exceptions->render()
#4 [internal function]: CodeIgniter\Debug\Exceptions->exceptionHandler()
#5 {main}
  thrown
in APPPATH/Views/errors/html/error_404.php on line 2.
 1 [internal function]: CodeIgniter\Debug\Exceptions->shutdownHandler()
CRITICAL - 2023-07-19 21:39:53 --> Uncaught ErrorException: Undefined variable $activeTheme in /home/khabarnews/domains/khabarnews.com/public_html/app/Views/errors/html/error_404.php:2
Stack trace:
#0 /home/khabarnews/domains/khabarnews.com/public_html/app/Views/errors/html/error_404.php(2): CodeIgniter\Debug\Exceptions->errorHandler()
#1 /home/khabarnews/domains/khabarnews.com/public_html/system/Debug/Exceptions.php(284): include('...')
#2 /home/khabarnews/domains/khabarnews.com/public_html/system/Debug/Exceptions.php(287): CodeIgniter\Debug\Exceptions->CodeIgniter\Debug\{closure}()
#3 /home/khabarnews/domains/khabarnews.com/public_html/system/Debug/Exceptions.php(139): CodeIgniter\Debug\Exceptions->render()
#4 [internal function]: CodeIgniter\Debug\Exceptions->exceptionHandler()
#5 {main}
  thrown
in APPPATH/Views/errors/html/error_404.php on line 2.
 1 [internal function]: CodeIgniter\Debug\Exceptions->shutdownHandler()
CRITICAL - 2023-07-19 22:11:52 --> Uncaught ErrorException: Undefined variable $activeTheme in /home/khabarnews/domains/khabarnews.com/public_html/app/Views/errors/html/error_404.php:2
Stack trace:
#0 /home/khabarnews/domains/khabarnews.com/public_html/app/Views/errors/html/error_404.php(2): CodeIgniter\Debug\Exceptions->errorHandler()
#1 /home/khabarnews/domains/khabarnews.com/public_html/system/Debug/Exceptions.php(284): include('...')
#2 /home/khabarnews/domains/khabarnews.com/public_html/system/Debug/Exceptions.php(287): CodeIgniter\Debug\Exceptions->CodeIgniter\Debug\{closure}()
#3 /home/khabarnews/domains/khabarnews.com/public_html/system/Debug/Exceptions.php(139): CodeIgniter\Debug\Exceptions->render()
#4 [internal function]: CodeIgniter\Debug\Exceptions->exceptionHandler()
#5 {main}
  thrown
in APPPATH/Views/errors/html/error_404.php on line 2.
 1 [internal function]: CodeIgniter\Debug\Exceptions->shutdownHandler()
CRITICAL - 2023-07-19 22:41:41 --> Uncaught ErrorException: Undefined variable $activeTheme in /home/khabarnews/domains/khabarnews.com/public_html/app/Views/errors/html/error_404.php:2
Stack trace:
#0 /home/khabarnews/domains/khabarnews.com/public_html/app/Views/errors/html/error_404.php(2): CodeIgniter\Debug\Exceptions->errorHandler()
#1 /home/khabarnews/domains/khabarnews.com/public_html/system/Debug/Exceptions.php(284): include('...')
#2 /home/khabarnews/domains/khabarnews.com/public_html/system/Debug/Exceptions.php(287): CodeIgniter\Debug\Exceptions->CodeIgniter\Debug\{closure}()
#3 /home/khabarnews/domains/khabarnews.com/public_html/system/Debug/Exceptions.php(139): CodeIgniter\Debug\Exceptions->render()
#4 [internal function]: CodeIgniter\Debug\Exceptions->exceptionHandler()
#5 {main}
  thrown
in APPPATH/Views/errors/html/error_404.php on line 2.
 1 [internal function]: CodeIgniter\Debug\Exceptions->shutdownHandler()
CRITICAL - 2023-07-19 23:10:30 --> Uncaught ErrorException: Undefined variable $activeTheme in /home/khabarnews/domains/khabarnews.com/public_html/app/Views/errors/html/error_404.php:2
Stack trace:
#0 /home/khabarnews/domains/khabarnews.com/public_html/app/Views/errors/html/error_404.php(2): CodeIgniter\Debug\Exceptions->errorHandler()
#1 /home/khabarnews/domains/khabarnews.com/public_html/system/Debug/Exceptions.php(284): include('...')
#2 /home/khabarnews/domains/khabarnews.com/public_html/system/Debug/Exceptions.php(287): CodeIgniter\Debug\Exceptions->CodeIgniter\Debug\{closure}()
#3 /home/khabarnews/domains/khabarnews.com/public_html/system/Debug/Exceptions.php(139): CodeIgniter\Debug\Exceptions->render()
#4 [internal function]: CodeIgniter\Debug\Exceptions->exceptionHandler()
#5 {main}
  thrown
in APPPATH/Views/errors/html/error_404.php on line 2.
 1 [internal function]: CodeIgniter\Debug\Exceptions->shutdownHandler()
CRITICAL - 2023-07-19 23:37:15 --> Attempt to read property "primary_font" on null
in APPPATH/Models/SettingsModel.php on line 600.
 1 APPPATH/Models/SettingsModel.php(600): CodeIgniter\Debug\Exceptions->errorHandler()
 2 APPPATH/Controllers/BaseController.php(83): App\Models\SettingsModel->getSelectedFonts()
 3 APPPATH/Controllers/HomeController.php(24): App\Controllers\BaseController->initController()
 4 SYSTEMPATH/CodeIgniter.php(890): App\Controllers\HomeController->initController()
 5 SYSTEMPATH/CodeIgniter.php(473): CodeIgniter\CodeIgniter->createController()
 6 SYSTEMPATH/CodeIgniter.php(351): CodeIgniter\CodeIgniter->handleRequest()
 7 FCPATH/index.php(78): CodeIgniter\CodeIgniter->run()
CRITICAL - 2023-07-19 23:39:11 --> Attempt to read property "primary_font" on null
in APPPATH/Models/SettingsModel.php on line 600.
 1 APPPATH/Models/SettingsModel.php(600): CodeIgniter\Debug\Exceptions->errorHandler()
 2 APPPATH/Controllers/BaseController.php(83): App\Models\SettingsModel->getSelectedFonts()
 3 APPPATH/Controllers/HomeController.php(24): App\Controllers\BaseController->initController()
 4 SYSTEMPATH/CodeIgniter.php(890): App\Controllers\HomeController->initController()
 5 SYSTEMPATH/CodeIgniter.php(473): CodeIgniter\CodeIgniter->createController()
 6 SYSTEMPATH/CodeIgniter.php(351): CodeIgniter\CodeIgniter->handleRequest()
 7 FCPATH/index.php(78): CodeIgniter\CodeIgniter->run()
CRITICAL - 2023-07-19 23:40:02 --> Uncaught ErrorException: Undefined variable $activeTheme in /home/khabarnews/domains/khabarnews.com/public_html/app/Views/errors/html/error_404.php:2
Stack trace:
#0 /home/khabarnews/domains/khabarnews.com/public_html/app/Views/errors/html/error_404.php(2): CodeIgniter\Debug\Exceptions->errorHandler()
#1 /home/khabarnews/domains/khabarnews.com/public_html/system/Debug/Exceptions.php(284): include('...')
#2 /home/khabarnews/domains/khabarnews.com/public_html/system/Debug/Exceptions.php(287): CodeIgniter\Debug\Exceptions->CodeIgniter\Debug\{closure}()
#3 /home/khabarnews/domains/khabarnews.com/public_html/system/Debug/Exceptions.php(139): CodeIgniter\Debug\Exceptions->render()
#4 [internal function]: CodeIgniter\Debug\Exceptions->exceptionHandler()
#5 {main}
  thrown
in APPPATH/Views/errors/html/error_404.php on line 2.
 1 [internal function]: CodeIgniter\Debug\Exceptions->shutdownHandler()
CRITICAL - 2023-07-19 23:56:01 --> Attempt to read property "primary_font" on null
in APPPATH/Models/SettingsModel.php on line 600.
 1 APPPATH/Models/SettingsModel.php(600): CodeIgniter\Debug\Exceptions->errorHandler()
 2 APPPATH/Controllers/BaseController.php(83): App\Models\SettingsModel->getSelectedFonts()
 3 APPPATH/Controllers/HomeController.php(24): App\Controllers\BaseController->initController()
 4 SYSTEMPATH/CodeIgniter.php(890): App\Controllers\HomeController->initController()
 5 SYSTEMPATH/CodeIgniter.php(473): CodeIgniter\CodeIgniter->createController()
 6 SYSTEMPATH/CodeIgniter.php(351): CodeIgniter\CodeIgniter->handleRequest()
 7 FCPATH/index.php(78): CodeIgniter\CodeIgniter->run()
